<?xml version="1.0" encoding="UTF-8"?>
<coverage generated="1739373153350" clover="3.2.0">
  <project timestamp="1739373153350" name="All files">
    <metrics statements="1100" coveredstatements="919" conditionals="527" coveredconditionals="395" methods="170" coveredmethods="127" elements="1797" coveredelements="1441" complexity="0" loc="1100" ncloc="1100" packages="5" files="20" classes="20"/>
    <package name="src">
      <metrics statements="163" coveredstatements="133" conditionals="85" coveredconditionals="35" methods="35" coveredmethods="29"/>
      <file name="clone.ts" path="/home/sebastian/Desktop/carasent/asma-jsondiffpatch/src/clone.ts">
        <metrics statements="18" coveredstatements="18" conditionals="6" coveredconditionals="6" methods="2" coveredmethods="2"/>
        <line num="2" count="3" type="stmt"/>
        <line num="3" count="3" type="stmt"/>
        <line num="6" count="1" type="stmt"/>
        <line num="7" count="529" type="cond" truecount="1" falsecount="0"/>
        <line num="8" count="349" type="stmt"/>
        <line num="10" count="180" type="cond" truecount="1" falsecount="0"/>
        <line num="11" count="9" type="stmt"/>
        <line num="13" count="171" type="cond" truecount="1" falsecount="0"/>
        <line num="14" count="36" type="stmt"/>
        <line num="16" count="135" type="cond" truecount="1" falsecount="0"/>
        <line num="17" count="13" type="stmt"/>
        <line num="19" count="122" type="cond" truecount="1" falsecount="0"/>
        <line num="20" count="3" type="stmt"/>
        <line num="22" count="119" type="stmt"/>
        <line num="23" count="119" type="stmt"/>
        <line num="24" count="168" type="cond" truecount="1" falsecount="0"/>
        <line num="25" count="168" type="stmt"/>
        <line num="28" count="119" type="stmt"/>
      </file>
      <file name="date-reviver.ts" path="/home/sebastian/Desktop/carasent/asma-jsondiffpatch/src/date-reviver.ts">
        <metrics statements="6" coveredstatements="1" conditionals="28" coveredconditionals="0" methods="1" coveredmethods="0"/>
        <line num="2" count="1" type="stmt"/>
        <line num="4" count="0" type="cond" truecount="0" falsecount="1"/>
        <line num="5" count="0" type="stmt"/>
        <line num="6" count="0" type="cond" truecount="0" falsecount="1"/>
        <line num="7" count="0" type="stmt"/>
        <line num="20" count="0" type="stmt"/>
      </file>
      <file name="diffpatcher.ts" path="/home/sebastian/Desktop/carasent/asma-jsondiffpatch/src/diffpatcher.ts">
        <metrics statements="22" coveredstatements="21" conditionals="0" coveredconditionals="0" methods="7" coveredmethods="6"/>
        <line num="1" count="1" type="stmt"/>
        <line num="2" count="1" type="stmt"/>
        <line num="3" count="1" type="stmt"/>
        <line num="4" count="1" type="stmt"/>
        <line num="5" count="1" type="stmt"/>
        <line num="6" count="1" type="stmt"/>
        <line num="8" count="1" type="stmt"/>
        <line num="9" count="1" type="stmt"/>
        <line num="10" count="1" type="stmt"/>
        <line num="11" count="1" type="stmt"/>
        <line num="12" count="1" type="stmt"/>
        <line num="19" count="85" type="stmt"/>
        <line num="20" count="85" type="stmt"/>
        <line num="32" count="85" type="stmt"/>
        <line num="44" count="85" type="stmt"/>
        <line num="59" count="0" type="stmt"/>
        <line num="63" count="171" type="stmt"/>
        <line num="67" count="150" type="stmt"/>
        <line num="71" count="140" type="stmt"/>
        <line num="75" count="70" type="stmt"/>
        <line num="79" count="148" type="stmt"/>
        <line num="83" count="1" type="stmt"/>
      </file>
      <file name="index.ts" path="/home/sebastian/Desktop/carasent/asma-jsondiffpatch/src/index.ts">
        <metrics statements="25" coveredstatements="20" conditionals="5" coveredconditionals="1" methods="6" coveredmethods="5"/>
        <line num="5" count="1" type="stmt"/>
        <line num="6" count="1" type="stmt"/>
        <line num="9" count="1" type="stmt"/>
        <line num="14" count="1" type="stmt"/>
        <line num="15" count="0" type="stmt"/>
        <line num="20" count="1" type="stmt"/>
        <line num="21" count="1" type="cond" truecount="0" falsecount="1"/>
        <line num="22" count="0" type="stmt"/>
        <line num="24" count="1" type="stmt"/>
        <line num="27" count="1" type="stmt"/>
        <line num="28" count="1" type="cond" truecount="0" falsecount="1"/>
        <line num="29" count="0" type="stmt"/>
        <line num="31" count="1" type="stmt"/>
        <line num="34" count="1" type="stmt"/>
        <line num="35" count="1" type="cond" truecount="0" falsecount="1"/>
        <line num="36" count="0" type="stmt"/>
        <line num="38" count="1" type="stmt"/>
        <line num="41" count="1" type="stmt"/>
        <line num="42" count="1" type="cond" truecount="0" falsecount="1"/>
        <line num="43" count="0" type="stmt"/>
        <line num="45" count="1" type="stmt"/>
        <line num="48" count="1" type="stmt"/>
        <line num="49" count="148" type="cond" truecount="1" falsecount="0"/>
        <line num="50" count="1" type="stmt"/>
        <line num="52" count="148" type="stmt"/>
      </file>
      <file name="pipe.ts" path="/home/sebastian/Desktop/carasent/asma-jsondiffpatch/src/pipe.ts">
        <metrics statements="57" coveredstatements="41" conditionals="25" coveredconditionals="13" methods="15" coveredmethods="12"/>
        <line num="15" count="255" type="stmt"/>
        <line num="16" count="255" type="stmt"/>
        <line num="20" count="1330" type="cond" truecount="0" falsecount="1"/>
        <line num="21" count="0" type="stmt"/>
        <line num="23" count="1330" type="stmt"/>
        <line num="24" count="1330" type="stmt"/>
        <line num="25" count="1330" type="stmt"/>
        <line num="26" count="1330" type="stmt"/>
        <line num="27" count="3900" type="stmt"/>
        <line num="28" count="3900" type="cond" truecount="0" falsecount="1"/>
        <line num="29" count="0" type="cond" truecount="0" falsecount="4"/>
        <line num="31" count="3900" type="cond" truecount="3" falsecount="1"/>
        <line num="32" count="3891" type="cond" truecount="3" falsecount="0"/>
        <line num="33" count="1321" type="stmt"/>
        <line num="34" count="1321" type="stmt"/>
        <line num="37" count="1321" type="cond" truecount="3" falsecount="0"/>
        <line num="38" count="452" type="stmt"/>
        <line num="43" count="0" type="stmt"/>
        <line num="47" count="255" type="stmt"/>
        <line num="48" count="255" type="stmt"/>
        <line num="52" count="0" type="stmt"/>
        <line num="53" count="0" type="stmt"/>
        <line num="57" count="5" type="cond" truecount="0" falsecount="1"/>
        <line num="58" count="0" type="stmt"/>
        <line num="60" count="5" type="stmt"/>
        <line num="61" count="15" type="stmt"/>
        <line num="62" count="15" type="cond" truecount="4" falsecount="1"/>
        <line num="63" count="5" type="stmt"/>
        <line num="66" count="0" type="stmt"/>
        <line num="70" count="31" type="stmt"/>
        <line num="74" count="1" type="stmt"/>
        <line num="75" count="1" type="stmt"/>
        <line num="76" count="1" type="stmt"/>
        <line num="80" count="2" type="stmt"/>
        <line num="81" count="2" type="stmt"/>
        <line num="82" count="2" type="stmt"/>
        <line num="86" count="1" type="stmt"/>
        <line num="87" count="1" type="stmt"/>
        <line num="88" count="1" type="stmt"/>
        <line num="92" count="1" type="stmt"/>
        <line num="93" count="1" type="stmt"/>
        <line num="94" count="1" type="stmt"/>
        <line num="98" count="0" type="stmt"/>
        <line num="99" count="0" type="stmt"/>
        <line num="103" count="255" type="cond" truecount="0" falsecount="1"/>
        <line num="104" count="0" type="stmt"/>
        <line num="105" count="0" type="stmt"/>
        <line num="107" count="255" type="cond" truecount="0" falsecount="1"/>
        <line num="108" count="0" type="stmt"/>
        <line num="110" count="255" type="stmt"/>
        <line num="111" count="452" type="cond" truecount="0" falsecount="1"/>
        <line num="112" count="0" type="stmt"/>
        <line num="113" count="0" type="stmt"/>
        <line num="114" count="0" type="stmt"/>
        <line num="115" count="0" type="stmt"/>
        <line num="118" count="255" type="stmt"/>
        <line num="122" count="1" type="stmt"/>
      </file>
      <file name="processor.ts" path="/home/sebastian/Desktop/carasent/asma-jsondiffpatch/src/processor.ts">
        <metrics statements="35" coveredstatements="32" conditionals="21" coveredconditionals="15" methods="4" coveredmethods="4"/>
        <line num="17" count="85" type="cond" truecount="2" falsecount="0"/>
        <line num="18" count="85" type="stmt"/>
        <line num="26" count="461" type="cond" truecount="0" falsecount="1"/>
        <line num="27" count="0" type="stmt"/>
        <line num="29" count="461" type="stmt"/>
        <line num="35" count="1585" type="stmt"/>
        <line num="36" count="1585" type="cond" truecount="1" falsecount="0"/>
        <line num="37" count="1330" type="cond" truecount="1" falsecount="1"/>
        <line num="38" count="1330" type="stmt"/>
        <line num="40" count="0" type="stmt"/>
        <line num="47" count="255" type="cond" truecount="3" falsecount="0"/>
        <line num="50" count="255" type="stmt"/>
        <line num="51" count="255" type="cond" truecount="0" falsecount="1"/>
        <line num="52" count="0" type="stmt"/>
        <line num="54" count="255" type="stmt"/>
        <line num="60" count="255" type="stmt"/>
        <line num="61" count="255" type="stmt"/>
        <line num="67" count="461" type="stmt"/>
        <line num="68" count="461" type="stmt"/>
        <line num="69" count="461" type="cond" truecount="2" falsecount="1"/>
        <line num="71" count="461" type="stmt"/>
        <line num="72" count="1330" type="cond" truecount="1" falsecount="0"/>
        <line num="74" count="302" type="stmt"/>
        <line num="75" count="302" type="stmt"/>
        <line num="78" count="1330" type="cond" truecount="1" falsecount="0"/>
        <line num="79" count="1330" type="stmt"/>
        <line num="81" count="1330" type="stmt"/>
        <line num="82" count="1321" type="stmt"/>
        <line num="83" count="1321" type="stmt"/>
        <line num="84" count="1321" type="cond" truecount="1" falsecount="0"/>
        <line num="85" count="1321" type="cond" truecount="1" falsecount="0"/>
        <line num="86" count="869" type="stmt"/>
        <line num="87" count="869" type="cond" truecount="1" falsecount="1"/>
        <line num="92" count="452" type="cond" truecount="1" falsecount="1"/>
        <line num="96" count="1" type="stmt"/>
      </file>
    </package>
    <package name="src.contexts">
      <metrics statements="46" coveredstatements="45" conditionals="21" coveredconditionals="18" methods="7" coveredmethods="7"/>
      <file name="context.ts" path="/home/sebastian/Desktop/carasent/asma-jsondiffpatch/src/contexts/context.ts">
        <metrics statements="21" coveredstatements="21" conditionals="14" coveredconditionals="13" methods="3" coveredmethods="3"/>
        <line num="3" count="1" type="stmt"/>
        <line num="18" count="1056" type="stmt"/>
        <line num="19" count="1056" type="stmt"/>
        <line num="20" count="1056" type="stmt"/>
        <line num="24" count="1321" type="stmt"/>
        <line num="25" count="1321" type="stmt"/>
        <line num="29" count="567" type="stmt"/>
        <line num="30" count="567" type="cond" truecount="1" falsecount="0"/>
        <line num="31" count="567" type="stmt"/>
        <line num="33" count="567" type="cond" truecount="2" falsecount="0"/>
        <line num="34" count="567" type="cond" truecount="2" falsecount="0"/>
        <line num="35" count="567" type="cond" truecount="2" falsecount="0"/>
        <line num="36" count="302" type="stmt"/>
        <line num="37" count="302" type="cond" truecount="2" falsecount="0"/>
        <line num="38" count="302" type="stmt"/>
        <line num="40" count="265" type="stmt"/>
        <line num="41" count="265" type="cond" truecount="4" falsecount="1"/>
        <line num="42" count="265" type="stmt"/>
        <line num="44" count="265" type="stmt"/>
        <line num="46" count="567" type="stmt"/>
        <line num="47" count="567" type="stmt"/>
      </file>
      <file name="diff.ts" path="/home/sebastian/Desktop/carasent/asma-jsondiffpatch/src/contexts/diff.ts">
        <metrics statements="14" coveredstatements="13" conditionals="7" coveredconditionals="5" methods="2" coveredmethods="2"/>
        <line num="1" count="1" type="stmt"/>
        <line num="3" count="1" type="stmt"/>
        <line num="16" count="524" type="stmt"/>
        <line num="17" count="524" type="stmt"/>
        <line num="18" count="524" type="stmt"/>
        <line num="19" count="524" type="stmt"/>
        <line num="23" count="552" type="cond" truecount="3" falsecount="0"/>
        <line num="25" count="3" type="cond" truecount="1" falsecount="1"/>
        <line num="26" count="3" type="cond" truecount="1" falsecount="0"/>
        <line num="27" count="2" type="stmt"/>
        <line num="29" count="3" type="cond" truecount="0" falsecount="1"/>
        <line num="30" count="0" type="stmt"/>
        <line num="33" count="552" type="stmt"/>
        <line num="37" count="1" type="stmt"/>
      </file>
      <file name="patch.ts" path="/home/sebastian/Desktop/carasent/asma-jsondiffpatch/src/contexts/patch.ts">
        <metrics statements="6" coveredstatements="6" conditionals="0" coveredconditionals="0" methods="1" coveredmethods="1"/>
        <line num="2" count="1" type="stmt"/>
        <line num="12" count="234" type="stmt"/>
        <line num="13" count="234" type="stmt"/>
        <line num="14" count="234" type="stmt"/>
        <line num="15" count="234" type="stmt"/>
        <line num="19" count="1" type="stmt"/>
      </file>
      <file name="reverse.ts" path="/home/sebastian/Desktop/carasent/asma-jsondiffpatch/src/contexts/reverse.ts">
        <metrics statements="5" coveredstatements="5" conditionals="0" coveredconditionals="0" methods="1" coveredmethods="1"/>
        <line num="2" count="1" type="stmt"/>
        <line num="12" count="270" type="stmt"/>
        <line num="13" count="270" type="stmt"/>
        <line num="14" count="270" type="stmt"/>
        <line num="18" count="1" type="stmt"/>
      </file>
    </package>
    <package name="src.filters">
      <metrics statements="539" coveredstatements="511" conditionals="260" coveredconditionals="226" methods="32" coveredmethods="32"/>
      <file name="arrays.ts" path="/home/sebastian/Desktop/carasent/asma-jsondiffpatch/src/filters/arrays.ts">
        <metrics statements="240" coveredstatements="228" conditionals="130" coveredconditionals="108" methods="11" coveredmethods="11"/>
        <line num="1" count="1" type="stmt"/>
        <line num="2" count="1" type="stmt"/>
        <line num="3" count="1" type="stmt"/>
        <line num="5" count="1" type="stmt"/>
        <line num="20" count="1" type="stmt"/>
        <line num="23" count="15" type="stmt"/>
        <line num="24" count="50" type="stmt"/>
        <line num="25" count="50" type="stmt"/>
        <line num="26" count="328" type="stmt"/>
        <line num="27" count="328" type="cond" truecount="3" falsecount="0"/>
        <line num="28" count="9" type="stmt"/>
        <line num="32" count="6" type="stmt"/>
        <line num="49" count="861" type="stmt"/>
        <line num="50" count="861" type="stmt"/>
        <line num="51" count="861" type="cond" truecount="1" falsecount="0"/>
        <line num="52" count="187" type="stmt"/>
        <line num="54" count="674" type="cond" truecount="3" falsecount="0"/>
        <line num="55" count="365" type="stmt"/>
        <line num="57" count="309" type="stmt"/>
        <line num="58" count="309" type="cond" truecount="0" falsecount="1"/>
        <line num="60" count="0" type="cond" truecount="0" falsecount="2"/>
        <line num="62" count="309" type="cond" truecount="2" falsecount="0"/>
        <line num="63" count="309" type="stmt"/>
        <line num="64" count="309" type="cond" truecount="1" falsecount="0"/>
        <line num="65" count="90" type="stmt"/>
        <line num="67" count="309" type="cond" truecount="0" falsecount="1"/>
        <line num="68" count="0" type="stmt"/>
        <line num="70" count="309" type="cond" truecount="2" falsecount="0"/>
        <line num="71" count="309" type="stmt"/>
        <line num="72" count="309" type="cond" truecount="1" falsecount="0"/>
        <line num="73" count="88" type="stmt"/>
        <line num="75" count="309" type="cond" truecount="0" falsecount="1"/>
        <line num="76" count="0" type="stmt"/>
        <line num="78" count="309" type="stmt"/>
        <line num="81" count="1" type="stmt"/>
        <line num="82" count="38" type="cond" truecount="0" falsecount="1"/>
        <line num="83" count="0" type="stmt"/>
        <line num="86" count="38" type="stmt"/>
        <line num="90" count="38" type="stmt"/>
        <line num="91" count="38" type="stmt"/>
        <line num="95" count="38" type="stmt"/>
        <line num="96" count="38" type="stmt"/>
        <line num="97" count="38" type="stmt"/>
        <line num="98" count="38" type="stmt"/>
        <line num="102" count="38" type="cond" truecount="5" falsecount="0"/>
        <line num="103" count="15" type="stmt"/>
        <line num="107" count="38" type="cond" truecount="3" falsecount="0"/>
        <line num="108" count="68" type="stmt"/>
        <line num="109" count="68" type="stmt"/>
        <line num="110" count="68" type="stmt"/>
        <line num="111" count="68" type="stmt"/>
        <line num="114" count="38" type="stmt"/>
        <line num="119" count="27" type="stmt"/>
        <line num="120" count="27" type="stmt"/>
        <line num="121" count="27" type="stmt"/>
        <line num="122" count="27" type="stmt"/>
        <line num="123" count="27" type="stmt"/>
        <line num="132" count="38" type="cond" truecount="1" falsecount="0"/>
        <line num="133" count="7" type="cond" truecount="1" falsecount="0"/>
        <line num="135" count="5" type="stmt"/>
        <line num="136" count="5" type="stmt"/>
        <line num="139" count="2" type="cond" truecount="2" falsecount="0"/>
        <line num="142" count="2" type="stmt"/>
        <line num="143" count="4" type="stmt"/>
        <line num="145" count="2" type="stmt"/>
        <line num="146" count="2" type="stmt"/>
        <line num="148" count="31" type="cond" truecount="1" falsecount="0"/>
        <line num="150" count="5" type="cond" truecount="2" falsecount="0"/>
        <line num="153" count="5" type="stmt"/>
        <line num="154" count="8" type="stmt"/>
        <line num="156" count="5" type="stmt"/>
        <line num="157" count="5" type="stmt"/>
        <line num="160" count="26" type="stmt"/>
        <line num="161" count="26" type="stmt"/>
        <line num="164" count="26" type="stmt"/>
        <line num="165" count="26" type="stmt"/>
        <line num="166" count="26" type="stmt"/>
        <line num="167" count="26" type="stmt"/>
        <line num="168" count="26" type="cond" truecount="2" falsecount="0"/>
        <line num="171" count="26" type="stmt"/>
        <line num="172" count="107" type="cond" truecount="1" falsecount="0"/>
        <line num="174" count="41" type="stmt"/>
        <line num="175" count="41" type="stmt"/>
        <line num="179" count="26" type="stmt"/>
        <line num="180" count="26" type="cond" truecount="4" falsecount="3"/>
        <line num="181" count="0" type="stmt"/>
        <line num="183" count="26" type="stmt"/>
        <line num="184" count="26" type="cond" truecount="6" falsecount="3"/>
        <line num="185" count="0" type="stmt"/>
        <line num="188" count="26" type="stmt"/>
        <line num="189" count="26" type="stmt"/>
        <line num="190" count="107" type="stmt"/>
        <line num="191" count="107" type="cond" truecount="2" falsecount="0"/>
        <line num="193" count="41" type="stmt"/>
        <line num="194" count="41" type="cond" truecount="3" falsecount="0"/>
        <line num="195" count="41" type="stmt"/>
        <line num="196" count="67" type="stmt"/>
        <line num="197" count="67" type="cond" truecount="1" falsecount="0"/>
        <line num="199" count="26" type="cond" truecount="3" falsecount="1"/>
        <line num="200" count="26" type="cond" truecount="1" falsecount="0"/>
        <line num="202" count="26" type="stmt"/>
        <line num="205" count="26" type="stmt"/>
        <line num="206" count="26" type="stmt"/>
        <line num="207" count="26" type="stmt"/>
        <line num="208" count="26" type="stmt"/>
        <line num="209" count="26" type="stmt"/>
        <line num="210" count="26" type="stmt"/>
        <line num="214" count="41" type="cond" truecount="1" falsecount="0"/>
        <line num="216" count="15" type="stmt"/>
        <line num="220" count="66" type="stmt"/>
        <line num="221" count="66" type="stmt"/>
        <line num="222" count="66" type="stmt"/>
        <line num="223" count="66" type="stmt"/>
        <line num="227" count="26" type="stmt"/>
        <line num="229" count="1" type="stmt"/>
        <line num="231" count="1" type="stmt"/>
        <line num="233" count="18" type="stmt"/>
        <line num="236" count="26" type="stmt"/>
        <line num="240" count="1" type="stmt"/>
        <line num="241" count="26" type="cond" truecount="0" falsecount="1"/>
        <line num="242" count="0" type="stmt"/>
        <line num="244" count="26" type="stmt"/>
        <line num="245" count="26" type="cond" truecount="0" falsecount="1"/>
        <line num="246" count="0" type="stmt"/>
        <line num="251" count="26" type="stmt"/>
        <line num="252" count="26" type="stmt"/>
        <line num="255" count="26" type="stmt"/>
        <line num="256" count="26" type="stmt"/>
        <line num="257" count="26" type="stmt"/>
        <line num="258" count="26" type="stmt"/>
        <line num="259" count="100" type="cond" truecount="1" falsecount="0"/>
        <line num="260" count="74" type="cond" truecount="4" falsecount="0"/>
        <line num="261" count="41" type="stmt"/>
        <line num="263" count="41" type="cond" truecount="3" falsecount="1"/>
        <line num="264" count="41" type="stmt"/>
        <line num="266" count="0" type="stmt"/>
        <line num="271" count="33" type="stmt"/>
        <line num="272" count="33" type="cond" truecount="2" falsecount="0"/>
        <line num="274" count="17" type="stmt"/>
        <line num="280" count="16" type="stmt"/>
        <line num="290" count="26" type="stmt"/>
        <line num="291" count="26" type="stmt"/>
        <line num="292" count="41" type="stmt"/>
        <line num="293" count="41" type="stmt"/>
        <line num="294" count="41" type="stmt"/>
        <line num="295" count="41" type="cond" truecount="1" falsecount="0"/>
        <line num="297" count="24" type="stmt"/>
        <line num="305" count="26" type="stmt"/>
        <line num="306" count="26" type="stmt"/>
        <line num="307" count="26" type="stmt"/>
        <line num="308" count="41" type="stmt"/>
        <line num="309" count="41" type="stmt"/>
        <line num="313" count="26" type="stmt"/>
        <line num="315" count="26" type="cond" truecount="1" falsecount="0"/>
        <line num="316" count="16" type="stmt"/>
        <line num="317" count="16" type="stmt"/>
        <line num="318" count="16" type="stmt"/>
        <line num="319" count="16" type="stmt"/>
        <line num="323" count="26" type="cond" truecount="1" falsecount="0"/>
        <line num="324" count="10" type="stmt"/>
        <line num="325" count="10" type="stmt"/>
        <line num="327" count="16" type="stmt"/>
        <line num="329" count="1" type="stmt"/>
        <line num="331" count="1" type="stmt"/>
        <line num="332" count="250" type="cond" truecount="3" falsecount="0"/>
        <line num="333" count="234" type="stmt"/>
        <line num="335" count="16" type="stmt"/>
        <line num="336" count="16" type="cond" truecount="0" falsecount="1"/>
        <line num="337" count="0" type="stmt"/>
        <line num="339" count="16" type="stmt"/>
        <line num="340" count="16" type="stmt"/>
        <line num="342" count="16" type="stmt"/>
        <line num="343" count="16" type="stmt"/>
        <line num="344" count="16" type="stmt"/>
        <line num="345" count="16" type="stmt"/>
        <line num="347" count="16" type="stmt"/>
        <line num="349" count="1" type="stmt"/>
        <line num="351" count="1" type="stmt"/>
        <line num="352" count="40" type="cond" truecount="1" falsecount="0"/>
        <line num="353" count="18" type="stmt"/>
        <line num="354" count="18" type="cond" truecount="1" falsecount="0"/>
        <line num="355" count="18" type="stmt"/>
        <line num="356" count="18" type="stmt"/>
        <line num="357" count="18" type="stmt"/>
        <line num="365" count="18" type="stmt"/>
        <line num="367" count="22" type="stmt"/>
        <line num="368" count="22" type="cond" truecount="0" falsecount="1"/>
        <line num="369" count="0" type="stmt"/>
        <line num="371" count="22" type="stmt"/>
        <line num="374" count="22" type="stmt"/>
        <line num="375" count="88" type="cond" truecount="1" falsecount="0"/>
        <line num="376" count="22" type="stmt"/>
        <line num="378" count="66" type="stmt"/>
        <line num="379" count="66" type="stmt"/>
        <line num="381" count="22" type="stmt"/>
        <line num="383" count="1" type="stmt"/>
        <line num="385" count="1" type="stmt"/>
        <line num="387" count="48" type="cond" truecount="0" falsecount="1"/>
        <line num="388" count="48" type="cond" truecount="3" falsecount="0"/>
        <line num="389" count="22" type="stmt"/>
        <line num="391" count="26" type="cond" truecount="3" falsecount="0"/>
        <line num="392" count="12" type="stmt"/>
        <line num="395" count="14" type="stmt"/>
        <line num="396" count="14" type="stmt"/>
        <line num="397" count="58" type="stmt"/>
        <line num="398" count="58" type="cond" truecount="1" falsecount="0"/>
        <line num="399" count="30" type="cond" truecount="2" falsecount="0"/>
        <line num="400" count="10" type="stmt"/>
        <line num="401" count="10" type="stmt"/>
        <line num="402" count="10" type="cond" truecount="1" falsecount="0"/>
        <line num="403" count="4" type="stmt"/>
        <line num="405" count="6" type="cond" truecount="4" falsecount="0"/>
        <line num="406" count="2" type="stmt"/>
        <line num="407" count="4" type="cond" truecount="3" falsecount="0"/>
        <line num="408" count="4" type="stmt"/>
        <line num="410" count="20" type="cond" truecount="2" falsecount="0"/>
        <line num="411" count="16" type="stmt"/>
        <line num="412" count="16" type="cond" truecount="1" falsecount="0"/>
        <line num="413" count="6" type="stmt"/>
        <line num="415" count="4" type="cond" truecount="3" falsecount="0"/>
        <line num="416" count="2" type="stmt"/>
        <line num="421" count="10" type="stmt"/>
        <line num="424" count="1" type="stmt"/>
        <line num="425" count="292" type="cond" truecount="3" falsecount="0"/>
        <line num="426" count="270" type="stmt"/>
        <line num="428" count="22" type="stmt"/>
        <line num="429" count="22" type="cond" truecount="0" falsecount="1"/>
        <line num="430" count="0" type="stmt"/>
        <line num="432" count="22" type="stmt"/>
        <line num="433" count="22" type="stmt"/>
        <line num="435" count="22" type="stmt"/>
        <line num="439" count="22" type="stmt"/>
        <line num="440" count="66" type="stmt"/>
        <line num="441" count="66" type="stmt"/>
        <line num="442" count="66" type="cond" truecount="1" falsecount="0"/>
        <line num="443" count="48" type="stmt"/>
        <line num="445" count="66" type="cond" truecount="1" falsecount="0"/>
        <line num="447" count="66" type="stmt"/>
        <line num="450" count="22" type="stmt"/>
        <line num="452" count="1" type="stmt"/>
      </file>
      <file name="dates.ts" path="/home/sebastian/Desktop/carasent/asma-jsondiffpatch/src/filters/dates.ts">
        <metrics statements="11" coveredstatements="11" conditionals="7" coveredconditionals="7" methods="1" coveredmethods="1"/>
        <line num="4" count="1" type="stmt"/>
        <line num="5" count="185" type="cond" truecount="2" falsecount="0"/>
        <line num="6" count="5" type="cond" truecount="2" falsecount="0"/>
        <line num="7" count="4" type="cond" truecount="2" falsecount="0"/>
        <line num="8" count="2" type="stmt"/>
        <line num="10" count="2" type="stmt"/>
        <line num="13" count="1" type="stmt"/>
        <line num="15" count="5" type="stmt"/>
        <line num="16" count="180" type="cond" truecount="1" falsecount="0"/>
        <line num="17" count="1" type="stmt"/>
        <line num="20" count="1" type="stmt"/>
      </file>
      <file name="lcs.ts" path="/home/sebastian/Desktop/carasent/asma-jsondiffpatch/src/filters/lcs.ts">
        <metrics statements="40" coveredstatements="40" conditionals="12" coveredconditionals="12" methods="4" coveredmethods="4"/>
        <line num="11" count="1" type="stmt"/>
        <line num="12" count="25006003" type="stmt"/>
        <line num="15" count="1" type="stmt"/>
        <line num="27" count="31" type="stmt"/>
        <line num="28" count="31" type="stmt"/>
        <line num="40" count="31" type="stmt"/>
        <line num="41" count="31" type="stmt"/>
        <line num="42" count="5145" type="stmt"/>
        <line num="43" count="5145" type="stmt"/>
        <line num="44" count="25010829" type="stmt"/>
        <line num="47" count="31" type="stmt"/>
        <line num="49" count="31" type="stmt"/>
        <line num="50" count="5114" type="stmt"/>
        <line num="51" count="25000566" type="cond" truecount="2" falsecount="0"/>
        <line num="52" count="12499481" type="stmt"/>
        <line num="54" count="12501085" type="stmt"/>
        <line num="58" count="31" type="stmt"/>
        <line num="67" count="1" type="stmt"/>
        <line num="81" count="31" type="stmt"/>
        <line num="82" count="31" type="stmt"/>
        <line num="83" count="31" type="stmt"/>
        <line num="89" count="31" type="cond" truecount="2" falsecount="0"/>
        <line num="90" count="6080" type="stmt"/>
        <line num="91" count="6080" type="cond" truecount="2" falsecount="0"/>
        <line num="92" count="4117" type="stmt"/>
        <line num="93" count="4117" type="stmt"/>
        <line num="94" count="4117" type="stmt"/>
        <line num="95" count="4117" type="stmt"/>
        <line num="96" count="4117" type="stmt"/>
        <line num="98" count="1963" type="stmt"/>
        <line num="99" count="1963" type="stmt"/>
        <line num="100" count="1963" type="cond" truecount="2" falsecount="0"/>
        <line num="101" count="971" type="stmt"/>
        <line num="103" count="992" type="stmt"/>
        <line num="107" count="31" type="stmt"/>
        <line num="110" count="1" type="stmt"/>
        <line num="122" count="31" type="cond" truecount="2" falsecount="0"/>
        <line num="123" count="31" type="cond" truecount="2" falsecount="0"/>
        <line num="124" count="31" type="stmt"/>
        <line num="127" count="1" type="stmt"/>
      </file>
      <file name="nested.ts" path="/home/sebastian/Desktop/carasent/asma-jsondiffpatch/src/filters/nested.ts">
        <metrics statements="100" coveredstatements="95" conditionals="42" coveredconditionals="38" methods="6" coveredmethods="6"/>
        <line num="1" count="1" type="stmt"/>
        <line num="2" count="1" type="stmt"/>
        <line num="3" count="1" type="stmt"/>
        <line num="6" count="1" type="stmt"/>
        <line num="7" count="672" type="cond" truecount="3" falsecount="0"/>
        <line num="8" count="524" type="stmt"/>
        <line num="10" count="148" type="stmt"/>
        <line num="12" count="148" type="stmt"/>
        <line num="13" count="148" type="stmt"/>
        <line num="14" count="353" type="stmt"/>
        <line num="15" count="353" type="cond" truecount="1" falsecount="0"/>
        <line num="16" count="250" type="stmt"/>
        <line num="18" count="103" type="cond" truecount="2" falsecount="0"/>
        <line num="19" count="103" type="stmt"/>
        <line num="21" count="148" type="cond" truecount="3" falsecount="0"/>
        <line num="22" count="35" type="stmt"/>
        <line num="24" count="148" type="stmt"/>
        <line num="26" count="1" type="stmt"/>
        <line num="28" count="1" type="stmt"/>
        <line num="29" count="149" type="cond" truecount="3" falsecount="0"/>
        <line num="30" count="38" type="stmt"/>
        <line num="33" count="111" type="stmt"/>
        <line num="34" count="111" type="stmt"/>
        <line num="38" count="111" type="stmt"/>
        <line num="39" count="111" type="stmt"/>
        <line num="40" count="163" type="cond" truecount="0" falsecount="1"/>
        <line num="41" count="0" type="stmt"/>
        <line num="43" count="163" type="cond" truecount="3" falsecount="0"/>
        <line num="44" count="4" type="stmt"/>
        <line num="46" count="159" type="stmt"/>
        <line num="47" count="159" type="stmt"/>
        <line num="49" count="111" type="stmt"/>
        <line num="50" count="163" type="cond" truecount="0" falsecount="1"/>
        <line num="51" count="0" type="stmt"/>
        <line num="53" count="163" type="cond" truecount="3" falsecount="0"/>
        <line num="54" count="4" type="stmt"/>
        <line num="56" count="159" type="cond" truecount="1" falsecount="0"/>
        <line num="57" count="7" type="stmt"/>
        <line num="58" count="7" type="stmt"/>
        <line num="62" count="111" type="cond" truecount="2" falsecount="1"/>
        <line num="63" count="0" type="stmt"/>
        <line num="64" count="0" type="stmt"/>
        <line num="66" count="111" type="stmt"/>
        <line num="68" count="1" type="stmt"/>
        <line num="70" count="1" type="stmt"/>
        <line num="71" count="86" type="cond" truecount="0" falsecount="1"/>
        <line num="72" count="0" type="stmt"/>
        <line num="74" count="86" type="stmt"/>
        <line num="75" count="86" type="cond" truecount="1" falsecount="0"/>
        <line num="76" count="26" type="stmt"/>
        <line num="78" count="60" type="stmt"/>
        <line num="81" count="60" type="stmt"/>
        <line num="82" count="68" type="stmt"/>
        <line num="83" count="68" type="stmt"/>
        <line num="85" count="60" type="stmt"/>
        <line num="87" count="1" type="stmt"/>
        <line num="89" count="1" type="stmt"/>
        <line num="90" count="310" type="cond" truecount="3" falsecount="0"/>
        <line num="91" count="234" type="stmt"/>
        <line num="93" count="76" type="stmt"/>
        <line num="94" count="76" type="cond" truecount="1" falsecount="0"/>
        <line num="95" count="16" type="stmt"/>
        <line num="97" count="60" type="stmt"/>
        <line num="98" count="60" type="stmt"/>
        <line num="100" count="60" type="stmt"/>
        <line num="101" count="68" type="stmt"/>
        <line num="102" count="68" type="stmt"/>
        <line num="103" count="68" type="cond" truecount="4" falsecount="0"/>
        <line num="104" count="5" type="stmt"/>
        <line num="105" count="63" type="cond" truecount="1" falsecount="0"/>
        <line num="106" count="29" type="stmt"/>
        <line num="109" count="60" type="stmt"/>
        <line num="111" count="1" type="stmt"/>
        <line num="113" count="1" type="stmt"/>
        <line num="114" count="96" type="cond" truecount="1" falsecount="0"/>
        <line num="115" count="18" type="stmt"/>
        <line num="117" count="78" type="stmt"/>
        <line num="118" count="78" type="cond" truecount="1" falsecount="0"/>
        <line num="119" count="22" type="stmt"/>
        <line num="121" count="56" type="stmt"/>
        <line num="124" count="56" type="stmt"/>
        <line num="125" count="64" type="stmt"/>
        <line num="126" count="64" type="stmt"/>
        <line num="128" count="56" type="stmt"/>
        <line num="130" count="1" type="stmt"/>
        <line num="132" count="1" type="stmt"/>
        <line num="133" count="348" type="cond" truecount="3" falsecount="0"/>
        <line num="134" count="270" type="stmt"/>
        <line num="136" count="78" type="stmt"/>
        <line num="137" count="78" type="cond" truecount="1" falsecount="0"/>
        <line num="138" count="22" type="stmt"/>
        <line num="140" count="56" type="stmt"/>
        <line num="142" count="56" type="stmt"/>
        <line num="143" count="56" type="stmt"/>
        <line num="144" count="64" type="stmt"/>
        <line num="145" count="64" type="stmt"/>
        <line num="146" count="64" type="cond" truecount="1" falsecount="0"/>
        <line num="147" count="64" type="stmt"/>
        <line num="150" count="56" type="stmt"/>
        <line num="152" count="1" type="stmt"/>
      </file>
      <file name="texts.ts" path="/home/sebastian/Desktop/carasent/asma-jsondiffpatch/src/filters/texts.ts">
        <metrics statements="75" coveredstatements="65" conditionals="32" coveredconditionals="25" methods="7" coveredmethods="7"/>
        <line num="12" count="1" type="stmt"/>
        <line num="13" count="1" type="stmt"/>
        <line num="14" count="1" type="stmt"/>
        <line num="19" count="16" type="cond" truecount="1" falsecount="0"/>
        <line num="21" count="1" type="cond" truecount="7" falsecount="3"/>
        <line num="22" count="1" type="stmt"/>
        <line num="24" count="0" type="cond" truecount="0" falsecount="1"/>
        <line num="25" count="0" type="stmt"/>
        <line num="27" count="0" type="stmt"/>
        <line num="31" count="0" type="stmt"/>
        <line num="32" count="0" type="stmt"/>
        <line num="34" count="1" type="stmt"/>
        <line num="36" count="8" type="stmt"/>
        <line num="39" count="8" type="stmt"/>
        <line num="40" count="8" type="stmt"/>
        <line num="41" count="12" type="cond" truecount="0" falsecount="1"/>
        <line num="42" count="0" type="stmt"/>
        <line num="43" count="0" type="stmt"/>
        <line num="46" count="8" type="stmt"/>
        <line num="50" count="16" type="stmt"/>
        <line num="53" count="1" type="stmt"/>
        <line num="54" count="179" type="cond" truecount="1" falsecount="0"/>
        <line num="55" count="149" type="stmt"/>
        <line num="57" count="30" type="stmt"/>
        <line num="58" count="30" type="stmt"/>
        <line num="60" count="30" type="cond" truecount="4" falsecount="0"/>
        <line num="61" count="30" type="cond" truecount="3" falsecount="0"/>
        <line num="62" count="22" type="stmt"/>
        <line num="63" count="22" type="stmt"/>
        <line num="66" count="8" type="stmt"/>
        <line num="67" count="8" type="cond" truecount="0" falsecount="1"/>
        <line num="70" count="0" type="stmt"/>
        <line num="71" count="0" type="stmt"/>
        <line num="73" count="8" type="stmt"/>
        <line num="74" count="8" type="stmt"/>
        <line num="76" count="1" type="stmt"/>
        <line num="78" count="1" type="stmt"/>
        <line num="79" count="94" type="cond" truecount="1" falsecount="0"/>
        <line num="80" count="86" type="stmt"/>
        <line num="82" count="8" type="stmt"/>
        <line num="83" count="8" type="cond" truecount="0" falsecount="1"/>
        <line num="84" count="0" type="stmt"/>
        <line num="86" count="8" type="stmt"/>
        <line num="89" count="8" type="stmt"/>
        <line num="90" count="8" type="stmt"/>
        <line num="92" count="1" type="stmt"/>
        <line num="94" count="1" type="stmt"/>
        <line num="99" count="4" type="stmt"/>
        <line num="100" count="4" type="stmt"/>
        <line num="102" count="4" type="stmt"/>
        <line num="103" count="4" type="stmt"/>
        <line num="104" count="36" type="stmt"/>
        <line num="105" count="36" type="stmt"/>
        <line num="106" count="36" type="cond" truecount="2" falsecount="0"/>
        <line num="107" count="6" type="stmt"/>
        <line num="108" count="6" type="stmt"/>
        <line num="111" count="6" type="stmt"/>
        <line num="112" count="30" type="cond" truecount="2" falsecount="0"/>
        <line num="113" count="8" type="stmt"/>
        <line num="114" count="8" type="cond" truecount="1" falsecount="0"/>
        <line num="116" count="6" type="stmt"/>
        <line num="117" count="6" type="stmt"/>
        <line num="118" count="6" type="stmt"/>
        <line num="120" count="22" type="cond" truecount="1" falsecount="0"/>
        <line num="121" count="6" type="stmt"/>
        <line num="124" count="4" type="stmt"/>
        <line num="127" count="1" type="stmt"/>
        <line num="128" count="100" type="cond" truecount="1" falsecount="0"/>
        <line num="129" count="78" type="stmt"/>
        <line num="131" count="22" type="stmt"/>
        <line num="132" count="22" type="cond" truecount="1" falsecount="0"/>
        <line num="133" count="18" type="stmt"/>
        <line num="135" count="4" type="stmt"/>
        <line num="138" count="4" type="stmt"/>
        <line num="140" count="1" type="stmt"/>
      </file>
      <file name="trivial.ts" path="/home/sebastian/Desktop/carasent/asma-jsondiffpatch/src/filters/trivial.ts">
        <metrics statements="73" coveredstatements="72" conditionals="37" coveredconditionals="36" methods="3" coveredmethods="3"/>
        <line num="6" count="1" type="stmt"/>
        <line num="7" count="523" type="cond" truecount="1" falsecount="0"/>
        <line num="8" count="228" type="stmt"/>
        <line num="9" count="228" type="stmt"/>
        <line num="11" count="295" type="cond" truecount="1" falsecount="0"/>
        <line num="12" count="16" type="cond" truecount="1" falsecount="0"/>
        <line num="13" count="1" type="stmt"/>
        <line num="15" count="15" type="stmt"/>
        <line num="16" count="15" type="stmt"/>
        <line num="18" count="279" type="cond" truecount="1" falsecount="0"/>
        <line num="19" count="15" type="stmt"/>
        <line num="20" count="15" type="stmt"/>
        <line num="22" count="264" type="cond" truecount="3" falsecount="0"/>
        <line num="23" count="8" type="stmt"/>
        <line num="25" count="256" type="cond" truecount="2" falsecount="0"/>
        <line num="26" count="256" type="cond" truecount="2" falsecount="0"/>
        <line num="27" count="256" type="cond" truecount="1" falsecount="0"/>
        <line num="28" count="48" type="stmt"/>
        <line num="29" count="48" type="stmt"/>
        <line num="31" count="208" type="cond" truecount="3" falsecount="0"/>
        <line num="32" count="17" type="stmt"/>
        <line num="33" count="17" type="stmt"/>
        <line num="35" count="191" type="cond" truecount="1" falsecount="0"/>
        <line num="36" count="161" type="stmt"/>
        <line num="38" count="191" type="cond" truecount="1" falsecount="0"/>
        <line num="39" count="161" type="stmt"/>
        <line num="41" count="191" type="cond" truecount="1" falsecount="0"/>
        <line num="42" count="4" type="stmt"/>
        <line num="43" count="4" type="stmt"/>
        <line num="46" count="187" type="cond" truecount="1" falsecount="0"/>
        <line num="47" count="2" type="cond" truecount="1" falsecount="1"/>
        <line num="48" count="2" type="stmt"/>
        <line num="50" count="0" type="stmt"/>
        <line num="54" count="1" type="stmt"/>
        <line num="56" count="1" type="stmt"/>
        <line num="57" count="232" type="cond" truecount="1" falsecount="0"/>
        <line num="58" count="20" type="stmt"/>
        <line num="59" count="20" type="stmt"/>
        <line num="61" count="212" type="stmt"/>
        <line num="62" count="212" type="cond" truecount="1" falsecount="0"/>
        <line num="63" count="86" type="stmt"/>
        <line num="65" count="126" type="stmt"/>
        <line num="66" count="126" type="cond" truecount="1" falsecount="0"/>
        <line num="67" count="13" type="stmt"/>
        <line num="68" count="13" type="stmt"/>
        <line num="70" count="113" type="cond" truecount="1" falsecount="0"/>
        <line num="71" count="92" type="cond" truecount="1" falsecount="0"/>
        <line num="72" count="2" type="stmt"/>
        <line num="73" count="2" type="cond" truecount="1" falsecount="0"/>
        <line num="74" count="2" type="stmt"/>
        <line num="75" count="2" type="stmt"/>
        <line num="78" count="90" type="stmt"/>
        <line num="79" count="90" type="stmt"/>
        <line num="81" count="21" type="cond" truecount="3" falsecount="0"/>
        <line num="82" count="13" type="stmt"/>
        <line num="85" count="1" type="stmt"/>
        <line num="87" count="1" type="stmt"/>
        <line num="88" count="270" type="cond" truecount="1" falsecount="0"/>
        <line num="89" count="20" type="stmt"/>
        <line num="90" count="20" type="stmt"/>
        <line num="92" count="250" type="stmt"/>
        <line num="93" count="250" type="cond" truecount="1" falsecount="0"/>
        <line num="94" count="78" type="stmt"/>
        <line num="96" count="172" type="stmt"/>
        <line num="97" count="172" type="cond" truecount="1" falsecount="0"/>
        <line num="98" count="30" type="stmt"/>
        <line num="99" count="30" type="stmt"/>
        <line num="101" count="142" type="cond" truecount="1" falsecount="0"/>
        <line num="102" count="88" type="stmt"/>
        <line num="103" count="88" type="stmt"/>
        <line num="105" count="54" type="cond" truecount="3" falsecount="0"/>
        <line num="106" count="30" type="stmt"/>
        <line num="109" count="1" type="stmt"/>
      </file>
    </package>
    <package name="src.formatters">
      <metrics statements="318" coveredstatements="205" conditionals="140" coveredconditionals="95" methods="78" coveredmethods="50"/>
      <file name="base.ts" path="/home/sebastian/Desktop/carasent/asma-jsondiffpatch/src/formatters/base.ts">
        <metrics statements="112" coveredstatements="102" conditionals="94" coveredconditionals="78" methods="14" coveredmethods="13"/>
        <line num="12" count="1" type="stmt"/>
        <line num="13" count="21" type="cond" truecount="1" falsecount="0"/>
        <line num="14" count="11" type="stmt"/>
        <line num="16" count="10" type="stmt"/>
        <line num="19" count="1" type="stmt"/>
        <line num="20" count="74" type="cond" truecount="1" falsecount="0"/>
        <line num="21" count="22" type="stmt"/>
        <line num="23" count="52" type="cond" truecount="1" falsecount="0"/>
        <line num="24" count="24" type="stmt"/>
        <line num="26" count="28" type="stmt"/>
        <line num="29" count="37" type="stmt"/>
        <line num="95" count="2" type="stmt"/>
        <line num="96" count="2" type="stmt"/>
        <line num="97" count="2" type="stmt"/>
        <line num="98" count="2" type="stmt"/>
        <line num="99" count="2" type="stmt"/>
        <line num="103" count="16" type="stmt"/>
        <line num="104" count="16" type="stmt"/>
        <line num="105" count="30" type="cond" truecount="3" falsecount="1"/>
        <line num="110" count="0" type="stmt"/>
        <line num="126" count="2" type="cond" truecount="1" falsecount="0"/>
        <line num="127" count="2" type="stmt"/>
        <line num="129" count="0" type="stmt"/>
        <line num="141" count="49" type="cond" truecount="2" falsecount="0"/>
        <line num="142" count="49" type="cond" truecount="2" falsecount="0"/>
        <line num="144" count="49" type="cond" truecount="3" falsecount="0"/>
        <line num="145" count="1" type="stmt"/>
        <line num="148" count="48" type="stmt"/>
        <line num="149" count="48" type="cond" truecount="4" falsecount="0"/>
        <line num="152" count="48" type="cond" truecount="5" falsecount="0"/>
        <line num="153" count="33" type="stmt"/>
        <line num="155" count="15" type="stmt"/>
        <line num="168" count="48" type="stmt"/>
        <line num="169" count="48" type="stmt"/>
        <line num="173" count="48" type="stmt"/>
        <line num="176" count="0" type="cond" truecount="0" falsecount="3"/>
        <line num="177" count="0" type="stmt"/>
        <line num="182" count="48" type="cond" truecount="5" falsecount="0"/>
        <line num="183" count="33" type="stmt"/>
        <line num="185" count="15" type="stmt"/>
        <line num="190" count="22" type="stmt"/>
        <line num="191" count="33" type="stmt"/>
        <line num="213" count="22" type="stmt"/>
        <line num="214" count="22" type="stmt"/>
        <line num="217" count="22" type="stmt"/>
        <line num="219" count="22" type="cond" truecount="0" falsecount="1"/>
        <line num="220" count="0" type="stmt"/>
        <line num="221" count="0" type="cond" truecount="0" falsecount="1"/>
        <line num="222" count="0" type="cond" truecount="0" falsecount="1"/>
        <line num="226" count="0" type="stmt"/>
        <line num="232" count="22" type="stmt"/>
        <line num="233" count="41" type="cond" truecount="1" falsecount="0"/>
        <line num="234" count="41" type="stmt"/>
        <line num="235" count="41" type="cond" truecount="3" falsecount="0"/>
        <line num="236" count="5" type="stmt"/>
        <line num="237" count="5" type="stmt"/>
        <line num="241" count="5" type="cond" truecount="1" falsecount="0"/>
        <line num="242" count="5" type="cond" truecount="1" falsecount="0"/>
        <line num="246" count="3" type="stmt"/>
        <line num="252" count="22" type="cond" truecount="2" falsecount="0"/>
        <line num="253" count="11" type="stmt"/>
        <line num="255" count="11" type="stmt"/>
        <line num="257" count="22" type="stmt"/>
        <line num="258" count="44" type="stmt"/>
        <line num="259" count="44" type="cond" truecount="3" falsecount="0"/>
        <line num="260" count="11" type="stmt"/>
        <line num="262" count="33" type="cond" truecount="2" falsecount="0"/>
        <line num="263" count="33" type="stmt"/>
        <line num="264" count="33" type="stmt"/>
        <line num="269" count="48" type="cond" truecount="1" falsecount="0"/>
        <line num="270" count="3" type="cond" truecount="1" falsecount="0"/>
        <line num="271" count="3" type="stmt"/>
        <line num="273" count="0" type="stmt"/>
        <line num="275" count="45" type="cond" truecount="2" falsecount="0"/>
        <line num="276" count="23" type="cond" truecount="1" falsecount="0"/>
        <line num="277" count="3" type="stmt"/>
        <line num="279" count="20" type="cond" truecount="1" falsecount="0"/>
        <line num="280" count="6" type="stmt"/>
        <line num="282" count="14" type="cond" truecount="3" falsecount="0"/>
        <line num="283" count="7" type="stmt"/>
        <line num="285" count="7" type="cond" truecount="3" falsecount="0"/>
        <line num="286" count="2" type="stmt"/>
        <line num="288" count="5" type="cond" truecount="3" falsecount="0"/>
        <line num="289" count="5" type="stmt"/>
        <line num="291" count="22" type="cond" truecount="1" falsecount="0"/>
        <line num="292" count="22" type="stmt"/>
        <line num="294" count="0" type="stmt"/>
        <line num="298" count="2" type="stmt"/>
        <line num="299" count="2" type="stmt"/>
        <line num="300" count="2" type="stmt"/>
        <line num="301" count="3" type="stmt"/>
        <line num="305" count="3" type="stmt"/>
        <line num="308" count="3" type="cond" truecount="3" falsecount="1"/>
        <line num="309" count="3" type="cond" truecount="3" falsecount="1"/>
        <line num="310" count="3" type="cond" truecount="3" falsecount="1"/>
        <line num="311" count="3" type="cond" truecount="3" falsecount="0"/>
        <line num="312" count="3" type="stmt"/>
        <line num="317" count="3" type="stmt"/>
        <line num="318" count="3" type="stmt"/>
        <line num="319" count="14" type="stmt"/>
        <line num="320" count="14" type="cond" truecount="1" falsecount="0"/>
        <line num="321" count="2" type="stmt"/>
        <line num="323" count="12" type="stmt"/>
        <line num="326" count="12" type="cond" truecount="2" falsecount="0"/>
        <line num="327" count="4" type="stmt"/>
        <line num="328" count="8" type="cond" truecount="1" falsecount="0"/>
        <line num="329" count="2" type="stmt"/>
        <line num="331" count="12" type="stmt"/>
        <line num="332" count="12" type="stmt"/>
        <line num="334" count="3" type="stmt"/>
        <line num="336" count="2" type="stmt"/>
        <line num="434" count="1" type="stmt"/>
      </file>
      <file name="html.ts" path="/home/sebastian/Desktop/carasent/asma-jsondiffpatch/src/formatters/html.ts">
        <metrics statements="129" coveredstatements="31" conditionals="30" coveredconditionals="3" methods="29" coveredmethods="6"/>
        <line num="11" count="1" type="stmt"/>
        <line num="21" count="0" type="stmt"/>
        <line num="25" count="0" type="stmt"/>
        <line num="29" count="2" type="stmt"/>
        <line num="30" count="2" type="stmt"/>
        <line num="31" count="2" type="stmt"/>
        <line num="32" count="3" type="stmt"/>
        <line num="33" count="3" type="stmt"/>
        <line num="37" count="3" type="stmt"/>
        <line num="38" count="3" type="stmt"/>
        <line num="39" count="12" type="stmt"/>
        <line num="40" count="12" type="stmt"/>
        <line num="44" count="3" type="stmt"/>
        <line num="46" count="2" type="stmt"/>
        <line num="50" count="2" type="cond" truecount="1" falsecount="1"/>
        <line num="51" count="2" type="stmt"/>
        <line num="55" count="2" type="stmt"/>
        <line num="71" count="0" type="cond" truecount="0" falsecount="2"/>
        <line num="72" count="0" type="stmt"/>
        <line num="79" count="0" type="stmt"/>
        <line num="83" count="0" type="cond" truecount="0" falsecount="1"/>
        <line num="84" count="0" type="stmt"/>
        <line num="86" count="0" type="stmt"/>
        <line num="87" count="0" type="stmt"/>
        <line num="88" count="0" type="stmt"/>
        <line num="92" count="0" type="cond" truecount="0" falsecount="1"/>
        <line num="93" count="0" type="stmt"/>
        <line num="95" count="0" type="stmt"/>
        <line num="96" count="0" type="stmt"/>
        <line num="97" count="0" type="stmt"/>
        <line num="102" count="0" type="cond" truecount="0" falsecount="2"/>
        <line num="103" count="0" type="stmt"/>
        <line num="104" count="0" type="stmt"/>
        <line num="105" count="0" type="stmt"/>
        <line num="109" count="0" type="stmt"/>
        <line num="110" count="0" type="stmt"/>
        <line num="111" count="0" type="stmt"/>
        <line num="115" count="0" type="stmt"/>
        <line num="116" count="0" type="stmt"/>
        <line num="117" count="0" type="stmt"/>
        <line num="118" count="0" type="stmt"/>
        <line num="119" count="0" type="stmt"/>
        <line num="123" count="0" type="stmt"/>
        <line num="124" count="0" type="stmt"/>
        <line num="125" count="0" type="stmt"/>
        <line num="129" count="0" type="stmt"/>
        <line num="130" count="0" type="stmt"/>
        <line num="131" count="0" type="stmt"/>
        <line num="134" count="0" type="stmt"/>
        <line num="154" count="0" type="stmt"/>
        <line num="158" count="2" type="stmt"/>
        <line num="159" count="2" type="stmt"/>
        <line num="160" count="2" type="stmt"/>
        <line num="165" count="12" type="stmt"/>
        <line num="166" count="12" type="stmt"/>
        <line num="173" count="12" type="stmt"/>
        <line num="174" count="60" type="stmt"/>
        <line num="176" count="12" type="stmt"/>
        <line num="179" count="1" type="stmt"/>
        <line num="180" count="0" type="cond" truecount="0" falsecount="2"/>
        <line num="181" count="0" type="cond" truecount="0" falsecount="2"/>
        <line num="182" count="0" type="stmt"/>
        <line num="183" count="0" type="stmt"/>
        <line num="184" count="0" type="stmt"/>
        <line num="185" count="0" type="stmt"/>
        <line num="188" count="0" type="stmt"/>
        <line num="189" count="0" type="stmt"/>
        <line num="190" count="0" type="stmt"/>
        <line num="193" count="0" type="stmt"/>
        <line num="194" count="0" type="stmt"/>
        <line num="195" count="0" type="stmt"/>
        <line num="196" count="0" type="stmt"/>
        <line num="197" count="0" type="stmt"/>
        <line num="198" count="0" type="stmt"/>
        <line num="199" count="0" type="stmt"/>
        <line num="201" count="0" type="stmt"/>
        <line num="202" count="0" type="cond" truecount="0" falsecount="1"/>
        <line num="203" count="0" type="stmt"/>
        <line num="206" count="0" type="cond" truecount="0" falsecount="1"/>
        <line num="207" count="0" type="stmt"/>
        <line num="209" count="0" type="stmt"/>
        <line num="210" count="0" type="stmt"/>
        <line num="211" count="0" type="stmt"/>
        <line num="212" count="0" type="cond" truecount="0" falsecount="2"/>
        <line num="214" count="0" type="cond" truecount="0" falsecount="2"/>
        <line num="217" count="0" type="stmt"/>
        <line num="218" count="0" type="stmt"/>
        <line num="225" count="1" type="stmt"/>
        <line num="226" count="0" type="cond" truecount="0" falsecount="2"/>
        <line num="227" count="0" type="stmt"/>
        <line num="228" count="0" type="stmt"/>
        <line num="234" count="0" type="stmt"/>
        <line num="235" count="0" type="cond" truecount="0" falsecount="1"/>
        <line num="236" count="0" type="stmt"/>
        <line num="238" count="0" type="cond" truecount="0" falsecount="1"/>
        <line num="239" count="0" type="stmt"/>
        <line num="240" count="0" type="stmt"/>
        <line num="241" count="0" type="stmt"/>
        <line num="242" count="0" type="stmt"/>
        <line num="243" count="0" type="cond" truecount="0" falsecount="1"/>
        <line num="244" count="0" type="stmt"/>
        <line num="246" count="0" type="stmt"/>
        <line num="248" count="0" type="cond" truecount="0" falsecount="2"/>
        <line num="249" count="0" type="stmt"/>
        <line num="250" count="0" type="stmt"/>
        <line num="251" count="0" type="stmt"/>
        <line num="252" count="0" type="stmt"/>
        <line num="255" count="0" type="stmt"/>
        <line num="256" count="0" type="stmt"/>
        <line num="257" count="0" type="stmt"/>
        <line num="259" count="0" type="stmt"/>
        <line num="260" count="0" type="stmt"/>
        <line num="262" count="0" type="stmt"/>
        <line num="263" count="0" type="stmt"/>
        <line num="264" count="0" type="stmt"/>
        <line num="265" count="0" type="cond" truecount="0" falsecount="2"/>
        <line num="266" count="0" type="stmt"/>
        <line num="267" count="0" type="stmt"/>
        <line num="269" count="0" type="stmt"/>
        <line num="270" count="0" type="stmt"/>
        <line num="272" count="0" type="stmt"/>
        <line num="273" count="0" type="stmt"/>
        <line num="274" count="0" type="stmt"/>
        <line num="279" count="1" type="stmt"/>
        <line num="281" count="1" type="stmt"/>
        <line num="285" count="1" type="stmt"/>
        <line num="286" count="2" type="cond" truecount="1" falsecount="0"/>
        <line num="287" count="1" type="stmt"/>
        <line num="289" count="2" type="stmt"/>
      </file>
      <file name="jsonpatch.ts" path="/home/sebastian/Desktop/carasent/asma-jsondiffpatch/src/formatters/jsonpatch.ts">
        <metrics statements="77" coveredstatements="72" conditionals="16" coveredconditionals="14" methods="35" coveredmethods="31"/>
        <line num="2" count="1" type="stmt"/>
        <line num="5" count="1" type="stmt"/>
        <line num="48" count="1" type="stmt"/>
        <line num="49" count="1" type="stmt"/>
        <line num="53" count="14" type="stmt"/>
        <line num="54" count="14" type="stmt"/>
        <line num="55" count="14" type="stmt"/>
        <line num="56" count="14" type="stmt"/>
        <line num="57" count="16" type="cond" truecount="4" falsecount="0"/>
        <line num="58" count="9" type="stmt"/>
        <line num="63" count="7" type="cond" truecount="1" falsecount="1"/>
        <line num="64" count="7" type="stmt"/>
        <line num="66" count="0" type="stmt"/>
        <line num="70" count="14" type="stmt"/>
        <line num="71" count="5" type="stmt"/>
        <line num="72" count="5" type="stmt"/>
        <line num="79" count="14" type="stmt"/>
        <line num="80" count="21" type="stmt"/>
        <line num="83" count="14" type="stmt"/>
        <line num="84" count="5" type="stmt"/>
        <line num="85" count="5" type="stmt"/>
        <line num="86" count="5" type="stmt"/>
        <line num="92" count="0" type="stmt"/>
        <line num="100" count="33" type="stmt"/>
        <line num="104" count="33" type="stmt"/>
        <line num="112" count="22" type="stmt"/>
        <line num="116" count="3" type="stmt"/>
        <line num="120" count="6" type="stmt"/>
        <line num="124" count="7" type="stmt"/>
        <line num="128" count="5" type="stmt"/>
        <line num="129" count="5" type="stmt"/>
        <line num="133" count="0" type="stmt"/>
        <line num="137" count="14" type="stmt"/>
        <line num="138" count="14" type="stmt"/>
        <line num="139" count="14" type="stmt"/>
        <line num="140" count="14" type="stmt"/>
        <line num="141" count="14" type="stmt"/>
        <line num="145" count="1" type="stmt"/>
        <line num="147" count="2" type="stmt"/>
        <line num="149" count="1" type="stmt"/>
        <line num="150" count="14" type="stmt"/>
        <line num="151" count="14" type="stmt"/>
        <line num="154" count="1" type="stmt"/>
        <line num="155" count="1" type="stmt"/>
        <line num="156" count="1" type="stmt"/>
        <line num="158" count="1" type="cond" truecount="3" falsecount="0"/>
        <line num="159" count="1" type="stmt"/>
        <line num="161" count="0" type="stmt"/>
        <line num="164" count="1" type="stmt"/>
        <line num="165" count="14" type="stmt"/>
        <line num="166" count="2" type="stmt"/>
        <line num="167" count="2" type="stmt"/>
        <line num="168" count="2" type="cond" truecount="1" falsecount="0"/>
        <line num="169" count="1" type="stmt"/>
        <line num="171" count="1" type="stmt"/>
        <line num="174" count="1" type="stmt"/>
        <line num="175" count="14" type="stmt"/>
        <line num="177" count="42" type="stmt"/>
        <line num="178" count="14" type="stmt"/>
        <line num="180" count="42" type="stmt"/>
        <line num="181" count="21" type="cond" truecount="1" falsecount="0"/>
        <line num="182" count="9" type="stmt"/>
        <line num="184" count="21" type="stmt"/>
        <line num="187" count="21" type="cond" truecount="3" falsecount="1"/>
        <line num="188" count="21" type="stmt"/>
        <line num="191" count="21" type="stmt"/>
        <line num="192" count="21" type="stmt"/>
        <line num="194" count="1" type="stmt"/>
        <line num="195" count="14" type="stmt"/>
        <line num="196" count="14" type="stmt"/>
        <line num="197" count="14" type="stmt"/>
        <line num="202" count="1" type="stmt"/>
        <line num="203" count="14" type="cond" truecount="1" falsecount="0"/>
        <line num="204" count="1" type="stmt"/>
        <line num="206" count="14" type="stmt"/>
        <line num="209" count="1" type="stmt"/>
        <line num="210" count="0" type="stmt"/>
      </file>
    </package>
    <package name="test.examples">
      <metrics statements="34" coveredstatements="25" conditionals="21" coveredconditionals="21" methods="18" coveredmethods="9"/>
      <file name="diffpatch.ts" path="/home/sebastian/Desktop/carasent/asma-jsondiffpatch/test/examples/diffpatch.ts">
        <metrics statements="34" coveredstatements="25" conditionals="21" coveredconditionals="21" methods="18" coveredmethods="9"/>
        <line num="1" count="1" type="stmt"/>
        <line num="18" count="30" type="stmt"/>
        <line num="20" count="1" type="stmt"/>
        <line num="94" count="0" type="stmt"/>
        <line num="160" count="0" type="stmt"/>
        <line num="226" count="0" type="stmt"/>
        <line num="286" count="0" type="stmt"/>
        <line num="347" count="0" type="stmt"/>
        <line num="444" count="0" type="stmt"/>
        <line num="454" count="0" type="stmt"/>
        <line num="509" count="0" type="stmt"/>
        <line num="525" count="0" type="stmt"/>
        <line num="531" count="1" type="stmt"/>
        <line num="534" count="1" type="stmt"/>
        <line num="577" count="1" type="stmt"/>
        <line num="635" count="1" type="stmt"/>
        <line num="816" count="1" type="stmt"/>
        <line num="888" count="8" type="cond" truecount="3" falsecount="0"/>
        <line num="889" count="8" type="stmt"/>
        <line num="946" count="8" type="cond" truecount="3" falsecount="0"/>
        <line num="947" count="8" type="stmt"/>
        <line num="1009" count="36" type="cond" truecount="3" falsecount="0"/>
        <line num="1010" count="36" type="stmt"/>
        <line num="1107" count="32" type="cond" truecount="3" falsecount="0"/>
        <line num="1108" count="32" type="stmt"/>
        <line num="1181" count="30" type="cond" truecount="3" falsecount="0"/>
        <line num="1182" count="30" type="stmt"/>
        <line num="1238" count="24" type="cond" truecount="3" falsecount="0"/>
        <line num="1239" count="24" type="stmt"/>
        <line num="1300" count="8" type="cond" truecount="3" falsecount="0"/>
        <line num="1301" count="8" type="stmt"/>
        <line num="1363" count="16" type="stmt"/>
        <line num="1394" count="1" type="stmt"/>
        <line num="1400" count="1" type="stmt"/>
      </file>
    </package>
  </project>
</coverage>
