{"/home/sebastian/Desktop/carasent/asma-jsondiffpatch/src/clone.ts": {"path":"/home/sebastian/Desktop/carasent/asma-jsondiffpatch/src/clone.ts","statementMap":{"0":{"start":{"line":6,"column":0},"end":{"line":6,"column":24}},"1":{"start":{"line":2,"column":23},"end":{"line":2,"column":66}},"2":{"start":{"line":3,"column":4},"end":{"line":3,"column":null}},"3":{"start":{"line":7,"column":4},"end":{"line":9,"column":5}},"4":{"start":{"line":8,"column":8},"end":{"line":8,"column":null}},"5":{"start":{"line":10,"column":4},"end":{"line":12,"column":5}},"6":{"start":{"line":11,"column":8},"end":{"line":11,"column":null}},"7":{"start":{"line":13,"column":4},"end":{"line":15,"column":5}},"8":{"start":{"line":14,"column":8},"end":{"line":14,"column":null}},"9":{"start":{"line":16,"column":4},"end":{"line":18,"column":5}},"10":{"start":{"line":17,"column":8},"end":{"line":17,"column":null}},"11":{"start":{"line":19,"column":4},"end":{"line":21,"column":5}},"12":{"start":{"line":20,"column":8},"end":{"line":20,"column":null}},"13":{"start":{"line":22,"column":19},"end":{"line":22,"column":21}},"14":{"start":{"line":23,"column":4},"end":{"line":27,"column":5}},"15":{"start":{"line":24,"column":8},"end":{"line":26,"column":9}},"16":{"start":{"line":25,"column":14},"end":{"line":25,"column":null}},"17":{"start":{"line":28,"column":4},"end":{"line":28,"column":null}}},"fnMap":{"0":{"name":"cloneRegExp","decl":{"start":{"line":1,"column":9},"end":{"line":1,"column":20}},"loc":{"start":{"line":1,"column":31},"end":{"line":4,"column":1}}},"1":{"name":"clone","decl":{"start":{"line":6,"column":24},"end":{"line":6,"column":29}},"loc":{"start":{"line":6,"column":42},"end":{"line":29,"column":1}}}},"branchMap":{"0":{"loc":{"start":{"line":7,"column":4},"end":{"line":9,"column":5}},"type":"if","locations":[{"start":{"line":7,"column":4},"end":{"line":9,"column":5}}]},"1":{"loc":{"start":{"line":10,"column":4},"end":{"line":12,"column":5}},"type":"if","locations":[{"start":{"line":10,"column":4},"end":{"line":12,"column":5}}]},"2":{"loc":{"start":{"line":13,"column":4},"end":{"line":15,"column":5}},"type":"if","locations":[{"start":{"line":13,"column":4},"end":{"line":15,"column":5}}]},"3":{"loc":{"start":{"line":16,"column":4},"end":{"line":18,"column":5}},"type":"if","locations":[{"start":{"line":16,"column":4},"end":{"line":18,"column":5}}]},"4":{"loc":{"start":{"line":19,"column":4},"end":{"line":21,"column":5}},"type":"if","locations":[{"start":{"line":19,"column":4},"end":{"line":21,"column":5}}]},"5":{"loc":{"start":{"line":24,"column":8},"end":{"line":26,"column":9}},"type":"if","locations":[{"start":{"line":24,"column":8},"end":{"line":26,"column":9}}]}},"s":{"0":1,"1":3,"2":3,"3":529,"4":349,"5":180,"6":9,"7":171,"8":36,"9":135,"10":13,"11":122,"12":3,"13":119,"14":119,"15":168,"16":168,"17":119},"f":{"0":3,"1":529},"b":{"0":[349],"1":[9],"2":[36],"3":[13],"4":[3],"5":[168]}}
,"/home/sebastian/Desktop/carasent/asma-jsondiffpatch/src/date-reviver.ts": {"path":"/home/sebastian/Desktop/carasent/asma-jsondiffpatch/src/date-reviver.ts","statementMap":{"0":{"start":{"line":2,"column":0},"end":{"line":2,"column":24}},"1":{"start":{"line":4,"column":4},"end":{"line":19,"column":5}},"2":{"start":{"line":5,"column":8},"end":{"line":5,"column":null}},"3":{"start":{"line":6,"column":8},"end":{"line":18,"column":9}},"4":{"start":{"line":7,"column":12},"end":{"line":17,"column":null}},"5":{"start":{"line":20,"column":4},"end":{"line":20,"column":null}}},"fnMap":{"0":{"name":"dateReviver","decl":{"start":{"line":2,"column":24},"end":{"line":2,"column":35}},"loc":{"start":{"line":2,"column":64},"end":{"line":21,"column":1}}}},"branchMap":{"0":{"loc":{"start":{"line":4,"column":4},"end":{"line":19,"column":5}},"type":"if","locations":[{"start":{"line":4,"column":4},"end":{"line":19,"column":5}}]},"1":{"loc":{"start":{"line":6,"column":8},"end":{"line":18,"column":9}},"type":"if","locations":[{"start":{"line":6,"column":8},"end":{"line":18,"column":9}}]},"2":{"loc":{"start":{"line":9,"column":21},"end":{"line":9,"column":31}},"type":"cond-expr","locations":[{"start":{"line":9,"column":26},"end":{"line":9,"column":29}},{"start":{"line":9,"column":21},"end":{"line":9,"column":31}}]},"3":{"loc":{"start":{"line":9,"column":21},"end":{"line":9,"column":29}},"type":"binary-expr","locations":[{"start":{"line":9,"column":21},"end":{"line":9,"column":29}},{"start":{"line":9,"column":21},"end":{"line":9,"column":29}}]},"4":{"loc":{"start":{"line":10,"column":21},"end":{"line":10,"column":31}},"type":"cond-expr","locations":[{"start":{"line":10,"column":26},"end":{"line":10,"column":29}},{"start":{"line":10,"column":21},"end":{"line":10,"column":31}}]},"5":{"loc":{"start":{"line":10,"column":21},"end":{"line":10,"column":29}},"type":"binary-expr","locations":[{"start":{"line":10,"column":21},"end":{"line":10,"column":29}},{"start":{"line":10,"column":21},"end":{"line":10,"column":29}}]},"6":{"loc":{"start":{"line":11,"column":21},"end":{"line":11,"column":31}},"type":"cond-expr","locations":[{"start":{"line":11,"column":26},"end":{"line":11,"column":29}},{"start":{"line":11,"column":21},"end":{"line":11,"column":31}}]},"7":{"loc":{"start":{"line":11,"column":21},"end":{"line":11,"column":29}},"type":"binary-expr","locations":[{"start":{"line":11,"column":21},"end":{"line":11,"column":29}},{"start":{"line":11,"column":21},"end":{"line":11,"column":29}}]},"8":{"loc":{"start":{"line":12,"column":21},"end":{"line":12,"column":31}},"type":"cond-expr","locations":[{"start":{"line":12,"column":26},"end":{"line":12,"column":29}},{"start":{"line":12,"column":21},"end":{"line":12,"column":31}}]},"9":{"loc":{"start":{"line":12,"column":21},"end":{"line":12,"column":29}},"type":"binary-expr","locations":[{"start":{"line":12,"column":21},"end":{"line":12,"column":29}},{"start":{"line":12,"column":21},"end":{"line":12,"column":29}}]},"10":{"loc":{"start":{"line":13,"column":21},"end":{"line":13,"column":31}},"type":"cond-expr","locations":[{"start":{"line":13,"column":26},"end":{"line":13,"column":29}},{"start":{"line":13,"column":21},"end":{"line":13,"column":31}}]},"11":{"loc":{"start":{"line":13,"column":21},"end":{"line":13,"column":29}},"type":"binary-expr","locations":[{"start":{"line":13,"column":21},"end":{"line":13,"column":29}},{"start":{"line":13,"column":21},"end":{"line":13,"column":29}}]},"12":{"loc":{"start":{"line":14,"column":21},"end":{"line":14,"column":31}},"type":"cond-expr","locations":[{"start":{"line":14,"column":26},"end":{"line":14,"column":29}},{"start":{"line":14,"column":21},"end":{"line":14,"column":31}}]},"13":{"loc":{"start":{"line":14,"column":21},"end":{"line":14,"column":29}},"type":"binary-expr","locations":[{"start":{"line":14,"column":21},"end":{"line":14,"column":29}},{"start":{"line":14,"column":21},"end":{"line":14,"column":29}}]},"14":{"loc":{"start":{"line":15,"column":22},"end":{"line":15,"column":35}},"type":"binary-expr","locations":[{"start":{"line":15,"column":22},"end":{"line":15,"column":30}},{"start":{"line":15,"column":34},"end":{"line":15,"column":35}}]}},"s":{"0":1,"1":0,"2":0,"3":0,"4":0,"5":0},"f":{"0":0},"b":{"0":[0],"1":[0],"2":[0,0],"3":[0,0],"4":[0,0],"5":[0,0],"6":[0,0],"7":[0,0],"8":[0,0],"9":[0,0],"10":[0,0],"11":[0,0],"12":[0,0],"13":[0,0],"14":[0,0]}}
,"/home/sebastian/Desktop/carasent/asma-jsondiffpatch/src/diffpatcher.ts": {"path":"/home/sebastian/Desktop/carasent/asma-jsondiffpatch/src/diffpatcher.ts","statementMap":{"0":{"start":{"line":1,"column":0},"end":{"line":1,"column":30}},"1":{"start":{"line":2,"column":0},"end":{"line":2,"column":44}},"2":{"start":{"line":3,"column":0},"end":{"line":3,"column":46}},"3":{"start":{"line":4,"column":0},"end":{"line":4,"column":50}},"4":{"start":{"line":5,"column":0},"end":{"line":5,"column":28}},"5":{"start":{"line":6,"column":0},"end":{"line":6,"column":38}},"6":{"start":{"line":8,"column":0},"end":{"line":8,"column":45}},"7":{"start":{"line":9,"column":0},"end":{"line":9,"column":43}},"8":{"start":{"line":10,"column":0},"end":{"line":10,"column":45}},"9":{"start":{"line":11,"column":0},"end":{"line":11,"column":43}},"10":{"start":{"line":12,"column":0},"end":{"line":12,"column":47}},"11":{"start":{"line":19,"column":8},"end":{"line":19,"column":null}},"12":{"start":{"line":20,"column":8},"end":{"line":31,"column":null}},"13":{"start":{"line":32,"column":8},"end":{"line":43,"column":null}},"14":{"start":{"line":44,"column":8},"end":{"line":55,"column":null}},"15":{"start":{"line":59,"column":8},"end":{"line":59,"column":null}},"16":{"start":{"line":63,"column":8},"end":{"line":63,"column":null}},"17":{"start":{"line":67,"column":8},"end":{"line":67,"column":null}},"18":{"start":{"line":71,"column":8},"end":{"line":71,"column":null}},"19":{"start":{"line":75,"column":8},"end":{"line":75,"column":null}},"20":{"start":{"line":79,"column":8},"end":{"line":79,"column":null}},"21":{"start":{"line":83,"column":0},"end":{"line":83,"column":null}}},"fnMap":{"0":{"name":"(anonymous_10)","decl":{"start":{"line":18,"column":4},"end":{"line":18,"column":16}},"loc":{"start":{"line":18,"column":33},"end":{"line":56,"column":5}}},"1":{"name":"(anonymous_11)","decl":{"start":{"line":58,"column":4},"end":{"line":58,"column":11}},"loc":{"start":{"line":58,"column":28},"end":{"line":60,"column":5}}},"2":{"name":"(anonymous_12)","decl":{"start":{"line":62,"column":4},"end":{"line":62,"column":8}},"loc":{"start":{"line":62,"column":38},"end":{"line":64,"column":5}}},"3":{"name":"(anonymous_13)","decl":{"start":{"line":66,"column":4},"end":{"line":66,"column":9}},"loc":{"start":{"line":66,"column":37},"end":{"line":68,"column":5}}},"4":{"name":"(anonymous_14)","decl":{"start":{"line":70,"column":4},"end":{"line":70,"column":11}},"loc":{"start":{"line":70,"column":24},"end":{"line":72,"column":5}}},"5":{"name":"(anonymous_15)","decl":{"start":{"line":74,"column":4},"end":{"line":74,"column":11}},"loc":{"start":{"line":74,"column":40},"end":{"line":76,"column":5}}},"6":{"name":"(anonymous_16)","decl":{"start":{"line":78,"column":4},"end":{"line":78,"column":9}},"loc":{"start":{"line":78,"column":24},"end":{"line":80,"column":5}}}},"branchMap":{},"s":{"0":1,"1":1,"2":1,"3":1,"4":1,"5":1,"6":1,"7":1,"8":1,"9":1,"10":1,"11":85,"12":85,"13":85,"14":85,"15":0,"16":171,"17":150,"18":140,"19":70,"20":148,"21":1},"f":{"0":85,"1":0,"2":171,"3":150,"4":140,"5":70,"6":148},"b":{}}
,"/home/sebastian/Desktop/carasent/asma-jsondiffpatch/src/index.ts": {"path":"/home/sebastian/Desktop/carasent/asma-jsondiffpatch/src/index.ts","statementMap":{"0":{"start":{"line":14,"column":0},"end":{"line":14,"column":16}},"1":{"start":{"line":20,"column":0},"end":{"line":20,"column":16}},"2":{"start":{"line":27,"column":0},"end":{"line":27,"column":16}},"3":{"start":{"line":34,"column":0},"end":{"line":34,"column":16}},"4":{"start":{"line":41,"column":0},"end":{"line":41,"column":16}},"5":{"start":{"line":48,"column":0},"end":{"line":48,"column":16}},"6":{"start":{"line":5,"column":0},"end":{"line":5,"column":7}},"7":{"start":{"line":9,"column":22},"end":{"line":5,"column":43}},"8":{"start":{"line":6,"column":0},"end":{"line":6,"column":7}},"9":{"start":{"line":9,"column":9},"end":{"line":6,"column":42}},"10":{"start":{"line":15,"column":4},"end":{"line":15,"column":null}},"11":{"start":{"line":21,"column":4},"end":{"line":23,"column":5}},"12":{"start":{"line":22,"column":8},"end":{"line":22,"column":null}},"13":{"start":{"line":24,"column":4},"end":{"line":24,"column":null}},"14":{"start":{"line":28,"column":4},"end":{"line":30,"column":5}},"15":{"start":{"line":29,"column":8},"end":{"line":29,"column":null}},"16":{"start":{"line":31,"column":4},"end":{"line":31,"column":null}},"17":{"start":{"line":35,"column":4},"end":{"line":37,"column":5}},"18":{"start":{"line":36,"column":8},"end":{"line":36,"column":null}},"19":{"start":{"line":38,"column":4},"end":{"line":38,"column":null}},"20":{"start":{"line":42,"column":4},"end":{"line":44,"column":5}},"21":{"start":{"line":43,"column":8},"end":{"line":43,"column":null}},"22":{"start":{"line":45,"column":4},"end":{"line":45,"column":null}},"23":{"start":{"line":49,"column":4},"end":{"line":51,"column":5}},"24":{"start":{"line":50,"column":8},"end":{"line":50,"column":null}},"25":{"start":{"line":52,"column":4},"end":{"line":52,"column":null}}},"fnMap":{"0":{"name":"create","decl":{"start":{"line":14,"column":16},"end":{"line":14,"column":22}},"loc":{"start":{"line":14,"column":40},"end":{"line":16,"column":1}}},"1":{"name":"diff","decl":{"start":{"line":20,"column":16},"end":{"line":20,"column":20}},"loc":{"start":{"line":20,"column":50},"end":{"line":25,"column":1}}},"2":{"name":"patch","decl":{"start":{"line":27,"column":16},"end":{"line":27,"column":21}},"loc":{"start":{"line":27,"column":49},"end":{"line":32,"column":1}}},"3":{"name":"unpatch","decl":{"start":{"line":34,"column":16},"end":{"line":34,"column":23}},"loc":{"start":{"line":34,"column":52},"end":{"line":39,"column":1}}},"4":{"name":"reverse","decl":{"start":{"line":41,"column":16},"end":{"line":41,"column":23}},"loc":{"start":{"line":41,"column":36},"end":{"line":46,"column":1}}},"5":{"name":"clone","decl":{"start":{"line":48,"column":16},"end":{"line":48,"column":21}},"loc":{"start":{"line":48,"column":36},"end":{"line":53,"column":1}}}},"branchMap":{"0":{"loc":{"start":{"line":21,"column":4},"end":{"line":23,"column":5}},"type":"if","locations":[{"start":{"line":21,"column":4},"end":{"line":23,"column":5}}]},"1":{"loc":{"start":{"line":28,"column":4},"end":{"line":30,"column":5}},"type":"if","locations":[{"start":{"line":28,"column":4},"end":{"line":30,"column":5}}]},"2":{"loc":{"start":{"line":35,"column":4},"end":{"line":37,"column":5}},"type":"if","locations":[{"start":{"line":35,"column":4},"end":{"line":37,"column":5}}]},"3":{"loc":{"start":{"line":42,"column":4},"end":{"line":44,"column":5}},"type":"if","locations":[{"start":{"line":42,"column":4},"end":{"line":44,"column":5}}]},"4":{"loc":{"start":{"line":49,"column":4},"end":{"line":51,"column":5}},"type":"if","locations":[{"start":{"line":49,"column":4},"end":{"line":51,"column":5}}]}},"s":{"0":1,"1":1,"2":1,"3":1,"4":1,"5":1,"6":1,"7":1,"8":1,"9":1,"10":0,"11":1,"12":0,"13":1,"14":1,"15":0,"16":1,"17":1,"18":0,"19":1,"20":1,"21":0,"22":1,"23":148,"24":1,"25":148},"f":{"0":0,"1":1,"2":1,"3":1,"4":1,"5":148},"b":{"0":[0],"1":[0],"2":[0],"3":[0],"4":[1]}}
,"/home/sebastian/Desktop/carasent/asma-jsondiffpatch/src/pipe.ts": {"path":"/home/sebastian/Desktop/carasent/asma-jsondiffpatch/src/pipe.ts","statementMap":{"0":{"start":{"line":15,"column":8},"end":{"line":15,"column":null}},"1":{"start":{"line":16,"column":8},"end":{"line":16,"column":null}},"2":{"start":{"line":20,"column":8},"end":{"line":22,"column":9}},"3":{"start":{"line":21,"column":12},"end":{"line":21,"column":null}},"4":{"start":{"line":23,"column":22},"end":{"line":23,"column":32}},"5":{"start":{"line":24,"column":23},"end":{"line":24,"column":42}},"6":{"start":{"line":25,"column":24},"end":{"line":25,"column":29}},"7":{"start":{"line":26,"column":8},"end":{"line":36,"column":9}},"8":{"start":{"line":26,"column":25},"end":{"line":26,"column":26}},"9":{"start":{"line":27,"column":27},"end":{"line":27,"column":46}},"10":{"start":{"line":28,"column":12},"end":{"line":30,"column":13}},"11":{"start":{"line":29,"column":16},"end":{"line":29,"column":null}},"12":{"start":{"line":31,"column":12},"end":{"line":31,"column":null}},"13":{"start":{"line":32,"column":12},"end":{"line":35,"column":13}},"14":{"start":{"line":33,"column":16},"end":{"line":33,"column":null}},"15":{"start":{"line":34,"column":16},"end":{"line":34,"column":21}},"16":{"start":{"line":37,"column":8},"end":{"line":39,"column":9}},"17":{"start":{"line":38,"column":12},"end":{"line":38,"column":null}},"18":{"start":{"line":43,"column":8},"end":{"line":43,"column":null}},"19":{"start":{"line":47,"column":8},"end":{"line":47,"column":null}},"20":{"start":{"line":48,"column":8},"end":{"line":48,"column":null}},"21":{"start":{"line":52,"column":8},"end":{"line":52,"column":null}},"22":{"start":{"line":53,"column":8},"end":{"line":53,"column":null}},"23":{"start":{"line":57,"column":8},"end":{"line":59,"column":9}},"24":{"start":{"line":58,"column":12},"end":{"line":58,"column":null}},"25":{"start":{"line":60,"column":8},"end":{"line":65,"column":9}},"26":{"start":{"line":60,"column":25},"end":{"line":60,"column":26}},"27":{"start":{"line":61,"column":27},"end":{"line":61,"column":46}},"28":{"start":{"line":62,"column":12},"end":{"line":64,"column":13}},"29":{"start":{"line":63,"column":16},"end":{"line":63,"column":null}},"30":{"start":{"line":66,"column":8},"end":{"line":66,"column":null}},"31":{"start":{"line":70,"column":8},"end":{"line":70,"column":null}},"32":{"start":{"line":70,"column":39},"end":{"line":70,"column":51}},"33":{"start":{"line":74,"column":22},"end":{"line":74,"column":46}},"34":{"start":{"line":75,"column":8},"end":{"line":75,"column":null}},"35":{"start":{"line":76,"column":8},"end":{"line":76,"column":null}},"36":{"start":{"line":80,"column":22},"end":{"line":80,"column":46}},"37":{"start":{"line":81,"column":8},"end":{"line":81,"column":null}},"38":{"start":{"line":82,"column":8},"end":{"line":82,"column":null}},"39":{"start":{"line":86,"column":22},"end":{"line":86,"column":46}},"40":{"start":{"line":87,"column":8},"end":{"line":87,"column":null}},"41":{"start":{"line":88,"column":8},"end":{"line":88,"column":null}},"42":{"start":{"line":92,"column":22},"end":{"line":92,"column":46}},"43":{"start":{"line":93,"column":8},"end":{"line":93,"column":null}},"44":{"start":{"line":94,"column":8},"end":{"line":94,"column":null}},"45":{"start":{"line":98,"column":8},"end":{"line":98,"column":null}},"46":{"start":{"line":99,"column":8},"end":{"line":99,"column":null}},"47":{"start":{"line":103,"column":8},"end":{"line":106,"column":9}},"48":{"start":{"line":104,"column":12},"end":{"line":104,"column":null}},"49":{"start":{"line":105,"column":12},"end":{"line":105,"column":18}},"50":{"start":{"line":107,"column":8},"end":{"line":109,"column":9}},"51":{"start":{"line":108,"column":12},"end":{"line":108,"column":18}},"52":{"start":{"line":110,"column":8},"end":{"line":117,"column":null}},"53":{"start":{"line":111,"column":12},"end":{"line":116,"column":13}},"54":{"start":{"line":112,"column":16},"end":{"line":112,"column":null}},"55":{"start":{"line":113,"column":62},"end":{"line":113,"column":94}},"56":{"start":{"line":114,"column":16},"end":{"line":114,"column":null}},"57":{"start":{"line":115,"column":16},"end":{"line":115,"column":null}},"58":{"start":{"line":118,"column":8},"end":{"line":118,"column":null}},"59":{"start":{"line":122,"column":0},"end":{"line":122,"column":null}}},"fnMap":{"0":{"name":"(anonymous_0)","decl":{"start":{"line":14,"column":4},"end":{"line":14,"column":16}},"loc":{"start":{"line":14,"column":28},"end":{"line":17,"column":5}}},"1":{"name":"(anonymous_1)","decl":{"start":{"line":19,"column":4},"end":{"line":19,"column":11}},"loc":{"start":{"line":19,"column":27},"end":{"line":40,"column":5}}},"2":{"name":"(anonymous_2)","decl":{"start":{"line":42,"column":4},"end":{"line":42,"column":7}},"loc":{"start":{"line":42,"column":19},"end":{"line":44,"column":5}}},"3":{"name":"(anonymous_3)","decl":{"start":{"line":46,"column":4},"end":{"line":46,"column":10}},"loc":{"start":{"line":46,"column":38},"end":{"line":49,"column":5}}},"4":{"name":"(anonymous_4)","decl":{"start":{"line":51,"column":4},"end":{"line":51,"column":11}},"loc":{"start":{"line":51,"column":39},"end":{"line":54,"column":5}}},"5":{"name":"(anonymous_5)","decl":{"start":{"line":56,"column":4},"end":{"line":56,"column":11}},"loc":{"start":{"line":56,"column":30},"end":{"line":67,"column":5}}},"6":{"name":"(anonymous_6)","decl":{"start":{"line":69,"column":4},"end":{"line":69,"column":8}},"loc":{"start":{"line":69,"column":8},"end":{"line":71,"column":5}}},"7":{"name":"(anonymous_7)","decl":{"start":{"line":70,"column":32},"end":{"line":70,"column":33}},"loc":{"start":{"line":70,"column":39},"end":{"line":70,"column":51}}},"8":{"name":"(anonymous_8)","decl":{"start":{"line":73,"column":4},"end":{"line":73,"column":9}},"loc":{"start":{"line":73,"column":59},"end":{"line":77,"column":5}}},"9":{"name":"(anonymous_9)","decl":{"start":{"line":79,"column":4},"end":{"line":79,"column":10}},"loc":{"start":{"line":79,"column":60},"end":{"line":83,"column":5}}},"10":{"name":"(anonymous_10)","decl":{"start":{"line":85,"column":4},"end":{"line":85,"column":11}},"loc":{"start":{"line":85,"column":61},"end":{"line":89,"column":5}}},"11":{"name":"(anonymous_11)","decl":{"start":{"line":91,"column":4},"end":{"line":91,"column":10}},"loc":{"start":{"line":91,"column":29},"end":{"line":95,"column":5}}},"12":{"name":"(anonymous_12)","decl":{"start":{"line":97,"column":4},"end":{"line":97,"column":9}},"loc":{"start":{"line":97,"column":9},"end":{"line":100,"column":5}}},"13":{"name":"(anonymous_13)","decl":{"start":{"line":102,"column":4},"end":{"line":102,"column":20}},"loc":{"start":{"line":102,"column":37},"end":{"line":119,"column":5}}},"14":{"name":"(anonymous_14)","decl":{"start":{"line":110,"column":27},"end":{"line":110,"column":28}},"loc":{"start":{"line":110,"column":39},"end":{"line":117,"column":9}}}},"branchMap":{"0":{"loc":{"start":{"line":20,"column":8},"end":{"line":22,"column":9}},"type":"if","locations":[{"start":{"line":20,"column":8},"end":{"line":22,"column":9}}]},"1":{"loc":{"start":{"line":28,"column":12},"end":{"line":30,"column":13}},"type":"if","locations":[{"start":{"line":28,"column":12},"end":{"line":30,"column":13}}]},"2":{"loc":{"start":{"line":29,"column":36},"end":{"line":29,"column":54}},"type":"cond-expr","locations":[{"start":{"line":29,"column":42},"end":{"line":29,"column":44}},{"start":{"line":29,"column":36},"end":{"line":29,"column":54}}]},"3":{"loc":{"start":{"line":29,"column":36},"end":{"line":29,"column":44}},"type":"binary-expr","locations":[{"start":{"line":29,"column":36},"end":{"line":29,"column":44}},{"start":{"line":29,"column":36},"end":{"line":29,"column":44}}]},"4":{"loc":{"start":{"line":31,"column":12},"end":{"line":31,"column":29}},"type":"cond-expr","locations":[{"start":{"line":31,"column":18},"end":{"line":31,"column":21}},{"start":{"line":31,"column":12},"end":{"line":31,"column":29}}]},"5":{"loc":{"start":{"line":31,"column":12},"end":{"line":31,"column":21}},"type":"binary-expr","locations":[{"start":{"line":31,"column":12},"end":{"line":31,"column":21}},{"start":{"line":31,"column":12},"end":{"line":31,"column":21}}]},"6":{"loc":{"start":{"line":32,"column":12},"end":{"line":35,"column":13}},"type":"if","locations":[{"start":{"line":32,"column":12},"end":{"line":35,"column":13}}]},"7":{"loc":{"start":{"line":32,"column":16},"end":{"line":32,"column":62}},"type":"binary-expr","locations":[{"start":{"line":32,"column":16},"end":{"line":32,"column":43}},{"start":{"line":32,"column":47},"end":{"line":32,"column":62}}]},"8":{"loc":{"start":{"line":37,"column":8},"end":{"line":39,"column":9}},"type":"if","locations":[{"start":{"line":37,"column":8},"end":{"line":39,"column":9}}]},"9":{"loc":{"start":{"line":37,"column":12},"end":{"line":37,"column":45}},"type":"binary-expr","locations":[{"start":{"line":37,"column":12},"end":{"line":37,"column":25}},{"start":{"line":37,"column":29},"end":{"line":37,"column":45}}]},"10":{"loc":{"start":{"line":57,"column":8},"end":{"line":59,"column":9}},"type":"if","locations":[{"start":{"line":57,"column":8},"end":{"line":59,"column":9}}]},"11":{"loc":{"start":{"line":62,"column":12},"end":{"line":64,"column":13}},"type":"if","locations":[{"start":{"line":62,"column":12},"end":{"line":64,"column":13}}]},"12":{"loc":{"start":{"line":62,"column":16},"end":{"line":62,"column":34}},"type":"cond-expr","locations":[{"start":{"line":62,"column":22},"end":{"line":62,"column":24}},{"start":{"line":62,"column":16},"end":{"line":62,"column":34}}]},"13":{"loc":{"start":{"line":62,"column":16},"end":{"line":62,"column":24}},"type":"binary-expr","locations":[{"start":{"line":62,"column":16},"end":{"line":62,"column":24}},{"start":{"line":62,"column":16},"end":{"line":62,"column":24}}]},"14":{"loc":{"start":{"line":103,"column":8},"end":{"line":106,"column":9}},"type":"if","locations":[{"start":{"line":103,"column":8},"end":{"line":106,"column":9}}]},"15":{"loc":{"start":{"line":107,"column":8},"end":{"line":109,"column":9}},"type":"if","locations":[{"start":{"line":107,"column":8},"end":{"line":109,"column":9}}]},"16":{"loc":{"start":{"line":111,"column":12},"end":{"line":116,"column":13}},"type":"if","locations":[{"start":{"line":111,"column":12},"end":{"line":116,"column":13}}]}},"s":{"0":255,"1":255,"2":1330,"3":0,"4":1330,"5":1330,"6":1330,"7":1330,"8":1330,"9":3900,"10":3900,"11":0,"12":3900,"13":3891,"14":1321,"15":1321,"16":1321,"17":452,"18":0,"19":255,"20":255,"21":0,"22":0,"23":5,"24":0,"25":5,"26":5,"27":15,"28":15,"29":5,"30":0,"31":5,"32":31,"33":1,"34":1,"35":1,"36":2,"37":2,"38":2,"39":1,"40":1,"41":1,"42":1,"43":1,"44":1,"45":0,"46":0,"47":255,"48":0,"49":0,"50":255,"51":0,"52":255,"53":452,"54":0,"55":0,"56":0,"57":0,"58":255,"59":1},"f":{"0":255,"1":1330,"2":0,"3":255,"4":0,"5":5,"6":5,"7":31,"8":1,"9":2,"10":1,"11":1,"12":0,"13":255,"14":452},"b":{"0":[0],"1":[0],"2":[0,0],"3":[0,0],"4":[0,3900],"5":[3900,3900],"6":[1321],"7":[3891,3891],"8":[452],"9":[1321,452],"10":[0],"11":[5],"12":[0,15],"13":[15,15],"14":[0],"15":[0],"16":[0]}}
,"/home/sebastian/Desktop/carasent/asma-jsondiffpatch/src/processor.ts": {"path":"/home/sebastian/Desktop/carasent/asma-jsondiffpatch/src/processor.ts","statementMap":{"0":{"start":{"line":17,"column":8},"end":{"line":17,"column":null}},"1":{"start":{"line":18,"column":8},"end":{"line":22,"column":null}},"2":{"start":{"line":26,"column":8},"end":{"line":28,"column":9}},"3":{"start":{"line":27,"column":12},"end":{"line":27,"column":null}},"4":{"start":{"line":29,"column":8},"end":{"line":29,"column":null}},"5":{"start":{"line":35,"column":19},"end":{"line":35,"column":26}},"6":{"start":{"line":36,"column":8},"end":{"line":46,"column":9}},"7":{"start":{"line":37,"column":12},"end":{"line":45,"column":13}},"8":{"start":{"line":38,"column":16},"end":{"line":38,"column":null}},"9":{"start":{"line":40,"column":16},"end":{"line":44,"column":null}},"10":{"start":{"line":47,"column":8},"end":{"line":59,"column":9}},"11":{"start":{"line":50,"column":12},"end":{"line":50,"column":null}},"12":{"start":{"line":51,"column":12},"end":{"line":53,"column":13}},"13":{"start":{"line":52,"column":16},"end":{"line":52,"column":null}},"14":{"start":{"line":54,"column":12},"end":{"line":58,"column":null}},"15":{"start":{"line":60,"column":8},"end":{"line":60,"column":null}},"16":{"start":{"line":61,"column":8},"end":{"line":61,"column":null}},"17":{"start":{"line":67,"column":22},"end":{"line":67,"column":27}},"18":{"start":{"line":68,"column":8},"end":{"line":68,"column":null}},"19":{"start":{"line":69,"column":55},"end":{"line":69,"column":86}},"20":{"start":{"line":71,"column":8},"end":{"line":90,"column":9}},"21":{"start":{"line":72,"column":12},"end":{"line":76,"column":13}},"22":{"start":{"line":74,"column":16},"end":{"line":74,"column":null}},"23":{"start":{"line":75,"column":16},"end":{"line":75,"column":null}},"24":{"start":{"line":78,"column":12},"end":{"line":80,"column":13}},"25":{"start":{"line":79,"column":16},"end":{"line":79,"column":null}},"26":{"start":{"line":81,"column":12},"end":{"line":81,"column":null}},"27":{"start":{"line":82,"column":12},"end":{"line":82,"column":null}},"28":{"start":{"line":83,"column":12},"end":{"line":83,"column":null}},"29":{"start":{"line":84,"column":12},"end":{"line":89,"column":13}},"30":{"start":{"line":85,"column":16},"end":{"line":88,"column":17}},"31":{"start":{"line":86,"column":20},"end":{"line":86,"column":null}},"32":{"start":{"line":87,"column":20},"end":{"line":87,"column":null}},"33":{"start":{"line":92,"column":8},"end":{"line":92,"column":null}},"34":{"start":{"line":96,"column":0},"end":{"line":96,"column":null}}},"fnMap":{"0":{"name":"(anonymous_0)","decl":{"start":{"line":16,"column":4},"end":{"line":16,"column":16}},"loc":{"start":{"line":16,"column":33},"end":{"line":23,"column":5}}},"1":{"name":"(anonymous_1)","decl":{"start":{"line":25,"column":4},"end":{"line":25,"column":11}},"loc":{"start":{"line":25,"column":29},"end":{"line":30,"column":5}}},"2":{"name":"(anonymous_2)","decl":{"start":{"line":34,"column":4},"end":{"line":34,"column":8}},"loc":{"start":{"line":34,"column":95},"end":{"line":62,"column":5}}},"3":{"name":"(anonymous_3)","decl":{"start":{"line":66,"column":4},"end":{"line":66,"column":11}},"loc":{"start":{"line":66,"column":81},"end":{"line":93,"column":5}}}},"branchMap":{"0":{"loc":{"start":{"line":17,"column":27},"end":{"line":17,"column":40}},"type":"binary-expr","locations":[{"start":{"line":17,"column":27},"end":{"line":17,"column":34}},{"start":{"line":17,"column":38},"end":{"line":17,"column":40}}]},"1":{"loc":{"start":{"line":26,"column":8},"end":{"line":28,"column":9}},"type":"if","locations":[{"start":{"line":26,"column":8},"end":{"line":28,"column":9}}]},"2":{"loc":{"start":{"line":36,"column":8},"end":{"line":46,"column":9}},"type":"if","locations":[{"start":{"line":36,"column":8},"end":{"line":46,"column":9}}]},"3":{"loc":{"start":{"line":37,"column":12},"end":{"line":45,"column":13}},"type":"if","locations":[{"start":{"line":37,"column":12},"end":{"line":45,"column":13}},{"start":{"line":39,"column":19},"end":{"line":45,"column":13}}]},"4":{"loc":{"start":{"line":47,"column":8},"end":{"line":59,"column":9}},"type":"if","locations":[{"start":{"line":47,"column":8},"end":{"line":59,"column":9}}]},"5":{"loc":{"start":{"line":47,"column":12},"end":{"line":47,"column":49}},"type":"binary-expr","locations":[{"start":{"line":47,"column":12},"end":{"line":47,"column":16}},{"start":{"line":47,"column":21},"end":{"line":47,"column":49}}]},"6":{"loc":{"start":{"line":51,"column":12},"end":{"line":53,"column":13}},"type":"if","locations":[{"start":{"line":51,"column":12},"end":{"line":53,"column":13}}]},"7":{"loc":{"start":{"line":69,"column":55},"end":{"line":69,"column":86}},"type":"binary-expr","locations":[{"start":{"line":69,"column":55},"end":{"line":69,"column":59}},{"start":{"line":69,"column":63},"end":{"line":69,"column":73}},{"start":{"line":69,"column":77},"end":{"line":69,"column":86}}]},"8":{"loc":{"start":{"line":72,"column":12},"end":{"line":76,"column":13}},"type":"if","locations":[{"start":{"line":72,"column":12},"end":{"line":76,"column":13}}]},"9":{"loc":{"start":{"line":78,"column":12},"end":{"line":80,"column":13}},"type":"if","locations":[{"start":{"line":78,"column":12},"end":{"line":80,"column":13}}]},"10":{"loc":{"start":{"line":84,"column":12},"end":{"line":89,"column":13}},"type":"if","locations":[{"start":{"line":84,"column":12},"end":{"line":89,"column":13}}]},"11":{"loc":{"start":{"line":85,"column":16},"end":{"line":88,"column":17}},"type":"if","locations":[{"start":{"line":85,"column":16},"end":{"line":88,"column":17}}]},"12":{"loc":{"start":{"line":87,"column":31},"end":{"line":87,"column":55}},"type":"binary-expr","locations":[{"start":{"line":87,"column":31},"end":{"line":87,"column":43}},{"start":{"line":87,"column":47},"end":{"line":87,"column":55}}]},"13":{"loc":{"start":{"line":92,"column":15},"end":{"line":92,"column":61}},"type":"cond-expr","locations":[{"start":{"line":92,"column":35},"end":{"line":92,"column":49}},{"start":{"line":92,"column":52},"end":{"line":92,"column":61}}]}},"s":{"0":85,"1":85,"2":461,"3":0,"4":461,"5":1585,"6":1585,"7":1330,"8":1330,"9":0,"10":255,"11":255,"12":255,"13":0,"14":255,"15":255,"16":255,"17":461,"18":461,"19":461,"20":461,"21":1330,"22":302,"23":302,"24":1330,"25":1330,"26":1330,"27":1321,"28":1321,"29":1321,"30":1321,"31":869,"32":869,"33":452,"34":1},"f":{"0":85,"1":461,"2":1585,"3":461},"b":{"0":[85,69],"1":[0],"2":[1330],"3":[1330,0],"4":[255],"5":[255,255],"6":[0],"7":[461,461,0],"8":[302],"9":[1330],"10":[1321],"11":[869],"12":[869,0],"13":[452,0]}}
,"/home/sebastian/Desktop/carasent/asma-jsondiffpatch/src/contexts/context.ts": {"path":"/home/sebastian/Desktop/carasent/asma-jsondiffpatch/src/contexts/context.ts","statementMap":{"0":{"start":{"line":18,"column":8},"end":{"line":18,"column":null}},"1":{"start":{"line":19,"column":8},"end":{"line":19,"column":null}},"2":{"start":{"line":20,"column":8},"end":{"line":20,"column":null}},"3":{"start":{"line":24,"column":8},"end":{"line":24,"column":null}},"4":{"start":{"line":25,"column":8},"end":{"line":25,"column":null}},"5":{"start":{"line":29,"column":8},"end":{"line":29,"column":null}},"6":{"start":{"line":30,"column":8},"end":{"line":32,"column":9}},"7":{"start":{"line":31,"column":12},"end":{"line":31,"column":null}},"8":{"start":{"line":33,"column":8},"end":{"line":33,"column":null}},"9":{"start":{"line":34,"column":8},"end":{"line":34,"column":null}},"10":{"start":{"line":35,"column":8},"end":{"line":45,"column":9}},"11":{"start":{"line":36,"column":12},"end":{"line":36,"column":null}},"12":{"start":{"line":37,"column":12},"end":{"line":37,"column":null}},"13":{"start":{"line":38,"column":12},"end":{"line":38,"column":null}},"14":{"start":{"line":40,"column":26},"end":{"line":40,"column":50}},"15":{"start":{"line":41,"column":12},"end":{"line":43,"column":13}},"16":{"start":{"line":42,"column":16},"end":{"line":42,"column":null}},"17":{"start":{"line":44,"column":12},"end":{"line":44,"column":null}},"18":{"start":{"line":46,"column":8},"end":{"line":46,"column":null}},"19":{"start":{"line":47,"column":8},"end":{"line":47,"column":null}},"20":{"start":{"line":3,"column":0},"end":{"line":3,"column":30}}},"fnMap":{"0":{"name":"(anonymous_0)","decl":{"start":{"line":17,"column":4},"end":{"line":17,"column":13}},"loc":{"start":{"line":17,"column":29},"end":{"line":21,"column":5}}},"1":{"name":"(anonymous_1)","decl":{"start":{"line":23,"column":4},"end":{"line":23,"column":8}},"loc":{"start":{"line":23,"column":8},"end":{"line":26,"column":5}}},"2":{"name":"(anonymous_2)","decl":{"start":{"line":28,"column":4},"end":{"line":28,"column":8}},"loc":{"start":{"line":28,"column":44},"end":{"line":48,"column":5}}}},"branchMap":{"0":{"loc":{"start":{"line":30,"column":8},"end":{"line":32,"column":9}},"type":"if","locations":[{"start":{"line":30,"column":8},"end":{"line":32,"column":9}}]},"1":{"loc":{"start":{"line":33,"column":21},"end":{"line":33,"column":38}},"type":"binary-expr","locations":[{"start":{"line":33,"column":21},"end":{"line":33,"column":30}},{"start":{"line":33,"column":34},"end":{"line":33,"column":38}}]},"2":{"loc":{"start":{"line":34,"column":24},"end":{"line":34,"column":53}},"type":"binary-expr","locations":[{"start":{"line":34,"column":24},"end":{"line":34,"column":37}},{"start":{"line":34,"column":41},"end":{"line":34,"column":53}}]},"3":{"loc":{"start":{"line":35,"column":8},"end":{"line":45,"column":9}},"type":"if","locations":[{"start":{"line":35,"column":8},"end":{"line":45,"column":9}},{"start":{"line":39,"column":15},"end":{"line":45,"column":9}}]},"4":{"loc":{"start":{"line":37,"column":37},"end":{"line":37,"column":54}},"type":"binary-expr","locations":[{"start":{"line":37,"column":37},"end":{"line":37,"column":46}},{"start":{"line":37,"column":50},"end":{"line":37,"column":54}}]},"5":{"loc":{"start":{"line":41,"column":12},"end":{"line":43,"column":13}},"type":"if","locations":[{"start":{"line":41,"column":12},"end":{"line":43,"column":13}}]},"6":{"loc":{"start":{"line":41,"column":16},"end":{"line":41,"column":42}},"type":"cond-expr","locations":[{"start":{"line":41,"column":36},"end":{"line":41,"column":38}},{"start":{"line":41,"column":36},"end":{"line":41,"column":42}}]},"7":{"loc":{"start":{"line":41,"column":16},"end":{"line":41,"column":38}},"type":"binary-expr","locations":[{"start":{"line":41,"column":16},"end":{"line":41,"column":38}},{"start":{"line":41,"column":36},"end":{"line":41,"column":38}}]}},"s":{"0":1056,"1":1056,"2":1056,"3":1321,"4":1321,"5":567,"6":567,"7":567,"8":567,"9":567,"10":567,"11":302,"12":302,"13":302,"14":265,"15":265,"16":265,"17":265,"18":567,"19":567,"20":1},"f":{"0":1056,"1":1321,"2":567},"b":{"0":[567],"1":[567,326],"2":[567,567],"3":[302,265],"4":[302,113],"5":[265],"6":[0,265],"7":[265,265]}}
,"/home/sebastian/Desktop/carasent/asma-jsondiffpatch/src/contexts/diff.ts": {"path":"/home/sebastian/Desktop/carasent/asma-jsondiffpatch/src/contexts/diff.ts","statementMap":{"0":{"start":{"line":1,"column":0},"end":{"line":1,"column":38}},"1":{"start":{"line":3,"column":0},"end":{"line":3,"column":34}},"2":{"start":{"line":16,"column":8},"end":{"line":16,"column":null}},"3":{"start":{"line":17,"column":8},"end":{"line":17,"column":null}},"4":{"start":{"line":18,"column":8},"end":{"line":18,"column":null}},"5":{"start":{"line":19,"column":8},"end":{"line":19,"column":null}},"6":{"start":{"line":23,"column":8},"end":{"line":32,"column":9}},"7":{"start":{"line":25,"column":16},"end":{"line":25,"column":114}},"8":{"start":{"line":26,"column":12},"end":{"line":28,"column":13}},"9":{"start":{"line":27,"column":16},"end":{"line":27,"column":null}},"10":{"start":{"line":29,"column":12},"end":{"line":31,"column":13}},"11":{"start":{"line":30,"column":16},"end":{"line":30,"column":null}},"12":{"start":{"line":33,"column":8},"end":{"line":33,"column":null}},"13":{"start":{"line":37,"column":0},"end":{"line":37,"column":null}}},"fnMap":{"0":{"name":"(anonymous_1)","decl":{"start":{"line":15,"column":4},"end":{"line":15,"column":16}},"loc":{"start":{"line":15,"column":45},"end":{"line":20,"column":5}}},"1":{"name":"(anonymous_2)","decl":{"start":{"line":22,"column":4},"end":{"line":22,"column":13}},"loc":{"start":{"line":22,"column":27},"end":{"line":34,"column":5}}}},"branchMap":{"0":{"loc":{"start":{"line":23,"column":8},"end":{"line":32,"column":9}},"type":"if","locations":[{"start":{"line":23,"column":8},"end":{"line":32,"column":9}}]},"1":{"loc":{"start":{"line":23,"column":12},"end":{"line":23,"column":71}},"type":"binary-expr","locations":[{"start":{"line":23,"column":12},"end":{"line":23,"column":41}},{"start":{"line":23,"column":45},"end":{"line":23,"column":71}}]},"2":{"loc":{"start":{"line":25,"column":16},"end":{"line":25,"column":114}},"type":"cond-expr","locations":[{"start":{"line":25,"column":70},"end":{"line":25,"column":99}},{"start":{"line":25,"column":102},"end":{"line":25,"column":114}}]},"3":{"loc":{"start":{"line":26,"column":12},"end":{"line":28,"column":13}},"type":"if","locations":[{"start":{"line":26,"column":12},"end":{"line":28,"column":13}}]},"4":{"loc":{"start":{"line":29,"column":12},"end":{"line":31,"column":13}},"type":"if","locations":[{"start":{"line":29,"column":12},"end":{"line":31,"column":13}}]}},"s":{"0":1,"1":1,"2":524,"3":524,"4":524,"5":524,"6":552,"7":3,"8":3,"9":2,"10":3,"11":0,"12":552,"13":1},"f":{"0":524,"1":552},"b":{"0":[3],"1":[552,3],"2":[0,3],"3":[2],"4":[0]}}
,"/home/sebastian/Desktop/carasent/asma-jsondiffpatch/src/contexts/patch.ts": {"path":"/home/sebastian/Desktop/carasent/asma-jsondiffpatch/src/contexts/patch.ts","statementMap":{"0":{"start":{"line":2,"column":0},"end":{"line":2,"column":34}},"1":{"start":{"line":12,"column":8},"end":{"line":12,"column":null}},"2":{"start":{"line":13,"column":8},"end":{"line":13,"column":null}},"3":{"start":{"line":14,"column":8},"end":{"line":14,"column":null}},"4":{"start":{"line":15,"column":8},"end":{"line":15,"column":null}},"5":{"start":{"line":19,"column":0},"end":{"line":19,"column":null}}},"fnMap":{"0":{"name":"(anonymous_1)","decl":{"start":{"line":11,"column":4},"end":{"line":11,"column":16}},"loc":{"start":{"line":11,"column":43},"end":{"line":16,"column":5}}}},"branchMap":{},"s":{"0":1,"1":234,"2":234,"3":234,"4":234,"5":1},"f":{"0":234},"b":{}}
,"/home/sebastian/Desktop/carasent/asma-jsondiffpatch/src/contexts/reverse.ts": {"path":"/home/sebastian/Desktop/carasent/asma-jsondiffpatch/src/contexts/reverse.ts","statementMap":{"0":{"start":{"line":2,"column":0},"end":{"line":2,"column":34}},"1":{"start":{"line":12,"column":8},"end":{"line":12,"column":null}},"2":{"start":{"line":13,"column":8},"end":{"line":13,"column":null}},"3":{"start":{"line":14,"column":8},"end":{"line":14,"column":null}},"4":{"start":{"line":18,"column":0},"end":{"line":18,"column":null}}},"fnMap":{"0":{"name":"(anonymous_1)","decl":{"start":{"line":11,"column":4},"end":{"line":11,"column":16}},"loc":{"start":{"line":11,"column":28},"end":{"line":15,"column":5}}}},"branchMap":{},"s":{"0":1,"1":270,"2":270,"3":270,"4":1},"f":{"0":270},"b":{}}
,"/home/sebastian/Desktop/carasent/asma-jsondiffpatch/src/filters/arrays.ts": {"path":"/home/sebastian/Desktop/carasent/asma-jsondiffpatch/src/filters/arrays.ts","statementMap":{"0":{"start":{"line":1,"column":0},"end":{"line":1,"column":45}},"1":{"start":{"line":2,"column":0},"end":{"line":2,"column":47}},"2":{"start":{"line":3,"column":0},"end":{"line":3,"column":51}},"3":{"start":{"line":5,"column":0},"end":{"line":5,"column":26}},"4":{"start":{"line":20,"column":19},"end":{"line":20,"column":20}},"5":{"start":{"line":23,"column":4},"end":{"line":31,"column":5}},"6":{"start":{"line":23,"column":22},"end":{"line":23,"column":23}},"7":{"start":{"line":24,"column":21},"end":{"line":24,"column":35}},"8":{"start":{"line":25,"column":8},"end":{"line":30,"column":9}},"9":{"start":{"line":25,"column":26},"end":{"line":25,"column":27}},"10":{"start":{"line":26,"column":25},"end":{"line":26,"column":39}},"11":{"start":{"line":27,"column":12},"end":{"line":29,"column":13}},"12":{"start":{"line":28,"column":16},"end":{"line":28,"column":null}},"13":{"start":{"line":32,"column":4},"end":{"line":32,"column":null}},"14":{"start":{"line":49,"column":19},"end":{"line":49,"column":33}},"15":{"start":{"line":50,"column":19},"end":{"line":50,"column":33}},"16":{"start":{"line":51,"column":4},"end":{"line":53,"column":5}},"17":{"start":{"line":52,"column":8},"end":{"line":52,"column":null}},"18":{"start":{"line":54,"column":4},"end":{"line":56,"column":5}},"19":{"start":{"line":55,"column":8},"end":{"line":55,"column":null}},"20":{"start":{"line":57,"column":23},"end":{"line":57,"column":41}},"21":{"start":{"line":58,"column":4},"end":{"line":61,"column":5}},"22":{"start":{"line":60,"column":8},"end":{"line":60,"column":null}},"23":{"start":{"line":62,"column":4},"end":{"line":62,"column":null}},"24":{"start":{"line":63,"column":16},"end":{"line":63,"column":42}},"25":{"start":{"line":64,"column":4},"end":{"line":66,"column":5}},"26":{"start":{"line":65,"column":8},"end":{"line":65,"column":null}},"27":{"start":{"line":67,"column":4},"end":{"line":69,"column":5}},"28":{"start":{"line":68,"column":8},"end":{"line":68,"column":null}},"29":{"start":{"line":70,"column":4},"end":{"line":70,"column":null}},"30":{"start":{"line":71,"column":16},"end":{"line":71,"column":42}},"31":{"start":{"line":72,"column":4},"end":{"line":74,"column":5}},"32":{"start":{"line":73,"column":8},"end":{"line":73,"column":null}},"33":{"start":{"line":75,"column":4},"end":{"line":77,"column":5}},"34":{"start":{"line":76,"column":8},"end":{"line":76,"column":null}},"35":{"start":{"line":78,"column":4},"end":{"line":78,"column":null}},"36":{"start":{"line":81,"column":47},"end":{"line":228,"column":1}},"37":{"start":{"line":82,"column":4},"end":{"line":84,"column":5}},"38":{"start":{"line":83,"column":8},"end":{"line":83,"column":14}},"39":{"start":{"line":86,"column":39},"end":{"line":89,"column":null}},"40":{"start":{"line":90,"column":21},"end":{"line":90,"column":22}},"41":{"start":{"line":91,"column":21},"end":{"line":91,"column":22}},"42":{"start":{"line":95,"column":19},"end":{"line":95,"column":53}},"43":{"start":{"line":96,"column":19},"end":{"line":96,"column":54}},"44":{"start":{"line":97,"column":17},"end":{"line":97,"column":30}},"45":{"start":{"line":98,"column":17},"end":{"line":98,"column":30}},"46":{"start":{"line":102,"column":4},"end":{"line":104,"column":5}},"47":{"start":{"line":103,"column":8},"end":{"line":103,"column":null}},"48":{"start":{"line":107,"column":4},"end":{"line":112,"column":5}},"49":{"start":{"line":108,"column":8},"end":{"line":108,"column":null}},"50":{"start":{"line":109,"column":8},"end":{"line":109,"column":null}},"51":{"start":{"line":110,"column":8},"end":{"line":110,"column":null}},"52":{"start":{"line":111,"column":8},"end":{"line":111,"column":null}},"53":{"start":{"line":114,"column":4},"end":{"line":124,"column":5}},"54":{"start":{"line":119,"column":8},"end":{"line":119,"column":null}},"55":{"start":{"line":120,"column":8},"end":{"line":120,"column":null}},"56":{"start":{"line":121,"column":8},"end":{"line":121,"column":null}},"57":{"start":{"line":122,"column":8},"end":{"line":122,"column":null}},"58":{"start":{"line":123,"column":8},"end":{"line":123,"column":null}},"59":{"start":{"line":132,"column":4},"end":{"line":147,"column":5}},"60":{"start":{"line":133,"column":8},"end":{"line":137,"column":9}},"61":{"start":{"line":135,"column":12},"end":{"line":135,"column":null}},"62":{"start":{"line":136,"column":12},"end":{"line":136,"column":18}},"63":{"start":{"line":139,"column":8},"end":{"line":141,"column":null}},"64":{"start":{"line":142,"column":8},"end":{"line":144,"column":9}},"65":{"start":{"line":143,"column":12},"end":{"line":143,"column":null}},"66":{"start":{"line":145,"column":8},"end":{"line":145,"column":null}},"67":{"start":{"line":146,"column":8},"end":{"line":146,"column":14}},"68":{"start":{"line":148,"column":4},"end":{"line":158,"column":5}},"69":{"start":{"line":150,"column":8},"end":{"line":152,"column":null}},"70":{"start":{"line":153,"column":8},"end":{"line":155,"column":9}},"71":{"start":{"line":154,"column":12},"end":{"line":154,"column":null}},"72":{"start":{"line":156,"column":8},"end":{"line":156,"column":null}},"73":{"start":{"line":157,"column":8},"end":{"line":157,"column":14}},"74":{"start":{"line":160,"column":4},"end":{"line":160,"column":null}},"75":{"start":{"line":161,"column":4},"end":{"line":161,"column":null}},"76":{"start":{"line":164,"column":21},"end":{"line":164,"column":64}},"77":{"start":{"line":165,"column":21},"end":{"line":165,"column":64}},"78":{"start":{"line":166,"column":16},"end":{"line":166,"column":69}},"79":{"start":{"line":167,"column":25},"end":{"line":167,"column":27}},"80":{"start":{"line":168,"column":4},"end":{"line":170,"column":null}},"81":{"start":{"line":171,"column":4},"end":{"line":177,"column":5}},"82":{"start":{"line":172,"column":8},"end":{"line":176,"column":9}},"83":{"start":{"line":174,"column":12},"end":{"line":174,"column":null}},"84":{"start":{"line":175,"column":12},"end":{"line":175,"column":null}},"85":{"start":{"line":179,"column":21},"end":{"line":179,"column":25}},"86":{"start":{"line":180,"column":4},"end":{"line":182,"column":5}},"87":{"start":{"line":181,"column":8},"end":{"line":181,"column":null}},"88":{"start":{"line":183,"column":29},"end":{"line":183,"column":34}},"89":{"start":{"line":184,"column":4},"end":{"line":186,"column":5}},"90":{"start":{"line":185,"column":8},"end":{"line":185,"column":null}},"91":{"start":{"line":188,"column":31},"end":{"line":188,"column":50}},"92":{"start":{"line":189,"column":4},"end":{"line":225,"column":5}},"93":{"start":{"line":190,"column":30},"end":{"line":190,"column":70}},"94":{"start":{"line":191,"column":8},"end":{"line":224,"column":9}},"95":{"start":{"line":193,"column":25},"end":{"line":193,"column":30}},"96":{"start":{"line":194,"column":12},"end":{"line":213,"column":13}},"97":{"start":{"line":195,"column":16},"end":{"line":212,"column":17}},"98":{"start":{"line":195,"column":44},"end":{"line":195,"column":45}},"99":{"start":{"line":196,"column":20},"end":{"line":196,"column":null}},"100":{"start":{"line":197,"column":20},"end":{"line":211,"column":21}},"101":{"start":{"line":199,"column":24},"end":{"line":199,"column":null}},"102":{"start":{"line":200,"column":24},"end":{"line":203,"column":25}},"103":{"start":{"line":202,"column":28},"end":{"line":202,"column":null}},"104":{"start":{"line":205,"column":24},"end":{"line":205,"column":null}},"105":{"start":{"line":206,"column":24},"end":{"line":206,"column":null}},"106":{"start":{"line":207,"column":24},"end":{"line":207,"column":null}},"107":{"start":{"line":208,"column":24},"end":{"line":208,"column":null}},"108":{"start":{"line":209,"column":24},"end":{"line":209,"column":null}},"109":{"start":{"line":210,"column":24},"end":{"line":210,"column":29}},"110":{"start":{"line":214,"column":12},"end":{"line":217,"column":13}},"111":{"start":{"line":216,"column":16},"end":{"line":216,"column":null}},"112":{"start":{"line":220,"column":12},"end":{"line":220,"column":null}},"113":{"start":{"line":221,"column":12},"end":{"line":221,"column":null}},"114":{"start":{"line":222,"column":12},"end":{"line":222,"column":null}},"115":{"start":{"line":223,"column":12},"end":{"line":223,"column":null}},"116":{"start":{"line":227,"column":4},"end":{"line":227,"column":null}},"117":{"start":{"line":81,"column":13},"end":{"line":81,"column":47}},"118":{"start":{"line":229,"column":0},"end":{"line":229,"column":null}},"119":{"start":{"line":231,"column":16},"end":{"line":238,"column":null}},"120":{"start":{"line":233,"column":8},"end":{"line":233,"column":null}},"121":{"start":{"line":236,"column":8},"end":{"line":236,"column":null}},"122":{"start":{"line":236,"column":32},"end":{"line":236,"column":72}},"123":{"start":{"line":240,"column":49},"end":{"line":328,"column":1}},"124":{"start":{"line":241,"column":4},"end":{"line":243,"column":5}},"125":{"start":{"line":242,"column":8},"end":{"line":242,"column":14}},"126":{"start":{"line":244,"column":24},"end":{"line":244,"column":65}},"127":{"start":{"line":245,"column":4},"end":{"line":247,"column":5}},"128":{"start":{"line":246,"column":8},"end":{"line":246,"column":14}},"129":{"start":{"line":251,"column":18},"end":{"line":251,"column":43}},"130":{"start":{"line":252,"column":18},"end":{"line":252,"column":43}},"131":{"start":{"line":255,"column":29},"end":{"line":255,"column":31}},"132":{"start":{"line":256,"column":56},"end":{"line":256,"column":58}},"133":{"start":{"line":257,"column":56},"end":{"line":257,"column":58}},"134":{"start":{"line":258,"column":4},"end":{"line":287,"column":5}},"135":{"start":{"line":259,"column":8},"end":{"line":286,"column":9}},"136":{"start":{"line":260,"column":12},"end":{"line":285,"column":13}},"137":{"start":{"line":261,"column":44},"end":{"line":261,"column":65}},"138":{"start":{"line":263,"column":16},"end":{"line":269,"column":17}},"139":{"start":{"line":264,"column":20},"end":{"line":264,"column":null}},"140":{"start":{"line":266,"column":20},"end":{"line":268,"column":null}},"141":{"start":{"line":271,"column":36},"end":{"line":271,"column":56}},"142":{"start":{"line":272,"column":16},"end":{"line":284,"column":17}},"143":{"start":{"line":274,"column":20},"end":{"line":277,"column":null}},"144":{"start":{"line":280,"column":20},"end":{"line":283,"column":null}},"145":{"start":{"line":290,"column":4},"end":{"line":290,"column":null}},"146":{"start":{"line":291,"column":4},"end":{"line":302,"column":5}},"147":{"start":{"line":292,"column":8},"end":{"line":292,"column":null}},"148":{"start":{"line":293,"column":26},"end":{"line":293,"column":45}},"149":{"start":{"line":294,"column":29},"end":{"line":294,"column":55}},"150":{"start":{"line":295,"column":8},"end":{"line":301,"column":9}},"151":{"start":{"line":297,"column":12},"end":{"line":300,"column":null}},"152":{"start":{"line":305,"column":4},"end":{"line":305,"column":null}},"153":{"start":{"line":306,"column":27},"end":{"line":306,"column":42}},"154":{"start":{"line":307,"column":4},"end":{"line":310,"column":5}},"155":{"start":{"line":308,"column":26},"end":{"line":308,"column":41}},"156":{"start":{"line":309,"column":8},"end":{"line":309,"column":null}},"157":{"start":{"line":313,"column":27},"end":{"line":313,"column":42}},"158":{"start":{"line":315,"column":4},"end":{"line":321,"column":5}},"159":{"start":{"line":316,"column":8},"end":{"line":320,"column":9}},"160":{"start":{"line":317,"column":33},"end":{"line":317,"column":48}},"161":{"start":{"line":318,"column":12},"end":{"line":318,"column":null}},"162":{"start":{"line":319,"column":12},"end":{"line":319,"column":null}},"163":{"start":{"line":323,"column":4},"end":{"line":326,"column":5}},"164":{"start":{"line":324,"column":8},"end":{"line":324,"column":null}},"165":{"start":{"line":325,"column":8},"end":{"line":325,"column":14}},"166":{"start":{"line":327,"column":4},"end":{"line":327,"column":null}},"167":{"start":{"line":240,"column":13},"end":{"line":240,"column":49}},"168":{"start":{"line":329,"column":0},"end":{"line":329,"column":null}},"169":{"start":{"line":331,"column":64},"end":{"line":348,"column":1}},"170":{"start":{"line":332,"column":4},"end":{"line":334,"column":5}},"171":{"start":{"line":333,"column":8},"end":{"line":333,"column":14}},"172":{"start":{"line":335,"column":30},"end":{"line":335,"column":71}},"173":{"start":{"line":336,"column":4},"end":{"line":338,"column":5}},"174":{"start":{"line":337,"column":8},"end":{"line":337,"column":14}},"175":{"start":{"line":339,"column":18},"end":{"line":339,"column":43}},"176":{"start":{"line":340,"column":19},"end":{"line":340,"column":42}},"177":{"start":{"line":342,"column":4},"end":{"line":346,"column":5}},"178":{"start":{"line":342,"column":21},"end":{"line":342,"column":22}},"179":{"start":{"line":343,"column":8},"end":{"line":343,"column":null}},"180":{"start":{"line":344,"column":27},"end":{"line":344,"column":52}},"181":{"start":{"line":345,"column":8},"end":{"line":345,"column":null}},"182":{"start":{"line":347,"column":4},"end":{"line":347,"column":null}},"183":{"start":{"line":331,"column":13},"end":{"line":331,"column":64}},"184":{"start":{"line":349,"column":0},"end":{"line":349,"column":null}},"185":{"start":{"line":351,"column":53},"end":{"line":382,"column":1}},"186":{"start":{"line":352,"column":4},"end":{"line":366,"column":5}},"187":{"start":{"line":353,"column":31},"end":{"line":353,"column":118}},"188":{"start":{"line":354,"column":8},"end":{"line":364,"column":9}},"189":{"start":{"line":355,"column":35},"end":{"line":355,"column":63}},"190":{"start":{"line":356,"column":12},"end":{"line":356,"column":null}},"191":{"start":{"line":357,"column":12},"end":{"line":363,"column":null}},"192":{"start":{"line":365,"column":8},"end":{"line":365,"column":14}},"193":{"start":{"line":367,"column":24},"end":{"line":367,"column":65}},"194":{"start":{"line":368,"column":4},"end":{"line":370,"column":5}},"195":{"start":{"line":369,"column":8},"end":{"line":369,"column":14}},"196":{"start":{"line":371,"column":23},"end":{"line":371,"column":48}},"197":{"start":{"line":374,"column":4},"end":{"line":380,"column":5}},"198":{"start":{"line":375,"column":8},"end":{"line":377,"column":9}},"199":{"start":{"line":376,"column":12},"end":{"line":376,"column":20}},"200":{"start":{"line":378,"column":8},"end":{"line":378,"column":null}},"201":{"start":{"line":379,"column":8},"end":{"line":379,"column":null}},"202":{"start":{"line":381,"column":4},"end":{"line":381,"column":null}},"203":{"start":{"line":351,"column":13},"end":{"line":351,"column":53}},"204":{"start":{"line":383,"column":0},"end":{"line":383,"column":null}},"205":{"start":{"line":385,"column":31},"end":{"line":422,"column":1}},"206":{"start":{"line":387,"column":4},"end":{"line":387,"column":null}},"207":{"start":{"line":387,"column":16},"end":{"line":387,"column":null}},"208":{"start":{"line":388,"column":4},"end":{"line":390,"column":5}},"209":{"start":{"line":389,"column":8},"end":{"line":389,"column":null}},"210":{"start":{"line":391,"column":4},"end":{"line":393,"column":5}},"211":{"start":{"line":392,"column":8},"end":{"line":392,"column":null}},"212":{"start":{"line":395,"column":23},"end":{"line":395,"column":29}},"213":{"start":{"line":396,"column":4},"end":{"line":419,"column":5}},"214":{"start":{"line":397,"column":26},"end":{"line":397,"column":73}},"215":{"start":{"line":398,"column":8},"end":{"line":418,"column":9}},"216":{"start":{"line":399,"column":12},"end":{"line":417,"column":13}},"217":{"start":{"line":400,"column":38},"end":{"line":400,"column":82}},"218":{"start":{"line":401,"column":37},"end":{"line":401,"column":64}},"219":{"start":{"line":402,"column":16},"end":{"line":404,"column":17}},"220":{"start":{"line":403,"column":20},"end":{"line":403,"column":null}},"221":{"start":{"line":405,"column":16},"end":{"line":409,"column":17}},"222":{"start":{"line":406,"column":20},"end":{"line":406,"column":null}},"223":{"start":{"line":407,"column":23},"end":{"line":409,"column":17}},"224":{"start":{"line":408,"column":20},"end":{"line":408,"column":null}},"225":{"start":{"line":410,"column":19},"end":{"line":417,"column":13}},"226":{"start":{"line":411,"column":36},"end":{"line":411,"column":80}},"227":{"start":{"line":412,"column":16},"end":{"line":414,"column":17}},"228":{"start":{"line":413,"column":20},"end":{"line":413,"column":null}},"229":{"start":{"line":415,"column":19},"end":{"line":417,"column":13}},"230":{"start":{"line":416,"column":16},"end":{"line":416,"column":null}},"231":{"start":{"line":421,"column":4},"end":{"line":421,"column":null}},"232":{"start":{"line":424,"column":68},"end":{"line":451,"column":1}},"233":{"start":{"line":425,"column":4},"end":{"line":427,"column":5}},"234":{"start":{"line":426,"column":8},"end":{"line":426,"column":14}},"235":{"start":{"line":428,"column":30},"end":{"line":428,"column":71}},"236":{"start":{"line":429,"column":4},"end":{"line":431,"column":5}},"237":{"start":{"line":430,"column":8},"end":{"line":430,"column":14}},"238":{"start":{"line":432,"column":23},"end":{"line":432,"column":54}},"239":{"start":{"line":433,"column":19},"end":{"line":433,"column":42}},"240":{"start":{"line":435,"column":30},"end":{"line":437,"column":null}},"241":{"start":{"line":439,"column":4},"end":{"line":449,"column":5}},"242":{"start":{"line":439,"column":21},"end":{"line":439,"column":22}},"243":{"start":{"line":440,"column":8},"end":{"line":440,"column":null}},"244":{"start":{"line":441,"column":54},"end":{"line":441,"column":67}},"245":{"start":{"line":442,"column":8},"end":{"line":444,"column":9}},"246":{"start":{"line":443,"column":12},"end":{"line":443,"column":null}},"247":{"start":{"line":445,"column":8},"end":{"line":448,"column":9}},"248":{"start":{"line":447,"column":12},"end":{"line":447,"column":null}},"249":{"start":{"line":450,"column":4},"end":{"line":450,"column":null}},"250":{"start":{"line":424,"column":13},"end":{"line":424,"column":68}},"251":{"start":{"line":452,"column":0},"end":{"line":452,"column":null}}},"fnMap":{"0":{"name":"arraysHaveMatchByRef","decl":{"start":{"line":22,"column":9},"end":{"line":22,"column":29}},"loc":{"start":{"line":22,"column":112},"end":{"line":33,"column":1}}},"1":{"name":"matchItems","decl":{"start":{"line":42,"column":9},"end":{"line":42,"column":19}},"loc":{"start":{"line":47,"column":25},"end":{"line":79,"column":1}}},"2":{"name":"arraysDiffFilter","decl":{"start":{"line":81,"column":56},"end":{"line":81,"column":72}},"loc":{"start":{"line":81,"column":80},"end":{"line":228,"column":1}}},"3":{"name":"(anonymous_4)","decl":{"start":{"line":232,"column":4},"end":{"line":232,"column":15}},"loc":{"start":{"line":232,"column":48},"end":{"line":234,"column":5}}},"4":{"name":"(anonymous_5)","decl":{"start":{"line":235,"column":4},"end":{"line":235,"column":17}},"loc":{"start":{"line":235,"column":87},"end":{"line":237,"column":5}}},"5":{"name":"(anonymous_6)","decl":{"start":{"line":236,"column":15},"end":{"line":236,"column":16}},"loc":{"start":{"line":236,"column":32},"end":{"line":236,"column":72}}},"6":{"name":"nestedPatchFilter","decl":{"start":{"line":240,"column":58},"end":{"line":240,"column":75}},"loc":{"start":{"line":240,"column":83},"end":{"line":328,"column":1}}},"7":{"name":"collectChildrenPatchFilter","decl":{"start":{"line":331,"column":73},"end":{"line":331,"column":99}},"loc":{"start":{"line":331,"column":107},"end":{"line":348,"column":1}}},"8":{"name":"arraysReverseFilter","decl":{"start":{"line":351,"column":62},"end":{"line":351,"column":81}},"loc":{"start":{"line":351,"column":89},"end":{"line":382,"column":1}}},"9":{"name":"(anonymous_10)","decl":{"start":{"line":385,"column":31},"end":{"line":385,"column":32}},"loc":{"start":{"line":385,"column":107},"end":{"line":422,"column":1}}},"10":{"name":"(anonymous_11)","decl":{"start":{"line":424,"column":68},"end":{"line":424,"column":69}},"loc":{"start":{"line":424,"column":80},"end":{"line":451,"column":1}}}},"branchMap":{"0":{"loc":{"start":{"line":27,"column":12},"end":{"line":29,"column":13}},"type":"if","locations":[{"start":{"line":27,"column":12},"end":{"line":29,"column":13}}]},"1":{"loc":{"start":{"line":27,"column":16},"end":{"line":27,"column":50}},"type":"binary-expr","locations":[{"start":{"line":27,"column":16},"end":{"line":27,"column":33}},{"start":{"line":27,"column":37},"end":{"line":27,"column":50}}]},"2":{"loc":{"start":{"line":51,"column":4},"end":{"line":53,"column":5}},"type":"if","locations":[{"start":{"line":51,"column":4},"end":{"line":53,"column":5}}]},"3":{"loc":{"start":{"line":54,"column":4},"end":{"line":56,"column":5}},"type":"if","locations":[{"start":{"line":54,"column":4},"end":{"line":56,"column":5}}]},"4":{"loc":{"start":{"line":54,"column":8},"end":{"line":54,"column":64}},"type":"binary-expr","locations":[{"start":{"line":54,"column":8},"end":{"line":54,"column":34}},{"start":{"line":54,"column":38},"end":{"line":54,"column":64}}]},"5":{"loc":{"start":{"line":58,"column":4},"end":{"line":61,"column":5}},"type":"if","locations":[{"start":{"line":58,"column":4},"end":{"line":61,"column":5}}]},"6":{"loc":{"start":{"line":60,"column":15},"end":{"line":60,"column":59}},"type":"binary-expr","locations":[{"start":{"line":60,"column":15},"end":{"line":60,"column":38}},{"start":{"line":60,"column":42},"end":{"line":60,"column":59}}]},"7":{"loc":{"start":{"line":62,"column":25},"end":{"line":62,"column":49}},"type":"binary-expr","locations":[{"start":{"line":62,"column":25},"end":{"line":62,"column":43}},{"start":{"line":62,"column":47},"end":{"line":62,"column":49}}]},"8":{"loc":{"start":{"line":64,"column":4},"end":{"line":66,"column":5}},"type":"if","locations":[{"start":{"line":64,"column":4},"end":{"line":66,"column":5}}]},"9":{"loc":{"start":{"line":67,"column":4},"end":{"line":69,"column":5}},"type":"if","locations":[{"start":{"line":67,"column":4},"end":{"line":69,"column":5}}]},"10":{"loc":{"start":{"line":70,"column":25},"end":{"line":70,"column":49}},"type":"binary-expr","locations":[{"start":{"line":70,"column":25},"end":{"line":70,"column":43}},{"start":{"line":70,"column":47},"end":{"line":70,"column":49}}]},"11":{"loc":{"start":{"line":72,"column":4},"end":{"line":74,"column":5}},"type":"if","locations":[{"start":{"line":72,"column":4},"end":{"line":74,"column":5}}]},"12":{"loc":{"start":{"line":75,"column":4},"end":{"line":77,"column":5}},"type":"if","locations":[{"start":{"line":75,"column":4},"end":{"line":77,"column":5}}]},"13":{"loc":{"start":{"line":82,"column":4},"end":{"line":84,"column":5}},"type":"if","locations":[{"start":{"line":82,"column":4},"end":{"line":84,"column":5}}]},"14":{"loc":{"start":{"line":87,"column":20},"end":{"line":87,"column":47}},"type":"cond-expr","locations":[{"start":{"line":87,"column":35},"end":{"line":87,"column":37}},{"start":{"line":87,"column":35},"end":{"line":87,"column":47}}]},"15":{"loc":{"start":{"line":87,"column":20},"end":{"line":87,"column":37}},"type":"binary-expr","locations":[{"start":{"line":87,"column":20},"end":{"line":87,"column":37}},{"start":{"line":87,"column":35},"end":{"line":87,"column":37}}]},"16":{"loc":{"start":{"line":88,"column":25},"end":{"line":88,"column":57}},"type":"cond-expr","locations":[{"start":{"line":88,"column":40},"end":{"line":88,"column":42}},{"start":{"line":88,"column":40},"end":{"line":88,"column":57}}]},"17":{"loc":{"start":{"line":88,"column":25},"end":{"line":88,"column":42}},"type":"binary-expr","locations":[{"start":{"line":88,"column":25},"end":{"line":88,"column":42}},{"start":{"line":88,"column":40},"end":{"line":88,"column":42}}]},"18":{"loc":{"start":{"line":102,"column":4},"end":{"line":104,"column":5}},"type":"if","locations":[{"start":{"line":102,"column":4},"end":{"line":104,"column":5}}]},"19":{"loc":{"start":{"line":102,"column":8},"end":{"line":102,"column":109}},"type":"binary-expr","locations":[{"start":{"line":102,"column":8},"end":{"line":102,"column":16}},{"start":{"line":102,"column":20},"end":{"line":102,"column":28}},{"start":{"line":102,"column":32},"end":{"line":102,"column":56}},{"start":{"line":102,"column":60},"end":{"line":102,"column":109}}]},"20":{"loc":{"start":{"line":107,"column":11},"end":{"line":107,"column":117}},"type":"binary-expr","locations":[{"start":{"line":107,"column":11},"end":{"line":107,"column":28}},{"start":{"line":107,"column":32},"end":{"line":107,"column":49}},{"start":{"line":107,"column":53},"end":{"line":107,"column":117}}]},"21":{"loc":{"start":{"line":115,"column":8},"end":{"line":117,"column":94}},"type":"binary-expr","locations":[{"start":{"line":115,"column":8},"end":{"line":115,"column":38}},{"start":{"line":116,"column":8},"end":{"line":116,"column":38}},{"start":{"line":117,"column":8},"end":{"line":117,"column":94}}]},"22":{"loc":{"start":{"line":132,"column":4},"end":{"line":147,"column":5}},"type":"if","locations":[{"start":{"line":132,"column":4},"end":{"line":147,"column":5}}]},"23":{"loc":{"start":{"line":133,"column":8},"end":{"line":137,"column":9}},"type":"if","locations":[{"start":{"line":133,"column":8},"end":{"line":137,"column":9}}]},"24":{"loc":{"start":{"line":139,"column":17},"end":{"line":141,"column":null}},"type":"binary-expr","locations":[{"start":{"line":139,"column":17},"end":{"line":139,"column":23}},{"start":{"line":139,"column":27},"end":{"line":141,"column":null}}]},"25":{"loc":{"start":{"line":148,"column":4},"end":{"line":158,"column":5}},"type":"if","locations":[{"start":{"line":148,"column":4},"end":{"line":158,"column":5}}]},"26":{"loc":{"start":{"line":150,"column":17},"end":{"line":152,"column":null}},"type":"binary-expr","locations":[{"start":{"line":150,"column":17},"end":{"line":150,"column":23}},{"start":{"line":150,"column":27},"end":{"line":152,"column":null}}]},"27":{"loc":{"start":{"line":168,"column":13},"end":{"line":170,"column":null}},"type":"binary-expr","locations":[{"start":{"line":168,"column":13},"end":{"line":168,"column":19}},{"start":{"line":168,"column":23},"end":{"line":170,"column":null}}]},"28":{"loc":{"start":{"line":172,"column":8},"end":{"line":176,"column":9}},"type":"if","locations":[{"start":{"line":172,"column":8},"end":{"line":176,"column":9}}]},"29":{"loc":{"start":{"line":180,"column":4},"end":{"line":182,"column":5}},"type":"if","locations":[{"start":{"line":180,"column":4},"end":{"line":182,"column":5}}]},"30":{"loc":{"start":{"line":180,"column":8},"end":{"line":180,"column":78}},"type":"binary-expr","locations":[{"start":{"line":180,"column":8},"end":{"line":180,"column":31}},{"start":{"line":180,"column":35},"end":{"line":180,"column":78}}]},"31":{"loc":{"start":{"line":180,"column":8},"end":{"line":180,"column":31}},"type":"cond-expr","locations":[{"start":{"line":180,"column":23},"end":{"line":180,"column":25}},{"start":{"line":180,"column":23},"end":{"line":180,"column":31}}]},"32":{"loc":{"start":{"line":180,"column":8},"end":{"line":180,"column":25}},"type":"binary-expr","locations":[{"start":{"line":180,"column":8},"end":{"line":180,"column":25}},{"start":{"line":180,"column":23},"end":{"line":180,"column":25}}]},"33":{"loc":{"start":{"line":184,"column":4},"end":{"line":186,"column":5}},"type":"if","locations":[{"start":{"line":184,"column":4},"end":{"line":186,"column":5}}]},"34":{"loc":{"start":{"line":184,"column":8},"end":{"line":184,"column":51}},"type":"cond-expr","locations":[{"start":{"line":184,"column":31},"end":{"line":184,"column":33}},{"start":{"line":184,"column":31},"end":{"line":184,"column":51}}]},"35":{"loc":{"start":{"line":184,"column":8},"end":{"line":184,"column":33}},"type":"binary-expr","locations":[{"start":{"line":184,"column":8},"end":{"line":184,"column":33}},{"start":{"line":184,"column":31},"end":{"line":184,"column":33}}]},"36":{"loc":{"start":{"line":184,"column":8},"end":{"line":184,"column":31}},"type":"cond-expr","locations":[{"start":{"line":184,"column":23},"end":{"line":184,"column":25}},{"start":{"line":184,"column":23},"end":{"line":184,"column":31}}]},"37":{"loc":{"start":{"line":184,"column":8},"end":{"line":184,"column":25}},"type":"binary-expr","locations":[{"start":{"line":184,"column":8},"end":{"line":184,"column":25}},{"start":{"line":184,"column":23},"end":{"line":184,"column":25}}]},"38":{"loc":{"start":{"line":191,"column":8},"end":{"line":224,"column":9}},"type":"if","locations":[{"start":{"line":191,"column":8},"end":{"line":224,"column":9}},{"start":{"line":218,"column":15},"end":{"line":224,"column":9}}]},"39":{"loc":{"start":{"line":194,"column":12},"end":{"line":213,"column":13}},"type":"if","locations":[{"start":{"line":194,"column":12},"end":{"line":213,"column":13}}]},"40":{"loc":{"start":{"line":194,"column":16},"end":{"line":194,"column":52}},"type":"binary-expr","locations":[{"start":{"line":194,"column":16},"end":{"line":194,"column":26}},{"start":{"line":194,"column":30},"end":{"line":194,"column":52}}]},"41":{"loc":{"start":{"line":197,"column":20},"end":{"line":211,"column":21}},"type":"if","locations":[{"start":{"line":197,"column":20},"end":{"line":211,"column":21}}]},"42":{"loc":{"start":{"line":199,"column":24},"end":{"line":199,"column":77}},"type":"cond-expr","locations":[{"start":{"line":199,"column":44},"end":{"line":199,"column":46}},{"start":{"line":199,"column":44},"end":{"line":199,"column":77}}]},"43":{"loc":{"start":{"line":199,"column":24},"end":{"line":199,"column":46}},"type":"binary-expr","locations":[{"start":{"line":199,"column":24},"end":{"line":199,"column":46}},{"start":{"line":199,"column":44},"end":{"line":199,"column":46}}]},"44":{"loc":{"start":{"line":200,"column":24},"end":{"line":203,"column":25}},"type":"if","locations":[{"start":{"line":200,"column":24},"end":{"line":203,"column":25}}]},"45":{"loc":{"start":{"line":214,"column":12},"end":{"line":217,"column":13}},"type":"if","locations":[{"start":{"line":214,"column":12},"end":{"line":217,"column":13}}]},"46":{"loc":{"start":{"line":241,"column":4},"end":{"line":243,"column":5}},"type":"if","locations":[{"start":{"line":241,"column":4},"end":{"line":243,"column":5}}]},"47":{"loc":{"start":{"line":245,"column":4},"end":{"line":247,"column":5}},"type":"if","locations":[{"start":{"line":245,"column":4},"end":{"line":247,"column":5}}]},"48":{"loc":{"start":{"line":259,"column":8},"end":{"line":286,"column":9}},"type":"if","locations":[{"start":{"line":259,"column":8},"end":{"line":286,"column":9}}]},"49":{"loc":{"start":{"line":260,"column":12},"end":{"line":285,"column":13}},"type":"if","locations":[{"start":{"line":260,"column":12},"end":{"line":285,"column":13}},{"start":{"line":270,"column":19},"end":{"line":285,"column":13}}]},"50":{"loc":{"start":{"line":260,"column":16},"end":{"line":260,"column":61}},"type":"binary-expr","locations":[{"start":{"line":260,"column":16},"end":{"line":260,"column":41}},{"start":{"line":260,"column":45},"end":{"line":260,"column":61}}]},"51":{"loc":{"start":{"line":263,"column":16},"end":{"line":269,"column":17}},"type":"if","locations":[{"start":{"line":263,"column":16},"end":{"line":269,"column":17}},{"start":{"line":265,"column":23},"end":{"line":269,"column":17}}]},"52":{"loc":{"start":{"line":263,"column":20},"end":{"line":263,"column":103}},"type":"binary-expr","locations":[{"start":{"line":263,"column":20},"end":{"line":263,"column":55}},{"start":{"line":263,"column":59},"end":{"line":263,"column":103}}]},"53":{"loc":{"start":{"line":272,"column":16},"end":{"line":284,"column":17}},"type":"if","locations":[{"start":{"line":272,"column":16},"end":{"line":284,"column":17}},{"start":{"line":278,"column":23},"end":{"line":284,"column":17}}]},"54":{"loc":{"start":{"line":295,"column":8},"end":{"line":301,"column":9}},"type":"if","locations":[{"start":{"line":295,"column":8},"end":{"line":301,"column":9}}]},"55":{"loc":{"start":{"line":315,"column":4},"end":{"line":321,"column":5}},"type":"if","locations":[{"start":{"line":315,"column":4},"end":{"line":321,"column":5}}]},"56":{"loc":{"start":{"line":323,"column":4},"end":{"line":326,"column":5}},"type":"if","locations":[{"start":{"line":323,"column":4},"end":{"line":326,"column":5}}]},"57":{"loc":{"start":{"line":332,"column":4},"end":{"line":334,"column":5}},"type":"if","locations":[{"start":{"line":332,"column":4},"end":{"line":334,"column":5}}]},"58":{"loc":{"start":{"line":332,"column":8},"end":{"line":332,"column":37}},"type":"binary-expr","locations":[{"start":{"line":332,"column":8},"end":{"line":332,"column":16}},{"start":{"line":332,"column":20},"end":{"line":332,"column":37}}]},"59":{"loc":{"start":{"line":336,"column":4},"end":{"line":338,"column":5}},"type":"if","locations":[{"start":{"line":336,"column":4},"end":{"line":338,"column":5}}]},"60":{"loc":{"start":{"line":352,"column":4},"end":{"line":366,"column":5}},"type":"if","locations":[{"start":{"line":352,"column":4},"end":{"line":366,"column":5}}]},"61":{"loc":{"start":{"line":354,"column":8},"end":{"line":364,"column":9}},"type":"if","locations":[{"start":{"line":354,"column":8},"end":{"line":364,"column":9}}]},"62":{"loc":{"start":{"line":368,"column":4},"end":{"line":370,"column":5}},"type":"if","locations":[{"start":{"line":368,"column":4},"end":{"line":370,"column":5}}]},"63":{"loc":{"start":{"line":375,"column":8},"end":{"line":377,"column":9}},"type":"if","locations":[{"start":{"line":375,"column":8},"end":{"line":377,"column":9}}]},"64":{"loc":{"start":{"line":387,"column":4},"end":{"line":387,"column":null}},"type":"if","locations":[{"start":{"line":387,"column":4},"end":{"line":387,"column":null}}]},"65":{"loc":{"start":{"line":388,"column":4},"end":{"line":390,"column":5}},"type":"if","locations":[{"start":{"line":388,"column":4},"end":{"line":390,"column":5}}]},"66":{"loc":{"start":{"line":388,"column":8},"end":{"line":388,"column":53}},"type":"binary-expr","locations":[{"start":{"line":388,"column":8},"end":{"line":388,"column":33}},{"start":{"line":388,"column":37},"end":{"line":388,"column":53}}]},"67":{"loc":{"start":{"line":391,"column":4},"end":{"line":393,"column":5}},"type":"if","locations":[{"start":{"line":391,"column":4},"end":{"line":393,"column":5}}]},"68":{"loc":{"start":{"line":391,"column":8},"end":{"line":391,"column":54}},"type":"binary-expr","locations":[{"start":{"line":391,"column":8},"end":{"line":391,"column":32}},{"start":{"line":391,"column":36},"end":{"line":391,"column":54}}]},"69":{"loc":{"start":{"line":398,"column":8},"end":{"line":418,"column":9}},"type":"if","locations":[{"start":{"line":398,"column":8},"end":{"line":418,"column":9}}]},"70":{"loc":{"start":{"line":399,"column":12},"end":{"line":417,"column":13}},"type":"if","locations":[{"start":{"line":399,"column":12},"end":{"line":417,"column":13}},{"start":{"line":410,"column":19},"end":{"line":417,"column":13}}]},"71":{"loc":{"start":{"line":402,"column":16},"end":{"line":404,"column":17}},"type":"if","locations":[{"start":{"line":402,"column":16},"end":{"line":404,"column":17}}]},"72":{"loc":{"start":{"line":405,"column":16},"end":{"line":409,"column":17}},"type":"if","locations":[{"start":{"line":405,"column":16},"end":{"line":409,"column":17}},{"start":{"line":407,"column":23},"end":{"line":409,"column":17}}]},"73":{"loc":{"start":{"line":405,"column":20},"end":{"line":405,"column":79}},"type":"binary-expr","locations":[{"start":{"line":405,"column":20},"end":{"line":405,"column":49}},{"start":{"line":405,"column":53},"end":{"line":405,"column":79}}]},"74":{"loc":{"start":{"line":407,"column":23},"end":{"line":409,"column":17}},"type":"if","locations":[{"start":{"line":407,"column":23},"end":{"line":409,"column":17}}]},"75":{"loc":{"start":{"line":407,"column":27},"end":{"line":407,"column":86}},"type":"binary-expr","locations":[{"start":{"line":407,"column":27},"end":{"line":407,"column":56}},{"start":{"line":407,"column":60},"end":{"line":407,"column":86}}]},"76":{"loc":{"start":{"line":410,"column":19},"end":{"line":417,"column":13}},"type":"if","locations":[{"start":{"line":410,"column":19},"end":{"line":417,"column":13}},{"start":{"line":415,"column":19},"end":{"line":417,"column":13}}]},"77":{"loc":{"start":{"line":412,"column":16},"end":{"line":414,"column":17}},"type":"if","locations":[{"start":{"line":412,"column":16},"end":{"line":414,"column":17}}]},"78":{"loc":{"start":{"line":415,"column":19},"end":{"line":417,"column":13}},"type":"if","locations":[{"start":{"line":415,"column":19},"end":{"line":417,"column":13}}]},"79":{"loc":{"start":{"line":415,"column":23},"end":{"line":415,"column":96}},"type":"binary-expr","locations":[{"start":{"line":415,"column":23},"end":{"line":415,"column":45}},{"start":{"line":415,"column":49},"end":{"line":415,"column":96}}]},"80":{"loc":{"start":{"line":425,"column":4},"end":{"line":427,"column":5}},"type":"if","locations":[{"start":{"line":425,"column":4},"end":{"line":427,"column":5}}]},"81":{"loc":{"start":{"line":425,"column":8},"end":{"line":425,"column":37}},"type":"binary-expr","locations":[{"start":{"line":425,"column":8},"end":{"line":425,"column":16}},{"start":{"line":425,"column":20},"end":{"line":425,"column":37}}]},"82":{"loc":{"start":{"line":429,"column":4},"end":{"line":431,"column":5}},"type":"if","locations":[{"start":{"line":429,"column":4},"end":{"line":431,"column":5}}]},"83":{"loc":{"start":{"line":442,"column":8},"end":{"line":444,"column":9}},"type":"if","locations":[{"start":{"line":442,"column":8},"end":{"line":444,"column":9}}]},"84":{"loc":{"start":{"line":445,"column":8},"end":{"line":448,"column":9}},"type":"if","locations":[{"start":{"line":445,"column":8},"end":{"line":448,"column":9}}]}},"s":{"0":1,"1":1,"2":1,"3":1,"4":1,"5":15,"6":15,"7":50,"8":50,"9":50,"10":328,"11":328,"12":9,"13":6,"14":861,"15":861,"16":861,"17":187,"18":674,"19":365,"20":309,"21":309,"22":0,"23":309,"24":309,"25":309,"26":90,"27":309,"28":0,"29":309,"30":309,"31":309,"32":88,"33":309,"34":0,"35":309,"36":1,"37":38,"38":0,"39":38,"40":38,"41":38,"42":38,"43":38,"44":38,"45":38,"46":38,"47":15,"48":38,"49":68,"50":68,"51":68,"52":68,"53":38,"54":27,"55":27,"56":27,"57":27,"58":27,"59":38,"60":7,"61":5,"62":5,"63":2,"64":2,"65":4,"66":2,"67":2,"68":31,"69":5,"70":5,"71":8,"72":5,"73":5,"74":26,"75":26,"76":26,"77":26,"78":26,"79":26,"80":26,"81":26,"82":107,"83":41,"84":41,"85":26,"86":26,"87":0,"88":26,"89":26,"90":0,"91":26,"92":26,"93":107,"94":107,"95":41,"96":41,"97":41,"98":41,"99":67,"100":67,"101":26,"102":26,"103":26,"104":26,"105":26,"106":26,"107":26,"108":26,"109":26,"110":41,"111":15,"112":66,"113":66,"114":66,"115":66,"116":26,"117":1,"118":1,"119":1,"120":18,"121":26,"122":18,"123":1,"124":26,"125":0,"126":26,"127":26,"128":0,"129":26,"130":26,"131":26,"132":26,"133":26,"134":26,"135":100,"136":74,"137":41,"138":41,"139":41,"140":0,"141":33,"142":33,"143":17,"144":16,"145":26,"146":26,"147":41,"148":41,"149":41,"150":41,"151":24,"152":26,"153":26,"154":26,"155":41,"156":41,"157":26,"158":26,"159":16,"160":16,"161":16,"162":16,"163":26,"164":10,"165":10,"166":16,"167":1,"168":1,"169":1,"170":250,"171":234,"172":16,"173":16,"174":0,"175":16,"176":16,"177":16,"178":16,"179":16,"180":16,"181":16,"182":16,"183":1,"184":1,"185":1,"186":40,"187":18,"188":18,"189":18,"190":18,"191":18,"192":18,"193":22,"194":22,"195":0,"196":22,"197":22,"198":88,"199":22,"200":66,"201":66,"202":22,"203":1,"204":1,"205":1,"206":48,"2
[...]
column":null}},"64":{"start":{"line":184,"column":12},"end":{"line":184,"column":null}},"65":{"start":{"line":187,"column":12},"end":{"line":187,"column":null}},"66":{"start":{"line":188,"column":12},"end":{"line":188,"column":null}},"67":{"start":{"line":174,"column":13},"end":{"line":174,"column":28}},"68":{"start":{"line":191,"column":17},"end":{"line":191,"column":46}},"69":{"start":{"line":191,"column":33},"end":{"line":191,"column":46}},"70":{"start":{"line":192,"column":19},"end":{"line":192,"column":50}},"71":{"start":{"line":192,"column":35},"end":{"line":192,"column":50}},"72":{"start":{"line":194,"column":19},"end":{"line":198,"column":1}},"73":{"start":{"line":195,"column":43},"end":{"line":195,"column":85}},"74":{"start":{"line":196,"column":29},"end":{"line":196,"column":61}},"75":{"start":{"line":197,"column":4},"end":{"line":197,"column":null}},"76":{"start":{"line":202,"column":22},"end":{"line":207,"column":1}},"77":{"start":{"line":203,"column":4},"end":{"line":205,"column":5}},"78":{"start":{"line":204,"column":8},"end":{"line":204,"column":null}},"79":{"start":{"line":206,"column":4},"end":{"line":206,"column":null}},"80":{"start":{"line":202,"column":13},"end":{"line":202,"column":22}},"81":{"start":{"line":209,"column":19},"end":{"line":211,"column":1}},"82":{"start":{"line":210,"column":4},"end":{"line":210,"column":null}},"83":{"start":{"line":209,"column":13},"end":{"line":209,"column":19}}},"fnMap":{"0":{"name":"(anonymous_1)","decl":{"start":{"line":47,"column":4},"end":{"line":47,"column":null}},"loc":{"start":{"line":47,"column":4},"end":{"line":50,"column":5}}},"1":{"name":"(anonymous_2)","decl":{"start":{"line":52,"column":4},"end":{"line":52,"column":18}},"loc":{"start":{"line":52,"column":57},"end":{"line":88,"column":5}}},"2":{"name":"(anonymous_3)","decl":{"start":{"line":56,"column":32},"end":{"line":56,"column":42}},"loc":{"start":{"line":56,"column":45},"end":{"line":68,"column":9}}},"3":{"name":"(anonymous_4)","decl":{"start":{"line":70,"column":29},"end":{"line":70,"column":39}},"loc":{"start":{"line":70,"column":41},"end":{"line":77,"column":9}}},"4":{"name":"(anonymous_5)","decl":{"start":{"line":79,"column":30},"end":{"line":79,"column":null}},"loc":{"start":{"line":79,"column":30},"end":{"line":81,"column":9}}},"5":{"name":"(anonymous_6)","decl":{"start":{"line":83,"column":25},"end":{"line":83,"column":35}},"loc":{"start":{"line":83,"column":41},"end":{"line":87,"column":9}}},"6":{"name":"(anonymous_7)","decl":{"start":{"line":90,"column":4},"end":{"line":90,"column":32}},"loc":{"start":{"line":90,"column":76},"end":{"line":93,"column":5}}},"7":{"name":"(anonymous_8)","decl":{"start":{"line":95,"column":4},"end":{"line":95,"column":13}},"loc":{"start":{"line":95,"column":13},"end":{"line":95,"column":18}}},"8":{"name":"(anonymous_9)","decl":{"start":{"line":97,"column":4},"end":{"line":97,"column":11}},"loc":{"start":{"line":97,"column":11},"end":{"line":97,"column":16}}},"9":{"name":"(anonymous_10)","decl":{"start":{"line":99,"column":4},"end":{"line":99,"column":13}},"loc":{"start":{"line":99,"column":84},"end":{"line":101,"column":5}}},"10":{"name":"(anonymous_11)","decl":{"start":{"line":103,"column":4},"end":{"line":103,"column":11}},"loc":{"start":{"line":103,"column":42},"end":{"line":105,"column":5}}},"11":{"name":"(anonymous_12)","decl":{"start":{"line":107,"column":4},"end":{"line":107,"column":20}},"loc":{"start":{"line":107,"column":20},"end":{"line":107,"column":25}}},"12":{"name":"(anonymous_13)","decl":{"start":{"line":109,"column":4},"end":{"line":109,"column":26}},"loc":{"start":{"line":109,"column":26},"end":{"line":109,"column":31}}},"13":{"name":"(anonymous_14)","decl":{"start":{"line":111,"column":4},"end":{"line":111,"column":15}},"loc":{"start":{"line":111,"column":93},"end":{"line":113,"column":5}}},"14":{"name":"(anonymous_15)","decl":{"start":{"line":115,"column":4},"end":{"line":115,"column":16}},"loc":{"start":{"line":115,"column":65},"end":{"line":117,"column":5}}},"15":{"name":"(anonymous_16)","decl":{"start":{"line":119,"column":4},"end":{"line":119,"column":19}},"loc":{"start":{"line":119,"column":71},"end":{"line":121,"column":5}}},"16":{"name":"(anonymous_17)","decl":{"start":{"line":123,"column":4},"end":{"line":123,"column":18}},"loc":{"start":{"line":123,"column":48},"end":{"line":125,"column":5}}},"17":{"name":"(anonymous_18)","decl":{"start":{"line":127,"column":4},"end":{"line":127,"column":16}},"loc":{"start":{"line":127,"column":65},"end":{"line":130,"column":5}}},"18":{"name":"(anonymous_19)","decl":{"start":{"line":132,"column":4},"end":{"line":132,"column":19}},"loc":{"start":{"line":132,"column":19},"end":{"line":134,"column":5}}},"19":{"name":"(anonymous_20)","decl":{"start":{"line":136,"column":4},"end":{"line":136,"column":10}},"loc":{"start":{"line":136,"column":39},"end":{"line":142,"column":5}}},"20":{"name":"(anonymous_21)","decl":{"start":{"line":147,"column":13},"end":{"line":147,"column":17}},"loc":{"start":{"line":147,"column":30},"end":{"line":147,"column":49}}},"21":{"name":"(anonymous_22)","decl":{"start":{"line":149,"column":15},"end":{"line":149,"column":19}},"loc":{"start":{"line":149,"column":61},"end":{"line":152,"column":1}}},"22":{"name":"(anonymous_23)","decl":{"start":{"line":154,"column":27},"end":{"line":154,"column":28}},"loc":{"start":{"line":154,"column":62},"end":{"line":162,"column":1}}},"23":{"name":"(anonymous_24)","decl":{"start":{"line":164,"column":29},"end":{"line":164,"column":30}},"loc":{"start":{"line":165,"column":4},"end":{"line":172,"column":6}}},"24":{"name":"(anonymous_25)","decl":{"start":{"line":165,"column":22},"end":{"line":165,"column":23}},"loc":{"start":{"line":165,"column":31},"end":{"line":172,"column":5}}},"25":{"name":"(anonymous_26)","decl":{"start":{"line":174,"column":28},"end":{"line":174,"column":29}},"loc":{"start":{"line":174,"column":72},"end":{"line":190,"column":1}}},"26":{"name":"(anonymous_27)","decl":{"start":{"line":177,"column":13},"end":{"line":177,"column":16}},"loc":{"start":{"line":177,"column":19},"end":{"line":177,"column":21}}},"27":{"name":"(anonymous_28)","decl":{"start":{"line":179,"column":13},"end":{"line":179,"column":14}},"loc":{"start":{"line":179,"column":22},"end":{"line":185,"column":9}}},"28":{"name":"(anonymous_29)","decl":{"start":{"line":180,"column":35},"end":{"line":180,"column":36}},"loc":{"start":{"line":180,"column":43},"end":{"line":180,"column":51}}},"29":{"name":"(anonymous_30)","decl":{"start":{"line":186,"column":16},"end":{"line":186,"column":17}},"loc":{"start":{"line":186,"column":30},"end":{"line":189,"column":9}}},"30":{"name":"(anonymous_31)","decl":{"start":{"line":191,"column":17},"end":{"line":191,"column":18}},"loc":{"start":{"line":191,"column":33},"end":{"line":191,"column":46}}},"31":{"name":"(anonymous_32)","decl":{"start":{"line":192,"column":19},"end":{"line":192,"column":20}},"loc":{"start":{"line":192,"column":35},"end":{"line":192,"column":50}}},"32":{"name":"(anonymous_33)","decl":{"start":{"line":194,"column":19},"end":{"line":194,"column":20}},"loc":{"start":{"line":194,"column":34},"end":{"line":198,"column":1}}},"33":{"name":"(anonymous_34)","decl":{"start":{"line":202,"column":22},"end":{"line":202,"column":23}},"loc":{"start":{"line":202,"column":55},"end":{"line":207,"column":1}}},"34":{"name":"(anonymous_35)","decl":{"start":{"line":209,"column":19},"end":{"line":209,"column":20}},"loc":{"start":{"line":209,"column":52},"end":{"line":211,"column":1}}}},"branchMap":{"0":{"loc":{"start":{"line":57,"column":12},"end":{"line":67,"column":13}},"type":"if","locations":[{"start":{"line":57,"column":12},"end":{"line":67,"column":13}},{"start":{"line":63,"column":19},"end":{"line":67,"column":13}}]},"1":{"loc":{"start":{"line":57,"column":16},"end":{"line":57,"column":56}},"type":"binary-expr","locations":[{"start":{"line":57,"column":16},"end":{"line":57,"column":32}},{"start":{"line":57,"column":36},"end":{"line":57,"column":56}}]},"2":{"loc":{"start":{"line":63,"column":19},"end":{"line":67,"column":13}},"type":"if","locations":[{"start":{"line":63,"column":19},"end":{"line":67,"column":13}},{"start":{"line":65,"column":19},"end":{"line":67,"column":13}}]},"3":{"loc":{"start":{"line":158,"column":4},"end":{"line":160,"column":5}},"type":"if","locations":[{"start":{"line":158,"column":4},"end":{"line":160,"column":5}}]},"4":{"loc":{"start":{"line":158,"column":10},"end":{"line":158,"column":52}},"type":"binary-expr","locations":[{"start":{"line":158,"column":10},"end":{"line":158,"column":29}},{"start":{"line":158,"column":33},"end":{"line":158,"column":52}}]},"5":{"loc":{"start":{"line":168,"column":8},"end":{"line":170,"column":9}},"type":"if","locations":[{"start":{"line":168,"column":8},"end":{"line":170,"column":9}}]},"6":{"loc":{"start":{"line":181,"column":12},"end":{"line":183,"column":13}},"type":"if","locations":[{"start":{"line":181,"column":12},"end":{"line":183,"column":13}}]},"7":{"loc":{"start":{"line":187,"column":12},"end":{"line":187,"column":47}},"type":"cond-expr","locations":[{"start":{"line":187,"column":30},"end":{"line":187,"column":32}},{"start":{"line":187,"column":30},"end":{"line":187,"column":47}}]},"8":{"loc":{"start":{"line":187,"column":12},"end":{"line":187,"column":32}},"type":"binary-expr","locations":[{"start":{"line":187,"column":12},"end":{"line":187,"column":32}},{"start":{"line":187,"column":30},"end":{"line":187,"column":32}}]},"9":{"loc":{"start":{"line":203,"column":4},"end":{"line":205,"column":5}},"type":"if","locations":[{"start":{"line":203,"column":4},"end":{"line":205,"column":5}}]}},"s":{"0":1,"1":1,"2":1,"3":1,"4":14,"5":14,"6":14,"7":14,"8":16,"9":9,"10":7,"11":7,"12":0,"13":14,"14":5,"15":5,"16":14,"17":21,"18":14,"19":5,"20":5,"21":5,"22":0,"23":33,"24":33,"25":22,"26":3,"27":6,"28":7,"29":5,"30":5,"31":0,"32":14,"33":14,"34":14,"35":14,"36":14,"37":1,"38":1,"39":2,"40":1,"41":14,"42":14,"43":1,"44":1,"45":1,"46":1,"47":1,"48":0,"49":1,"50":14,"51":2,"52":2,"53":2,"54":1,"55":1,"56":1,"57":14,"58":42,"59":14,"60":21,"61":42,"62":21,"63":9,"64":21,"65":21,"66":21,"67":1,"68":1,"69":21,"70":1,"71":21,"72":1,"73":14,"74":14,"75":14,"76":1,"77":14,"78":1,"79":14,"80":1,"81":1,"82":0,"83":1},"f":{"0":1,"1":14,"2":16,"3":5,"4":21,"5":5,"6":0,"7":13,"8":13,"9":33,"10":33,"11":0,"12":3,"13":22,"14":3,"15":6,"16":7,"17":5,"18":0,"19":14,"20":2,"21":14,"22":1,"23":14,"24":2,"25":14,"26":42,"27":21,"28":42,"29":21,"30":21,"31":21,"32":14,"33":14,"34":0},"b":{"0":[9,7],"1":[16,13],"2":[7,0],"3":[1],"4":[1,1],"5":[1],"6":[9],"7":[0,21],"8":[21,21],"9":[1]}}
,"/home/sebastian/Desktop/carasent/asma-jsondiffpatch/test/examples/diffpatch.ts": {"path":"/home/sebastian/Desktop/carasent/asma-jsondiffpatch/test/examples/diffpatch.ts","statementMap":{"0":{"start":{"line":1,"column":0},"end":{"line":1,"column":45}},"1":{"start":{"line":18,"column":20},"end":{"line":18,"column":59}},"2":{"start":{"line":18,"column":26},"end":{"line":18,"column":59}},"3":{"start":{"line":20,"column":35},"end":{"line":529,"column":null}},"4":{"start":{"line":94,"column":12},"end":{"line":94,"column":null}},"5":{"start":{"line":160,"column":12},"end":{"line":160,"column":null}},"6":{"start":{"line":226,"column":12},"end":{"line":226,"column":null}},"7":{"start":{"line":286,"column":12},"end":{"line":286,"column":null}},"8":{"start":{"line":347,"column":12},"end":{"line":347,"column":null}},"9":{"start":{"line":444,"column":12},"end":{"line":444,"column":null}},"10":{"start":{"line":454,"column":12},"end":{"line":454,"column":null}},"11":{"start":{"line":509,"column":12},"end":{"line":509,"column":null}},"12":{"start":{"line":525,"column":12},"end":{"line":525,"column":null}},"13":{"start":{"line":531,"column":18},"end":{"line":533,"column":null}},"14":{"start":{"line":534,"column":18},"end":{"line":575,"column":null}},"15":{"start":{"line":577,"column":27},"end":{"line":633,"column":null}},"16":{"start":{"line":635,"column":30},"end":{"line":814,"column":null}},"17":{"start":{"line":816,"column":29},"end":{"line":1392,"column":null}},"18":{"start":{"line":888,"column":16},"end":{"line":890,"column":17}},"19":{"start":{"line":889,"column":20},"end":{"line":889,"column":null}},"20":{"start":{"line":946,"column":16},"end":{"line":948,"column":17}},"21":{"start":{"line":947,"column":20},"end":{"line":947,"column":null}},"22":{"start":{"line":1009,"column":16},"end":{"line":1011,"column":17}},"23":{"start":{"line":1010,"column":20},"end":{"line":1010,"column":null}},"24":{"start":{"line":1107,"column":16},"end":{"line":1109,"column":17}},"25":{"start":{"line":1108,"column":20},"end":{"line":1108,"column":null}},"26":{"start":{"line":1181,"column":16},"end":{"line":1183,"column":17}},"27":{"start":{"line":1182,"column":20},"end":{"line":1182,"column":null}},"28":{"start":{"line":1238,"column":16},"end":{"line":1240,"column":17}},"29":{"start":{"line":1239,"column":20},"end":{"line":1239,"column":null}},"30":{"start":{"line":1300,"column":16},"end":{"line":1302,"column":17}},"31":{"start":{"line":1301,"column":20},"end":{"line":1301,"column":null}},"32":{"start":{"line":1363,"column":16},"end":{"line":1363,"column":null}},"33":{"start":{"line":1394,"column":47},"end":{"line":1399,"column":null}},"34":{"start":{"line":1400,"column":0},"end":{"line":1400,"column":null}}},"fnMap":{"0":{"name":"(anonymous_1)","decl":{"start":{"line":18,"column":20},"end":{"line":18,"column":23}},"loc":{"start":{"line":18,"column":26},"end":{"line":18,"column":59}}},"1":{"name":"(anonymous_2)","decl":{"start":{"line":93,"column":8},"end":{"line":93,"column":13}},"loc":{"start":{"line":93,"column":23},"end":{"line":95,"column":9}}},"2":{"name":"(anonymous_3)","decl":{"start":{"line":159,"column":8},"end":{"line":159,"column":13}},"loc":{"start":{"line":159,"column":23},"end":{"line":161,"column":9}}},"3":{"name":"(anonymous_4)","decl":{"start":{"line":225,"column":8},"end":{"line":225,"column":13}},"loc":{"start":{"line":225,"column":23},"end":{"line":227,"column":9}}},"4":{"name":"(anonymous_5)","decl":{"start":{"line":285,"column":8},"end":{"line":285,"column":13}},"loc":{"start":{"line":285,"column":23},"end":{"line":287,"column":9}}},"5":{"name":"(anonymous_6)","decl":{"start":{"line":346,"column":8},"end":{"line":346,"column":13}},"loc":{"start":{"line":346,"column":23},"end":{"line":348,"column":9}}},"6":{"name":"(anonymous_7)","decl":{"start":{"line":443,"column":8},"end":{"line":443,"column":13}},"loc":{"start":{"line":443,"column":23},"end":{"line":445,"column":9}}},"7":{"name":"(anonymous_8)","decl":{"start":{"line":453,"column":8},"end":{"line":453,"column":13}},"loc":{"start":{"line":453,"column":23},"end":{"line":455,"column":9}}},"8":{"name":"(anonymous_9)","decl":{"start":{"line":508,"column":8},"end":{"line":508,"column":13}},"loc":{"start":{"line":508,"column":23},"end":{"line":510,"column":9}}},"9":{"name":"(anonymous_10)","decl":{"start":{"line":524,"column":8},"end":{"line":524,"column":13}},"loc":{"start":{"line":524,"column":23},"end":{"line":526,"column":9}}},"10":{"name":"(anonymous_11)","decl":{"start":{"line":887,"column":12},"end":{"line":887,"column":22}},"loc":{"start":{"line":887,"column":43},"end":{"line":891,"column":13}}},"11":{"name":"(anonymous_12)","decl":{"start":{"line":945,"column":12},"end":{"line":945,"column":22}},"loc":{"start":{"line":945,"column":43},"end":{"line":949,"column":13}}},"12":{"name":"(anonymous_13)","decl":{"start":{"line":1008,"column":12},"end":{"line":1008,"column":22}},"loc":{"start":{"line":1008,"column":43},"end":{"line":1012,"column":13}}},"13":{"name":"(anonymous_14)","decl":{"start":{"line":1106,"column":12},"end":{"line":1106,"column":22}},"loc":{"start":{"line":1106,"column":43},"end":{"line":1110,"column":13}}},"14":{"name":"(anonymous_15)","decl":{"start":{"line":1180,"column":12},"end":{"line":1180,"column":22}},"loc":{"start":{"line":1180,"column":43},"end":{"line":1184,"column":13}}},"15":{"name":"(anonymous_16)","decl":{"start":{"line":1237,"column":12},"end":{"line":1237,"column":22}},"loc":{"start":{"line":1237,"column":43},"end":{"line":1241,"column":13}}},"16":{"name":"(anonymous_17)","decl":{"start":{"line":1299,"column":12},"end":{"line":1299,"column":22}},"loc":{"start":{"line":1299,"column":48},"end":{"line":1303,"column":13}}},"17":{"name":"(anonymous_18)","decl":{"start":{"line":1362,"column":12},"end":{"line":1362,"column":26}},"loc":{"start":{"line":1362,"column":46},"end":{"line":1364,"column":13}}}},"branchMap":{"0":{"loc":{"start":{"line":888,"column":16},"end":{"line":890,"column":17}},"type":"if","locations":[{"start":{"line":888,"column":16},"end":{"line":890,"column":17}}]},"1":{"loc":{"start":{"line":888,"column":20},"end":{"line":888,"column":33}},"type":"binary-expr","locations":[{"start":{"line":888,"column":20},"end":{"line":888,"column":23}},{"start":{"line":888,"column":27},"end":{"line":888,"column":33}}]},"2":{"loc":{"start":{"line":946,"column":16},"end":{"line":948,"column":17}},"type":"if","locations":[{"start":{"line":946,"column":16},"end":{"line":948,"column":17}}]},"3":{"loc":{"start":{"line":946,"column":20},"end":{"line":946,"column":33}},"type":"binary-expr","locations":[{"start":{"line":946,"column":20},"end":{"line":946,"column":23}},{"start":{"line":946,"column":27},"end":{"line":946,"column":33}}]},"4":{"loc":{"start":{"line":1009,"column":16},"end":{"line":1011,"column":17}},"type":"if","locations":[{"start":{"line":1009,"column":16},"end":{"line":1011,"column":17}}]},"5":{"loc":{"start":{"line":1009,"column":20},"end":{"line":1009,"column":33}},"type":"binary-expr","locations":[{"start":{"line":1009,"column":20},"end":{"line":1009,"column":23}},{"start":{"line":1009,"column":27},"end":{"line":1009,"column":33}}]},"6":{"loc":{"start":{"line":1107,"column":16},"end":{"line":1109,"column":17}},"type":"if","locations":[{"start":{"line":1107,"column":16},"end":{"line":1109,"column":17}}]},"7":{"loc":{"start":{"line":1107,"column":20},"end":{"line":1107,"column":33}},"type":"binary-expr","locations":[{"start":{"line":1107,"column":20},"end":{"line":1107,"column":23}},{"start":{"line":1107,"column":27},"end":{"line":1107,"column":33}}]},"8":{"loc":{"start":{"line":1181,"column":16},"end":{"line":1183,"column":17}},"type":"if","locations":[{"start":{"line":1181,"column":16},"end":{"line":1183,"column":17}}]},"9":{"loc":{"start":{"line":1181,"column":20},"end":{"line":1181,"column":33}},"type":"binary-expr","locations":[{"start":{"line":1181,"column":20},"end":{"line":1181,"column":23}},{"start":{"line":1181,"column":27},"end":{"line":1181,"column":33}}]},"10":{"loc":{"start":{"line":1238,"column":16},"end":{"line":1240,"column":17}},"type":"if","locations":[{"start":{"line":1238,"column":16},"end":{"line":1240,"column":17}}]},"11":{"loc":{"start":{"line":1238,"column":20},"end":{"line":1238,"column":33}},"type":"binary-expr","locations":[{"start":{"line":1238,"column":20},"end":{"line":1238,"column":23}},{"start":{"line":1238,"column":27},"end":{"line":1238,"column":33}}]},"12":{"loc":{"start":{"line":1300,"column":16},"end":{"line":1302,"column":17}},"type":"if","locations":[{"start":{"line":1300,"column":16},"end":{"line":1302,"column":17}}]},"13":{"loc":{"start":{"line":1300,"column":20},"end":{"line":1300,"column":38}},"type":"binary-expr","locations":[{"start":{"line":1300,"column":20},"end":{"line":1300,"column":23}},{"start":{"line":1300,"column":27},"end":{"line":1300,"column":38}}]}},"s":{"0":1,"1":1,"2":30,"3":1,"4":0,"5":0,"6":0,"7":0,"8":0,"9":0,"10":0,"11":0,"12":0,"13":1,"14":1,"15":1,"16":1,"17":1,"18":8,"19":8,"20":8,"21":8,"22":36,"23":36,"24":32,"25":32,"26":30,"27":30,"28":24,"29":24,"30":8,"31":8,"32":16,"33":1,"34":1},"f":{"0":30,"1":0,"2":0,"3":0,"4":0,"5":0,"6":0,"7":0,"8":0,"9":0,"10":8,"11":8,"12":36,"13":32,"14":30,"15":24,"16":8,"17":16},"b":{"0":[8],"1":[8,8],"2":[8],"3":[8,8],"4":[36],"5":[36,36],"6":[32],"7":[32,32],"8":[30],"9":[30,30],"10":[24],"11":[24,24],"12":[8],"13":[8,8]}}
}
