{"/home/sebastian/Desktop/carasent/asma-jsondiffpatch/src/clone.ts": {"path":"/home/sebastian/Desktop/carasent/asma-jsondiffpatch/src/clone.ts","statementMap":{"0":{"start":{"line":6,"column":0},"end":{"line":6,"column":24}},"1":{"start":{"line":2,"column":23},"end":{"line":2,"column":66}},"2":{"start":{"line":3,"column":4},"end":{"line":3,"column":null}},"3":{"start":{"line":7,"column":4},"end":{"line":9,"column":5}},"4":{"start":{"line":8,"column":8},"end":{"line":8,"column":null}},"5":{"start":{"line":10,"column":4},"end":{"line":12,"column":5}},"6":{"start":{"line":11,"column":8},"end":{"line":11,"column":null}},"7":{"start":{"line":13,"column":4},"end":{"line":15,"column":5}},"8":{"start":{"line":14,"column":8},"end":{"line":14,"column":null}},"9":{"start":{"line":16,"column":4},"end":{"line":18,"column":5}},"10":{"start":{"line":17,"column":8},"end":{"line":17,"column":null}},"11":{"start":{"line":19,"column":4},"end":{"line":21,"column":5}},"12":{"start":{"line":20,"column":8},"end":{"line":20,"column":null}},"13":{"start":{"line":22,"column":19},"end":{"line":22,"column":21}},"14":{"start":{"line":23,"column":4},"end":{"line":27,"column":5}},"15":{"start":{"line":24,"column":8},"end":{"line":26,"column":9}},"16":{"start":{"line":25,"column":14},"end":{"line":25,"column":null}},"17":{"start":{"line":28,"column":4},"end":{"line":28,"column":null}}},"fnMap":{"0":{"name":"cloneRegExp","decl":{"start":{"line":1,"column":9},"end":{"line":1,"column":20}},"loc":{"start":{"line":1,"column":31},"end":{"line":4,"column":1}}},"1":{"name":"clone","decl":{"start":{"line":6,"column":24},"end":{"line":6,"column":29}},"loc":{"start":{"line":6,"column":42},"end":{"line":29,"column":1}}}},"branchMap":{"0":{"loc":{"start":{"line":7,"column":4},"end":{"line":9,"column":5}},"type":"if","locations":[{"start":{"line":7,"column":4},"end":{"line":9,"column":5}}]},"1":{"loc":{"start":{"line":10,"column":4},"end":{"line":12,"column":5}},"type":"if","locations":[{"start":{"line":10,"column":4},"end":{"line":12,"column":5}}]},"2":{"loc":{"start":{"line":13,"column":4},"end":{"line":15,"column":5}},"type":"if","locations":[{"start":{"line":13,"column":4},"end":{"line":15,"column":5}}]},"3":{"loc":{"start":{"line":16,"column":4},"end":{"line":18,"column":5}},"type":"if","locations":[{"start":{"line":16,"column":4},"end":{"line":18,"column":5}}]},"4":{"loc":{"start":{"line":19,"column":4},"end":{"line":21,"column":5}},"type":"if","locations":[{"start":{"line":19,"column":4},"end":{"line":21,"column":5}}]},"5":{"loc":{"start":{"line":24,"column":8},"end":{"line":26,"column":9}},"type":"if","locations":[{"start":{"line":24,"column":8},"end":{"line":26,"column":9}}]}},"s":{"0":1,"1":3,"2":3,"3":529,"4":349,"5":180,"6":9,"7":171,"8":36,"9":135,"10":13,"11":122,"12":3,"13":119,"14":119,"15":168,"16":168,"17":119},"f":{"0":3,"1":529},"b":{"0":[349],"1":[9],"2":[36],"3":[13],"4":[3],"5":[168]}}
,"/home/sebastian/Desktop/carasent/asma-jsondiffpatch/src/date-reviver.ts": {"path":"/home/sebastian/Desktop/carasent/asma-jsondiffpatch/src/date-reviver.ts","statementMap":{"0":{"start":{"line":2,"column":0},"end":{"line":2,"column":24}},"1":{"start":{"line":4,"column":4},"end":{"line":19,"column":5}},"2":{"start":{"line":5,"column":8},"end":{"line":5,"column":null}},"3":{"start":{"line":6,"column":8},"end":{"line":18,"column":9}},"4":{"start":{"line":7,"column":12},"end":{"line":17,"column":null}},"5":{"start":{"line":20,"column":4},"end":{"line":20,"column":null}}},"fnMap":{"0":{"name":"dateReviver","decl":{"start":{"line":2,"column":24},"end":{"line":2,"column":35}},"loc":{"start":{"line":2,"column":64},"end":{"line":21,"column":1}}}},"branchMap":{"0":{"loc":{"start":{"line":4,"column":4},"end":{"line":19,"column":5}},"type":"if","locations":[{"start":{"line":4,"column":4},"end":{"line":19,"column":5}}]},"1":{"loc":{"start":{"line":6,"column":8},"end":{"line":18,"column":9}},"type":"if","locations":[{"start":{"line":6,"column":8},"end":{"line":18,"column":9}}]},"2":{"loc":{"start":{"line":9,"column":21},"end":{"line":9,"column":31}},"type":"cond-expr","locations":[{"start":{"line":9,"column":26},"end":{"line":9,"column":29}},{"start":{"line":9,"column":21},"end":{"line":9,"column":31}}]},"3":{"loc":{"start":{"line":9,"column":21},"end":{"line":9,"column":29}},"type":"binary-expr","locations":[{"start":{"line":9,"column":21},"end":{"line":9,"column":29}},{"start":{"line":9,"column":21},"end":{"line":9,"column":29}}]},"4":{"loc":{"start":{"line":10,"column":21},"end":{"line":10,"column":31}},"type":"cond-expr","locations":[{"start":{"line":10,"column":26},"end":{"line":10,"column":29}},{"start":{"line":10,"column":21},"end":{"line":10,"column":31}}]},"5":{"loc":{"start":{"line":10,"column":21},"end":{"line":10,"column":29}},"type":"binary-expr","locations":[{"start":{"line":10,"column":21},"end":{"line":10,"column":29}},{"start":{"line":10,"column":21},"end":{"line":10,"column":29}}]},"6":{"loc":{"start":{"line":11,"column":21},"end":{"line":11,"column":31}},"type":"cond-expr","locations":[{"start":{"line":11,"column":26},"end":{"line":11,"column":29}},{"start":{"line":11,"column":21},"end":{"line":11,"column":31}}]},"7":{"loc":{"start":{"line":11,"column":21},"end":{"line":11,"column":29}},"type":"binary-expr","locations":[{"start":{"line":11,"column":21},"end":{"line":11,"column":29}},{"start":{"line":11,"column":21},"end":{"line":11,"column":29}}]},"8":{"loc":{"start":{"line":12,"column":21},"end":{"line":12,"column":31}},"type":"cond-expr","locations":[{"start":{"line":12,"column":26},"end":{"line":12,"column":29}},{"start":{"line":12,"column":21},"end":{"line":12,"column":31}}]},"9":{"loc":{"start":{"line":12,"column":21},"end":{"line":12,"column":29}},"type":"binary-expr","locations":[{"start":{"line":12,"column":21},"end":{"line":12,"column":29}},{"start":{"line":12,"column":21},"end":{"line":12,"column":29}}]},"10":{"loc":{"start":{"line":13,"column":21},"end":{"line":13,"column":31}},"type":"cond-expr","locations":[{"start":{"line":13,"column":26},"end":{"line":13,"column":29}},{"start":{"line":13,"column":21},"end":{"line":13,"column":31}}]},"11":{"loc":{"start":{"line":13,"column":21},"end":{"line":13,"column":29}},"type":"binary-expr","locations":[{"start":{"line":13,"column":21},"end":{"line":13,"column":29}},{"start":{"line":13,"column":21},"end":{"line":13,"column":29}}]},"12":{"loc":{"start":{"line":14,"column":21},"end":{"line":14,"column":31}},"type":"cond-expr","locations":[{"start":{"line":14,"column":26},"end":{"line":14,"column":29}},{"start":{"line":14,"column":21},"end":{"line":14,"column":31}}]},"13":{"loc":{"start":{"line":14,"column":21},"end":{"line":14,"column":29}},"type":"binary-expr","locations":[{"start":{"line":14,"column":21},"end":{"line":14,"column":29}},{"start":{"line":14,"column":21},"end":{"line":14,"column":29}}]},"14":{"loc":{"start":{"line":15,"column":22},"end":{"line":15,"column":35}},"type":"binary-expr","locations":[{"start":{"line":15,"column":22},"end":{"line":15,"column":30}},{"start":{"line":15,"column":34},"end":{"line":15,"column":35}}]}},"s":{"0":1,"1":0,"2":0,"3":0,"4":0,"5":0},"f":{"0":0},"b":{"0":[0],"1":[0],"2":[0,0],"3":[0,0],"4":[0,0],"5":[0,0],"6":[0,0],"7":[0,0],"8":[0,0],"9":[0,0],"10":[0,0],"11":[0,0],"12":[0,0],"13":[0,0],"14":[0,0]}}
,"/home/sebastian/Desktop/carasent/asma-jsondiffpatch/src/diffpatcher.ts": {"path":"/home/sebastian/Desktop/carasent/asma-jsondiffpatch/src/diffpatcher.ts","statementMap":{"0":{"start":{"line":1,"column":0},"end":{"line":1,"column":30}},"1":{"start":{"line":2,"column":0},"end":{"line":2,"column":44}},"2":{"start":{"line":3,"column":0},"end":{"line":3,"column":46}},"3":{"start":{"line":4,"column":0},"end":{"line":4,"column":50}},"4":{"start":{"line":5,"column":0},"end":{"line":5,"column":28}},"5":{"start":{"line":6,"column":0},"end":{"line":6,"column":38}},"6":{"start":{"line":8,"column":0},"end":{"line":8,"column":45}},"7":{"start":{"line":9,"column":0},"end":{"line":9,"column":43}},"8":{"start":{"line":10,"column":0},"end":{"line":10,"column":45}},"9":{"start":{"line":11,"column":0},"end":{"line":11,"column":43}},"10":{"start":{"line":12,"column":0},"end":{"line":12,"column":47}},"11":{"start":{"line":19,"column":8},"end":{"line":19,"column":null}},"12":{"start":{"line":20,"column":8},"end":{"line":31,"column":null}},"13":{"start":{"line":32,"column":8},"end":{"line":43,"column":null}},"14":{"start":{"line":44,"column":8},"end":{"line":55,"column":null}},"15":{"start":{"line":59,"column":8},"end":{"line":59,"column":null}},"16":{"start":{"line":63,"column":8},"end":{"line":63,"column":null}},"17":{"start":{"line":67,"column":8},"end":{"line":67,"column":null}},"18":{"start":{"line":71,"column":8},"end":{"line":71,"column":null}},"19":{"start":{"line":75,"column":8},"end":{"line":75,"column":null}},"20":{"start":{"line":79,"column":8},"end":{"line":79,"column":null}},"21":{"start":{"line":83,"column":0},"end":{"line":83,"column":null}}},"fnMap":{"0":{"name":"(anonymous_10)","decl":{"start":{"line":18,"column":4},"end":{"line":18,"column":16}},"loc":{"start":{"line":18,"column":33},"end":{"line":56,"column":5}}},"1":{"name":"(anonymous_11)","decl":{"start":{"line":58,"column":4},"end":{"line":58,"column":11}},"loc":{"start":{"line":58,"column":28},"end":{"line":60,"column":5}}},"2":{"name":"(anonymous_12)","decl":{"start":{"line":62,"column":4},"end":{"line":62,"column":8}},"loc":{"start":{"line":62,"column":38},"end":{"line":64,"column":5}}},"3":{"name":"(anonymous_13)","decl":{"start":{"line":66,"column":4},"end":{"line":66,"column":9}},"loc":{"start":{"line":66,"column":49},"end":{"line":68,"column":5}}},"4":{"name":"(anonymous_14)","decl":{"start":{"line":70,"column":4},"end":{"line":70,"column":11}},"loc":{"start":{"line":70,"column":36},"end":{"line":72,"column":5}}},"5":{"name":"(anonymous_15)","decl":{"start":{"line":74,"column":4},"end":{"line":74,"column":11}},"loc":{"start":{"line":74,"column":52},"end":{"line":76,"column":5}}},"6":{"name":"(anonymous_16)","decl":{"start":{"line":78,"column":4},"end":{"line":78,"column":9}},"loc":{"start":{"line":78,"column":24},"end":{"line":80,"column":5}}}},"branchMap":{},"s":{"0":1,"1":1,"2":1,"3":1,"4":1,"5":1,"6":1,"7":1,"8":1,"9":1,"10":1,"11":85,"12":85,"13":85,"14":85,"15":0,"16":171,"17":150,"18":140,"19":70,"20":148,"21":1},"f":{"0":85,"1":0,"2":171,"3":150,"4":140,"5":70,"6":148},"b":{}}
,"/home/sebastian/Desktop/carasent/asma-jsondiffpatch/src/index.ts": {"path":"/home/sebastian/Desktop/carasent/asma-jsondiffpatch/src/index.ts","statementMap":{"0":{"start":{"line":14,"column":0},"end":{"line":14,"column":16}},"1":{"start":{"line":20,"column":0},"end":{"line":20,"column":16}},"2":{"start":{"line":27,"column":0},"end":{"line":27,"column":16}},"3":{"start":{"line":34,"column":0},"end":{"line":34,"column":16}},"4":{"start":{"line":41,"column":0},"end":{"line":41,"column":16}},"5":{"start":{"line":48,"column":0},"end":{"line":48,"column":16}},"6":{"start":{"line":5,"column":0},"end":{"line":5,"column":7}},"7":{"start":{"line":9,"column":22},"end":{"line":5,"column":43}},"8":{"start":{"line":6,"column":0},"end":{"line":6,"column":7}},"9":{"start":{"line":9,"column":9},"end":{"line":6,"column":42}},"10":{"start":{"line":15,"column":4},"end":{"line":15,"column":null}},"11":{"start":{"line":21,"column":4},"end":{"line":23,"column":5}},"12":{"start":{"line":22,"column":8},"end":{"line":22,"column":null}},"13":{"start":{"line":24,"column":4},"end":{"line":24,"column":null}},"14":{"start":{"line":28,"column":4},"end":{"line":30,"column":5}},"15":{"start":{"line":29,"column":8},"end":{"line":29,"column":null}},"16":{"start":{"line":31,"column":4},"end":{"line":31,"column":null}},"17":{"start":{"line":35,"column":4},"end":{"line":37,"column":5}},"18":{"start":{"line":36,"column":8},"end":{"line":36,"column":null}},"19":{"start":{"line":38,"column":4},"end":{"line":38,"column":null}},"20":{"start":{"line":42,"column":4},"end":{"line":44,"column":5}},"21":{"start":{"line":43,"column":8},"end":{"line":43,"column":null}},"22":{"start":{"line":45,"column":4},"end":{"line":45,"column":null}},"23":{"start":{"line":49,"column":4},"end":{"line":51,"column":5}},"24":{"start":{"line":50,"column":8},"end":{"line":50,"column":null}},"25":{"start":{"line":52,"column":4},"end":{"line":52,"column":null}}},"fnMap":{"0":{"name":"create","decl":{"start":{"line":14,"column":16},"end":{"line":14,"column":22}},"loc":{"start":{"line":14,"column":40},"end":{"line":16,"column":1}}},"1":{"name":"diff","decl":{"start":{"line":20,"column":16},"end":{"line":20,"column":20}},"loc":{"start":{"line":20,"column":50},"end":{"line":25,"column":1}}},"2":{"name":"patch","decl":{"start":{"line":27,"column":16},"end":{"line":27,"column":21}},"loc":{"start":{"line":27,"column":49},"end":{"line":32,"column":1}}},"3":{"name":"unpatch","decl":{"start":{"line":34,"column":16},"end":{"line":34,"column":23}},"loc":{"start":{"line":34,"column":52},"end":{"line":39,"column":1}}},"4":{"name":"reverse","decl":{"start":{"line":41,"column":16},"end":{"line":41,"column":23}},"loc":{"start":{"line":41,"column":36},"end":{"line":46,"column":1}}},"5":{"name":"clone","decl":{"start":{"line":48,"column":16},"end":{"line":48,"column":21}},"loc":{"start":{"line":48,"column":36},"end":{"line":53,"column":1}}}},"branchMap":{"0":{"loc":{"start":{"line":21,"column":4},"end":{"line":23,"column":5}},"type":"if","locations":[{"start":{"line":21,"column":4},"end":{"line":23,"column":5}}]},"1":{"loc":{"start":{"line":28,"column":4},"end":{"line":30,"column":5}},"type":"if","locations":[{"start":{"line":28,"column":4},"end":{"line":30,"column":5}}]},"2":{"loc":{"start":{"line":35,"column":4},"end":{"line":37,"column":5}},"type":"if","locations":[{"start":{"line":35,"column":4},"end":{"line":37,"column":5}}]},"3":{"loc":{"start":{"line":42,"column":4},"end":{"line":44,"column":5}},"type":"if","locations":[{"start":{"line":42,"column":4},"end":{"line":44,"column":5}}]},"4":{"loc":{"start":{"line":49,"column":4},"end":{"line":51,"column":5}},"type":"if","locations":[{"start":{"line":49,"column":4},"end":{"line":51,"column":5}}]}},"s":{"0":1,"1":1,"2":1,"3":1,"4":1,"5":1,"6":1,"7":1,"8":1,"9":1,"10":0,"11":1,"12":0,"13":1,"14":1,"15":0,"16":1,"17":1,"18":0,"19":1,"20":1,"21":0,"22":1,"23":148,"24":1,"25":148},"f":{"0":0,"1":1,"2":1,"3":1,"4":1,"5":148},"b":{"0":[0],"1":[0],"2":[0],"3":[0],"4":[1]}}
,"/home/sebastian/Desktop/carasent/asma-jsondiffpatch/src/pipe.ts": {"path":"/home/sebastian/Desktop/carasent/asma-jsondiffpatch/src/pipe.ts","statementMap":{"0":{"start":{"line":15,"column":8},"end":{"line":15,"column":null}},"1":{"start":{"line":16,"column":8},"end":{"line":16,"column":null}},"2":{"start":{"line":20,"column":8},"end":{"line":22,"column":9}},"3":{"start":{"line":21,"column":12},"end":{"line":21,"column":null}},"4":{"start":{"line":23,"column":22},"end":{"line":23,"column":32}},"5":{"start":{"line":24,"column":23},"end":{"line":24,"column":42}},"6":{"start":{"line":25,"column":24},"end":{"line":25,"column":29}},"7":{"start":{"line":26,"column":8},"end":{"line":36,"column":9}},"8":{"start":{"line":26,"column":25},"end":{"line":26,"column":26}},"9":{"start":{"line":27,"column":27},"end":{"line":27,"column":46}},"10":{"start":{"line":28,"column":12},"end":{"line":30,"column":13}},"11":{"start":{"line":29,"column":16},"end":{"line":29,"column":null}},"12":{"start":{"line":31,"column":12},"end":{"line":31,"column":null}},"13":{"start":{"line":32,"column":12},"end":{"line":35,"column":13}},"14":{"start":{"line":33,"column":16},"end":{"line":33,"column":null}},"15":{"start":{"line":34,"column":16},"end":{"line":34,"column":21}},"16":{"start":{"line":37,"column":8},"end":{"line":39,"column":9}},"17":{"start":{"line":38,"column":12},"end":{"line":38,"column":null}},"18":{"start":{"line":43,"column":8},"end":{"line":43,"column":null}},"19":{"start":{"line":47,"column":8},"end":{"line":47,"column":null}},"20":{"start":{"line":48,"column":8},"end":{"line":48,"column":null}},"21":{"start":{"line":52,"column":8},"end":{"line":52,"column":null}},"22":{"start":{"line":53,"column":8},"end":{"line":53,"column":null}},"23":{"start":{"line":57,"column":8},"end":{"line":59,"column":9}},"24":{"start":{"line":58,"column":12},"end":{"line":58,"column":null}},"25":{"start":{"line":60,"column":8},"end":{"line":65,"column":9}},"26":{"start":{"line":60,"column":25},"end":{"line":60,"column":26}},"27":{"start":{"line":61,"column":27},"end":{"line":61,"column":46}},"28":{"start":{"line":62,"column":12},"end":{"line":64,"column":13}},"29":{"start":{"line":63,"column":16},"end":{"line":63,"column":null}},"30":{"start":{"line":66,"column":8},"end":{"line":66,"column":null}},"31":{"start":{"line":70,"column":8},"end":{"line":70,"column":null}},"32":{"start":{"line":70,"column":39},"end":{"line":70,"column":51}},"33":{"start":{"line":74,"column":22},"end":{"line":74,"column":46}},"34":{"start":{"line":75,"column":8},"end":{"line":75,"column":null}},"35":{"start":{"line":76,"column":8},"end":{"line":76,"column":null}},"36":{"start":{"line":80,"column":22},"end":{"line":80,"column":46}},"37":{"start":{"line":81,"column":8},"end":{"line":81,"column":null}},"38":{"start":{"line":82,"column":8},"end":{"line":82,"column":null}},"39":{"start":{"line":86,"column":22},"end":{"line":86,"column":46}},"40":{"start":{"line":87,"column":8},"end":{"line":87,"column":null}},"41":{"start":{"line":88,"column":8},"end":{"line":88,"column":null}},"42":{"start":{"line":92,"column":22},"end":{"line":92,"column":46}},"43":{"start":{"line":93,"column":8},"end":{"line":93,"column":null}},"44":{"start":{"line":94,"column":8},"end":{"line":94,"column":null}},"45":{"start":{"line":98,"column":8},"end":{"line":98,"column":null}},"46":{"start":{"line":99,"column":8},"end":{"line":99,"column":null}},"47":{"start":{"line":103,"column":8},"end":{"line":106,"column":9}},"48":{"start":{"line":104,"column":12},"end":{"line":104,"column":null}},"49":{"start":{"line":105,"column":12},"end":{"line":105,"column":18}},"50":{"start":{"line":107,"column":8},"end":{"line":109,"column":9}},"51":{"start":{"line":108,"column":12},"end":{"line":108,"column":18}},"52":{"start":{"line":110,"column":8},"end":{"line":117,"column":null}},"53":{"start":{"line":111,"column":12},"end":{"line":116,"column":13}},"54":{"start":{"line":112,"column":16},"end":{"line":112,"column":null}},"55":{"start":{"line":113,"column":62},"end":{"line":113,"column":94}},"56":{"start":{"line":114,"column":16},"end":{"line":114,"column":null}},"57":{"start":{"line":115,"column":16},"end":{"line":115,"column":null}},"58":{"start":{"line":118,"column":8},"end":{"line":118,"column":null}},"59":{"start":{"line":122,"column":0},"end":{"line":122,"column":null}}},"fnMap":{"0":{"name":"(anonymous_0)","decl":{"start":{"line":14,"column":4},"end":{"line":14,"column":16}},"loc":{"start":{"line":14,"column":28},"end":{"line":17,"column":5}}},"1":{"name":"(anonymous_1)","decl":{"start":{"line":19,"column":4},"end":{"line":19,"column":11}},"loc":{"start":{"line":19,"column":27},"end":{"line":40,"column":5}}},"2":{"name":"(anonymous_2)","decl":{"start":{"line":42,"column":4},"end":{"line":42,"column":7}},"loc":{"start":{"line":42,"column":19},"end":{"line":44,"column":5}}},"3":{"name":"(anonymous_3)","decl":{"start":{"line":46,"column":4},"end":{"line":46,"column":10}},"loc":{"start":{"line":46,"column":38},"end":{"line":49,"column":5}}},"4":{"name":"(anonymous_4)","decl":{"start":{"line":51,"column":4},"end":{"line":51,"column":11}},"loc":{"start":{"line":51,"column":39},"end":{"line":54,"column":5}}},"5":{"name":"(anonymous_5)","decl":{"start":{"line":56,"column":4},"end":{"line":56,"column":11}},"loc":{"start":{"line":56,"column":30},"end":{"line":67,"column":5}}},"6":{"name":"(anonymous_6)","decl":{"start":{"line":69,"column":4},"end":{"line":69,"column":8}},"loc":{"start":{"line":69,"column":8},"end":{"line":71,"column":5}}},"7":{"name":"(anonymous_7)","decl":{"start":{"line":70,"column":32},"end":{"line":70,"column":33}},"loc":{"start":{"line":70,"column":39},"end":{"line":70,"column":51}}},"8":{"name":"(anonymous_8)","decl":{"start":{"line":73,"column":4},"end":{"line":73,"column":9}},"loc":{"start":{"line":73,"column":59},"end":{"line":77,"column":5}}},"9":{"name":"(anonymous_9)","decl":{"start":{"line":79,"column":4},"end":{"line":79,"column":10}},"loc":{"start":{"line":79,"column":60},"end":{"line":83,"column":5}}},"10":{"name":"(anonymous_10)","decl":{"start":{"line":85,"column":4},"end":{"line":85,"column":11}},"loc":{"start":{"line":85,"column":61},"end":{"line":89,"column":5}}},"11":{"name":"(anonymous_11)","decl":{"start":{"line":91,"column":4},"end":{"line":91,"column":10}},"loc":{"start":{"line":91,"column":29},"end":{"line":95,"column":5}}},"12":{"name":"(anonymous_12)","decl":{"start":{"line":97,"column":4},"end":{"line":97,"column":9}},"loc":{"start":{"line":97,"column":9},"end":{"line":100,"column":5}}},"13":{"name":"(anonymous_13)","decl":{"start":{"line":102,"column":4},"end":{"line":102,"column":20}},"loc":{"start":{"line":102,"column":37},"end":{"line":119,"column":5}}},"14":{"name":"(anonymous_14)","decl":{"start":{"line":110,"column":27},"end":{"line":110,"column":28}},"loc":{"start":{"line":110,"column":39},"end":{"line":117,"column":9}}}},"branchMap":{"0":{"loc":{"start":{"line":20,"column":8},"end":{"line":22,"column":9}},"type":"if","locations":[{"start":{"line":20,"column":8},"end":{"line":22,"column":9}}]},"1":{"loc":{"start":{"line":28,"column":12},"end":{"line":30,"column":13}},"type":"if","locations":[{"start":{"line":28,"column":12},"end":{"line":30,"column":13}}]},"2":{"loc":{"start":{"line":29,"column":36},"end":{"line":29,"column":54}},"type":"cond-expr","locations":[{"start":{"line":29,"column":42},"end":{"line":29,"column":44}},{"start":{"line":29,"column":36},"end":{"line":29,"column":54}}]},"3":{"loc":{"start":{"line":29,"column":36},"end":{"line":29,"column":44}},"type":"binary-expr","locations":[{"start":{"line":29,"column":36},"end":{"line":29,"column":44}},{"start":{"line":29,"column":36},"end":{"line":29,"column":44}}]},"4":{"loc":{"start":{"line":31,"column":12},"end":{"line":31,"column":29}},"type":"cond-expr","locations":[{"start":{"line":31,"column":18},"end":{"line":31,"column":21}},{"start":{"line":31,"column":12},"end":{"line":31,"column":29}}]},"5":{"loc":{"start":{"line":31,"column":12},"end":{"line":31,"column":21}},"type":"binary-expr","locations":[{"start":{"line":31,"column":12},"end":{"line":31,"column":21}},{"start":{"line":31,"column":12},"end":{"line":31,"column":21}}]},"6":{"loc":{"start":{"line":32,"column":12},"end":{"line":35,"column":13}},"type":"if","locations":[{"start":{"line":32,"column":12},"end":{"line":35,"column":13}}]},"7":{"loc":{"start":{"line":32,"column":16},"end":{"line":32,"column":62}},"type":"binary-expr","locations":[{"start":{"line":32,"column":16},"end":{"line":32,"column":43}},{"start":{"line":32,"column":47},"end":{"line":32,"column":62}}]},"8":{"loc":{"start":{"line":37,"column":8},"end":{"line":39,"column":9}},"type":"if","locations":[{"start":{"line":37,"column":8},"end":{"line":39,"column":9}}]},"9":{"loc":{"start":{"line":37,"column":12},"end":{"line":37,"column":45}},"type":"binary-expr","locations":[{"start":{"line":37,"column":12},"end":{"line":37,"column":25}},{"start":{"line":37,"column":29},"end":{"line":37,"column":45}}]},"10":{"loc":{"start":{"line":57,"column":8},"end":{"line":59,"column":9}},"type":"if","locations":[{"start":{"line":57,"column":8},"end":{"line":59,"column":9}}]},"11":{"loc":{"start":{"line":62,"column":12},"end":{"line":64,"column":13}},"type":"if","locations":[{"start":{"line":62,"column":12},"end":{"line":64,"column":13}}]},"12":{"loc":{"start":{"line":62,"column":16},"end":{"line":62,"column":34}},"type":"cond-expr","locations":[{"start":{"line":62,"column":22},"end":{"line":62,"column":24}},{"start":{"line":62,"column":16},"end":{"line":62,"column":34}}]},"13":{"loc":{"start":{"line":62,"column":16},"end":{"line":62,"column":24}},"type":"binary-expr","locations":[{"start":{"line":62,"column":16},"end":{"line":62,"column":24}},{"start":{"line":62,"column":16},"end":{"line":62,"column":24}}]},"14":{"loc":{"start":{"line":103,"column":8},"end":{"line":106,"column":9}},"type":"if","locations":[{"start":{"line":103,"column":8},"end":{"line":106,"column":9}}]},"15":{"loc":{"start":{"line":107,"column":8},"end":{"line":109,"column":9}},"type":"if","locations":[{"start":{"line":107,"column":8},"end":{"line":109,"column":9}}]},"16":{"loc":{"start":{"line":111,"column":12},"end":{"line":116,"column":13}},"type":"if","locations":[{"start":{"line":111,"column":12},"end":{"line":116,"column":13}}]}},"s":{"0":255,"1":255,"2":1330,"3":0,"4":1330,"5":1330,"6":1330,"7":1330,"8":1330,"9":3900,"10":3900,"11":0,"12":3900,"13":3891,"14":1321,"15":1321,"16":1321,"17":452,"18":0,"19":255,"20":255,"21":0,"22":0,"23":5,"24":0,"25":5,"26":5,"27":15,"28":15,"29":5,"30":0,"31":5,"32":31,"33":1,"34":1,"35":1,"36":2,"37":2,"38":2,"39":1,"40":1,"41":1,"42":1,"43":1,"44":1,"45":0,"46":0,"47":255,"48":0,"49":0,"50":255,"51":0,"52":255,"53":452,"54":0,"55":0,"56":0,"57":0,"58":255,"59":1},"f":{"0":255,"1":1330,"2":0,"3":255,"4":0,"5":5,"6":5,"7":31,"8":1,"9":2,"10":1,"11":1,"12":0,"13":255,"14":452},"b":{"0":[0],"1":[0],"2":[0,0],"3":[0,0],"4":[0,3900],"5":[3900,3900],"6":[1321],"7":[3891,3891],"8":[452],"9":[1321,452],"10":[0],"11":[5],"12":[0,15],"13":[15,15],"14":[0],"15":[0],"16":[0]}}
,"/home/sebastian/Desktop/carasent/asma-jsondiffpatch/src/processor.ts": {"path":"/home/sebastian/Desktop/carasent/asma-jsondiffpatch/src/processor.ts","statementMap":{"0":{"start":{"line":17,"column":8},"end":{"line":17,"column":null}},"1":{"start":{"line":18,"column":8},"end":{"line":22,"column":null}},"2":{"start":{"line":26,"column":8},"end":{"line":28,"column":9}},"3":{"start":{"line":27,"column":12},"end":{"line":27,"column":null}},"4":{"start":{"line":29,"column":8},"end":{"line":29,"column":null}},"5":{"start":{"line":35,"column":19},"end":{"line":35,"column":26}},"6":{"start":{"line":36,"column":8},"end":{"line":46,"column":9}},"7":{"start":{"line":37,"column":12},"end":{"line":45,"column":13}},"8":{"start":{"line":38,"column":16},"end":{"line":38,"column":null}},"9":{"start":{"line":40,"column":16},"end":{"line":44,"column":null}},"10":{"start":{"line":47,"column":8},"end":{"line":59,"column":9}},"11":{"start":{"line":50,"column":12},"end":{"line":50,"column":null}},"12":{"start":{"line":51,"column":12},"end":{"line":53,"column":13}},"13":{"start":{"line":52,"column":16},"end":{"line":52,"column":null}},"14":{"start":{"line":54,"column":12},"end":{"line":58,"column":null}},"15":{"start":{"line":60,"column":8},"end":{"line":60,"column":null}},"16":{"start":{"line":61,"column":8},"end":{"line":61,"column":null}},"17":{"start":{"line":67,"column":22},"end":{"line":67,"column":27}},"18":{"start":{"line":68,"column":8},"end":{"line":68,"column":null}},"19":{"start":{"line":69,"column":55},"end":{"line":69,"column":86}},"20":{"start":{"line":71,"column":8},"end":{"line":90,"column":9}},"21":{"start":{"line":72,"column":12},"end":{"line":76,"column":13}},"22":{"start":{"line":74,"column":16},"end":{"line":74,"column":null}},"23":{"start":{"line":75,"column":16},"end":{"line":75,"column":null}},"24":{"start":{"line":78,"column":12},"end":{"line":80,"column":13}},"25":{"start":{"line":79,"column":16},"end":{"line":79,"column":null}},"26":{"start":{"line":81,"column":12},"end":{"line":81,"column":null}},"27":{"start":{"line":82,"column":12},"end":{"line":82,"column":null}},"28":{"start":{"line":83,"column":12},"end":{"line":83,"column":null}},"29":{"start":{"line":84,"column":12},"end":{"line":89,"column":13}},"30":{"start":{"line":85,"column":16},"end":{"line":88,"column":17}},"31":{"start":{"line":86,"column":20},"end":{"line":86,"column":null}},"32":{"start":{"line":87,"column":20},"end":{"line":87,"column":null}},"33":{"start":{"line":92,"column":8},"end":{"line":92,"column":null}},"34":{"start":{"line":96,"column":0},"end":{"line":96,"column":null}}},"fnMap":{"0":{"name":"(anonymous_0)","decl":{"start":{"line":16,"column":4},"end":{"line":16,"column":16}},"loc":{"start":{"line":16,"column":33},"end":{"line":23,"column":5}}},"1":{"name":"(anonymous_1)","decl":{"start":{"line":25,"column":4},"end":{"line":25,"column":11}},"loc":{"start":{"line":25,"column":29},"end":{"line":30,"column":5}}},"2":{"name":"(anonymous_2)","decl":{"start":{"line":34,"column":4},"end":{"line":34,"column":8}},"loc":{"start":{"line":34,"column":95},"end":{"line":62,"column":5}}},"3":{"name":"(anonymous_3)","decl":{"start":{"line":66,"column":4},"end":{"line":66,"column":11}},"loc":{"start":{"line":66,"column":81},"end":{"line":93,"column":5}}}},"branchMap":{"0":{"loc":{"start":{"line":17,"column":27},"end":{"line":17,"column":40}},"type":"binary-expr","locations":[{"start":{"line":17,"column":27},"end":{"line":17,"column":34}},{"start":{"line":17,"column":38},"end":{"line":17,"column":40}}]},"1":{"loc":{"start":{"line":26,"column":8},"end":{"line":28,"column":9}},"type":"if","locations":[{"start":{"line":26,"column":8},"end":{"line":28,"column":9}}]},"2":{"loc":{"start":{"line":36,"column":8},"end":{"line":46,"column":9}},"type":"if","locations":[{"start":{"line":36,"column":8},"end":{"line":46,"column":9}}]},"3":{"loc":{"start":{"line":37,"column":12},"end":{"line":45,"column":13}},"type":"if","locations":[{"start":{"line":37,"column":12},"end":{"line":45,"column":13}},{"start":{"line":39,"column":19},"end":{"line":45,"column":13}}]},"4":{"loc":{"start":{"line":47,"column":8},"end":{"line":59,"column":9}},"type":"if","locations":[{"start":{"line":47,"column":8},"end":{"line":59,"column":9}}]},"5":{"loc":{"start":{"line":47,"column":12},"end":{"line":47,"column":49}},"type":"binary-expr","locations":[{"start":{"line":47,"column":12},"end":{"line":47,"column":16}},{"start":{"line":47,"column":21},"end":{"line":47,"column":49}}]},"6":{"loc":{"start":{"line":51,"column":12},"end":{"line":53,"column":13}},"type":"if","locations":[{"start":{"line":51,"column":12},"end":{"line":53,"column":13}}]},"7":{"loc":{"start":{"line":69,"column":55},"end":{"line":69,"column":86}},"type":"binary-expr","locations":[{"start":{"line":69,"column":55},"end":{"line":69,"column":59}},{"start":{"line":69,"column":63},"end":{"line":69,"column":73}},{"start":{"line":69,"column":77},"end":{"line":69,"column":86}}]},"8":{"loc":{"start":{"line":72,"column":12},"end":{"line":76,"column":13}},"type":"if","locations":[{"start":{"line":72,"column":12},"end":{"line":76,"column":13}}]},"9":{"loc":{"start":{"line":78,"column":12},"end":{"line":80,"column":13}},"type":"if","locations":[{"start":{"line":78,"column":12},"end":{"line":80,"column":13}}]},"10":{"loc":{"start":{"line":84,"column":12},"end":{"line":89,"column":13}},"type":"if","locations":[{"start":{"line":84,"column":12},"end":{"line":89,"column":13}}]},"11":{"loc":{"start":{"line":85,"column":16},"end":{"line":88,"column":17}},"type":"if","locations":[{"start":{"line":85,"column":16},"end":{"line":88,"column":17}}]},"12":{"loc":{"start":{"line":87,"column":31},"end":{"line":87,"column":55}},"type":"binary-expr","locations":[{"start":{"line":87,"column":31},"end":{"line":87,"column":43}},{"start":{"line":87,"column":47},"end":{"line":87,"column":55}}]},"13":{"loc":{"start":{"line":92,"column":15},"end":{"line":92,"column":61}},"type":"cond-expr","locations":[{"start":{"line":92,"column":35},"end":{"line":92,"column":49}},{"start":{"line":92,"column":52},"end":{"line":92,"column":61}}]}},"s":{"0":85,"1":85,"2":461,"3":0,"4":461,"5":1585,"6":1585,"7":1330,"8":1330,"9":0,"10":255,"11":255,"12":255,"13":0,"14":255,"15":255,"16":255,"17":461,"18":461,"19":461,"20":461,"21":1330,"22":302,"23":302,"24":1330,"25":1330,"26":1330,"27":1321,"28":1321,"29":1321,"30":1321,"31":869,"32":869,"33":452,"34":1},"f":{"0":85,"1":461,"2":1585,"3":461},"b":{"0":[85,69],"1":[0],"2":[1330],"3":[1330,0],"4":[255],"5":[255,255],"6":[0],"7":[461,461,0],"8":[302],"9":[1330],"10":[1321],"11":[869],"12":[869,0],"13":[452,0]}}
,"/home/sebastian/Desktop/carasent/asma-jsondiffpatch/src/contexts/context.ts": {"path":"/home/sebastian/Desktop/carasent/asma-jsondiffpatch/src/contexts/context.ts","statementMap":{"0":{"start":{"line":18,"column":8},"end":{"line":18,"column":null}},"1":{"start":{"line":19,"column":8},"end":{"line":19,"column":null}},"2":{"start":{"line":20,"column":8},"end":{"line":20,"column":null}},"3":{"start":{"line":24,"column":8},"end":{"line":24,"column":null}},"4":{"start":{"line":25,"column":8},"end":{"line":25,"column":null}},"5":{"start":{"line":29,"column":8},"end":{"line":29,"column":null}},"6":{"start":{"line":30,"column":8},"end":{"line":32,"column":9}},"7":{"start":{"line":31,"column":12},"end":{"line":31,"column":null}},"8":{"start":{"line":33,"column":8},"end":{"line":33,"column":null}},"9":{"start":{"line":34,"column":8},"end":{"line":34,"column":null}},"10":{"start":{"line":35,"column":8},"end":{"line":45,"column":9}},"11":{"start":{"line":36,"column":12},"end":{"line":36,"column":null}},"12":{"start":{"line":37,"column":12},"end":{"line":37,"column":null}},"13":{"start":{"line":38,"column":12},"end":{"line":38,"column":null}},"14":{"start":{"line":40,"column":26},"end":{"line":40,"column":50}},"15":{"start":{"line":41,"column":12},"end":{"line":43,"column":13}},"16":{"start":{"line":42,"column":16},"end":{"line":42,"column":null}},"17":{"start":{"line":44,"column":12},"end":{"line":44,"column":null}},"18":{"start":{"line":46,"column":8},"end":{"line":46,"column":null}},"19":{"start":{"line":47,"column":8},"end":{"line":47,"column":null}},"20":{"start":{"line":3,"column":0},"end":{"line":3,"column":30}}},"fnMap":{"0":{"name":"(anonymous_0)","decl":{"start":{"line":17,"column":4},"end":{"line":17,"column":13}},"loc":{"start":{"line":17,"column":29},"end":{"line":21,"column":5}}},"1":{"name":"(anonymous_1)","decl":{"start":{"line":23,"column":4},"end":{"line":23,"column":8}},"loc":{"start":{"line":23,"column":8},"end":{"line":26,"column":5}}},"2":{"name":"(anonymous_2)","decl":{"start":{"line":28,"column":4},"end":{"line":28,"column":8}},"loc":{"start":{"line":28,"column":44},"end":{"line":48,"column":5}}}},"branchMap":{"0":{"loc":{"start":{"line":30,"column":8},"end":{"line":32,"column":9}},"type":"if","locations":[{"start":{"line":30,"column":8},"end":{"line":32,"column":9}}]},"1":{"loc":{"start":{"line":33,"column":21},"end":{"line":33,"column":38}},"type":"binary-expr","locations":[{"start":{"line":33,"column":21},"end":{"line":33,"column":30}},{"start":{"line":33,"column":34},"end":{"line":33,"column":38}}]},"2":{"loc":{"start":{"line":34,"column":24},"end":{"line":34,"column":53}},"type":"binary-expr","locations":[{"start":{"line":34,"column":24},"end":{"line":34,"column":37}},{"start":{"line":34,"column":41},"end":{"line":34,"column":53}}]},"3":{"loc":{"start":{"line":35,"column":8},"end":{"line":45,"column":9}},"type":"if","locations":[{"start":{"line":35,"column":8},"end":{"line":45,"column":9}},{"start":{"line":39,"column":15},"end":{"line":45,"column":9}}]},"4":{"loc":{"start":{"line":37,"column":37},"end":{"line":37,"column":54}},"type":"binary-expr","locations":[{"start":{"line":37,"column":37},"end":{"line":37,"column":46}},{"start":{"line":37,"column":50},"end":{"line":37,"column":54}}]},"5":{"loc":{"start":{"line":41,"column":12},"end":{"line":43,"column":13}},"type":"if","locations":[{"start":{"line":41,"column":12},"end":{"line":43,"column":13}}]},"6":{"loc":{"start":{"line":41,"column":16},"end":{"line":41,"column":42}},"type":"cond-expr","locations":[{"start":{"line":41,"column":36},"end":{"line":41,"column":38}},{"start":{"line":41,"column":36},"end":{"line":41,"column":42}}]},"7":{"loc":{"start":{"line":41,"column":16},"end":{"line":41,"column":38}},"type":"binary-expr","locations":[{"start":{"line":41,"column":16},"end":{"line":41,"column":38}},{"start":{"line":41,"column":36},"end":{"line":41,"column":38}}]}},"s":{"0":1056,"1":1056,"2":1056,"3":1321,"4":1321,"5":567,"6":567,"7":567,"8":567,"9":567,"10":567,"11":302,"12":302,"13":302,"14":265,"15":265,"16":265,"17":265,"18":567,"19":567,"20":1},"f":{"0":1056,"1":1321,"2":567},"b":{"0":[567],"1":[567,326],"2":[567,567],"3":[302,265],"4":[302,113],"5":[265],"6":[0,265],"7":[265,265]}}
,"/home/sebastian/Desktop/carasent/asma-jsondiffpatch/src/contexts/diff.ts": {"path":"/home/sebastian/Desktop/carasent/asma-jsondiffpatch/src/contexts/diff.ts","statementMap":{"0":{"start":{"line":1,"column":0},"end":{"line":1,"column":38}},"1":{"start":{"line":3,"column":0},"end":{"line":3,"column":34}},"2":{"start":{"line":16,"column":8},"end":{"line":16,"column":null}},"3":{"start":{"line":17,"column":8},"end":{"line":17,"column":null}},"4":{"start":{"line":18,"column":8},"end":{"line":18,"column":null}},"5":{"start":{"line":19,"column":8},"end":{"line":19,"column":null}},"6":{"start":{"line":23,"column":8},"end":{"line":32,"column":9}},"7":{"start":{"line":25,"column":16},"end":{"line":25,"column":114}},"8":{"start":{"line":26,"column":12},"end":{"line":28,"column":13}},"9":{"start":{"line":27,"column":16},"end":{"line":27,"column":null}},"10":{"start":{"line":29,"column":12},"end":{"line":31,"column":13}},"11":{"start":{"line":30,"column":16},"end":{"line":30,"column":null}},"12":{"start":{"line":33,"column":8},"end":{"line":33,"column":null}},"13":{"start":{"line":37,"column":0},"end":{"line":37,"column":null}}},"fnMap":{"0":{"name":"(anonymous_1)","decl":{"start":{"line":15,"column":4},"end":{"line":15,"column":16}},"loc":{"start":{"line":15,"column":45},"end":{"line":20,"column":5}}},"1":{"name":"(anonymous_2)","decl":{"start":{"line":22,"column":4},"end":{"line":22,"column":13}},"loc":{"start":{"line":22,"column":44},"end":{"line":34,"column":5}}}},"branchMap":{"0":{"loc":{"start":{"line":23,"column":8},"end":{"line":32,"column":9}},"type":"if","locations":[{"start":{"line":23,"column":8},"end":{"line":32,"column":9}}]},"1":{"loc":{"start":{"line":23,"column":12},"end":{"line":23,"column":71}},"type":"binary-expr","locations":[{"start":{"line":23,"column":12},"end":{"line":23,"column":41}},{"start":{"line":23,"column":45},"end":{"line":23,"column":71}}]},"2":{"loc":{"start":{"line":25,"column":16},"end":{"line":25,"column":114}},"type":"cond-expr","locations":[{"start":{"line":25,"column":70},"end":{"line":25,"column":99}},{"start":{"line":25,"column":102},"end":{"line":25,"column":114}}]},"3":{"loc":{"start":{"line":26,"column":12},"end":{"line":28,"column":13}},"type":"if","locations":[{"start":{"line":26,"column":12},"end":{"line":28,"column":13}}]},"4":{"loc":{"start":{"line":29,"column":12},"end":{"line":31,"column":13}},"type":"if","locations":[{"start":{"line":29,"column":12},"end":{"line":31,"column":13}}]}},"s":{"0":1,"1":1,"2":524,"3":524,"4":524,"5":524,"6":552,"7":3,"8":3,"9":2,"10":3,"11":0,"12":552,"13":1},"f":{"0":524,"1":552},"b":{"0":[3],"1":[552,3],"2":[0,3],"3":[2],"4":[0]}}
,"/home/sebastian/Desktop/carasent/asma-jsondiffpatch/src/contexts/patch.ts": {"path":"/home/sebastian/Desktop/carasent/asma-jsondiffpatch/src/contexts/patch.ts","statementMap":{"0":{"start":{"line":2,"column":0},"end":{"line":2,"column":34}},"1":{"start":{"line":12,"column":8},"end":{"line":12,"column":null}},"2":{"start":{"line":13,"column":8},"end":{"line":13,"column":null}},"3":{"start":{"line":14,"column":8},"end":{"line":14,"column":null}},"4":{"start":{"line":15,"column":8},"end":{"line":15,"column":null}},"5":{"start":{"line":19,"column":0},"end":{"line":19,"column":null}}},"fnMap":{"0":{"name":"(anonymous_1)","decl":{"start":{"line":11,"column":4},"end":{"line":11,"column":16}},"loc":{"start":{"line":11,"column":55},"end":{"line":16,"column":5}}}},"branchMap":{},"s":{"0":1,"1":234,"2":234,"3":234,"4":234,"5":1},"f":{"0":234},"b":{}}
,"/home/sebastian/Desktop/carasent/asma-jsondiffpatch/src/contexts/reverse.ts": {"path":"/home/sebastian/Desktop/carasent/asma-jsondiffpatch/src/contexts/reverse.ts","statementMap":{"0":{"start":{"line":2,"column":0},"end":{"line":2,"column":34}},"1":{"start":{"line":12,"column":8},"end":{"line":12,"column":null}},"2":{"start":{"line":13,"column":8},"end":{"line":13,"column":null}},"3":{"start":{"line":14,"column":8},"end":{"line":14,"column":null}},"4":{"start":{"line":18,"column":0},"end":{"line":18,"column":null}}},"fnMap":{"0":{"name":"(anonymous_1)","decl":{"start":{"line":11,"column":4},"end":{"line":11,"column":16}},"loc":{"start":{"line":11,"column":40},"end":{"line":15,"column":5}}}},"branchMap":{},"s":{"0":1,"1":270,"2":270,"3":270,"4":1},"f":{"0":270},"b":{}}
,"/home/sebastian/Desktop/carasent/asma-jsondiffpatch/src/filters/arrays.ts": {"path":"/home/sebastian/Desktop/carasent/asma-jsondiffpatch/src/filters/arrays.ts","statementMap":{"0":{"start":{"line":302,"column":0},"end":{"line":302,"column":16}},"1":{"start":{"line":605,"column":0},"end":{"line":605,"column":16}},"2":{"start":{"line":856,"column":0},"end":{"line":856,"column":16}},"3":{"start":{"line":962,"column":0},"end":{"line":962,"column":16}},"4":{"start":{"line":1,"column":0},"end":{"line":1,"column":45}},"5":{"start":{"line":2,"column":0},"end":{"line":2,"column":47}},"6":{"start":{"line":3,"column":0},"end":{"line":3,"column":51}},"7":{"start":{"line":5,"column":0},"end":{"line":5,"column":26}},"8":{"start":{"line":28,"column":21},"end":{"line":28,"column":22}},"9":{"start":{"line":29,"column":19},"end":{"line":29,"column":20}},"10":{"start":{"line":31,"column":13},"end":{"line":31,"column":null}},"11":{"start":{"line":32,"column":13},"end":{"line":32,"column":null}},"12":{"start":{"line":33,"column":13},"end":{"line":33,"column":null}},"13":{"start":{"line":35,"column":13},"end":{"line":35,"column":null}},"14":{"start":{"line":36,"column":13},"end":{"line":36,"column":null}},"15":{"start":{"line":40,"column":4},"end":{"line":42,"column":5}},"16":{"start":{"line":41,"column":8},"end":{"line":41,"column":null}},"17":{"start":{"line":43,"column":4},"end":{"line":45,"column":5}},"18":{"start":{"line":44,"column":8},"end":{"line":44,"column":null}},"19":{"start":{"line":46,"column":4},"end":{"line":46,"column":null}},"20":{"start":{"line":50,"column":4},"end":{"line":62,"column":11}},"21":{"start":{"line":52,"column":14},"end":{"line":52,"column":null}},"22":{"start":{"line":55,"column":29},"end":{"line":55,"column":41}},"23":{"start":{"line":56,"column":14},"end":{"line":60,"column":15}},"24":{"start":{"line":56,"column":27},"end":{"line":56,"column":28}},"25":{"start":{"line":57,"column":18},"end":{"line":59,"column":19}},"26":{"start":{"line":58,"column":22},"end":{"line":58,"column":null}},"27":{"start":{"line":61,"column":14},"end":{"line":61,"column":null}},"28":{"start":{"line":65,"column":4},"end":{"line":73,"column":5}},"29":{"start":{"line":65,"column":22},"end":{"line":65,"column":23}},"30":{"start":{"line":66,"column":21},"end":{"line":66,"column":35}},"31":{"start":{"line":67,"column":8},"end":{"line":72,"column":9}},"32":{"start":{"line":67,"column":26},"end":{"line":67,"column":27}},"33":{"start":{"line":68,"column":25},"end":{"line":68,"column":39}},"34":{"start":{"line":69,"column":12},"end":{"line":71,"column":13}},"35":{"start":{"line":70,"column":16},"end":{"line":70,"column":null}},"36":{"start":{"line":74,"column":4},"end":{"line":74,"column":null}},"37":{"start":{"line":91,"column":19},"end":{"line":91,"column":33}},"38":{"start":{"line":92,"column":19},"end":{"line":92,"column":33}},"39":{"start":{"line":93,"column":4},"end":{"line":95,"column":5}},"40":{"start":{"line":94,"column":8},"end":{"line":94,"column":null}},"41":{"start":{"line":96,"column":4},"end":{"line":98,"column":5}},"42":{"start":{"line":97,"column":8},"end":{"line":97,"column":null}},"43":{"start":{"line":99,"column":23},"end":{"line":99,"column":41}},"44":{"start":{"line":100,"column":4},"end":{"line":103,"column":5}},"45":{"start":{"line":102,"column":8},"end":{"line":102,"column":null}},"46":{"start":{"line":104,"column":4},"end":{"line":104,"column":null}},"47":{"start":{"line":105,"column":16},"end":{"line":105,"column":42}},"48":{"start":{"line":106,"column":4},"end":{"line":108,"column":5}},"49":{"start":{"line":107,"column":8},"end":{"line":107,"column":null}},"50":{"start":{"line":109,"column":4},"end":{"line":111,"column":5}},"51":{"start":{"line":110,"column":8},"end":{"line":110,"column":null}},"52":{"start":{"line":112,"column":4},"end":{"line":112,"column":null}},"53":{"start":{"line":113,"column":16},"end":{"line":113,"column":42}},"54":{"start":{"line":114,"column":4},"end":{"line":116,"column":5}},"55":{"start":{"line":115,"column":8},"end":{"line":115,"column":null}},"56":{"start":{"line":117,"column":4},"end":{"line":119,"column":5}},"57":{"start":{"line":118,"column":8},"end":{"line":118,"column":null}},"58":{"start":{"line":120,"column":4},"end":{"line":120,"column":null}},"59":{"start":{"line":136,"column":47},"end":{"line":283,"column":1}},"60":{"start":{"line":137,"column":4},"end":{"line":139,"column":5}},"61":{"start":{"line":138,"column":8},"end":{"line":138,"column":14}},"62":{"start":{"line":141,"column":39},"end":{"line":144,"column":null}},"63":{"start":{"line":145,"column":21},"end":{"line":145,"column":22}},"64":{"start":{"line":146,"column":21},"end":{"line":146,"column":22}},"65":{"start":{"line":150,"column":19},"end":{"line":150,"column":53}},"66":{"start":{"line":151,"column":19},"end":{"line":151,"column":54}},"67":{"start":{"line":152,"column":17},"end":{"line":152,"column":30}},"68":{"start":{"line":153,"column":17},"end":{"line":153,"column":30}},"69":{"start":{"line":157,"column":4},"end":{"line":159,"column":5}},"70":{"start":{"line":158,"column":8},"end":{"line":158,"column":null}},"71":{"start":{"line":162,"column":4},"end":{"line":167,"column":5}},"72":{"start":{"line":163,"column":8},"end":{"line":163,"column":null}},"73":{"start":{"line":164,"column":8},"end":{"line":164,"column":null}},"74":{"start":{"line":165,"column":8},"end":{"line":165,"column":null}},"75":{"start":{"line":166,"column":8},"end":{"line":166,"column":null}},"76":{"start":{"line":169,"column":4},"end":{"line":179,"column":5}},"77":{"start":{"line":174,"column":8},"end":{"line":174,"column":null}},"78":{"start":{"line":175,"column":8},"end":{"line":175,"column":null}},"79":{"start":{"line":176,"column":8},"end":{"line":176,"column":null}},"80":{"start":{"line":177,"column":8},"end":{"line":177,"column":null}},"81":{"start":{"line":178,"column":8},"end":{"line":178,"column":null}},"82":{"start":{"line":187,"column":4},"end":{"line":202,"column":5}},"83":{"start":{"line":188,"column":8},"end":{"line":192,"column":9}},"84":{"start":{"line":190,"column":12},"end":{"line":190,"column":null}},"85":{"start":{"line":191,"column":12},"end":{"line":191,"column":18}},"86":{"start":{"line":194,"column":8},"end":{"line":196,"column":null}},"87":{"start":{"line":197,"column":8},"end":{"line":199,"column":9}},"88":{"start":{"line":198,"column":12},"end":{"line":198,"column":null}},"89":{"start":{"line":200,"column":8},"end":{"line":200,"column":null}},"90":{"start":{"line":201,"column":8},"end":{"line":201,"column":14}},"91":{"start":{"line":203,"column":4},"end":{"line":213,"column":5}},"92":{"start":{"line":205,"column":8},"end":{"line":207,"column":null}},"93":{"start":{"line":208,"column":8},"end":{"line":210,"column":9}},"94":{"start":{"line":209,"column":12},"end":{"line":209,"column":null}},"95":{"start":{"line":211,"column":8},"end":{"line":211,"column":null}},"96":{"start":{"line":212,"column":8},"end":{"line":212,"column":14}},"97":{"start":{"line":215,"column":4},"end":{"line":215,"column":null}},"98":{"start":{"line":216,"column":4},"end":{"line":216,"column":null}},"99":{"start":{"line":219,"column":21},"end":{"line":219,"column":64}},"100":{"start":{"line":220,"column":21},"end":{"line":220,"column":64}},"101":{"start":{"line":221,"column":16},"end":{"line":221,"column":69}},"102":{"start":{"line":222,"column":25},"end":{"line":222,"column":27}},"103":{"start":{"line":223,"column":4},"end":{"line":225,"column":null}},"104":{"start":{"line":226,"column":4},"end":{"line":232,"column":5}},"105":{"start":{"line":227,"column":8},"end":{"line":231,"column":9}},"106":{"start":{"line":229,"column":12},"end":{"line":229,"column":null}},"107":{"start":{"line":230,"column":12},"end":{"line":230,"column":null}},"108":{"start":{"line":234,"column":21},"end":{"line":234,"column":25}},"109":{"start":{"line":235,"column":4},"end":{"line":237,"column":5}},"110":{"start":{"line":236,"column":8},"end":{"line":236,"column":null}},"111":{"start":{"line":238,"column":29},"end":{"line":238,"column":34}},"112":{"start":{"line":239,"column":4},"end":{"line":241,"column":5}},"113":{"start":{"line":240,"column":8},"end":{"line":240,"column":null}},"114":{"start":{"line":243,"column":31},"end":{"line":243,"column":50}},"115":{"start":{"line":244,"column":4},"end":{"line":280,"column":5}},"116":{"start":{"line":245,"column":30},"end":{"line":245,"column":70}},"117":{"start":{"line":246,"column":8},"end":{"line":279,"column":9}},"118":{"start":{"line":248,"column":25},"end":{"line":248,"column":30}},"119":{"start":{"line":249,"column":12},"end":{"line":268,"column":13}},"120":{"start":{"line":250,"column":16},"end":{"line":267,"column":17}},"121":{"start":{"line":250,"column":44},"end":{"line":250,"column":45}},"122":{"start":{"line":251,"column":20},"end":{"line":251,"column":null}},"123":{"start":{"line":252,"column":20},"end":{"line":266,"column":21}},"124":{"start":{"line":254,"column":24},"end":{"line":254,"column":null}},"125":{"start":{"line":255,"column":24},"end":{"line":258,"column":25}},"126":{"start":{"line":257,"column":28},"end":{"line":257,"column":null}},"127":{"start":{"line":260,"column":24},"end":{"line":260,"column":null}},"128":{"start":{"line":261,"column":24},"end":{"line":261,"column":null}},"129":{"start":{"line":262,"column":24},"end":{"line":262,"column":null}},"130":{"start":{"line":263,"column":24},"end":{"line":263,"column":null}},"131":{"start":{"line":264,"column":24},"end":{"line":264,"column":null}},"132":{"start":{"line":265,"column":24},"end":{"line":265,"column":29}},"133":{"start":{"line":269,"column":12},"end":{"line":272,"column":13}},"134":{"start":{"line":271,"column":16},"end":{"line":271,"column":null}},"135":{"start":{"line":275,"column":12},"end":{"line":275,"column":null}},"136":{"start":{"line":276,"column":12},"end":{"line":276,"column":null}},"137":{"start":{"line":277,"column":12},"end":{"line":277,"column":null}},"138":{"start":{"line":278,"column":12},"end":{"line":278,"column":null}},"139":{"start":{"line":282,"column":4},"end":{"line":282,"column":null}},"140":{"start":{"line":136,"column":13},"end":{"line":136,"column":47}},"141":{"start":{"line":284,"column":0},"end":{"line":284,"column":null}},"142":{"start":{"line":303,"column":4},"end":{"line":305,"column":5}},"143":{"start":{"line":304,"column":8},"end":{"line":304,"column":14}},"144":{"start":{"line":307,"column":39},"end":{"line":310,"column":null}},"145":{"start":{"line":311,"column":21},"end":{"line":311,"column":22}},"146":{"start":{"line":312,"column":21},"end":{"line":312,"column":22}},"147":{"start":{"line":316,"column":19},"end":{"line":316,"column":53}},"148":{"start":{"line":317,"column":19},"end":{"line":317,"column":54}},"149":{"start":{"line":318,"column":17},"end":{"line":318,"column":30}},"150":{"start":{"line":319,"column":17},"end":{"line":319,"column":30}},"151":{"start":{"line":324,"column":4},"end":{"line":326,"column":5}},"152":{"start":{"line":325,"column":8},"end":{"line":325,"column":null}},"153":{"start":{"line":329,"column":4},"end":{"line":335,"column":5}},"154":{"start":{"line":330,"column":8},"end":{"line":330,"column":null}},"155":{"start":{"line":331,"column":8},"end":{"line":331,"column":null}},"156":{"start":{"line":332,"column":8},"end":{"line":332,"column":null}},"157":{"start":{"line":333,"column":8},"end":{"line":333,"column":null}},"158":{"start":{"line":334,"column":8},"end":{"line":334,"column":null}},"159":{"start":{"line":337,"column":4},"end":{"line":348,"column":5}},"160":{"start":{"line":342,"column":8},"end":{"line":342,"column":null}},"161":{"start":{"line":343,"column":8},"end":{"line":343,"column":null}},"162":{"start":{"line":344,"column":8},"end":{"line":344,"column":null}},"163":{"start":{"line":345,"column":8},"end":{"line":345,"column":null}},"164":{"start":{"line":346,"column":8},"end":{"line":346,"column":null}},"165":{"start":{"line":347,"column":8},"end":{"line":347,"column":null}},"166":{"start":{"line":350,"column":4},"end":{"line":365,"column":5}},"167":{"start":{"line":351,"column":8},"end":{"line":355,"column":9}},"168":{"start":{"line":353,"column":12},"end":{"line":353,"column":null}},"169":{"start":{"line":354,"column":12},"end":{"line":354,"column":18}},"170":{"start":{"line":357,"column":8},"end":{"line":359,"column":null}},"171":{"start":{"line":360,"column":8},"end":{"line":362,"column":9}},"172":{"start":{"line":361,"column":12},"end":{"line":361,"column":null}},"173":{"start":{"line":363,"column":8},"end":{"line":363,"column":null}},"174":{"start":{"line":364,"column":8},"end":{"line":364,"column":14}},"175":{"start":{"line":366,"column":4},"end":{"line":377,"column":5}},"176":{"start":{"line":368,"column":8},"end":{"line":370,"column":null}},"177":{"start":{"line":371,"column":8},"end":{"line":374,"column":9}},"178":{"start":{"line":372,"column":12},"end":{"line":372,"column":null}},"179":{"start":{"line":373,"column":12},"end":{"line":373,"column":null}},"180":{"start":{"line":375,"column":8},"end":{"line":375,"column":null}},"181":{"start":{"line":376,"column":8},"end":{"line":376,"column":14}},"182":{"start":{"line":379,"column":4},"end":{"line":379,"column":null}},"183":{"start":{"line":380,"column":4},"end":{"line":380,"column":null}},"184":{"start":{"line":383,"column":21},"end":{"line":383,"column":64}},"185":{"start":{"line":384,"column":21},"end":{"line":384,"column":64}},"186":{"start":{"line":385,"column":16},"end":{"line":385,"column":69}},"187":{"start":{"line":386,"column":25},"end":{"line":386,"column":27}},"188":{"start":{"line":387,"column":4},"end":{"line":389,"column":null}},"189":{"start":{"line":390,"column":4},"end":{"line":397,"column":5}},"190":{"start":{"line":391,"column":8},"end":{"line":396,"column":9}},"191":{"start":{"line":393,"column":12},"end":{"line":393,"column":null}},"192":{"start":{"line":394,"column":12},"end":{"line":394,"column":null}},"193":{"start":{"line":395,"column":12},"end":{"line":395,"column":null}},"194":{"start":{"line":399,"column":21},"end":{"line":399,"column":25}},"195":{"start":{"line":400,"column":4},"end":{"line":402,"column":5}},"196":{"start":{"line":401,"column":8},"end":{"line":401,"column":null}},"197":{"start":{"line":403,"column":29},"end":{"line":403,"column":34}},"198":{"start":{"line":404,"column":4},"end":{"line":406,"column":5}},"199":{"start":{"line":405,"column":8},"end":{"line":405,"column":null}},"200":{"start":{"line":408,"column":31},"end":{"line":408,"column":50}},"201":{"start":{"line":409,"column":4},"end":{"line":450,"column":5}},"202":{"start":{"line":410,"column":30},"end":{"line":410,"column":76}},"203":{"start":{"line":411,"column":8},"end":{"line":449,"column":9}},"204":{"start":{"line":413,"column":25},"end":{"line":413,"column":30}},"205":{"start":{"line":414,"column":12},"end":{"line":437,"column":13}},"206":{"start":{"line":415,"column":16},"end":{"line":436,"column":17}},"207":{"start":{"line":415,"column":44},"end":{"line":415,"column":45}},"208":{"start":{"line":416,"column":20},"end":{"line":416,"column":null}},"209":{"start":{"line":417,"column":20},"end":{"line":435,"column":21}},"210":{"start":{"line":418,"column":24},"end":{"line":418,"column":null}},"211":{"start":{"line":420,"column":43},"end":{"line":420,"column":102}},"212":{"start":{"line":422,"column":24},"end":{"line":422,"column":null}},"213":{"start":{"line":423,"column":24},"end":{"line":427,"column":25}},"214":{"start":{"line":425,"column":41},"end":{"line":425,"column":77}},"215":{"start":{"line":426,"column":28},"end":{"line":426,"column":null}},"216":{"start":{"line":426,"column":38},"end":{"line":426,"column":null}},"217":{"start":{"line":429,"column":24},"end":{"line":429,"column":null}},"218":{"start":{"line":430,"column":24},"end":{"line":430,"column":null}},"219":{"start":{"line":431,"column":24},"end":{"line":431,"column":null}},"220":{"start":{"line":432,"column":24},"end":{"line":432,"column":null}},"221":{"start":{"line":433,"column":24},"end":{"line":433,"column":null}},"222":{"start":{"line":434,"column":24},"end":{"line":434,"column":29}},"223":{"start":{"line":438,"column":12},"end":{"line":441,"column":13}},"224":{"start":{"line":440,"column":16},"end":{"line":440,"column":null}},"225":{"start":{"line":444,"column":12},"end":{"line":444,"column":null}},"226":{"start":{"line":445,"column":12},"end":{"line":445,"column":null}},"227":{"start":{"line":446,"column":12},"end":{"line":446,"column":null}},"228":{"start":{"line":447,"column":12},"end":{"line":447,"column":null}},"229":{"start":{"line":448,"column":12},"end":{"line":448,"column":null}},"230":{"start":{"line":452,"column":4},"end":{"line":452,"column":null}},"231":{"start":{"line":454,"column":0},"end":{"line":454,"column":null}},"232":{"start":{"line":456,"column":16},"end":{"line":463,"column":null}},"233":{"start":{"line":458,"column":8},"end":{"line":458,"column":null}},"234":{"start":{"line":461,"column":8},"end":{"line":461,"column":null}},"235":{"start":{"line":461,"column":32},"end":{"line":461,"column":72}},"236":{"start":{"line":478,"column":49},"end":{"line":566,"column":1}},"237":{"start":{"line":479,"column":4},"end":{"line":481,"column":5}},"238":{"start":{"line":480,"column":8},"end":{"line":480,"column":14}},"239":{"start":{"line":482,"column":24},"end":{"line":482,"column":65}},"240":{"start":{"line":483,"column":4},"end":{"line":485,"column":5}},"241":{"start":{"line":484,"column":8},"end":{"line":484,"column":14}},"242":{"start":{"line":489,"column":18},"end":{"line":489,"column":43}},"243":{"start":{"line":490,"column":18},"end":{"line":490,"column":43}},"244":{"start":{"line":493,"column":29},"end":{"line":493,"column":31}},"245":{"start":{"line":494,"column":56},"end":{"line":494,"column":58}},"246":{"start":{"line":495,"column":56},"end":{"line":495,"column":58}},"247":{"start":{"line":496,"column":4},"end":{"line":525,"column":5}},"248":{"start":{"line":497,"column":8},"end":{"line":524,"column":9}},"249":{"start":{"line":498,"column":12},"end":{"line":523,"column":13}},"250":{"start":{"line":499,"column":44},"end":{"line":499,"column":65}},"251":{"start":{"line":501,"column":16},"end":{"line":507,"column":17}},"252":{"start":{"line":502,"column":20},"end":{"line":502,"column":null}},"253":{"start":{"line":504,"column":20},"end":{"line":506,"column":null}},"254":{"start":{"line":509,"column":36},"end":{"line":509,"column":56}},"255":{"start":{"line":510,"column":16},"end":{"line":522,"column":17}},"256":{"start":{"line":512,"column":20},"end":{"line":515,"column":null}},"257":{"start":{"line":518,"column":20},"end":{"line":521,"column":null}},"258":{"start":{"line":528,"column":4},"end":{"line":528,"column":null}},"259":{"start":{"line":529,"column":4},"end":{"line":540,"column":5}},"260":{"start":{"line":530,"column":8},"end":{"line":530,"column":null}},"261":{"start":{"line":531,"column":26},"end":{"line":531,"column":45}},"262":{"start":{"line":532,"column":29},"end":{"line":532,"column":55}},"263":{"start":{"line":533,"column":8},"end":{"line":539,"column":9}},"264":{"start":{"line":535,"column":12},"end":{"line":538,"column":null}},"265":{"start":{"line":543,"column":4},"end":{"line":543,"column":null}},"266":{"start":{"line":544,"column":27},"end":{"line":544,"column":42}},"267":{"start":{"line":545,"column":4},"end":{"line":548,"column":5}},"268":{"start":{"line":546,"column":26},"end":{"line":546,"column":41}},"269":{"start":{"line":547,"column":8},"end":{"line":547,"column":null}},"270":{"start":{"line":551,"column":27},"end":{"line":551,"column":42}},"271":{"start":{"line":553,"column":4},"end":{"line":559,"column":5}},"272":{"start":{"line":554,"column":8},"end":{"line":558,"column":9}},"273":{"start":{"line":555,"column":33},"end":{"line":555,"column":48}},"274":{"start":{"line":556,"column":12},"end":{"line":556,"column":null}},"275":{"start":{"line":557,"column":12},"end":{"line":557,"column":null}},"276":{"start":{"line":561,"column":4},"end":{"line":564,"column":5}},"277":{"start":{"line":562,"column":8},"end":{"line":562,"column":null}},"278":{"start":{"line":563,"column":8},"end":{"line":563,"column":14}},"279":{"start":{"line":565,"column":4},"end":{"line":565,"column":null}},"280":{"start":{"line":478,"column":13},"end":{"line":478,"column":49}},"281":{"start":{"line":567,"column":0},"end":{"line":567,"column":null}},"282":{"start":{"line":569,"column":64},"end":{"line":586,"column":1}},"283":{"start":{"line":570,"column":4},"end":{"line":572,"column":5}},"284":{"start":{"line":571,"column":8},"end":{"line":571,"column":14}},"285":{"start":{"line":573,"column":30},"end":{"line":573,"column":71}},"286":{"start":{"line":574,"column":4},"end":{"line":576,"column":5}},"287":{"start":{"line":575,"column":8},"end":{"line":575,"column":14}},"288":{"start":{"line":577,"column":18},"end":{"line":577,"column":43}},"289":{"start":{"line":578,"column":19},"end":{"line":578,"column":42}},"290":{"start":{"line":580,"column":4},"end":{"line":584,"column":5}},"291":{"start":{"line":580,"column":21},"end":{"line":580,"column":22}},"292":{"start":{"line":581,"column":8},"end":{"line":581,"column":null}},"293":{"start":{"line":582,"column":27},"end":{"line":582,"column":52}},"294":{"start":{"line":583,"column":8},"end":{"line":583,"column":null}},"295":{"start":{"line":585,"column":4},"end":{"line":585,"column":null}},"296":{"start":{"line":569,"column":13},"end":{"line":569,"column":64}},"297":{"start":{"line":587,"column":0},"end":{"line":587,"column":null}},"298":{"start":{"line":606,"column":4},"end":{"line":608,"column":5}},"299":{"start":{"line":607,"column":8},"end":{"line":607,"column":14}},"300":{"start":{"line":610,"column":24},"end":{"line":610,"column":69}},"301":{"start":{"line":612,"column":4},"end":{"line":614,"column":5}},"302":{"start":{"line":613,"column":8},"end":{"line":613,"column":14}},"303":{"start":{"line":620,"column":18},"end":{"line":620,"column":47}},"304":{"start":{"line":621,"column":18},"end":{"line":621,"column":43}},"305":{"start":{"line":623,"column":25},"end":{"line":625,"column":null}},"306":{"start":{"line":628,"column":46},"end":{"line":628,"column":48}},"307":{"start":{"line":629,"column":19},"end":{"line":629,"column":21}},"308":{"start":{"line":630,"column":48},"end":{"line":630,"column":50}},"309":{"start":{"line":631,"column":4},"end":{"line":656,"column":5}},"310":{"start":{"line":632,"column":8},"end":{"line":655,"column":9}},"311":{"start":{"line":633,"column":12},"end":{"line":654,"column":13}},"312":{"start":{"line":635,"column":43},"end":{"line":635,"column":114}},"313":{"start":{"line":636,"column":16},"end":{"line":642,"column":17}},"314":{"start":{"line":637,"column":20},"end":{"line":637,"column":null}},"315":{"start":{"line":639,"column":20},"end":{"line":641,"column":null}},"316":{"start":{"line":644,"column":16},"end":{"line":653,"column":17}},"317":{"start":{"line":646,"column":20},"end":{"line":649,"column":null}},"318":{"start":{"line":650,"column":23},"end":{"line":653,"column":17}},"319":{"start":{"line":652,"column":20},"end":{"line":652,"column":null}},"320":{"start":{"line":662,"column":26},"end":{"line":662,"column":28}},"321":{"start":{"line":663,"column":4},"end":{"line":677,"column":5}},"322":{"start":{"line":664,"column":8},"end":{"line":664,"column":null}},"323":{"start":{"line":665,"column":8},"end":{"line":676,"column":9}},"324":{"start":{"line":666,"column":12},"end":{"line":666,"column":null}},"325":{"start":{"line":667,"column":12},"end":{"line":667,"column":null}},"326":{"start":{"line":668,"column":12},"end":{"line":674,"column":13}},"327":{"start":{"line":670,"column":16},"end":{"line":673,"column":null}},"328":{"start":{"line":675,"column":12},"end":{"line":675,"column":20}},"329":{"start":{"line":680,"column":4},"end":{"line":680,"column":null}},"330":{"start":{"line":681,"column":4},"end":{"line":686,"column":5}},"331":{"start":{"line":682,"column":30},"end":{"line":682,"column":52}},"332":{"start":{"line":683,"column":8},"end":{"line":685,"column":9}},"333":{"start":{"line":684,"column":12},"end":{"line":684,"column":null}},"334":{"start":{"line":689,"column":4},"end":{"line":689,"column":null}},"335":{"start":{"line":690,"column":27},"end":{"line":690,"column":42}},"336":{"start":{"line":691,"column":4},"end":{"line":694,"column":5}},"337":{"start":{"line":692,"column":26},"end":{"line":692,"column":41}},"338":{"start":{"line":693,"column":8},"end":{"line":693,"column":null}},"339":{"start":{"line":697,"column":25},"end":{"line":697,"column":46}},"340":{"start":{"line":698,"column":27},"end":{"line":698,"column":46}},"341":{"start":{"line":699,"column":4},"end":{"line":705,"column":5}},"342":{"start":{"line":699,"column":17},"end":{"line":699,"column":18}},"343":{"start":{"line":700,"column":8},"end":{"line":700,"column":null}},"344":{"start":{"line":701,"column":8},"end":{"line":704,"column":9}},"345":{"start":{"line":702,"column":26},"end":{"line":702,"column":86}},"346":{"start":{"line":703,"column":12},"end":{"line":703,"column":null}},"347":{"start":{"line":707,"column":4},"end":{"line":710,"column":5}},"348":{"start":{"line":708,"column":8},"end":{"line":708,"column":null}},"349":{"start":{"line":709,"column":8},"end":{"line":709,"column":14}},"350":{"start":{"line":711,"column":4},"end":{"line":711,"column":null}},"351":{"start":{"line":713,"column":0},"end":{"line":713,"column":null}},"352":{"start":{"line":728,"column":53},"end":{"line":759,"column":1}},"353":{"start":{"line":729,"column":4},"end":{"line":743,"column":5}},"354":{"start":{"line":730,"column":31},"end":{"line":730,"column":118}},"355":{"start":{"line":731,"column":8},"end":{"line":741,"column":9}},"356":{"start":{"line":732,"column":35},"end":{"line":732,"column":63}},"357":{"start":{"line":733,"column":12},"end":{"line":733,"column":null}},"358":{"start":{"line":734,"column":12},"end":{"line":740,"column":null}},"359":{"start":{"line":742,"column":8},"end":{"line":742,"column":14}},"360":{"start":{"line":744,"column":24},"end":{"line":744,"column":65}},"361":{"start":{"line":745,"column":4},"end":{"line":747,"column":5}},"362":{"start":{"line":746,"column":8},"end":{"line":746,"column":14}},"363":{"start":{"line":748,"column":23},"end":{"line":748,"column":48}},"364":{"start":{"line":751,"column":4},"end":{"line":757,"column":5}},"365":{"start":{"line":752,"column":8},"end":{"line":754,"column":9}},"366":{"start":{"line":753,"column":12},"end":{"line":753,"column":20}},"367":{"start":{"line":755,"column":8},"end":{"line":755,"column":null}},"368":{"start":{"line":756,"column":8},"end":{"line":756,"column":null}},"369":{"start":{"line":758,"column":4},"end":{"line":758,"column":null}},"370":{"start":{"line":728,"column":13},"end":{"line":728,"column":53}},"371":{"start":{"line":760,"column":0},"end":{"line":760,"column":null}},"372":{"start":{"line":762,"column":31},"end":{"line":803,"column":1}},"373":{"start":{"line":768,"column":4},"end":{"line":768,"column":null}},"374":{"start":{"line":768,"column":16},"end":{"line":768,"column":null}},"375":{"start":{"line":769,"column":4},"end":{"line":771,"column":5}},"376":{"start":{"line":770,"column":8},"end":{"line":770,"column":null}},"377":{"start":{"line":772,"column":4},"end":{"line":774,"column":5}},"378":{"start":{"line":773,"column":8},"end":{"line":773,"column":null}},"379":{"start":{"line":776,"column":23},"end":{"line":776,"column":29}},"380":{"start":{"line":777,"column":4},"end":{"line":800,"column":5}},"381":{"start":{"line":778,"column":26},"end":{"line":778,"column":73}},"382":{"start":{"line":779,"column":8},"end":{"line":799,"column":9}},"383":{"start":{"line":780,"column":12},"end":{"line":798,"column":13}},"384":{"start":{"line":781,"column":38},"end":{"line":781,"column":82}},"385":{"start":{"line":782,"column":37},"end":{"line":782,"column":64}},"386":{"start":{"line":783,"column":16},"end":{"line":785,"column":17}},"387":{"start":{"line":784,"column":20},"end":{"line":784,"column":null}},"388":{"start":{"line":786,"column":16},"end":{"line":790,"column":17}},"389":{"start":{"line":787,"column":20},"end":{"line":787,"column":null}},"390":{"start":{"line":788,"column":23},"end":{"line":790,"column":17}},"391":{"start":{"line":789,"column":20},"end":{"line":789,"column":null}},"392":{"start":{"line":791,"column":19},"end":{"line":798,"column":13}},"393":{"start":{"line":792,"column":36},"end":{"line":792,"column":80}},"394":{"start":{"line":793,"column":16},"end":{"line":795,"column":17}},"395":{"start":{"line":794,"column":20},"end":{"line":794,"column":null}},"396":{"start":{"line":796,"column":19},"end":{"line":798,"column":13}},"397":{"start":{"line":797,"column":16},"end":{"line":797,"column":null}},"398":{"start":{"line":802,"column":4},"end":{"line":802,"column":null}},"399":{"start":{"line":809,"column":68},"end":{"line":836,"column":1}},"400":{"start":{"line":810,"column":4},"end":{"line":812,"column":5}},"401":{"start":{"line":811,"column":8},"end":{"line":811,"column":14}},"402":{"start":{"line":813,"column":30},"end":{"line":813,"column":71}},"403":{"start":{"line":814,"column":4},"end":{"line":816,"column":5}},"404":{"start":{"line":815,"column":8},"end":{"line":815,"column":14}},"405":{"start":{"line":817,"column":23},"end":{"line":817,"column":54}},"406":{"start":{"line":818,"column":19},"end":{"line":818,"column":42}},"407":{"start":{"line":820,"column":30},"end":{"line":822,"column":null}},"408":{"start":{"line":824,"column":4},"end":{"line":834,"column":5}},"409":{"start":{"line":824,"column":21},"end":{"line":824,"column":22}},"410":{"start":{"line":825,"column":8},"end":{"line":825,"column":null}},"411":{"start":{"line":826,"column":54},"end":{"line":826,"column":67}},"412":{"start":{"line":827,"column":8},"end":{"line":829,"column":9}},"413":{"start":{"line":828,"column":12},"end":{"line":828,"column":null}},"414":{"start":{"line":830,"column":8},"end":{"line":833,"column":9}},"415":{"start":{"line":832,"column":12},"end":{"line":832,"column":null}},"416":{"start":{"line":835,"column":4},"end":{"line":835,"column":null}},"417":{"start":{"line":809,"column":13},"end":{"line":809,"column":68}},"418":{"start":{"line":837,"column":0},"end":{"line":837,"column":null}},"419":{"start":{"line":857,"column":4},"end":{"line":859,"column":5}},"420":{"start":{"line":858,"column":8},"end":{"line":858,"column":14}},"421":{"start":{"line":861,"column":24},"end":{"line":861,"column":69}},"422":{"start":{"line":862,"column":4},"end":{"line":864,"column":5}},"423":{"start":{"line":863,"column":8},"end":{"line":863,"column":14}},"424":{"start":{"line":866,"column":23},"end":{"line":866,"column":52}},"425":{"start":{"line":872,"column":4},"end":{"line":878,"column":5}},"426":{"start":{"line":873,"column":8},"end":{"line":875,"column":9}},"427":{"start":{"line":874,"column":12},"end":{"line":874,"column":20}},"428":{"start":{"line":876,"column":8},"end":{"line":876,"column":null}},"429":{"start":{"line":877,"column":8},"end":{"line":877,"column":null}},"430":{"start":{"line":879,"column":4},"end":{"line":879,"column":null}},"431":{"start":{"line":881,"column":0},"end":{"line":881,"column":null}},"432":{"start":{"line":883,"column":35},"end":{"line":927,"column":1}},"433":{"start":{"line":889,"column":4},"end":{"line":889,"column":null}},"434":{"start":{"line":889,"column":16},"end":{"line":889,"column":null}},"435":{"start":{"line":891,"column":4},"end":{"line":893,"column":5}},"436":{"start":{"line":892,"column":8},"end":{"line":892,"column":null}},"437":{"start":{"line":896,"column":23},"end":{"line":896,"column":38}},"438":{"start":{"line":897,"column":4},"end":{"line":924,"column":5}},"439":{"start":{"line":899,"column":26},"end":{"line":899,"column":66}},"440":{"start":{"line":900,"column":8},"end":{"line":923,"column":9}},"441":{"start":{"line":902,"column":12},"end":{"line":922,"column":13}},"442":{"start":{"line":903,"column":39},"end":{"line":903,"column":75}},"443":{"start":{"line":904,"column":37},"end":{"line":904,"column":73}},"444":{"start":{"line":905,"column":16},"end":{"line":907,"column":17}},"445":{"start":{"line":906,"column":20},"end":{"line":906,"column":null}},"446":{"start":{"line":908,"column":16},"end":{"line":912,"column":17}},"447":{"start":{"line":909,"column":20},"end":{"line":909,"column":null}},"448":{"start":{"line":910,"column":23},"end":{"line":912,"column":17}},"449":{"start":{"line":911,"column":20},"end":{"line":911,"column":null}},"450":{"start":{"line":914,"column":19},"end":{"line":922,"column":13}},"451":{"start":{"line":915,"column":37},"end":{"line":915,"column":75}},"452":{"start":{"line":916,"column":16},"end":{"line":918,"column":17}},"453":{"start":{"line":917,"column":20},"end":{"line":917,"column":null}},"454":{"start":{"line":920,"column":19},"end":{"line":922,"column":13}},"455":{"start":{"line":921,"column":16},"end":{"line":921,"column":null}},"456":{"start":{"line":926,"column":4},"end":{"line":926,"column":null}},"457":{"start":{"line":963,"column":4},"end":{"line":965,"column":5}},"458":{"start":{"line":964,"column":8},"end":{"line":964,"column":14}},"459":{"start":{"line":966,"column":25},"end":{"line":968,"column":null}},"460":{"start":{"line":971,"column":4},"end":{"line":1016,"column":5}},"461":{"start":{"line":973,"column":29},"end":{"line":973,"column":55}},"462":{"start":{"line":975,"column":8},"end":{"line":982,"column":9}},"463":{"start":{"line":976,"column":29},"end":{"line":976,"column":70}},"464":{"start":{"line":978,"column":12},"end":{"line":979,"column":null}},"465":{"start":{"line":980,"column":12},"end":{"line":980,"column":null}},"466":{"start":{"line":981,"column":12},"end":{"line":981,"column":18}},"467":{"start":{"line":985,"column":8},"end":{"line":1008,"column":9}},"468":{"start":{"line":987,"column":12},"end":{"line":1000,"column":13}},"469":{"start":{"line":988,"column":16},"end":{"line":995,"column":17}},"470":{"start":{"line":991,"column":20},"end":{"line":991,"column":null}},"471":{"start":{"line":994,"column":20},"end":{"line":994,"column":null}},"472":{"start":{"line":996,"column":16},"end":{"line":998,"column":null}},"473":{"start":{"line":999,"column":16},"end":{"line":999,"column":22}},"474":{"start":{"line":1003,"column":12},"end":{"line":1007,"column":13}},"475":{"start":{"line":1004,"column":16},"end":{"line":1004,"column":null}},"476":{"start":{"line":1005,"column":16},"end":{"line":1005,"column":null}},"477":{"start":{"line":1006,"column":16},"end":{"line":1006,"column":22}},"478":{"start":{"line":1011,"column":8},"end":{"line":1013,"column":9}},"479":{"start":{"line":1012,"column":12},"end":{"line":1012,"column":18}},"480":{"start":{"line":1015,"column":8},"end":{"line":1015,"column":14}},"481":{"start":{"line":1020,"column":4},"end":{"line":1044,"column":5}},"482":{"start":{"line":1021,"column":34},"end":{"line":1021,"column":65}},"483":{"start":{"line":1022,"column":8},"end":{"line":1024,"column":9}},"484":{"start":{"line":1023,"column":12},"end":{"line":1023,"column":18}},"485":{"start":{"line":1026,"column":23},"end":{"line":1026,"column":46}},"486":{"start":{"line":1028,"column":38},"end":{"line":1030,"column":null}},"487":{"start":{"line":1032,"column":8},"end":{"line":1042,"column":9}},"488":{"start":{"line":1032,"column":25},"end":{"line":1032,"column":26}},"489":{"start":{"line":1033,"column":12},"end":{"line":1033,"column":null}},"490":{"start":{"line":1035,"column":80},"end":{"line":1035,"column":93}},"491":{"start":{"line":1036,"column":12},"end":{"line":1038,"column":13}},"492":{"start":{"line":1037,"column":16},"end":{"line":1037,"column":null}},"493":{"start":{"line":1039,"column":12},"end":{"line":1041,"column":13}},"494":{"start":{"line":1040,"column":16},"end":{"line":1040,"column":null}},"495":{"start":{"line":1043,"column":8},"end":{"line":1043,"column":null}},"496":{"start":{"line":1046,"column":0},"end":{"line":1046,"column":null}}},"fnMap":{"0":{"name":"hashOrIndex","decl":{"start":{"line":38,"column":9},"end":{"line":38,"column":20}},"loc":{"start":{"line":38,"column":90},"end":{"line":47,"column":1}}},"1":{"name":"(anonymous_2)","decl":{"start":{"line":51,"column":10},"end":{"line":51,"column":20}},"loc":{"start":{"line":51,"column":51},"end":{"line":53,"column":11}}},"2":{"name":"(anonymous_3)","decl":{"start":{"line":54,"column":10},"end":{"line":54,"column":20}},"loc":{"start":{"line":54,"column":51},"end":{"line":62,"column":11}}},"3":{"name":"arraysHaveMatchByRef","decl":{"start":{"line":64,"column":9},"end":{"line":64,"column":29}},"loc":{"start":{"line":64,"column":112},"end":{"line":75,"column":1}}},"4":{"name":"matchItems","decl":{"start":{"line":84,"column":9},"end":{"line":84,"column":19}},"loc":{"start":{"line":89,"column":25},"end":{"line":121,"column":1}}},"5":{"name":"arraysDiffFilter","decl":{"start":{"line":136,"column":56},"end":{"line":136,"column":72}},"loc":{"start":{"line":136,"column":80},"end":{"line":283,"column":1}}},"6":{"name":"hashDiffFilter","decl":{"start":{"line":302,"column":16},"end":{"line":302,"column":30}},"loc":{"start":{"line":302,"column":51},"end":{"line":453,"column":1}}},"7":{"name":"(anonymous_8)","decl":{"start":{"line":457,"column":4},"end":{"line":457,"column":15}},"loc":{"start":{"line":457,"column":48},"end":{"line":459,"column":5}}},"8":{"name":"(anonymous_9)","decl":{"start":{"line":460,"column":4},"end":{"line":460,"column":17}},"loc":{"start":{"line":460,"column":87},"end":{"line":462,"column":5}}},"9":{"name":"(anonymous_10)","decl":{"start":{"line":461,"column":15},"end":{"line":461,"column":16}},"loc":{"start":{"line":461,"column":32},"end":{"line":461,"column":72}}},"10":{"name":"nestedPatchFilter","decl":{"start":{"line":478,"column":58},"end":{"line":478,"column":75}},"loc":{"start":{"line":478,"column":83},"end":{"line":566,"column":1}}},"11":{"name":"collectChildrenPatchFilter","decl":{"start":{"line":569,"column":73},"end":{"line":569,"column":99}},"loc":{"start":{"line":569,"column":107},"end":{"line":586,"column":1}}},"12":{"name":"hashPatchFilter","decl":{"start":{"line":605,"column":16},"end":{"line":605,"column":31}},"loc":{"start":{"line":605,"column":53},"end":{"line":712,"column":1}}},"13":{"name":"arraysReverseFilter","decl":{"start":{"line":728,"column":62},"end":{"line":728,"column":81}},"loc":{"start":{"line":728,"column":89},"end":{"line":759,"column":1}}},"14":{"name":"(anonymous_15)","decl":{"start":{"line":762,"column":31},"end":{"line":762,"column":null}},"loc":{"start":{"line":766,"column":4},"end":{"line":803,"column":1}}},"15":{"name":"(anonymous_16)","decl":{"start":{"line":809,"column":68},"end":{"line":809,"column":69}},"loc":{"start":{"line":809,"column":80},"end":{"line":836,"column":1}}},"16":{"name":"hashReverseFilter","decl":{"start":{"line":856,"column":16},"end":{"line":856,"column":33}},"loc":{"start":{"line":856,"column":57},"end":{"line":880,"column":1}}},"17":{"name":"(anonymous_18)","decl":{"start":{"line":883,"column":35},"end":{"line":883,"column":null}},"loc":{"start":{"line":885,"column":30},"end":{"line":927,"column":1}}},"18":{"name":"collectChildrenHashReverseFilter","decl":{"start":{"line":962,"column":16},"end":{"line":962,"column":48}},"loc":{"start":{"line":962,"column":72},"end":{"line":1045,"column":1}}}},"branchMap":{"0":{"loc":{"start":{"line":40,"column":4},"end":{"line":42,"column":5}},"type":"if","locations":[{"start":{"line":
[...]
column":null}},"64":{"start":{"line":184,"column":12},"end":{"line":184,"column":null}},"65":{"start":{"line":187,"column":12},"end":{"line":187,"column":null}},"66":{"start":{"line":188,"column":12},"end":{"line":188,"column":null}},"67":{"start":{"line":174,"column":13},"end":{"line":174,"column":28}},"68":{"start":{"line":191,"column":17},"end":{"line":191,"column":46}},"69":{"start":{"line":191,"column":33},"end":{"line":191,"column":46}},"70":{"start":{"line":192,"column":19},"end":{"line":192,"column":50}},"71":{"start":{"line":192,"column":35},"end":{"line":192,"column":50}},"72":{"start":{"line":194,"column":19},"end":{"line":198,"column":1}},"73":{"start":{"line":195,"column":43},"end":{"line":195,"column":85}},"74":{"start":{"line":196,"column":29},"end":{"line":196,"column":61}},"75":{"start":{"line":197,"column":4},"end":{"line":197,"column":null}},"76":{"start":{"line":202,"column":22},"end":{"line":208,"column":1}},"77":{"start":{"line":203,"column":4},"end":{"line":205,"column":5}},"78":{"start":{"line":204,"column":8},"end":{"line":204,"column":null}},"79":{"start":{"line":207,"column":4},"end":{"line":207,"column":null}},"80":{"start":{"line":202,"column":13},"end":{"line":202,"column":22}},"81":{"start":{"line":210,"column":19},"end":{"line":212,"column":1}},"82":{"start":{"line":211,"column":4},"end":{"line":211,"column":null}},"83":{"start":{"line":210,"column":13},"end":{"line":210,"column":19}}},"fnMap":{"0":{"name":"(anonymous_1)","decl":{"start":{"line":47,"column":4},"end":{"line":47,"column":null}},"loc":{"start":{"line":47,"column":4},"end":{"line":50,"column":5}}},"1":{"name":"(anonymous_2)","decl":{"start":{"line":52,"column":4},"end":{"line":52,"column":18}},"loc":{"start":{"line":52,"column":57},"end":{"line":88,"column":5}}},"2":{"name":"(anonymous_3)","decl":{"start":{"line":56,"column":32},"end":{"line":56,"column":42}},"loc":{"start":{"line":56,"column":45},"end":{"line":68,"column":9}}},"3":{"name":"(anonymous_4)","decl":{"start":{"line":70,"column":29},"end":{"line":70,"column":39}},"loc":{"start":{"line":70,"column":41},"end":{"line":77,"column":9}}},"4":{"name":"(anonymous_5)","decl":{"start":{"line":79,"column":30},"end":{"line":79,"column":null}},"loc":{"start":{"line":79,"column":30},"end":{"line":81,"column":9}}},"5":{"name":"(anonymous_6)","decl":{"start":{"line":83,"column":25},"end":{"line":83,"column":35}},"loc":{"start":{"line":83,"column":41},"end":{"line":87,"column":9}}},"6":{"name":"(anonymous_7)","decl":{"start":{"line":90,"column":4},"end":{"line":90,"column":32}},"loc":{"start":{"line":90,"column":76},"end":{"line":93,"column":5}}},"7":{"name":"(anonymous_8)","decl":{"start":{"line":95,"column":4},"end":{"line":95,"column":13}},"loc":{"start":{"line":95,"column":13},"end":{"line":95,"column":18}}},"8":{"name":"(anonymous_9)","decl":{"start":{"line":97,"column":4},"end":{"line":97,"column":11}},"loc":{"start":{"line":97,"column":11},"end":{"line":97,"column":16}}},"9":{"name":"(anonymous_10)","decl":{"start":{"line":99,"column":4},"end":{"line":99,"column":13}},"loc":{"start":{"line":99,"column":84},"end":{"line":101,"column":5}}},"10":{"name":"(anonymous_11)","decl":{"start":{"line":103,"column":4},"end":{"line":103,"column":11}},"loc":{"start":{"line":103,"column":42},"end":{"line":105,"column":5}}},"11":{"name":"(anonymous_12)","decl":{"start":{"line":107,"column":4},"end":{"line":107,"column":20}},"loc":{"start":{"line":107,"column":20},"end":{"line":107,"column":25}}},"12":{"name":"(anonymous_13)","decl":{"start":{"line":109,"column":4},"end":{"line":109,"column":26}},"loc":{"start":{"line":109,"column":26},"end":{"line":109,"column":31}}},"13":{"name":"(anonymous_14)","decl":{"start":{"line":111,"column":4},"end":{"line":111,"column":15}},"loc":{"start":{"line":111,"column":93},"end":{"line":113,"column":5}}},"14":{"name":"(anonymous_15)","decl":{"start":{"line":115,"column":4},"end":{"line":115,"column":16}},"loc":{"start":{"line":115,"column":65},"end":{"line":117,"column":5}}},"15":{"name":"(anonymous_16)","decl":{"start":{"line":119,"column":4},"end":{"line":119,"column":19}},"loc":{"start":{"line":119,"column":71},"end":{"line":121,"column":5}}},"16":{"name":"(anonymous_17)","decl":{"start":{"line":123,"column":4},"end":{"line":123,"column":18}},"loc":{"start":{"line":123,"column":48},"end":{"line":125,"column":5}}},"17":{"name":"(anonymous_18)","decl":{"start":{"line":127,"column":4},"end":{"line":127,"column":16}},"loc":{"start":{"line":127,"column":65},"end":{"line":130,"column":5}}},"18":{"name":"(anonymous_19)","decl":{"start":{"line":132,"column":4},"end":{"line":132,"column":19}},"loc":{"start":{"line":132,"column":19},"end":{"line":134,"column":5}}},"19":{"name":"(anonymous_20)","decl":{"start":{"line":136,"column":4},"end":{"line":136,"column":10}},"loc":{"start":{"line":136,"column":39},"end":{"line":142,"column":5}}},"20":{"name":"(anonymous_21)","decl":{"start":{"line":147,"column":13},"end":{"line":147,"column":17}},"loc":{"start":{"line":147,"column":30},"end":{"line":147,"column":49}}},"21":{"name":"(anonymous_22)","decl":{"start":{"line":149,"column":15},"end":{"line":149,"column":19}},"loc":{"start":{"line":149,"column":61},"end":{"line":152,"column":1}}},"22":{"name":"(anonymous_23)","decl":{"start":{"line":154,"column":27},"end":{"line":154,"column":28}},"loc":{"start":{"line":154,"column":62},"end":{"line":162,"column":1}}},"23":{"name":"(anonymous_24)","decl":{"start":{"line":164,"column":29},"end":{"line":164,"column":30}},"loc":{"start":{"line":165,"column":4},"end":{"line":172,"column":6}}},"24":{"name":"(anonymous_25)","decl":{"start":{"line":165,"column":22},"end":{"line":165,"column":23}},"loc":{"start":{"line":165,"column":31},"end":{"line":172,"column":5}}},"25":{"name":"(anonymous_26)","decl":{"start":{"line":174,"column":28},"end":{"line":174,"column":29}},"loc":{"start":{"line":174,"column":72},"end":{"line":190,"column":1}}},"26":{"name":"(anonymous_27)","decl":{"start":{"line":177,"column":13},"end":{"line":177,"column":16}},"loc":{"start":{"line":177,"column":19},"end":{"line":177,"column":21}}},"27":{"name":"(anonymous_28)","decl":{"start":{"line":179,"column":13},"end":{"line":179,"column":14}},"loc":{"start":{"line":179,"column":22},"end":{"line":185,"column":9}}},"28":{"name":"(anonymous_29)","decl":{"start":{"line":180,"column":35},"end":{"line":180,"column":36}},"loc":{"start":{"line":180,"column":43},"end":{"line":180,"column":51}}},"29":{"name":"(anonymous_30)","decl":{"start":{"line":186,"column":16},"end":{"line":186,"column":17}},"loc":{"start":{"line":186,"column":30},"end":{"line":189,"column":9}}},"30":{"name":"(anonymous_31)","decl":{"start":{"line":191,"column":17},"end":{"line":191,"column":18}},"loc":{"start":{"line":191,"column":33},"end":{"line":191,"column":46}}},"31":{"name":"(anonymous_32)","decl":{"start":{"line":192,"column":19},"end":{"line":192,"column":20}},"loc":{"start":{"line":192,"column":35},"end":{"line":192,"column":50}}},"32":{"name":"(anonymous_33)","decl":{"start":{"line":194,"column":19},"end":{"line":194,"column":20}},"loc":{"start":{"line":194,"column":34},"end":{"line":198,"column":1}}},"33":{"name":"(anonymous_34)","decl":{"start":{"line":202,"column":22},"end":{"line":202,"column":23}},"loc":{"start":{"line":202,"column":67},"end":{"line":208,"column":1}}},"34":{"name":"(anonymous_35)","decl":{"start":{"line":210,"column":19},"end":{"line":210,"column":20}},"loc":{"start":{"line":210,"column":52},"end":{"line":212,"column":1}}}},"branchMap":{"0":{"loc":{"start":{"line":57,"column":12},"end":{"line":67,"column":13}},"type":"if","locations":[{"start":{"line":57,"column":12},"end":{"line":67,"column":13}},{"start":{"line":63,"column":19},"end":{"line":67,"column":13}}]},"1":{"loc":{"start":{"line":57,"column":16},"end":{"line":57,"column":56}},"type":"binary-expr","locations":[{"start":{"line":57,"column":16},"end":{"line":57,"column":32}},{"start":{"line":57,"column":36},"end":{"line":57,"column":56}}]},"2":{"loc":{"start":{"line":63,"column":19},"end":{"line":67,"column":13}},"type":"if","locations":[{"start":{"line":63,"column":19},"end":{"line":67,"column":13}},{"start":{"line":65,"column":19},"end":{"line":67,"column":13}}]},"3":{"loc":{"start":{"line":158,"column":4},"end":{"line":160,"column":5}},"type":"if","locations":[{"start":{"line":158,"column":4},"end":{"line":160,"column":5}}]},"4":{"loc":{"start":{"line":158,"column":10},"end":{"line":158,"column":52}},"type":"binary-expr","locations":[{"start":{"line":158,"column":10},"end":{"line":158,"column":29}},{"start":{"line":158,"column":33},"end":{"line":158,"column":52}}]},"5":{"loc":{"start":{"line":168,"column":8},"end":{"line":170,"column":9}},"type":"if","locations":[{"start":{"line":168,"column":8},"end":{"line":170,"column":9}}]},"6":{"loc":{"start":{"line":181,"column":12},"end":{"line":183,"column":13}},"type":"if","locations":[{"start":{"line":181,"column":12},"end":{"line":183,"column":13}}]},"7":{"loc":{"start":{"line":187,"column":12},"end":{"line":187,"column":47}},"type":"cond-expr","locations":[{"start":{"line":187,"column":30},"end":{"line":187,"column":32}},{"start":{"line":187,"column":30},"end":{"line":187,"column":47}}]},"8":{"loc":{"start":{"line":187,"column":12},"end":{"line":187,"column":32}},"type":"binary-expr","locations":[{"start":{"line":187,"column":12},"end":{"line":187,"column":32}},{"start":{"line":187,"column":30},"end":{"line":187,"column":32}}]},"9":{"loc":{"start":{"line":203,"column":4},"end":{"line":205,"column":5}},"type":"if","locations":[{"start":{"line":203,"column":4},"end":{"line":205,"column":5}}]}},"s":{"0":1,"1":1,"2":1,"3":1,"4":14,"5":14,"6":14,"7":14,"8":16,"9":9,"10":7,"11":7,"12":0,"13":14,"14":5,"15":5,"16":14,"17":21,"18":14,"19":5,"20":5,"21":5,"22":0,"23":33,"24":33,"25":22,"26":3,"27":6,"28":7,"29":5,"30":5,"31":0,"32":14,"33":14,"34":14,"35":14,"36":14,"37":1,"38":1,"39":2,"40":1,"41":14,"42":14,"43":1,"44":1,"45":1,"46":1,"47":1,"48":0,"49":1,"50":14,"51":2,"52":2,"53":2,"54":1,"55":1,"56":1,"57":14,"58":42,"59":14,"60":21,"61":42,"62":21,"63":9,"64":21,"65":21,"66":21,"67":1,"68":1,"69":21,"70":1,"71":21,"72":1,"73":14,"74":14,"75":14,"76":1,"77":14,"78":1,"79":14,"80":1,"81":1,"82":0,"83":1},"f":{"0":1,"1":14,"2":16,"3":5,"4":21,"5":5,"6":0,"7":13,"8":13,"9":33,"10":33,"11":0,"12":3,"13":22,"14":3,"15":6,"16":7,"17":5,"18":0,"19":14,"20":2,"21":14,"22":1,"23":14,"24":2,"25":14,"26":42,"27":21,"28":42,"29":21,"30":21,"31":21,"32":14,"33":14,"34":0},"b":{"0":[9,7],"1":[16,13],"2":[7,0],"3":[1],"4":[1,1],"5":[1],"6":[9],"7":[0,21],"8":[21,21],"9":[1]}}
,"/home/sebastian/Desktop/carasent/asma-jsondiffpatch/test/examples/diffpatch.ts": {"path":"/home/sebastian/Desktop/carasent/asma-jsondiffpatch/test/examples/diffpatch.ts","statementMap":{"0":{"start":{"line":1,"column":0},"end":{"line":1,"column":45}},"1":{"start":{"line":18,"column":20},"end":{"line":18,"column":59}},"2":{"start":{"line":18,"column":26},"end":{"line":18,"column":59}},"3":{"start":{"line":20,"column":35},"end":{"line":529,"column":null}},"4":{"start":{"line":94,"column":12},"end":{"line":94,"column":null}},"5":{"start":{"line":160,"column":12},"end":{"line":160,"column":null}},"6":{"start":{"line":226,"column":12},"end":{"line":226,"column":null}},"7":{"start":{"line":286,"column":12},"end":{"line":286,"column":null}},"8":{"start":{"line":347,"column":12},"end":{"line":347,"column":null}},"9":{"start":{"line":444,"column":12},"end":{"line":444,"column":null}},"10":{"start":{"line":454,"column":12},"end":{"line":454,"column":null}},"11":{"start":{"line":509,"column":12},"end":{"line":509,"column":null}},"12":{"start":{"line":525,"column":12},"end":{"line":525,"column":null}},"13":{"start":{"line":531,"column":18},"end":{"line":533,"column":null}},"14":{"start":{"line":534,"column":18},"end":{"line":575,"column":null}},"15":{"start":{"line":577,"column":27},"end":{"line":633,"column":null}},"16":{"start":{"line":635,"column":30},"end":{"line":814,"column":null}},"17":{"start":{"line":816,"column":29},"end":{"line":1392,"column":null}},"18":{"start":{"line":888,"column":16},"end":{"line":890,"column":17}},"19":{"start":{"line":889,"column":20},"end":{"line":889,"column":null}},"20":{"start":{"line":946,"column":16},"end":{"line":948,"column":17}},"21":{"start":{"line":947,"column":20},"end":{"line":947,"column":null}},"22":{"start":{"line":1009,"column":16},"end":{"line":1011,"column":17}},"23":{"start":{"line":1010,"column":20},"end":{"line":1010,"column":null}},"24":{"start":{"line":1107,"column":16},"end":{"line":1109,"column":17}},"25":{"start":{"line":1108,"column":20},"end":{"line":1108,"column":null}},"26":{"start":{"line":1181,"column":16},"end":{"line":1183,"column":17}},"27":{"start":{"line":1182,"column":20},"end":{"line":1182,"column":null}},"28":{"start":{"line":1238,"column":16},"end":{"line":1240,"column":17}},"29":{"start":{"line":1239,"column":20},"end":{"line":1239,"column":null}},"30":{"start":{"line":1300,"column":16},"end":{"line":1302,"column":17}},"31":{"start":{"line":1301,"column":20},"end":{"line":1301,"column":null}},"32":{"start":{"line":1363,"column":16},"end":{"line":1363,"column":null}},"33":{"start":{"line":1394,"column":47},"end":{"line":1399,"column":null}},"34":{"start":{"line":1400,"column":0},"end":{"line":1400,"column":null}}},"fnMap":{"0":{"name":"(anonymous_1)","decl":{"start":{"line":18,"column":20},"end":{"line":18,"column":23}},"loc":{"start":{"line":18,"column":26},"end":{"line":18,"column":59}}},"1":{"name":"(anonymous_2)","decl":{"start":{"line":93,"column":8},"end":{"line":93,"column":13}},"loc":{"start":{"line":93,"column":23},"end":{"line":95,"column":9}}},"2":{"name":"(anonymous_3)","decl":{"start":{"line":159,"column":8},"end":{"line":159,"column":13}},"loc":{"start":{"line":159,"column":23},"end":{"line":161,"column":9}}},"3":{"name":"(anonymous_4)","decl":{"start":{"line":225,"column":8},"end":{"line":225,"column":13}},"loc":{"start":{"line":225,"column":23},"end":{"line":227,"column":9}}},"4":{"name":"(anonymous_5)","decl":{"start":{"line":285,"column":8},"end":{"line":285,"column":13}},"loc":{"start":{"line":285,"column":23},"end":{"line":287,"column":9}}},"5":{"name":"(anonymous_6)","decl":{"start":{"line":346,"column":8},"end":{"line":346,"column":13}},"loc":{"start":{"line":346,"column":23},"end":{"line":348,"column":9}}},"6":{"name":"(anonymous_7)","decl":{"start":{"line":443,"column":8},"end":{"line":443,"column":13}},"loc":{"start":{"line":443,"column":23},"end":{"line":445,"column":9}}},"7":{"name":"(anonymous_8)","decl":{"start":{"line":453,"column":8},"end":{"line":453,"column":13}},"loc":{"start":{"line":453,"column":23},"end":{"line":455,"column":9}}},"8":{"name":"(anonymous_9)","decl":{"start":{"line":508,"column":8},"end":{"line":508,"column":13}},"loc":{"start":{"line":508,"column":23},"end":{"line":510,"column":9}}},"9":{"name":"(anonymous_10)","decl":{"start":{"line":524,"column":8},"end":{"line":524,"column":13}},"loc":{"start":{"line":524,"column":23},"end":{"line":526,"column":9}}},"10":{"name":"(anonymous_11)","decl":{"start":{"line":887,"column":12},"end":{"line":887,"column":22}},"loc":{"start":{"line":887,"column":43},"end":{"line":891,"column":13}}},"11":{"name":"(anonymous_12)","decl":{"start":{"line":945,"column":12},"end":{"line":945,"column":22}},"loc":{"start":{"line":945,"column":43},"end":{"line":949,"column":13}}},"12":{"name":"(anonymous_13)","decl":{"start":{"line":1008,"column":12},"end":{"line":1008,"column":22}},"loc":{"start":{"line":1008,"column":43},"end":{"line":1012,"column":13}}},"13":{"name":"(anonymous_14)","decl":{"start":{"line":1106,"column":12},"end":{"line":1106,"column":22}},"loc":{"start":{"line":1106,"column":43},"end":{"line":1110,"column":13}}},"14":{"name":"(anonymous_15)","decl":{"start":{"line":1180,"column":12},"end":{"line":1180,"column":22}},"loc":{"start":{"line":1180,"column":43},"end":{"line":1184,"column":13}}},"15":{"name":"(anonymous_16)","decl":{"start":{"line":1237,"column":12},"end":{"line":1237,"column":22}},"loc":{"start":{"line":1237,"column":43},"end":{"line":1241,"column":13}}},"16":{"name":"(anonymous_17)","decl":{"start":{"line":1299,"column":12},"end":{"line":1299,"column":22}},"loc":{"start":{"line":1299,"column":48},"end":{"line":1303,"column":13}}},"17":{"name":"(anonymous_18)","decl":{"start":{"line":1362,"column":12},"end":{"line":1362,"column":26}},"loc":{"start":{"line":1362,"column":46},"end":{"line":1364,"column":13}}}},"branchMap":{"0":{"loc":{"start":{"line":888,"column":16},"end":{"line":890,"column":17}},"type":"if","locations":[{"start":{"line":888,"column":16},"end":{"line":890,"column":17}}]},"1":{"loc":{"start":{"line":888,"column":20},"end":{"line":888,"column":33}},"type":"binary-expr","locations":[{"start":{"line":888,"column":20},"end":{"line":888,"column":23}},{"start":{"line":888,"column":27},"end":{"line":888,"column":33}}]},"2":{"loc":{"start":{"line":946,"column":16},"end":{"line":948,"column":17}},"type":"if","locations":[{"start":{"line":946,"column":16},"end":{"line":948,"column":17}}]},"3":{"loc":{"start":{"line":946,"column":20},"end":{"line":946,"column":33}},"type":"binary-expr","locations":[{"start":{"line":946,"column":20},"end":{"line":946,"column":23}},{"start":{"line":946,"column":27},"end":{"line":946,"column":33}}]},"4":{"loc":{"start":{"line":1009,"column":16},"end":{"line":1011,"column":17}},"type":"if","locations":[{"start":{"line":1009,"column":16},"end":{"line":1011,"column":17}}]},"5":{"loc":{"start":{"line":1009,"column":20},"end":{"line":1009,"column":33}},"type":"binary-expr","locations":[{"start":{"line":1009,"column":20},"end":{"line":1009,"column":23}},{"start":{"line":1009,"column":27},"end":{"line":1009,"column":33}}]},"6":{"loc":{"start":{"line":1107,"column":16},"end":{"line":1109,"column":17}},"type":"if","locations":[{"start":{"line":1107,"column":16},"end":{"line":1109,"column":17}}]},"7":{"loc":{"start":{"line":1107,"column":20},"end":{"line":1107,"column":33}},"type":"binary-expr","locations":[{"start":{"line":1107,"column":20},"end":{"line":1107,"column":23}},{"start":{"line":1107,"column":27},"end":{"line":1107,"column":33}}]},"8":{"loc":{"start":{"line":1181,"column":16},"end":{"line":1183,"column":17}},"type":"if","locations":[{"start":{"line":1181,"column":16},"end":{"line":1183,"column":17}}]},"9":{"loc":{"start":{"line":1181,"column":20},"end":{"line":1181,"column":33}},"type":"binary-expr","locations":[{"start":{"line":1181,"column":20},"end":{"line":1181,"column":23}},{"start":{"line":1181,"column":27},"end":{"line":1181,"column":33}}]},"10":{"loc":{"start":{"line":1238,"column":16},"end":{"line":1240,"column":17}},"type":"if","locations":[{"start":{"line":1238,"column":16},"end":{"line":1240,"column":17}}]},"11":{"loc":{"start":{"line":1238,"column":20},"end":{"line":1238,"column":33}},"type":"binary-expr","locations":[{"start":{"line":1238,"column":20},"end":{"line":1238,"column":23}},{"start":{"line":1238,"column":27},"end":{"line":1238,"column":33}}]},"12":{"loc":{"start":{"line":1300,"column":16},"end":{"line":1302,"column":17}},"type":"if","locations":[{"start":{"line":1300,"column":16},"end":{"line":1302,"column":17}}]},"13":{"loc":{"start":{"line":1300,"column":20},"end":{"line":1300,"column":38}},"type":"binary-expr","locations":[{"start":{"line":1300,"column":20},"end":{"line":1300,"column":23}},{"start":{"line":1300,"column":27},"end":{"line":1300,"column":38}}]}},"s":{"0":1,"1":1,"2":30,"3":1,"4":0,"5":0,"6":0,"7":0,"8":0,"9":0,"10":0,"11":0,"12":0,"13":1,"14":1,"15":1,"16":1,"17":1,"18":8,"19":8,"20":8,"21":8,"22":36,"23":36,"24":32,"25":32,"26":30,"27":30,"28":24,"29":24,"30":8,"31":8,"32":16,"33":1,"34":1},"f":{"0":30,"1":0,"2":0,"3":0,"4":0,"5":0,"6":0,"7":0,"8":0,"9":0,"10":8,"11":8,"12":36,"13":32,"14":30,"15":24,"16":8,"17":16},"b":{"0":[8],"1":[8,8],"2":[8],"3":[8,8],"4":[36],"5":[36,36],"6":[32],"7":[32,32],"8":[30],"9":[30,30],"10":[24],"11":[24,24],"12":[8],"13":[8,8]}}
}
