TN:
SF:src/clone.ts
FN:1,cloneRegExp
FN:6,clone
FNF:2
FNH:2
FNDA:3,cloneRegExp
FNDA:529,clone
DA:2,3
DA:3,3
DA:6,1
DA:7,529
DA:8,349
DA:10,180
DA:11,9
DA:13,171
DA:14,36
DA:16,135
DA:17,13
DA:19,122
DA:20,3
DA:22,119
DA:23,119
DA:24,168
DA:25,168
DA:28,119
LF:18
LH:18
BRDA:7,0,0,349
BRDA:10,1,0,9
BRDA:13,2,0,36
BRDA:16,3,0,13
BRDA:19,4,0,3
BRDA:24,5,0,168
BRF:6
BRH:6
end_of_record
TN:
SF:src/date-reviver.ts
FN:2,dateReviver
FNF:1
FNH:0
FNDA:0,dateReviver
DA:2,1
DA:4,0
DA:5,0
DA:6,0
DA:7,0
DA:20,0
LF:6
LH:1
BRDA:4,0,0,0
BRDA:6,1,0,0
BRDA:9,2,0,0
BRDA:9,2,1,0
BRDA:9,3,0,0
BRDA:9,3,1,0
BRDA:10,4,0,0
BRDA:10,4,1,0
BRDA:10,5,0,0
BRDA:10,5,1,0
BRDA:11,6,0,0
BRDA:11,6,1,0
BRDA:11,7,0,0
BRDA:11,7,1,0
BRDA:12,8,0,0
BRDA:12,8,1,0
BRDA:12,9,0,0
BRDA:12,9,1,0
BRDA:13,10,0,0
BRDA:13,10,1,0
BRDA:13,11,0,0
BRDA:13,11,1,0
BRDA:14,12,0,0
BRDA:14,12,1,0
BRDA:14,13,0,0
BRDA:14,13,1,0
BRDA:15,14,0,0
BRDA:15,14,1,0
BRF:28
BRH:0
end_of_record
TN:
SF:src/diffpatcher.ts
FN:18,(anonymous_10)
FN:58,(anonymous_11)
FN:62,(anonymous_12)
FN:66,(anonymous_13)
FN:70,(anonymous_14)
FN:74,(anonymous_15)
FN:78,(anonymous_16)
FNF:7
FNH:6
FNDA:85,(anonymous_10)
FNDA:0,(anonymous_11)
FNDA:171,(anonymous_12)
FNDA:150,(anonymous_13)
FNDA:140,(anonymous_14)
FNDA:70,(anonymous_15)
FNDA:148,(anonymous_16)
DA:1,1
DA:2,1
DA:3,1
DA:4,1
DA:5,1
DA:6,1
DA:8,1
DA:9,1
DA:10,1
DA:11,1
DA:12,1
DA:19,85
DA:20,85
DA:32,85
DA:44,85
DA:59,0
DA:63,171
DA:67,150
DA:71,140
DA:75,70
DA:79,148
DA:83,1
LF:22
LH:21
BRF:0
BRH:0
end_of_record
TN:
SF:src/index.ts
FN:14,create
FN:20,diff
FN:27,patch
FN:34,unpatch
FN:41,reverse
FN:48,clone
FNF:6
FNH:5
FNDA:0,create
FNDA:1,diff
FNDA:1,patch
FNDA:1,unpatch
FNDA:1,reverse
FNDA:148,clone
DA:5,1
DA:6,1
DA:9,1
DA:14,1
DA:15,0
DA:20,1
DA:21,1
DA:22,0
DA:24,1
DA:27,1
DA:28,1
DA:29,0
DA:31,1
DA:34,1
DA:35,1
DA:36,0
DA:38,1
DA:41,1
DA:42,1
DA:43,0
DA:45,1
DA:48,1
DA:49,148
DA:50,1
DA:52,148
LF:25
LH:20
BRDA:21,0,0,0
BRDA:28,1,0,0
BRDA:35,2,0,0
BRDA:42,3,0,0
BRDA:49,4,0,1
BRF:5
BRH:1
end_of_record
TN:
SF:src/pipe.ts
FN:14,(anonymous_0)
FN:19,(anonymous_1)
FN:42,(anonymous_2)
FN:46,(anonymous_3)
FN:51,(anonymous_4)
FN:56,(anonymous_5)
FN:69,(anonymous_6)
FN:70,(anonymous_7)
FN:73,(anonymous_8)
FN:79,(anonymous_9)
FN:85,(anonymous_10)
FN:91,(anonymous_11)
FN:97,(anonymous_12)
FN:102,(anonymous_13)
FN:110,(anonymous_14)
FNF:15
FNH:12
FNDA:255,(anonymous_0)
FNDA:1330,(anonymous_1)
FNDA:0,(anonymous_2)
FNDA:255,(anonymous_3)
FNDA:0,(anonymous_4)
FNDA:5,(anonymous_5)
FNDA:5,(anonymous_6)
FNDA:31,(anonymous_7)
FNDA:1,(anonymous_8)
FNDA:2,(anonymous_9)
FNDA:1,(anonymous_10)
FNDA:1,(anonymous_11)
FNDA:0,(anonymous_12)
FNDA:255,(anonymous_13)
FNDA:452,(anonymous_14)
DA:15,255
DA:16,255
DA:20,1330
DA:21,0
DA:23,1330
DA:24,1330
DA:25,1330
DA:26,1330
DA:27,3900
DA:28,3900
DA:29,0
DA:31,3900
DA:32,3891
DA:33,1321
DA:34,1321
DA:37,1321
DA:38,452
DA:43,0
DA:47,255
DA:48,255
DA:52,0
DA:53,0
DA:57,5
DA:58,0
DA:60,5
DA:61,15
DA:62,15
DA:63,5
DA:66,0
DA:70,31
DA:74,1
DA:75,1
DA:76,1
DA:80,2
DA:81,2
DA:82,2
DA:86,1
DA:87,1
DA:88,1
DA:92,1
DA:93,1
DA:94,1
DA:98,0
DA:99,0
DA:103,255
DA:104,0
DA:105,0
DA:107,255
DA:108,0
DA:110,255
DA:111,452
DA:112,0
DA:113,0
DA:114,0
DA:115,0
DA:118,255
DA:122,1
LF:57
LH:41
BRDA:20,0,0,0
BRDA:28,1,0,0
BRDA:29,2,0,0
BRDA:29,2,1,0
BRDA:29,3,0,0
BRDA:29,3,1,0
BRDA:31,4,0,0
BRDA:31,4,1,3900
BRDA:31,5,0,3900
BRDA:31,5,1,3900
BRDA:32,6,0,1321
BRDA:32,7,0,3891
BRDA:32,7,1,3891
BRDA:37,8,0,452
BRDA:37,9,0,1321
BRDA:37,9,1,452
BRDA:57,10,0,0
BRDA:62,11,0,5
BRDA:62,12,0,0
BRDA:62,12,1,15
BRDA:62,13,0,15
BRDA:62,13,1,15
BRDA:103,14,0,0
BRDA:107,15,0,0
BRDA:111,16,0,0
BRF:25
BRH:13
end_of_record
TN:
SF:src/processor.ts
FN:16,(anonymous_0)
FN:25,(anonymous_1)
FN:34,(anonymous_2)
FN:66,(anonymous_3)
FNF:4
FNH:4
FNDA:85,(anonymous_0)
FNDA:461,(anonymous_1)
FNDA:1585,(anonymous_2)
FNDA:461,(anonymous_3)
DA:17,85
DA:18,85
DA:26,461
DA:27,0
DA:29,461
DA:35,1585
DA:36,1585
DA:37,1330
DA:38,1330
DA:40,0
DA:47,255
DA:50,255
DA:51,255
DA:52,0
DA:54,255
DA:60,255
DA:61,255
DA:67,461
DA:68,461
DA:69,461
DA:71,461
DA:72,1330
DA:74,302
DA:75,302
DA:78,1330
DA:79,1330
DA:81,1330
DA:82,1321
DA:83,1321
DA:84,1321
DA:85,1321
DA:86,869
DA:87,869
DA:92,452
DA:96,1
LF:35
LH:32
BRDA:17,0,0,85
BRDA:17,0,1,69
BRDA:26,1,0,0
BRDA:36,2,0,1330
BRDA:37,3,0,1330
BRDA:37,3,1,0
BRDA:47,4,0,255
BRDA:47,5,0,255
BRDA:47,5,1,255
BRDA:51,6,0,0
BRDA:69,7,0,461
BRDA:69,7,1,461
BRDA:69,7,2,0
BRDA:72,8,0,302
BRDA:78,9,0,1330
BRDA:84,10,0,1321
BRDA:85,11,0,869
BRDA:87,12,0,869
BRDA:87,12,1,0
BRDA:92,13,0,452
BRDA:92,13,1,0
BRF:21
BRH:15
end_of_record
TN:
SF:src/contexts/context.ts
FN:17,(anonymous_0)
FN:23,(anonymous_1)
FN:28,(anonymous_2)
FNF:3
FNH:3
FNDA:1056,(anonymous_0)
FNDA:1321,(anonymous_1)
FNDA:567,(anonymous_2)
DA:3,1
DA:18,1056
DA:19,1056
DA:20,1056
DA:24,1321
DA:25,1321
DA:29,567
DA:30,567
DA:31,567
DA:33,567
DA:34,567
DA:35,567
DA:36,302
DA:37,302
DA:38,302
DA:40,265
DA:41,265
DA:42,265
DA:44,265
DA:46,567
DA:47,567
LF:21
LH:21
BRDA:30,0,0,567
BRDA:33,1,0,567
BRDA:33,1,1,326
BRDA:34,2,0,567
BRDA:34,2,1,567
BRDA:35,3,0,302
BRDA:35,3,1,265
BRDA:37,4,0,302
BRDA:37,4,1,113
BRDA:41,5,0,265
BRDA:41,6,0,0
BRDA:41,6,1,265
BRDA:41,7,0,265
BRDA:41,7,1,265
BRF:14
BRH:13
end_of_record
TN:
SF:src/contexts/diff.ts
FN:15,(anonymous_1)
FN:22,(anonymous_2)
FNF:2
FNH:2
FNDA:524,(anonymous_1)
FNDA:552,(anonymous_2)
DA:1,1
DA:3,1
DA:16,524
DA:17,524
DA:18,524
DA:19,524
DA:23,552
DA:25,3
DA:26,3
DA:27,2
DA:29,3
DA:30,0
DA:33,552
DA:37,1
LF:14
LH:13
BRDA:23,0,0,3
BRDA:23,1,0,552
BRDA:23,1,1,3
BRDA:25,2,0,0
BRDA:25,2,1,3
BRDA:26,3,0,2
BRDA:29,4,0,0
BRF:7
BRH:5
end_of_record
TN:
SF:src/contexts/patch.ts
FN:11,(anonymous_1)
FNF:1
FNH:1
FNDA:234,(anonymous_1)
DA:2,1
DA:12,234
DA:13,234
DA:14,234
DA:15,234
DA:19,1
LF:6
LH:6
BRF:0
BRH:0
end_of_record
TN:
SF:src/contexts/reverse.ts
FN:11,(anonymous_1)
FNF:1
FNH:1
FNDA:270,(anonymous_1)
DA:2,1
DA:12,270
DA:13,270
DA:14,270
DA:18,1
LF:5
LH:5
BRF:0
BRH:0
end_of_record
TN:
SF:src/filters/arrays.ts
FN:22,arraysHaveMatchByRef
FN:42,matchItems
FN:81,arraysDiffFilter
FN:232,(anonymous_4)
FN:235,(anonymous_5)
FN:236,(anonymous_6)
FN:240,nestedPatchFilter
FN:331,collectChildrenPatchFilter
FN:351,arraysReverseFilter
FN:385,(anonymous_10)
FN:424,(anonymous_11)
FNF:11
FNH:11
FNDA:15,arraysHaveMatchByRef
FNDA:861,matchItems
FNDA:38,arraysDiffFilter
FNDA:18,(anonymous_4)
FNDA:26,(anonymous_5)
FNDA:18,(anonymous_6)
FNDA:26,nestedPatchFilter
FNDA:250,collectChildrenPatchFilter
FNDA:40,arraysReverseFilter
FNDA:48,(anonymous_10)
FNDA:292,(anonymous_11)
DA:1,1
DA:2,1
DA:3,1
DA:5,1
DA:20,1
DA:23,15
DA:24,50
DA:25,50
DA:26,328
DA:27,328
DA:28,9
DA:32,6
DA:49,861
DA:50,861
DA:51,861
DA:52,187
DA:54,674
DA:55,365
DA:57,309
DA:58,309
DA:60,0
DA:62,309
DA:63,309
DA:64,309
DA:65,90
DA:67,309
DA:68,0
DA:70,309
DA:71,309
DA:72,309
DA:73,88
DA:75,309
DA:76,0
DA:78,309
DA:81,1
DA:82,38
DA:83,0
DA:86,38
DA:90,38
DA:91,38
DA:95,38
DA:96,38
DA:97,38
DA:98,38
DA:102,38
DA:103,15
DA:107,38
DA:108,68
DA:109,68
DA:110,68
DA:111,68
DA:114,38
DA:119,27
DA:120,27
DA:121,27
DA:122,27
DA:123,27
DA:132,38
DA:133,7
DA:135,5
DA:136,5
DA:139,2
DA:142,2
DA:143,4
DA:145,2
DA:146,2
DA:148,31
DA:150,5
DA:153,5
DA:154,8
DA:156,5
DA:157,5
DA:160,26
DA:161,26
DA:164,26
DA:165,26
DA:166,26
DA:167,26
DA:168,26
DA:171,26
DA:172,107
DA:174,41
DA:175,41
DA:179,26
DA:180,26
DA:181,0
DA:183,26
DA:184,26
DA:185,0
DA:188,26
DA:189,26
DA:190,107
DA:191,107
DA:193,41
DA:194,41
DA:195,41
DA:196,67
DA:197,67
DA:199,26
DA:200,26
DA:202,26
DA:205,26
DA:206,26
DA:207,26
DA:208,26
DA:209,26
DA:210,26
DA:214,41
DA:216,15
DA:220,66
DA:221,66
DA:222,66
DA:223,66
DA:227,26
DA:229,1
DA:231,1
DA:233,18
DA:236,26
DA:240,1
DA:241,26
DA:242,0
DA:244,26
DA:245,26
DA:246,0
DA:251,26
DA:252,26
DA:255,26
DA:256,26
DA:257,26
DA:258,26
DA:259,100
DA:260,74
DA:261,41
DA:263,41
DA:264,41
DA:266,0
DA:271,33
DA:272,33
DA:274,17
DA:280,16
DA:290,26
DA:291,26
DA:292,41
DA:293,41
DA:294,41
DA:295,41
DA:297,24
DA:305,26
DA:306,26
DA:307,26
DA:308,41
DA:309,41
DA:313,26
DA:315,26
DA:316,16
DA:317,16
DA:318,16
DA:319,16
DA:323,26
DA:324,10
DA:325,10
DA:327,16
DA:329,1
DA:331,1
DA:332,250
DA:333,234
DA:335,16
DA:336,16
DA:337,0
DA:339,16
DA:340,16
DA:342,16
DA:343,16
DA:344,16
DA:345,16
DA:347,16
DA:349,1
DA:351,1
DA:352,40
DA:353,18
DA:354,18
DA:355,18
DA:356,18
DA:357,18
DA:365,18
DA:367,22
DA:368,22
DA:369,0
DA:371,22
DA:374,22
DA:375,88
DA:376,22
DA:378,66
DA:379,66
DA:381,22
DA:383,1
DA:385,1
DA:387,48
DA:388,48
DA:389,22
DA:391,26
DA:392,12
DA:395,14
DA:396,14
DA:397,58
DA:398,58
DA:399,30
DA:400,10
DA:401,10
DA:402,10
DA:403,4
DA:405,6
DA:406,2
DA:407,4
DA:408,4
DA:410,20
DA:411,16
DA:412,16
DA:413,6
DA:415,4
DA:416,2
DA:421,10
DA:424,1
DA:425,292
DA:426,270
DA:428,22
DA:429,22
DA:430,0
DA:432,22
DA:433,22
DA:435,22
DA:439,22
DA:440,66
DA:441,66
DA:442,66
DA:443,48
DA:445,66
DA:447,66
DA:450,22
DA:452,1
LF:240
LH:228
BRDA:27,0,0,9
BRDA:27,1,0,328
BRDA:27,1,1,283
BRDA:51,2,0,187
BRDA:54,3,0,365
BRDA:54,4,0,674
BRDA:54,4,1,347
BRDA:58,5,0,0
BRDA:60,6,0,0
BRDA:60,6,1,0
BRDA:62,7,0,309
BRDA:62,7,1,32
BRDA:64,8,0,90
BRDA:67,9,0,0
BRDA:70,10,0,309
BRDA:70,10,1,32
BRDA:72,11,0,88
BRDA:75,12,0,0
BRDA:82,13,0,0
BRDA:87,14,0,0
BRDA:87,14,1,38
BRDA:87,15,0,38
BRDA:87,15,1,38
BRDA:88,16,0,0
BRDA:88,16,1,38
BRDA:88,17,0,38
BRDA:88,17,1,38
BRDA:102,18,0,15
BRDA:102,19,0,38
BRDA:102,19,1,37
BRDA:102,19,2,37
BRDA:102,19,3,15
BRDA:107,20,0,106
BRDA:107,20,1,100
BRDA:107,20,2,98
BRDA:115,21,0,65
BRDA:115,21,1,58
BRDA:115,21,2,53
BRDA:132,22,0,7
BRDA:133,23,0,5
BRDA:139,24,0,2
BRDA:139,24,1,2
BRDA:148,25,0,5
BRDA:150,26,0,5
BRDA:150,26,1,5
BRDA:168,27,0,26
BRDA:168,27,1,26
BRDA:172,28,0,41
BRDA:180,29,0,0
BRDA:180,30,0,26
BRDA:180,30,1,0
BRDA:180,31,0,0
BRDA:180,31,1,26
BRDA:180,32,0,26
BRDA:180,32,1,26
BRDA:184,33,0,0
BRDA:184,34,0,26
BRDA:184,34,1,0
BRDA:184,35,0,26
BRDA:184,35,1,26
BRDA:184,36,0,0
BRDA:184,36,1,26
BRDA:184,37,0,26
BRDA:184,37,1,26
BRDA:191,38,0,41
BRDA:191,38,1,66
BRDA:194,39,0,41
BRDA:194,40,0,41
BRDA:194,40,1,41
BRDA:197,41,0,26
BRDA:199,42,0,0
BRDA:199,42,1,26
BRDA:199,43,0,26
BRDA:199,43,1,26
BRDA:200,44,0,26
BRDA:214,45,0,15
BRDA:241,46,0,0
BRDA:245,47,0,0
BRDA:259,48,0,74
BRDA:260,49,0,41
BRDA:260,49,1,33
BRDA:260,50,0,74
BRDA:260,50,1,74
BRDA:263,51,0,41
BRDA:263,51,1,0
BRDA:263,52,0,41
BRDA:263,52,1,24
BRDA:272,53,0,17
BRDA:272,53,1,16
BRDA:295,54,0,24
BRDA:315,55,0,16
BRDA:323,56,0,10
BRDA:332,57,0,234
BRDA:332,58,0,250
BRDA:332,58,1,250
BRDA:336,59,0,0
BRDA:352,60,0,18
BRDA:354,61,0,18
BRDA:368,62,0,0
BRDA:375,63,0,22
BRDA:387,64,0,0
BRDA:388,65,0,22
BRDA:388,66,0,48
BRDA:388,66,1,48
BRDA:391,67,0,12
BRDA:391,68,0,26
BRDA:391,68,1,12
BRDA:398,69,0,30
BRDA:399,70,0,10
BRDA:399,70,1,20
BRDA:402,71,0,4
BRDA:405,72,0,2
BRDA:405,72,1,4
BRDA:405,73,0,6
BRDA:405,73,1,4
BRDA:407,74,0,4
BRDA:407,75,0,4
BRDA:407,75,1,4
BRDA:410,76,0,16
BRDA:410,76,1,4
BRDA:412,77,0,6
BRDA:415,78,0,2
BRDA:415,79,0,4
BRDA:415,79,1,4
BRDA:425,80,0,270
BRDA:425,81,0,292
BRDA:425,81,1,292
BRDA:429,82,0,0
BRDA:442,83,0,48
BRDA:445,84,0,66
BRF:130
BRH:108
end_of_record
TN:
SF:src/filters/dates.ts
FN:4,datesDiffFilter
FNF:1
FNH:1
FNDA:185,datesDiffFilter
DA:4,1
DA:5,185
DA:6,5
DA:7,4
DA:8,2
DA:10,2
DA:13,1
DA:15,5
DA:16,180
DA:17,1
DA:20,1
LF:11
LH:11
BRDA:5,0,0,5
BRDA:5,0,1,180
BRDA:6,1,0,4
BRDA:6,1,1,1
BRDA:7,2,0,2
BRDA:7,2,1,2
BRDA:16,3,0,1
BRF:7
BRH:7
end_of_record
TN:
SF:src/filters/lcs.ts
FN:11,(anonymous_0)
FN:15,(anonymous_1)
FN:67,(anonymous_2)
FN:110,(anonymous_3)
FNF:4
FNH:4
FNDA:25006003,(anonymous_0)
FNDA:31,(anonymous_1)
FNDA:31,(anonymous_2)
FNDA:31,(anonymous_3)
DA:11,1
DA:12,25006003
DA:15,1
DA:27,31
DA:28,31
DA:40,31
DA:41,31
DA:42,5145
DA:43,5145
DA:44,25010829
DA:47,31
DA:49,31
DA:50,5114
DA:51,25000566
DA:52,12499481
DA:54,12501085
DA:58,31
DA:67,1
DA:81,31
DA:82,31
DA:83,31
DA:89,31
DA:90,6080
DA:91,6080
DA:92,4117
DA:93,4117
DA:94,4117
DA:95,4117
DA:96,4117
DA:98,1963
DA:99,1963
DA:100,1963
DA:101,971
DA:103,992
DA:107,31
DA:110,1
DA:122,31
DA:123,31
DA:124,31
DA:127,1
LF:40
LH:40
BRDA:51,0,0,12499481
BRDA:51,0,1,12501085
BRDA:89,1,0,6111
BRDA:89,1,1,6085
BRDA:91,2,0,4117
BRDA:91,2,1,1963
BRDA:100,3,0,971
BRDA:100,3,1,992
BRDA:122,4,0,31
BRDA:122,4,1,5
BRDA:123,5,0,31
BRDA:123,5,1,5
BRF:12
BRH:12
end_of_record
TN:
SF:src/filters/nested.ts
FN:6,(anonymous_1)
FN:28,(anonymous_2)
FN:70,nestedPatchFilter
FN:89,collectChildrenPatchFilter
FN:113,nestedReverseFilter
FN:132,(anonymous_6)
FNF:6
FNH:6
FNDA:672,(anonymous_1)
FNDA:149,(anonymous_2)
FNDA:86,nestedPatchFilter
FNDA:310,collectChildrenPatchFilter
FNDA:96,nestedReverseFilter
FNDA:348,(anonymous_6)
DA:1,1
DA:2,1
DA:3,1
DA:6,1
DA:7,672
DA:8,524
DA:10,148
DA:12,148
DA:13,148
DA:14,353
DA:15,353
DA:16,250
DA:18,103
DA:19,103
DA:21,148
DA:22,35
DA:24,148
DA:26,1
DA:28,1
DA:29,149
DA:30,38
DA:33,111
DA:34,111
DA:38,111
DA:39,111
DA:40,163
DA:41,0
DA:43,163
DA:44,4
DA:46,159
DA:47,159
DA:49,111
DA:50,163
DA:51,0
DA:53,163
DA:54,4
DA:56,159
DA:57,7
DA:58,7
DA:62,111
DA:63,0
DA:64,0
DA:66,111
DA:68,1
DA:70,1
DA:71,86
DA:72,0
DA:74,86
DA:75,86
DA:76,26
DA:78,60
DA:81,60
DA:82,68
DA:83,68
DA:85,60
DA:87,1
DA:89,1
DA:90,310
DA:91,234
DA:93,76
DA:94,76
DA:95,16
DA:97,60
DA:98,60
DA:100,60
DA:101,68
DA:102,68
DA:103,68
DA:104,5
DA:105,63
DA:106,29
DA:109,60
DA:111,1
DA:113,1
DA:114,96
DA:115,18
DA:117,78
DA:118,78
DA:119,22
DA:121,56
DA:124,56
DA:125,64
DA:126,64
DA:128,56
DA:130,1
DA:132,1
DA:133,348
DA:134,270
DA:136,78
DA:137,78
DA:138,22
DA:140,56
DA:142,56
DA:143,56
DA:144,64
DA:145,64
DA:146,64
DA:147,64
DA:150,56
DA:152,1
LF:100
LH:95
BRDA:7,0,0,524
BRDA:7,1,0,672
BRDA:7,1,1,672
BRDA:15,2,0,250
BRDA:18,3,0,103
BRDA:18,3,1,75
BRDA:21,4,0,35
BRDA:21,5,0,148
BRDA:21,5,1,108
BRDA:29,6,0,38
BRDA:29,7,0,149
BRDA:29,7,1,111
BRDA:40,8,0,0
BRDA:43,9,0,4
BRDA:43,10,0,163
BRDA:43,10,1,8
BRDA:50,11,0,0
BRDA:53,12,0,4
BRDA:53,13,0,163
BRDA:53,13,1,8
BRDA:56,14,0,7
BRDA:62,15,0,0
BRDA:62,16,0,111
BRDA:62,16,1,111
BRDA:71,17,0,0
BRDA:75,18,0,26
BRDA:90,19,0,234
BRDA:90,20,0,310
BRDA:90,20,1,310
BRDA:94,21,0,16
BRDA:103,22,0,5
BRDA:103,22,1,63
BRDA:103,23,0,68
BRDA:103,23,1,63
BRDA:105,24,0,29
BRDA:114,25,0,18
BRDA:118,26,0,22
BRDA:133,27,0,270
BRDA:133,28,0,348
BRDA:133,28,1,348
BRDA:137,29,0,22
BRDA:146,30,0,64
BRF:42
BRH:38
end_of_record
TN:
SF:src/filters/texts.ts
FN:18,getDiffMatchPatch
FN:35,(anonymous_1)
FN:38,(anonymous_2)
FN:53,textsDiffFilter
FN:78,textsPatchFilter
FN:94,(anonymous_5)
FN:127,textsReverseFilter
FNF:7
FNH:7
FNDA:16,getDiffMatchPatch
FNDA:8,(anonymous_1)
FNDA:8,(anonymous_2)
FNDA:179,textsDiffFilter
FNDA:94,textsPatchFilter
FNDA:4,(anonymous_5)
FNDA:100,textsReverseFilter
DA:12,1
DA:13,1
DA:14,1
DA:19,16
DA:21,1
DA:22,1
DA:24,0
DA:25,0
DA:27,0
DA:31,0
DA:32,0
DA:34,1
DA:36,8
DA:39,8
DA:40,8
DA:41,12
DA:42,0
DA:43,0
DA:46,8
DA:50,16
DA:53,1
DA:54,179
DA:55,149
DA:57,30
DA:58,30
DA:60,30
DA:61,30
DA:62,22
DA:63,22
DA:66,8
DA:67,8
DA:70,0
DA:71,0
DA:73,8
DA:74,8
DA:76,1
DA:78,1
DA:79,94
DA:80,86
DA:82,8
DA:83,8
DA:84,0
DA:86,8
DA:89,8
DA:90,8
DA:92,1
DA:94,1
DA:99,4
DA:100,4
DA:102,4
DA:103,4
DA:104,36
DA:105,36
DA:106,36
DA:107,6
DA:108,6
DA:111,6
DA:112,30
DA:113,8
DA:114,8
DA:116,6
DA:117,6
DA:118,6
DA:120,22
DA:121,6
DA:124,4
DA:127,1
DA:128,100
DA:129,78
DA:131,22
DA:132,22
DA:133,18
DA:135,4
DA:138,4
DA:140,1
LF:75
LH:65
BRDA:19,0,0,1
BRDA:21,1,0,1
BRDA:21,1,1,0
BRDA:21,2,0,0
BRDA:21,2,1,1
BRDA:21,3,0,1
BRDA:21,3,1,1
BRDA:21,4,0,0
BRDA:21,4,1,1
BRDA:21,5,0,1
BRDA:21,5,1,1
BRDA:24,6,0,0
BRDA:41,7,0,0
BRDA:54,8,0,149
BRDA:60,9,0,30
BRDA:60,9,1,30
BRDA:60,9,2,13
BRDA:60,9,3,22
BRDA:61,10,0,22
BRDA:61,11,0,30
BRDA:61,11,1,11
BRDA:67,12,0,0
BRDA:79,13,0,86
BRDA:83,14,0,0
BRDA:106,15,0,6
BRDA:106,15,1,30
BRDA:112,16,0,8
BRDA:112,16,1,22
BRDA:114,17,0,6
BRDA:120,18,0,6
BRDA:128,19,0,78
BRDA:132,20,0,18
BRF:32
BRH:25
end_of_record
TN:
SF:src/filters/trivial.ts
FN:6,trivialMatchesDiffFilter
FN:56,trivialMatchesPatchFilter
FN:87,trivialReferseFilter
FNF:3
FNH:3
FNDA:523,trivialMatchesDiffFilter
FNDA:232,trivialMatchesPatchFilter
FNDA:270,trivialReferseFilter
DA:6,1
DA:7,523
DA:8,228
DA:9,228
DA:11,295
DA:12,16
DA:13,1
DA:15,15
DA:16,15
DA:18,279
DA:19,15
DA:20,15
DA:22,264
DA:23,8
DA:25,256
DA:26,256
DA:27,256
DA:28,48
DA:29,48
DA:31,208
DA:32,17
DA:33,17
DA:35,191
DA:36,161
DA:38,191
DA:39,161
DA:41,191
DA:42,4
DA:43,4
DA:46,187
DA:47,2
DA:48,2
DA:50,0
DA:54,1
DA:56,1
DA:57,232
DA:58,20
DA:59,20
DA:61,212
DA:62,212
DA:63,86
DA:65,126
DA:66,126
DA:67,13
DA:68,13
DA:70,113
DA:71,92
DA:72,2
DA:73,2
DA:74,2
DA:75,2
DA:78,90
DA:79,90
DA:81,21
DA:82,13
DA:85,1
DA:87,1
DA:88,270
DA:89,20
DA:90,20
DA:92,250
DA:93,250
DA:94,78
DA:96,172
DA:97,172
DA:98,30
DA:99,30
DA:101,142
DA:102,88
DA:103,88
DA:105,54
DA:106,30
DA:109,1
LF:73
LH:72
BRDA:7,0,0,228
BRDA:11,1,0,16
BRDA:12,2,0,1
BRDA:18,3,0,15
BRDA:22,4,0,8
BRDA:22,5,0,264
BRDA:22,5,1,264
BRDA:25,6,0,6
BRDA:25,6,1,250
BRDA:26,7,0,6
BRDA:26,7,1,250
BRDA:27,8,0,48
BRDA:31,9,0,17
BRDA:31,10,0,208
BRDA:31,10,1,206
BRDA:35,11,0,161
BRDA:38,12,0,161
BRDA:41,13,0,4
BRDA:46,14,0,2
BRDA:47,15,0,2
BRDA:47,15,1,0
BRDA:57,16,0,20
BRDA:62,17,0,86
BRDA:66,18,0,13
BRDA:70,19,0,92
BRDA:71,20,0,2
BRDA:73,21,0,2
BRDA:81,22,0,13
BRDA:81,23,0,21
BRDA:81,23,1,21
BRDA:88,24,0,20
BRDA:93,25,0,78
BRDA:97,26,0,30
BRDA:101,27,0,88
BRDA:105,28,0,30
BRDA:105,29,0,54
BRDA:105,29,1,54
BRF:37
BRH:36
end_of_record
TN:
SF:src/formatters/base.ts
FN:12,(anonymous_0)
FN:19,(anonymous_1)
FN:29,(anonymous_2)
FN:94,(anonymous_3)
FN:102,(anonymous_4)
FN:104,(anonymous_5)
FN:109,(anonymous_6)
FN:125,(anonymous_7)
FN:132,(anonymous_8)
FN:189,(anonymous_9)
FN:190,(anonymous_10)
FN:203,(anonymous_11)
FN:268,(anonymous_12)
FN:297,(anonymous_13)
FNF:14
FNH:13
FNDA:21,(anonymous_0)
FNDA:74,(anonymous_1)
FNDA:37,(anonymous_2)
FNDA:2,(anonymous_3)
FNDA:16,(anonymous_4)
FNDA:30,(anonymous_5)
FNDA:0,(anonymous_6)
FNDA:2,(anonymous_7)
FNDA:49,(anonymous_8)
FNDA:22,(anonymous_9)
FNDA:33,(anonymous_10)
FNDA:22,(anonymous_11)
FNDA:48,(anonymous_12)
FNDA:2,(anonymous_13)
DA:12,1
DA:13,21
DA:14,11
DA:16,10
DA:19,1
DA:20,74
DA:21,22
DA:23,52
DA:24,24
DA:26,28
DA:29,37
DA:95,2
DA:96,2
DA:97,2
DA:98,2
DA:99,2
DA:103,16
DA:104,16
DA:105,30
DA:110,0
DA:126,2
DA:127,2
DA:129,0
DA:141,49
DA:142,49
DA:144,49
DA:145,1
DA:148,48
DA:149,48
DA:152,48
DA:153,33
DA:155,15
DA:168,48
DA:169,48
DA:173,48
DA:176,0
DA:177,0
DA:182,48
DA:183,33
DA:185,15
DA:190,22
DA:191,33
DA:213,22
DA:214,22
DA:217,22
DA:219,22
DA:220,0
DA:221,0
DA:222,0
DA:226,0
DA:232,22
DA:233,41
DA:234,41
DA:235,41
DA:236,5
DA:237,5
DA:241,5
DA:242,5
DA:246,3
DA:252,22
DA:253,11
DA:255,11
DA:257,22
DA:258,44
DA:259,44
DA:260,11
DA:262,33
DA:263,33
DA:264,33
DA:269,48
DA:270,3
DA:271,3
DA:273,0
DA:275,45
DA:276,23
DA:277,3
DA:279,20
DA:280,6
DA:282,14
DA:283,7
DA:285,7
DA:286,2
DA:288,5
DA:289,5
DA:291,22
DA:292,22
DA:294,0
DA:298,2
DA:299,2
DA:300,2
DA:301,3
DA:305,3
DA:308,3
DA:309,3
DA:310,3
DA:311,3
DA:312,3
DA:317,3
DA:318,3
DA:319,14
DA:320,14
DA:321,2
DA:323,12
DA:326,12
DA:327,4
DA:328,8
DA:329,2
DA:331,12
DA:332,12
DA:334,3
DA:336,2
DA:434,1
LF:112
LH:102
BRDA:13,0,0,11
BRDA:20,1,0,22
BRDA:23,2,0,24
BRDA:105,3,0,0
BRDA:105,3,1,30
BRDA:105,4,0,30
BRDA:105,4,1,30
BRDA:126,5,0,2
BRDA:141,6,0,49
BRDA:141,6,1,45
BRDA:142,7,0,2
BRDA:142,7,1,47
BRDA:144,8,0,1
BRDA:144,9,0,49
BRDA:144,9,1,4
BRDA:149,10,0,22
BRDA:149,10,1,26
BRDA:149,11,0,11
BRDA:149,11,1,11
BRDA:152,12,0,33
BRDA:152,12,1,15
BRDA:152,13,0,48
BRDA:152,13,1,33
BRDA:152,13,2,33
BRDA:170,14,0,48
BRDA:170,14,1,0
BRDA:176,15,0,0
BRDA:176,16,0,0
BRDA:176,16,1,0
BRDA:182,17,0,33
BRDA:182,17,1,15
BRDA:182,18,0,48
BRDA:182,18,1,33
BRDA:182,18,2,33
BRDA:194,19,0,0
BRDA:194,19,1,33
BRDA:219,20,0,0
BRDA:221,21,0,0
BRDA:222,22,0,0
BRDA:223,23,0,0
BRDA:223,23,1,0
BRDA:223,23,2,0
BRDA:233,24,0,41
BRDA:235,25,0,5
BRDA:235,26,0,41
BRDA:235,26,1,21
BRDA:239,27,0,5
BRDA:239,27,1,0
BRDA:241,28,0,5
BRDA:242,29,0,3
BRDA:243,30,0,5
BRDA:243,30,1,5
BRDA:252,31,0,11
BRDA:252,31,1,11
BRDA:259,32,0,11
BRDA:259,33,0,44
BRDA:259,33,1,32
BRDA:262,34,0,21
BRDA:262,34,1,12
BRDA:269,35,0,3
BRDA:270,36,0,3
BRDA:275,37,0,23
BRDA:275,37,1,22
BRDA:276,38,0,3
BRDA:279,39,0,6
BRDA:282,40,0,7
BRDA:282,41,0,14
BRDA:282,41,1,14
BRDA:285,42,0,2
BRDA:285,43,0,7
BRDA:285,43,1,7
BRDA:288,44,0,5
BRDA:288,45,0,5
BRDA:288,45,1,5
BRDA:291,46,0,22
BRDA:308,47,0,0
BRDA:308,47,1,3
BRDA:308,48,0,3
BRDA:308,48,1,3
BRDA:309,49,0,0
BRDA:309,49,1,3
BRDA:309,50,0,3
BRDA:309,50,1,3
BRDA:310,51,0,0
BRDA:310,51,1,3
BRDA:310,52,0,3
BRDA:310,52,1,3
BRDA:311,53,0,3
BRDA:311,54,0,3
BRDA:311,54,1,3
BRDA:320,55,0,2
BRDA:326,56,0,4
BRDA:326,56,1,8
BRDA:328,57,0,2
BRF:94
BRH:78
end_of_record
TN:
SF:src/formatters/html.ts
FN:19,(anonymous_1)
FN:24,(anonymous_2)
FN:28,(anonymous_3)
FN:49,(anonymous_4)
FN:54,(anonymous_5)
FN:64,(anonymous_6)
FN:78,(anonymous_7)
FN:82,(anonymous_8)
FN:91,(anonymous_9)
FN:100,(anonymous_10)
FN:108,(anonymous_11)
FN:114,(anonymous_12)
FN:122,(anonymous_13)
FN:128,(anonymous_14)
FN:157,(anonymous_15)
FN:164,htmlEscape
FN:179,jsondiffpatchHtmlFormatterAdjustArrows
FN:181,(anonymous_18)
FN:182,(anonymous_19)
FN:188,(anonymous_20)
FN:193,(anonymous_21)
FN:201,(anonymous_22)
FN:225,(anonymous_23)
FN:251,(anonymous_24)
FN:259,(anonymous_25)
FN:262,(anonymous_26)
FN:272,(anonymous_27)
FN:279,(anonymous_28)
FN:285,format
FNF:29
FNH:6
FNDA:0,(anonymous_1)
FNDA:0,(anonymous_2)
FNDA:2,(anonymous_3)
FNDA:2,(anonymous_4)
FNDA:2,(anonymous_5)
FNDA:0,(anonymous_6)
FNDA:0,(anonymous_7)
FNDA:0,(anonymous_8)
FNDA:0,(anonymous_9)
FNDA:0,(anonymous_10)
FNDA:0,(anonymous_11)
FNDA:0,(anonymous_12)
FNDA:0,(anonymous_13)
FNDA:0,(anonymous_14)
FNDA:2,(anonymous_15)
FNDA:12,htmlEscape
FNDA:0,jsondiffpatchHtmlFormatterAdjustArrows
FNDA:0,(anonymous_18)
FNDA:0,(anonymous_19)
FNDA:0,(anonymous_20)
FNDA:0,(anonymous_21)
FNDA:0,(anonymous_22)
FNDA:0,(anonymous_23)
FNDA:0,(anonymous_24)
FNDA:0,(anonymous_25)
FNDA:0,(anonymous_26)
FNDA:0,(anonymous_27)
FNDA:0,(anonymous_28)
FNDA:2,format
DA:11,1
DA:21,0
DA:25,0
DA:29,2
DA:30,2
DA:31,2
DA:32,3
DA:33,3
DA:37,3
DA:38,3
DA:39,12
DA:40,12
DA:44,3
DA:46,2
DA:50,2
DA:51,2
DA:55,2
DA:71,0
DA:72,0
DA:79,0
DA:83,0
DA:84,0
DA:86,0
DA:87,0
DA:88,0
DA:92,0
DA:93,0
DA:95,0
DA:96,0
DA:97,0
DA:102,0
DA:103,0
DA:104,0
DA:105,0
DA:109,0
DA:110,0
DA:111,0
DA:115,0
DA:116,0
DA:117,0
DA:118,0
DA:119,0
DA:123,0
DA:124,0
DA:125,0
DA:129,0
DA:130,0
DA:131,0
DA:134,0
DA:154,0
DA:158,2
DA:159,2
DA:160,2
DA:165,12
DA:166,12
DA:173,12
DA:174,60
DA:176,12
DA:179,1
DA:180,0
DA:181,0
DA:182,0
DA:183,0
DA:184,0
DA:185,0
DA:188,0
DA:189,0
DA:190,0
DA:193,0
DA:194,0
DA:195,0
DA:196,0
DA:197,0
DA:198,0
DA:199,0
DA:201,0
DA:202,0
DA:203,0
DA:206,0
DA:207,0
DA:209,0
DA:210,0
DA:211,0
DA:212,0
DA:214,0
DA:217,0
DA:218,0
DA:225,1
DA:226,0
DA:227,0
DA:228,0
DA:234,0
DA:235,0
DA:236,0
DA:238,0
DA:239,0
DA:240,0
DA:241,0
DA:242,0
DA:243,0
DA:244,0
DA:246,0
DA:248,0
DA:249,0
DA:250,0
DA:251,0
DA:252,0
DA:255,0
DA:256,0
DA:257,0
DA:259,0
DA:260,0
DA:262,0
DA:263,0
DA:264,0
DA:265,0
DA:266,0
DA:267,0
DA:269,0
DA:270,0
DA:272,0
DA:273,0
DA:274,0
DA:279,1
DA:281,1
DA:285,1
DA:286,2
DA:287,1
DA:289,2
LF:129
LH:31
BRDA:50,0,0,0
BRDA:50,0,1,2
BRDA:57,1,0,0
BRDA:57,1,1,2
BRDA:71,2,0,0
BRDA:71,2,1,0
BRDA:83,3,0,0
BRDA:92,4,0,0
BRDA:102,5,0,0
BRDA:102,5,1,0
BRDA:180,6,0,0
BRDA:180,6,1,0
BRDA:181,7,0,0
BRDA:181,7,1,0
BRDA:202,8,0,0
BRDA:206,9,0,0
BRDA:212,10,0,0
BRDA:212,10,1,0
BRDA:214,11,0,0
BRDA:214,11,1,0
BRDA:226,12,0,0
BRDA:226,12,1,0
BRDA:235,13,0,0
BRDA:238,14,0,0
BRDA:243,15,0,0
BRDA:248,16,0,0
BRDA:248,16,1,0
BRDA:265,17,0,0
BRDA:265,17,1,0
BRDA:286,18,0,1
BRF:30
BRH:3
end_of_record
TN:
SF:src/formatters/jsonpatch.ts
FN:47,(anonymous_1)
FN:52,(anonymous_2)
FN:56,(anonymous_3)
FN:70,(anonymous_4)
FN:79,(anonymous_5)
FN:83,(anonymous_6)
FN:90,(anonymous_7)
FN:95,(anonymous_8)
FN:97,(anonymous_9)
FN:99,(anonymous_10)
FN:103,(anonymous_11)
FN:107,(anonymous_12)
FN:109,(anonymous_13)
FN:111,(anonymous_14)
FN:115,(anonymous_15)
FN:119,(anonymous_16)
FN:123,(anonymous_17)
FN:127,(anonymous_18)
FN:132,(anonymous_19)
FN:136,(anonymous_20)
FN:147,(anonymous_21)
FN:149,(anonymous_22)
FN:154,(anonymous_23)
FN:164,(anonymous_24)
FN:165,(anonymous_25)
FN:174,(anonymous_26)
FN:177,(anonymous_27)
FN:179,(anonymous_28)
FN:180,(anonymous_29)
FN:186,(anonymous_30)
FN:191,(anonymous_31)
FN:192,(anonymous_32)
FN:194,(anonymous_33)
FN:202,(anonymous_34)
FN:209,(anonymous_35)
FNF:35
FNH:31
FNDA:1,(anonymous_1)
FNDA:14,(anonymous_2)
FNDA:16,(anonymous_3)
FNDA:5,(anonymous_4)
FNDA:21,(anonymous_5)
FNDA:5,(anonymous_6)
FNDA:0,(anonymous_7)
FNDA:13,(anonymous_8)
FNDA:13,(anonymous_9)
FNDA:33,(anonymous_10)
FNDA:33,(anonymous_11)
FNDA:0,(anonymous_12)
FNDA:3,(anonymous_13)
FNDA:22,(anonymous_14)
FNDA:3,(anonymous_15)
FNDA:6,(anonymous_16)
FNDA:7,(anonymous_17)
FNDA:5,(anonymous_18)
FNDA:0,(anonymous_19)
FNDA:14,(anonymous_20)
FNDA:2,(anonymous_21)
FNDA:14,(anonymous_22)
FNDA:1,(anonymous_23)
FNDA:14,(anonymous_24)
FNDA:2,(anonymous_25)
FNDA:14,(anonymous_26)
FNDA:42,(anonymous_27)
FNDA:21,(anonymous_28)
FNDA:42,(anonymous_29)
FNDA:21,(anonymous_30)
FNDA:21,(anonymous_31)
FNDA:21,(anonymous_32)
FNDA:14,(anonymous_33)
FNDA:14,(anonymous_34)
FNDA:0,(anonymous_35)
DA:2,1
DA:5,1
DA:48,1
DA:49,1
DA:53,14
DA:54,14
DA:55,14
DA:56,14
DA:57,16
DA:58,9
DA:63,7
DA:64,7
DA:66,0
DA:70,14
DA:71,5
DA:72,5
DA:79,14
DA:80,21
DA:83,14
DA:84,5
DA:85,5
DA:86,5
DA:92,0
DA:100,33
DA:104,33
DA:112,22
DA:116,3
DA:120,6
DA:124,7
DA:128,5
DA:129,5
DA:133,0
DA:137,14
DA:138,14
DA:139,14
DA:140,14
DA:141,14
DA:145,1
DA:147,2
DA:149,1
DA:150,14
DA:151,14
DA:154,1
DA:155,1
DA:156,1
DA:158,1
DA:159,1
DA:161,0
DA:164,1
DA:165,14
DA:166,2
DA:167,2
DA:168,2
DA:169,1
DA:171,1
DA:174,1
DA:175,14
DA:177,42
DA:178,14
DA:180,42
DA:181,21
DA:182,9
DA:184,21
DA:187,21
DA:188,21
DA:191,21
DA:192,21
DA:194,1
DA:195,14
DA:196,14
DA:197,14
DA:202,1
DA:203,14
DA:204,1
DA:206,14
DA:209,1
DA:210,0
LF:77
LH:72
BRDA:57,0,0,9
BRDA:57,0,1,7
BRDA:57,1,0,16
BRDA:57,1,1,13
BRDA:63,2,0,7
BRDA:63,2,1,0
BRDA:158,3,0,1
BRDA:158,4,0,1
BRDA:158,4,1,1
BRDA:168,5,0,1
BRDA:181,6,0,9
BRDA:187,7,0,0
BRDA:187,7,1,21
BRDA:187,8,0,21
BRDA:187,8,1,21
BRDA:203,9,0,1
BRF:16
BRH:14
end_of_record
TN:
SF:test/examples/diffpatch.ts
FN:18,(anonymous_1)
FN:93,(anonymous_2)
FN:159,(anonymous_3)
FN:225,(anonymous_4)
FN:285,(anonymous_5)
FN:346,(anonymous_6)
FN:443,(anonymous_7)
FN:453,(anonymous_8)
FN:508,(anonymous_9)
FN:524,(anonymous_10)
FN:887,(anonymous_11)
FN:945,(anonymous_12)
FN:1008,(anonymous_13)
FN:1106,(anonymous_14)
FN:1180,(anonymous_15)
FN:1237,(anonymous_16)
FN:1299,(anonymous_17)
FN:1362,(anonymous_18)
FNF:18
FNH:9
FNDA:30,(anonymous_1)
FNDA:0,(anonymous_2)
FNDA:0,(anonymous_3)
FNDA:0,(anonymous_4)
FNDA:0,(anonymous_5)
FNDA:0,(anonymous_6)
FNDA:0,(anonymous_7)
FNDA:0,(anonymous_8)
FNDA:0,(anonymous_9)
FNDA:0,(anonymous_10)
FNDA:8,(anonymous_11)
FNDA:8,(anonymous_12)
FNDA:36,(anonymous_13)
FNDA:32,(anonymous_14)
FNDA:30,(anonymous_15)
FNDA:24,(anonymous_16)
FNDA:8,(anonymous_17)
FNDA:16,(anonymous_18)
DA:1,1
DA:18,30
DA:20,1
DA:94,0
DA:160,0
DA:226,0
DA:286,0
DA:347,0
DA:444,0
DA:454,0
DA:509,0
DA:525,0
DA:531,1
DA:534,1
DA:577,1
DA:635,1
DA:816,1
DA:888,8
DA:889,8
DA:946,8
DA:947,8
DA:1009,36
DA:1010,36
DA:1107,32
DA:1108,32
DA:1181,30
DA:1182,30
DA:1238,24
DA:1239,24
DA:1300,8
DA:1301,8
DA:1363,16
DA:1394,1
DA:1400,1
LF:34
LH:25
BRDA:888,0,0,8
BRDA:888,1,0,8
BRDA:888,1,1,8
BRDA:946,2,0,8
BRDA:946,3,0,8
BRDA:946,3,1,8
BRDA:1009,4,0,36
BRDA:1009,5,0,36
BRDA:1009,5,1,36
BRDA:1107,6,0,32
BRDA:1107,7,0,32
BRDA:1107,7,1,32
BRDA:1181,8,0,30
BRDA:1181,9,0,30
BRDA:1181,9,1,30
BRDA:1238,10,0,24
BRDA:1238,11,0,24
BRDA:1238,11,1,24
BRDA:1300,12,0,8
BRDA:1300,13,0,8
BRDA:1300,13,1,8
BRF:21
BRH:21
end_of_record
