TN:
SF:src/clone.ts
FN:1,cloneRegExp
FN:6,clone
FNF:2
FNH:2
FNDA:3,cloneRegExp
FNDA:529,clone
DA:2,3
DA:3,3
DA:6,1
DA:7,529
DA:8,349
DA:10,180
DA:11,9
DA:13,171
DA:14,36
DA:16,135
DA:17,13
DA:19,122
DA:20,3
DA:22,119
DA:23,119
DA:24,168
DA:25,168
DA:28,119
LF:18
LH:18
BRDA:7,0,0,349
BRDA:10,1,0,9
BRDA:13,2,0,36
BRDA:16,3,0,13
BRDA:19,4,0,3
BRDA:24,5,0,168
BRF:6
BRH:6
end_of_record
TN:
SF:src/date-reviver.ts
FN:2,dateReviver
FNF:1
FNH:0
FNDA:0,dateReviver
DA:2,1
DA:4,0
DA:5,0
DA:6,0
DA:7,0
DA:20,0
LF:6
LH:1
BRDA:4,0,0,0
BRDA:6,1,0,0
BRDA:9,2,0,0
BRDA:9,2,1,0
BRDA:9,3,0,0
BRDA:9,3,1,0
BRDA:10,4,0,0
BRDA:10,4,1,0
BRDA:10,5,0,0
BRDA:10,5,1,0
BRDA:11,6,0,0
BRDA:11,6,1,0
BRDA:11,7,0,0
BRDA:11,7,1,0
BRDA:12,8,0,0
BRDA:12,8,1,0
BRDA:12,9,0,0
BRDA:12,9,1,0
BRDA:13,10,0,0
BRDA:13,10,1,0
BRDA:13,11,0,0
BRDA:13,11,1,0
BRDA:14,12,0,0
BRDA:14,12,1,0
BRDA:14,13,0,0
BRDA:14,13,1,0
BRDA:15,14,0,0
BRDA:15,14,1,0
BRF:28
BRH:0
end_of_record
TN:
SF:src/diffpatcher.ts
FN:18,(anonymous_10)
FN:58,(anonymous_11)
FN:62,(anonymous_12)
FN:66,(anonymous_13)
FN:70,(anonymous_14)
FN:74,(anonymous_15)
FN:78,(anonymous_16)
FNF:7
FNH:6
FNDA:85,(anonymous_10)
FNDA:0,(anonymous_11)
FNDA:171,(anonymous_12)
FNDA:150,(anonymous_13)
FNDA:140,(anonymous_14)
FNDA:70,(anonymous_15)
FNDA:148,(anonymous_16)
DA:1,1
DA:2,1
DA:3,1
DA:4,1
DA:5,1
DA:6,1
DA:8,1
DA:9,1
DA:10,1
DA:11,1
DA:12,1
DA:19,85
DA:20,85
DA:32,85
DA:44,85
DA:59,0
DA:63,171
DA:67,150
DA:71,140
DA:75,70
DA:79,148
DA:83,1
LF:22
LH:21
BRF:0
BRH:0
end_of_record
TN:
SF:src/index.ts
FN:14,create
FN:20,diff
FN:27,patch
FN:34,unpatch
FN:41,reverse
FN:48,clone
FNF:6
FNH:5
FNDA:0,create
FNDA:1,diff
FNDA:1,patch
FNDA:1,unpatch
FNDA:1,reverse
FNDA:148,clone
DA:5,1
DA:6,1
DA:9,1
DA:14,1
DA:15,0
DA:20,1
DA:21,1
DA:22,0
DA:24,1
DA:27,1
DA:28,1
DA:29,0
DA:31,1
DA:34,1
DA:35,1
DA:36,0
DA:38,1
DA:41,1
DA:42,1
DA:43,0
DA:45,1
DA:48,1
DA:49,148
DA:50,1
DA:52,148
LF:25
LH:20
BRDA:21,0,0,0
BRDA:28,1,0,0
BRDA:35,2,0,0
BRDA:42,3,0,0
BRDA:49,4,0,1
BRF:5
BRH:1
end_of_record
TN:
SF:src/pipe.ts
FN:14,(anonymous_0)
FN:19,(anonymous_1)
FN:42,(anonymous_2)
FN:46,(anonymous_3)
FN:51,(anonymous_4)
FN:56,(anonymous_5)
FN:69,(anonymous_6)
FN:70,(anonymous_7)
FN:73,(anonymous_8)
FN:79,(anonymous_9)
FN:85,(anonymous_10)
FN:91,(anonymous_11)
FN:97,(anonymous_12)
FN:102,(anonymous_13)
FN:110,(anonymous_14)
FNF:15
FNH:12
FNDA:255,(anonymous_0)
FNDA:1330,(anonymous_1)
FNDA:0,(anonymous_2)
FNDA:255,(anonymous_3)
FNDA:0,(anonymous_4)
FNDA:5,(anonymous_5)
FNDA:5,(anonymous_6)
FNDA:31,(anonymous_7)
FNDA:1,(anonymous_8)
FNDA:2,(anonymous_9)
FNDA:1,(anonymous_10)
FNDA:1,(anonymous_11)
FNDA:0,(anonymous_12)
FNDA:255,(anonymous_13)
FNDA:452,(anonymous_14)
DA:15,255
DA:16,255
DA:20,1330
DA:21,0
DA:23,1330
DA:24,1330
DA:25,1330
DA:26,1330
DA:27,3900
DA:28,3900
DA:29,0
DA:31,3900
DA:32,3891
DA:33,1321
DA:34,1321
DA:37,1321
DA:38,452
DA:43,0
DA:47,255
DA:48,255
DA:52,0
DA:53,0
DA:57,5
DA:58,0
DA:60,5
DA:61,15
DA:62,15
DA:63,5
DA:66,0
DA:70,31
DA:74,1
DA:75,1
DA:76,1
DA:80,2
DA:81,2
DA:82,2
DA:86,1
DA:87,1
DA:88,1
DA:92,1
DA:93,1
DA:94,1
DA:98,0
DA:99,0
DA:103,255
DA:104,0
DA:105,0
DA:107,255
DA:108,0
DA:110,255
DA:111,452
DA:112,0
DA:113,0
DA:114,0
DA:115,0
DA:118,255
DA:122,1
LF:57
LH:41
BRDA:20,0,0,0
BRDA:28,1,0,0
BRDA:29,2,0,0
BRDA:29,2,1,0
BRDA:29,3,0,0
BRDA:29,3,1,0
BRDA:31,4,0,0
BRDA:31,4,1,3900
BRDA:31,5,0,3900
BRDA:31,5,1,3900
BRDA:32,6,0,1321
BRDA:32,7,0,3891
BRDA:32,7,1,3891
BRDA:37,8,0,452
BRDA:37,9,0,1321
BRDA:37,9,1,452
BRDA:57,10,0,0
BRDA:62,11,0,5
BRDA:62,12,0,0
BRDA:62,12,1,15
BRDA:62,13,0,15
BRDA:62,13,1,15
BRDA:103,14,0,0
BRDA:107,15,0,0
BRDA:111,16,0,0
BRF:25
BRH:13
end_of_record
TN:
SF:src/processor.ts
FN:16,(anonymous_0)
FN:25,(anonymous_1)
FN:34,(anonymous_2)
FN:66,(anonymous_3)
FNF:4
FNH:4
FNDA:85,(anonymous_0)
FNDA:461,(anonymous_1)
FNDA:1585,(anonymous_2)
FNDA:461,(anonymous_3)
DA:17,85
DA:18,85
DA:26,461
DA:27,0
DA:29,461
DA:35,1585
DA:36,1585
DA:37,1330
DA:38,1330
DA:40,0
DA:47,255
DA:50,255
DA:51,255
DA:52,0
DA:54,255
DA:60,255
DA:61,255
DA:67,461
DA:68,461
DA:69,461
DA:71,461
DA:72,1330
DA:74,302
DA:75,302
DA:78,1330
DA:79,1330
DA:81,1330
DA:82,1321
DA:83,1321
DA:84,1321
DA:85,1321
DA:86,869
DA:87,869
DA:92,452
DA:96,1
LF:35
LH:32
BRDA:17,0,0,85
BRDA:17,0,1,69
BRDA:26,1,0,0
BRDA:36,2,0,1330
BRDA:37,3,0,1330
BRDA:37,3,1,0
BRDA:47,4,0,255
BRDA:47,5,0,255
BRDA:47,5,1,255
BRDA:51,6,0,0
BRDA:69,7,0,461
BRDA:69,7,1,461
BRDA:69,7,2,0
BRDA:72,8,0,302
BRDA:78,9,0,1330
BRDA:84,10,0,1321
BRDA:85,11,0,869
BRDA:87,12,0,869
BRDA:87,12,1,0
BRDA:92,13,0,452
BRDA:92,13,1,0
BRF:21
BRH:15
end_of_record
TN:
SF:src/contexts/context.ts
FN:17,(anonymous_0)
FN:23,(anonymous_1)
FN:28,(anonymous_2)
FNF:3
FNH:3
FNDA:1056,(anonymous_0)
FNDA:1321,(anonymous_1)
FNDA:567,(anonymous_2)
DA:3,1
DA:18,1056
DA:19,1056
DA:20,1056
DA:24,1321
DA:25,1321
DA:29,567
DA:30,567
DA:31,567
DA:33,567
DA:34,567
DA:35,567
DA:36,302
DA:37,302
DA:38,302
DA:40,265
DA:41,265
DA:42,265
DA:44,265
DA:46,567
DA:47,567
LF:21
LH:21
BRDA:30,0,0,567
BRDA:33,1,0,567
BRDA:33,1,1,326
BRDA:34,2,0,567
BRDA:34,2,1,567
BRDA:35,3,0,302
BRDA:35,3,1,265
BRDA:37,4,0,302
BRDA:37,4,1,113
BRDA:41,5,0,265
BRDA:41,6,0,0
BRDA:41,6,1,265
BRDA:41,7,0,265
BRDA:41,7,1,265
BRF:14
BRH:13
end_of_record
TN:
SF:src/contexts/diff.ts
FN:15,(anonymous_1)
FN:22,(anonymous_2)
FNF:2
FNH:2
FNDA:524,(anonymous_1)
FNDA:552,(anonymous_2)
DA:1,1
DA:3,1
DA:16,524
DA:17,524
DA:18,524
DA:19,524
DA:23,552
DA:25,3
DA:26,3
DA:27,2
DA:29,3
DA:30,0
DA:33,552
DA:37,1
LF:14
LH:13
BRDA:23,0,0,3
BRDA:23,1,0,552
BRDA:23,1,1,3
BRDA:25,2,0,0
BRDA:25,2,1,3
BRDA:26,3,0,2
BRDA:29,4,0,0
BRF:7
BRH:5
end_of_record
TN:
SF:src/contexts/patch.ts
FN:11,(anonymous_1)
FNF:1
FNH:1
FNDA:234,(anonymous_1)
DA:2,1
DA:12,234
DA:13,234
DA:14,234
DA:15,234
DA:19,1
LF:6
LH:6
BRF:0
BRH:0
end_of_record
TN:
SF:src/contexts/reverse.ts
FN:11,(anonymous_1)
FNF:1
FNH:1
FNDA:270,(anonymous_1)
DA:2,1
DA:12,270
DA:13,270
DA:14,270
DA:18,1
LF:5
LH:5
BRF:0
BRH:0
end_of_record
TN:
SF:src/filters/arrays.ts
FN:38,hashOrIndex
FN:51,(anonymous_2)
FN:54,(anonymous_3)
FN:64,arraysHaveMatchByRef
FN:84,matchItems
FN:136,arraysDiffFilter
FN:302,hashDiffFilter
FN:457,(anonymous_8)
FN:460,(anonymous_9)
FN:461,(anonymous_10)
FN:478,nestedPatchFilter
FN:569,collectChildrenPatchFilter
FN:605,hashPatchFilter
FN:728,arraysReverseFilter
FN:762,(anonymous_15)
FN:809,(anonymous_16)
FN:856,hashReverseFilter
FN:883,(anonymous_18)
FN:962,collectChildrenHashReverseFilter
FNF:19
FNH:11
FNDA:0,hashOrIndex
FNDA:0,(anonymous_2)
FNDA:0,(anonymous_3)
FNDA:15,arraysHaveMatchByRef
FNDA:861,matchItems
FNDA:38,arraysDiffFilter
FNDA:0,hashDiffFilter
FNDA:18,(anonymous_8)
FNDA:26,(anonymous_9)
FNDA:18,(anonymous_10)
FNDA:26,nestedPatchFilter
FNDA:250,collectChildrenPatchFilter
FNDA:0,hashPatchFilter
FNDA:40,arraysReverseFilter
FNDA:48,(anonymous_15)
FNDA:292,(anonymous_16)
FNDA:0,hashReverseFilter
FNDA:0,(anonymous_18)
FNDA:0,collectChildrenHashReverseFilter
DA:1,1
DA:2,1
DA:3,1
DA:5,1
DA:28,1
DA:29,1
DA:31,1
DA:32,1
DA:33,1
DA:35,1
DA:36,1
DA:40,0
DA:41,0
DA:43,0
DA:44,0
DA:46,0
DA:50,1
DA:52,0
DA:55,0
DA:56,0
DA:57,0
DA:58,0
DA:61,0
DA:65,15
DA:66,50
DA:67,50
DA:68,328
DA:69,328
DA:70,9
DA:74,6
DA:91,861
DA:92,861
DA:93,861
DA:94,187
DA:96,674
DA:97,365
DA:99,309
DA:100,309
DA:102,0
DA:104,309
DA:105,309
DA:106,309
DA:107,90
DA:109,309
DA:110,0
DA:112,309
DA:113,309
DA:114,309
DA:115,88
DA:117,309
DA:118,0
DA:120,309
DA:136,1
DA:137,38
DA:138,0
DA:141,38
DA:145,38
DA:146,38
DA:150,38
DA:151,38
DA:152,38
DA:153,38
DA:157,38
DA:158,15
DA:162,38
DA:163,68
DA:164,68
DA:165,68
DA:166,68
DA:169,38
DA:174,27
DA:175,27
DA:176,27
DA:177,27
DA:178,27
DA:187,38
DA:188,7
DA:190,5
DA:191,5
DA:194,2
DA:197,2
DA:198,4
DA:200,2
DA:201,2
DA:203,31
DA:205,5
DA:208,5
DA:209,8
DA:211,5
DA:212,5
DA:215,26
DA:216,26
DA:219,26
DA:220,26
DA:221,26
DA:222,26
DA:223,26
DA:226,26
DA:227,107
DA:229,41
DA:230,41
DA:234,26
DA:235,26
DA:236,0
DA:238,26
DA:239,26
DA:240,0
DA:243,26
DA:244,26
DA:245,107
DA:246,107
DA:248,41
DA:249,41
DA:250,41
DA:251,67
DA:252,67
DA:254,26
DA:255,26
DA:257,26
DA:260,26
DA:261,26
DA:262,26
DA:263,26
DA:264,26
DA:265,26
DA:269,41
DA:271,15
DA:275,66
DA:276,66
DA:277,66
DA:278,66
DA:282,26
DA:284,1
DA:302,1
DA:303,0
DA:304,0
DA:307,0
DA:311,0
DA:312,0
DA:316,0
DA:317,0
DA:318,0
DA:319,0
DA:324,0
DA:325,0
DA:329,0
DA:330,0
DA:331,0
DA:332,0
DA:333,0
DA:334,0
DA:337,0
DA:342,0
DA:343,0
DA:344,0
DA:345,0
DA:346,0
DA:347,0
DA:350,0
DA:351,0
DA:353,0
DA:354,0
DA:357,0
DA:360,0
DA:361,0
DA:363,0
DA:364,0
DA:366,0
DA:368,0
DA:371,0
DA:372,0
DA:373,0
DA:375,0
DA:376,0
DA:379,0
DA:380,0
DA:383,0
DA:384,0
DA:385,0
DA:386,0
DA:387,0
DA:390,0
DA:391,0
DA:393,0
DA:394,0
DA:395,0
DA:399,0
DA:400,0
DA:401,0
DA:403,0
DA:404,0
DA:405,0
DA:408,0
DA:409,0
DA:410,0
DA:411,0
DA:413,0
DA:414,0
DA:415,0
DA:416,0
DA:417,0
DA:418,0
DA:420,0
DA:422,0
DA:423,0
DA:425,0
DA:426,0
DA:429,0
DA:430,0
DA:431,0
DA:432,0
DA:433,0
DA:434,0
DA:438,0
DA:440,0
DA:444,0
DA:445,0
DA:446,0
DA:447,0
DA:448,0
DA:452,0
DA:454,1
DA:456,1
DA:458,18
DA:461,26
DA:478,1
DA:479,26
DA:480,0
DA:482,26
DA:483,26
DA:484,0
DA:489,26
DA:490,26
DA:493,26
DA:494,26
DA:495,26
DA:496,26
DA:497,100
DA:498,74
DA:499,41
DA:501,41
DA:502,41
DA:504,0
DA:509,33
DA:510,33
DA:512,17
DA:518,16
DA:528,26
DA:529,26
DA:530,41
DA:531,41
DA:532,41
DA:533,41
DA:535,24
DA:543,26
DA:544,26
DA:545,26
DA:546,41
DA:547,41
DA:551,26
DA:553,26
DA:554,16
DA:555,16
DA:556,16
DA:557,16
DA:561,26
DA:562,10
DA:563,10
DA:565,16
DA:567,1
DA:569,1
DA:570,250
DA:571,234
DA:573,16
DA:574,16
DA:575,0
DA:577,16
DA:578,16
DA:580,16
DA:581,16
DA:582,16
DA:583,16
DA:585,16
DA:587,1
DA:605,1
DA:606,0
DA:607,0
DA:610,0
DA:612,0
DA:613,0
DA:620,0
DA:621,0
DA:623,0
DA:628,0
DA:629,0
DA:630,0
DA:631,0
DA:632,0
DA:633,0
DA:635,0
DA:636,0
DA:637,0
DA:639,0
DA:644,0
DA:646,0
DA:650,0
DA:652,0
DA:662,0
DA:663,0
DA:664,0
DA:665,0
DA:666,0
DA:667,0
DA:668,0
DA:670,0
DA:675,0
DA:680,0
DA:681,0
DA:682,0
DA:683,0
DA:684,0
DA:689,0
DA:690,0
DA:691,0
DA:692,0
DA:693,0
DA:697,0
DA:698,0
DA:699,0
DA:700,0
DA:701,0
DA:702,0
DA:703,0
DA:707,0
DA:708,0
DA:709,0
DA:711,0
DA:713,1
DA:728,1
DA:729,40
DA:730,18
DA:731,18
DA:732,18
DA:733,18
DA:734,18
DA:742,18
DA:744,22
DA:745,22
DA:746,0
DA:748,22
DA:751,22
DA:752,88
DA:753,22
DA:755,66
DA:756,66
DA:758,22
DA:760,1
DA:762,1
DA:768,48
DA:769,48
DA:770,22
DA:772,26
DA:773,12
DA:776,14
DA:777,14
DA:778,58
DA:779,58
DA:780,30
DA:781,10
DA:782,10
DA:783,10
DA:784,4
DA:786,6
DA:787,2
DA:788,4
DA:789,4
DA:791,20
DA:792,16
DA:793,16
DA:794,6
DA:796,4
DA:797,2
DA:802,10
DA:809,1
DA:810,292
DA:811,270
DA:813,22
DA:814,22
DA:815,0
DA:817,22
DA:818,22
DA:820,22
DA:824,22
DA:825,66
DA:826,66
DA:827,66
DA:828,48
DA:830,66
DA:832,66
DA:835,22
DA:837,1
DA:856,1
DA:857,0
DA:858,0
DA:861,0
DA:862,0
DA:863,0
DA:866,0
DA:872,0
DA:873,0
DA:874,0
DA:876,0
DA:877,0
DA:879,0
DA:881,1
DA:883,1
DA:889,0
DA:891,0
DA:892,0
DA:896,0
DA:897,0
DA:899,0
DA:900,0
DA:902,0
DA:903,0
DA:904,0
DA:905,0
DA:906,0
DA:908,0
DA:909,0
DA:910,0
DA:911,0
DA:914,0
DA:915,0
DA:916,0
DA:917,0
DA:920,0
DA:921,0
DA:926,0
DA:962,1
DA:963,0
DA:964,0
DA:966,0
DA:971,0
DA:973,0
DA:975,0
DA:976,0
DA:978,0
DA:980,0
DA:981,0
DA:985,0
DA:987,0
DA:988,0
DA:991,0
DA:994,0
DA:996,0
DA:999,0
DA:1003,0
DA:1004,0
DA:1005,0
DA:1006,0
DA:1011,0
DA:1012,0
DA:1015,0
DA:1020,0
DA:1021,0
DA:1022,0
DA:1023,0
DA:1026,0
DA:1028,0
DA:1032,0
DA:1033,0
DA:1035,0
DA:1036,0
DA:1037,0
DA:1039,0
DA:1040,0
DA:1043,0
DA:1046,1
LF:479
LH:244
BRDA:40,0,0,0
BRDA:43,1,0,0
BRDA:50,2,0,1
BRDA:50,2,1,0
BRDA:57,3,0,0
BRDA:69,4,0,9
BRDA:69,5,0,328
BRDA:69,5,1,283
BRDA:93,6,0,187
BRDA:96,7,0,365
BRDA:96,8,0,674
BRDA:96,8,1,347
BRDA:100,9,0,0
BRDA:102,10,0,0
BRDA:102,10,1,0
BRDA:104,11,0,309
BRDA:104,11,1,32
BRDA:106,12,0,90
BRDA:109,13,0,0
BRDA:112,14,0,309
BRDA:112,14,1,32
BRDA:114,15,0,88
BRDA:117,16,0,0
BRDA:137,17,0,0
BRDA:142,18,0,0
BRDA:142,18,1,38
BRDA:142,19,0,38
BRDA:142,19,1,38
BRDA:143,20,0,0
BRDA:143,20,1,38
BRDA:143,21,0,38
BRDA:143,21,1,38
BRDA:157,22,0,15
BRDA:157,23,0,38
BRDA:157,23,1,37
BRDA:157,23,2,37
BRDA:157,23,3,15
BRDA:162,24,0,106
BRDA:162,24,1,100
BRDA:162,24,2,98
BRDA:170,25,0,65
BRDA:170,25,1,58
BRDA:170,25,2,53
BRDA:187,26,0,7
BRDA:188,27,0,5
BRDA:194,28,0,2
BRDA:194,28,1,2
BRDA:203,29,0,5
BRDA:205,30,0,5
BRDA:205,30,1,5
BRDA:223,31,0,26
BRDA:223,31,1,26
BRDA:227,32,0,41
BRDA:235,33,0,0
BRDA:235,34,0,26
BRDA:235,34,1,0
BRDA:235,35,0,0
BRDA:235,35,1,26
BRDA:235,36,0,26
BRDA:235,36,1,26
BRDA:239,37,0,0
BRDA:239,38,0,26
BRDA:239,38,1,0
BRDA:239,39,0,26
BRDA:239,39,1,26
BRDA:239,40,0,0
BRDA:239,40,1,26
BRDA:239,41,0,26
BRDA:239,41,1,26
BRDA:246,42,0,41
BRDA:246,42,1,66
BRDA:249,43,0,41
BRDA:249,44,0,41
BRDA:249,44,1,41
BRDA:252,45,0,26
BRDA:254,46,0,0
BRDA:254,46,1,26
BRDA:254,47,0,26
BRDA:254,47,1,26
BRDA:255,48,0,26
BRDA:269,49,0,15
BRDA:303,50,0,0
BRDA:308,51,0,0
BRDA:308,51,1,0
BRDA:309,52,0,0
BRDA:309,52,1,0
BRDA:324,53,0,0
BRDA:324,54,0,0
BRDA:324,54,1,0
BRDA:324,54,2,0
BRDA:324,54,3,0
BRDA:329,55,0,0
BRDA:329,55,1,0
BRDA:329,55,2,0
BRDA:338,56,0,0
BRDA:338,56,1,0
BRDA:338,56,2,0
BRDA:350,57,0,0
BRDA:351,58,0,0
BRDA:357,59,0,0
BRDA:357,59,1,0
BRDA:366,60,0,0
BRDA:368,61,0,0
BRDA:368,61,1,0
BRDA:387,62,0,0
BRDA:387,62,1,0
BRDA:391,63,0,0
BRDA:400,64,0,0
BRDA:400,65,0,0
BRDA:400,65,1,0
BRDA:400,65,2,0
BRDA:404,66,0,0
BRDA:404,67,0,0
BRDA:404,67,1,0
BRDA:404,67,2,0
BRDA:411,68,0,0
BRDA:411,68,1,0
BRDA:414,69,0,0
BRDA:414,70,0,0
BRDA:414,70,1,0
BRDA:417,71,0,0
BRDA:422,72,0,0
BRDA:422,72,1,0
BRDA:422,73,0,0
BRDA:422,73,1,0
BRDA:423,74,0,0
BRDA:426,75,0,0
BRDA:438,76,0,0
BRDA:479,77,0,0
BRDA:483,78,0,0
BRDA:497,79,0,74
BRDA:498,80,0,41
BRDA:498,80,1,33
BRDA:498,81,0,74
BRDA:498,81,1,74
BRDA:501,82,0,41
BRDA:501,82,1,0
BRDA:501,83,0,41
BRDA:501,83,1,24
BRDA:510,84,0,17
BRDA:510,84,1,16
BRDA:533,85,0,24
BRDA:553,86,0,16
BRDA:561,87,0,10
BRDA:570,88,0,234
BRDA:570,89,0,250
BRDA:570,89,1,250
BRDA:574,90,0,0
BRDA:606,91,0,0
BRDA:612,92,0,0
BRDA:624,93,0,0
BRDA:624,93,1,0
BRDA:632,94,0,0
BRDA:632,95,0,0
BRDA:632,95,1,0
BRDA:633,96,0,0
BRDA:633,96,1,0
BRDA:636,97,0,0
BRDA:636,97,1,0
BRDA:636,98,0,0
BRDA:636,98,1,0
BRDA:636,99,0,0
BRDA:636,99,1,0
BRDA:636,100,0,0
BRDA:636,100,1,0
BRDA:636,101,0,0
BRDA:636,101,1,0
BRDA:636,102,0,0
BRDA:636,102,1,0
BRDA:640,103,0,0
BRDA:640,103,1,0
BRDA:640,104,0,0
BRDA:640,104,1,0
BRDA:644,105,0,0
BRDA:644,105,1,0
BRDA:648,106,0,0
BRDA:648,106,1,0
BRDA:648,107,0,0
BRDA:648,107,1,0
BRDA:650,108,0,0
BRDA:665,109,0,0
BRDA:668,110,0,0
BRDA:683,111,0,0
BRDA:693,112,0,0
BRDA:693,112,1,0
BRDA:693,113,0,0
BRDA:693,113,1,0
BRDA:693,114,0,0
BRDA:693,114,1,0
BRDA:693,115,0,0
BRDA:693,115,1,0
BRDA:699,116,0,0
BRDA:699,116,1,0
BRDA:701,117,0,0
BRDA:707,118,0,0
BRDA:729,119,0,18
BRDA:731,120,0,18
BRDA:745,121,0,0
BRDA:752,122,0,22
BRDA:768,123,0,0
BRDA:769,124,0,22
BRDA:769,125,0,48
BRDA:769,125,1,48
BRDA:772,126,0,12
BRDA:772,127,0,26
BRDA:772,127,1,12
BRDA:779,128,0,30
BRDA:780,129,0,10
BRDA:780,129,1,20
BRDA:783,130,0,4
BRDA:786,131,0,2
BRDA:786,131,1,4
BRDA:786,132,0,6
BRDA:786,132,1,4
BRDA:788,133,0,4
BRDA:788,134,0,4
BRDA:788,134,1,4
BRDA:791,135,0,16
BRDA:791,135,1,4
BRDA:793,136,0,6
BRDA:796,137,0,2
BRDA:796,138,0,4
BRDA:796,138,1,4
BRDA:810,139,0,270
BRDA:810,140,0,292
BRDA:810,140,1,292
BRDA:814,141,0,0
BRDA:827,142,0,48
BRDA:830,143,0,66
BRDA:857,144,0,0
BRDA:862,145,0,0
BRDA:873,146,0,0
BRDA:889,147,0,0
BRDA:891,148,0,0
BRDA:900,149,0,0
BRDA:902,150,0,0
BRDA:902,150,1,0
BRDA:905,151,0,0
BRDA:908,152,0,0
BRDA:908,152,1,0
BRDA:908,153,0,0
BRDA:908,153,1,0
BRDA:910,154,0,0
BRDA:910,155,0,0
BRDA:910,155,1,0
BRDA:914,156,0,0
BRDA:914,156,1,0
BRDA:916,157,0,0
BRDA:920,158,0,0
BRDA:920,159,0,0
BRDA:920,159,1,0
BRDA:963,160,0,0
BRDA:967,161,0,0
BRDA:967,161,1,0
BRDA:971,162,0,0
BRDA:971,163,0,0
BRDA:971,163,1,0
BRDA:971,163,2,0
BRDA:975,164,0,0
BRDA:975,165,0,0
BRDA:975,165,1,0
BRDA:976,166,0,0
BRDA:976,166,1,0
BRDA:976,167,0,0
BRDA:976,167,1,0
BRDA:985,168,0,0
BRDA:985,169,0,0
BRDA:985,169,1,0
BRDA:987,170,0,0
BRDA:988,171,0,0
BRDA:988,171,1,0
BRDA:1003,172,0,0
BRDA:1011,173,0,0
BRDA:1011,174,0,0
BRDA:1011,174,1,0
BRDA:1020,175,0,0
BRDA:1022,176,0,0
BRDA:1036,177,0,0
BRDA:1039,178,0,0
BRF:279
BRH:109
end_of_record
TN:
SF:src/filters/dates.ts
FN:4,datesDiffFilter
FNF:1
FNH:1
FNDA:185,datesDiffFilter
DA:4,1
DA:5,185
DA:6,5
DA:7,4
DA:8,2
DA:10,2
DA:13,1
DA:15,5
DA:16,180
DA:17,1
DA:20,1
LF:11
LH:11
BRDA:5,0,0,5
BRDA:5,0,1,180
BRDA:6,1,0,4
BRDA:6,1,1,1
BRDA:7,2,0,2
BRDA:7,2,1,2
BRDA:16,3,0,1
BRF:7
BRH:7
end_of_record
TN:
SF:src/filters/lcs.ts
FN:11,(anonymous_0)
FN:15,(anonymous_1)
FN:67,(anonymous_2)
FN:110,(anonymous_3)
FNF:4
FNH:4
FNDA:25006000,(anonymous_0)
FNDA:31,(anonymous_1)
FNDA:31,(anonymous_2)
FNDA:31,(anonymous_3)
DA:11,1
DA:12,25006000
DA:15,1
DA:27,31
DA:28,31
DA:40,31
DA:41,31
DA:42,5145
DA:43,5145
DA:44,25010829
DA:47,31
DA:49,31
DA:50,5114
DA:51,25000566
DA:52,12501819
DA:54,12498747
DA:58,31
DA:67,1
DA:81,31
DA:82,31
DA:83,31
DA:89,31
DA:90,6077
DA:91,6077
DA:92,4123
DA:93,4123
DA:94,4123
DA:95,4123
DA:96,4123
DA:98,1954
DA:99,1954
DA:100,1954
DA:101,968
DA:103,986
DA:107,31
DA:110,1
DA:122,31
DA:123,31
DA:124,31
DA:127,1
LF:40
LH:40
BRDA:51,0,0,12501819
BRDA:51,0,1,12498747
BRDA:89,1,0,6108
BRDA:89,1,1,6082
BRDA:91,2,0,4123
BRDA:91,2,1,1954
BRDA:100,3,0,968
BRDA:100,3,1,986
BRDA:122,4,0,31
BRDA:122,4,1,5
BRDA:123,5,0,31
BRDA:123,5,1,5
BRF:12
BRH:12
end_of_record
TN:
SF:src/filters/nested.ts
FN:6,(anonymous_1)
FN:28,(anonymous_2)
FN:70,nestedPatchFilter
FN:89,collectChildrenPatchFilter
FN:113,nestedReverseFilter
FN:132,(anonymous_6)
FNF:6
FNH:6
FNDA:672,(anonymous_1)
FNDA:149,(anonymous_2)
FNDA:86,nestedPatchFilter
FNDA:310,collectChildrenPatchFilter
FNDA:96,nestedReverseFilter
FNDA:348,(anonymous_6)
DA:1,1
DA:2,1
DA:3,1
DA:6,1
DA:7,672
DA:8,524
DA:10,148
DA:12,148
DA:13,148
DA:14,353
DA:15,353
DA:16,250
DA:18,103
DA:19,103
DA:21,148
DA:22,35
DA:24,148
DA:26,1
DA:28,1
DA:29,149
DA:30,38
DA:33,111
DA:34,111
DA:38,111
DA:39,111
DA:40,163
DA:41,0
DA:43,163
DA:44,4
DA:46,159
DA:47,159
DA:49,111
DA:50,163
DA:51,0
DA:53,163
DA:54,4
DA:56,159
DA:57,7
DA:58,7
DA:62,111
DA:63,0
DA:64,0
DA:66,111
DA:68,1
DA:70,1
DA:71,86
DA:72,0
DA:74,86
DA:75,86
DA:76,26
DA:78,60
DA:81,60
DA:82,68
DA:83,68
DA:85,60
DA:87,1
DA:89,1
DA:90,310
DA:91,234
DA:93,76
DA:94,76
DA:95,16
DA:97,60
DA:98,60
DA:100,60
DA:101,68
DA:102,68
DA:103,68
DA:104,5
DA:105,63
DA:106,29
DA:109,60
DA:111,1
DA:113,1
DA:114,96
DA:115,18
DA:117,78
DA:118,78
DA:119,22
DA:121,56
DA:124,56
DA:125,64
DA:126,64
DA:128,56
DA:130,1
DA:132,1
DA:133,348
DA:134,270
DA:136,78
DA:137,78
DA:138,22
DA:140,56
DA:142,56
DA:143,56
DA:144,64
DA:145,64
DA:146,64
DA:147,64
DA:150,56
DA:152,1
LF:100
LH:95
BRDA:7,0,0,524
BRDA:7,1,0,672
BRDA:7,1,1,672
BRDA:15,2,0,250
BRDA:18,3,0,103
BRDA:18,3,1,75
BRDA:21,4,0,35
BRDA:21,5,0,148
BRDA:21,5,1,108
BRDA:29,6,0,38
BRDA:29,7,0,149
BRDA:29,7,1,111
BRDA:40,8,0,0
BRDA:43,9,0,4
BRDA:43,10,0,163
BRDA:43,10,1,8
BRDA:50,11,0,0
BRDA:53,12,0,4
BRDA:53,13,0,163
BRDA:53,13,1,8
BRDA:56,14,0,7
BRDA:62,15,0,0
BRDA:62,16,0,111
BRDA:62,16,1,111
BRDA:71,17,0,0
BRDA:75,18,0,26
BRDA:90,19,0,234
BRDA:90,20,0,310
BRDA:90,20,1,310
BRDA:94,21,0,16
BRDA:103,22,0,5
BRDA:103,22,1,63
BRDA:103,23,0,68
BRDA:103,23,1,63
BRDA:105,24,0,29
BRDA:114,25,0,18
BRDA:118,26,0,22
BRDA:133,27,0,270
BRDA:133,28,0,348
BRDA:133,28,1,348
BRDA:137,29,0,22
BRDA:146,30,0,64
BRF:42
BRH:38
end_of_record
TN:
SF:src/filters/texts.ts
FN:18,getDiffMatchPatch
FN:35,(anonymous_1)
FN:38,(anonymous_2)
FN:53,textsDiffFilter
FN:78,textsPatchFilter
FN:94,(anonymous_5)
FN:127,textsReverseFilter
FNF:7
FNH:7
FNDA:16,getDiffMatchPatch
FNDA:8,(anonymous_1)
FNDA:8,(anonymous_2)
FNDA:179,textsDiffFilter
FNDA:94,textsPatchFilter
FNDA:4,(anonymous_5)
FNDA:100,textsReverseFilter
DA:12,1
DA:13,1
DA:14,1
DA:19,16
DA:21,1
DA:22,1
DA:24,0
DA:25,0
DA:27,0
DA:31,0
DA:32,0
DA:34,1
DA:36,8
DA:39,8
DA:40,8
DA:41,12
DA:42,0
DA:43,0
DA:46,8
DA:50,16
DA:53,1
DA:54,179
DA:55,149
DA:57,30
DA:58,30
DA:60,30
DA:61,30
DA:62,22
DA:63,22
DA:66,8
DA:67,8
DA:70,0
DA:71,0
DA:73,8
DA:74,8
DA:76,1
DA:78,1
DA:79,94
DA:80,86
DA:82,8
DA:83,8
DA:84,0
DA:86,8
DA:89,8
DA:90,8
DA:92,1
DA:94,1
DA:99,4
DA:100,4
DA:102,4
DA:103,4
DA:104,36
DA:105,36
DA:106,36
DA:107,6
DA:108,6
DA:111,6
DA:112,30
DA:113,8
DA:114,8
DA:116,6
DA:117,6
DA:118,6
DA:120,22
DA:121,6
DA:124,4
DA:127,1
DA:128,100
DA:129,78
DA:131,22
DA:132,22
DA:133,18
DA:135,4
DA:138,4
DA:140,1
LF:75
LH:65
BRDA:19,0,0,1
BRDA:21,1,0,1
BRDA:21,1,1,0
BRDA:21,2,0,0
BRDA:21,2,1,1
BRDA:21,3,0,1
BRDA:21,3,1,1
BRDA:21,4,0,0
BRDA:21,4,1,1
BRDA:21,5,0,1
BRDA:21,5,1,1
BRDA:24,6,0,0
BRDA:41,7,0,0
BRDA:54,8,0,149
BRDA:60,9,0,30
BRDA:60,9,1,30
BRDA:60,9,2,13
BRDA:60,9,3,22
BRDA:61,10,0,22
BRDA:61,11,0,30
BRDA:61,11,1,11
BRDA:67,12,0,0
BRDA:79,13,0,86
BRDA:83,14,0,0
BRDA:106,15,0,6
BRDA:106,15,1,30
BRDA:112,16,0,8
BRDA:112,16,1,22
BRDA:114,17,0,6
BRDA:120,18,0,6
BRDA:128,19,0,78
BRDA:132,20,0,18
BRF:32
BRH:25
end_of_record
TN:
SF:src/filters/trivial.ts
FN:6,trivialMatchesDiffFilter
FN:56,trivialMatchesPatchFilter
FN:87,trivialReferseFilter
FNF:3
FNH:3
FNDA:523,trivialMatchesDiffFilter
FNDA:232,trivialMatchesPatchFilter
FNDA:270,trivialReferseFilter
DA:6,1
DA:7,523
DA:8,228
DA:9,228
DA:11,295
DA:12,16
DA:13,1
DA:15,15
DA:16,15
DA:18,279
DA:19,15
DA:20,15
DA:22,264
DA:23,8
DA:25,256
DA:26,256
DA:27,256
DA:28,48
DA:29,48
DA:31,208
DA:32,17
DA:33,17
DA:35,191
DA:36,161
DA:38,191
DA:39,161
DA:41,191
DA:42,4
DA:43,4
DA:46,187
DA:47,2
DA:48,2
DA:50,0
DA:54,1
DA:56,1
DA:57,232
DA:58,20
DA:59,20
DA:61,212
DA:62,212
DA:63,86
DA:65,126
DA:66,126
DA:67,13
DA:68,13
DA:70,113
DA:71,92
DA:72,2
DA:73,2
DA:74,2
DA:75,2
DA:78,90
DA:79,90
DA:81,21
DA:82,13
DA:85,1
DA:87,1
DA:88,270
DA:89,20
DA:90,20
DA:92,250
DA:93,250
DA:94,78
DA:96,172
DA:97,172
DA:98,30
DA:99,30
DA:101,142
DA:102,88
DA:103,88
DA:105,54
DA:106,30
DA:109,1
LF:73
LH:72
BRDA:7,0,0,228
BRDA:11,1,0,16
BRDA:12,2,0,1
BRDA:18,3,0,15
BRDA:22,4,0,8
BRDA:22,5,0,264
BRDA:22,5,1,264
BRDA:25,6,0,6
BRDA:25,6,1,250
BRDA:26,7,0,6
BRDA:26,7,1,250
BRDA:27,8,0,48
BRDA:31,9,0,17
BRDA:31,10,0,208
BRDA:31,10,1,206
BRDA:35,11,0,161
BRDA:38,12,0,161
BRDA:41,13,0,4
BRDA:46,14,0,2
BRDA:47,15,0,2
BRDA:47,15,1,0
BRDA:57,16,0,20
BRDA:62,17,0,86
BRDA:66,18,0,13
BRDA:70,19,0,92
BRDA:71,20,0,2
BRDA:73,21,0,2
BRDA:81,22,0,13
BRDA:81,23,0,21
BRDA:81,23,1,21
BRDA:88,24,0,20
BRDA:93,25,0,78
BRDA:97,26,0,30
BRDA:101,27,0,88
BRDA:105,28,0,30
BRDA:105,29,0,54
BRDA:105,29,1,54
BRF:37
BRH:36
end_of_record
TN:
SF:src/formatters/base.ts
FN:12,(anonymous_0)
FN:19,(anonymous_1)
FN:29,(anonymous_2)
FN:94,(anonymous_3)
FN:102,(anonymous_4)
FN:104,(anonymous_5)
FN:109,(anonymous_6)
FN:125,(anonymous_7)
FN:132,(anonymous_8)
FN:189,(anonymous_9)
FN:190,(anonymous_10)
FN:203,(anonymous_11)
FN:268,(anonymous_12)
FN:297,(anonymous_13)
FNF:14
FNH:13
FNDA:21,(anonymous_0)
FNDA:74,(anonymous_1)
FNDA:37,(anonymous_2)
FNDA:2,(anonymous_3)
FNDA:16,(anonymous_4)
FNDA:30,(anonymous_5)
FNDA:0,(anonymous_6)
FNDA:2,(anonymous_7)
FNDA:49,(anonymous_8)
FNDA:22,(anonymous_9)
FNDA:33,(anonymous_10)
FNDA:22,(anonymous_11)
FNDA:48,(anonymous_12)
FNDA:2,(anonymous_13)
DA:12,1
DA:13,21
DA:14,11
DA:16,10
DA:19,1
DA:20,74
DA:21,22
DA:23,52
DA:24,24
DA:26,28
DA:29,37
DA:95,2
DA:96,2
DA:97,2
DA:98,2
DA:99,2
DA:103,16
DA:104,16
DA:105,30
DA:110,0
DA:126,2
DA:127,2
DA:129,0
DA:141,49
DA:142,49
DA:144,49
DA:145,1
DA:148,48
DA:149,48
DA:152,48
DA:153,33
DA:155,15
DA:168,48
DA:169,48
DA:173,48
DA:176,0
DA:177,0
DA:182,48
DA:183,33
DA:185,15
DA:190,22
DA:191,33
DA:213,22
DA:214,22
DA:217,22
DA:219,22
DA:220,0
DA:221,0
DA:222,0
DA:226,0
DA:232,22
DA:233,41
DA:234,41
DA:235,41
DA:236,5
DA:237,5
DA:241,5
DA:242,5
DA:246,3
DA:252,22
DA:253,11
DA:255,11
DA:257,22
DA:258,44
DA:259,44
DA:260,11
DA:262,33
DA:263,33
DA:264,33
DA:269,48
DA:270,3
DA:271,3
DA:273,0
DA:275,45
DA:276,23
DA:277,3
DA:279,20
DA:280,6
DA:282,14
DA:283,7
DA:285,7
DA:286,2
DA:288,5
DA:289,5
DA:291,22
DA:292,22
DA:294,0
DA:298,2
DA:299,2
DA:300,2
DA:301,3
DA:305,3
DA:308,3
DA:309,3
DA:310,3
DA:311,3
DA:312,3
DA:317,3
DA:318,3
DA:319,14
DA:320,14
DA:321,2
DA:323,12
DA:326,12
DA:327,4
DA:328,8
DA:329,2
DA:331,12
DA:332,12
DA:334,3
DA:336,2
DA:434,1
LF:112
LH:102
BRDA:13,0,0,11
BRDA:20,1,0,22
BRDA:23,2,0,24
BRDA:105,3,0,0
BRDA:105,3,1,30
BRDA:105,4,0,30
BRDA:105,4,1,30
BRDA:126,5,0,2
BRDA:141,6,0,49
BRDA:141,6,1,45
BRDA:142,7,0,2
BRDA:142,7,1,47
BRDA:144,8,0,1
BRDA:144,9,0,49
BRDA:144,9,1,4
BRDA:149,10,0,22
BRDA:149,10,1,26
BRDA:149,11,0,11
BRDA:149,11,1,11
BRDA:152,12,0,33
BRDA:152,12,1,15
BRDA:152,13,0,48
BRDA:152,13,1,33
BRDA:152,13,2,33
BRDA:170,14,0,48
BRDA:170,14,1,0
BRDA:176,15,0,0
BRDA:176,16,0,0
BRDA:176,16,1,0
BRDA:182,17,0,33
BRDA:182,17,1,15
BRDA:182,18,0,48
BRDA:182,18,1,33
BRDA:182,18,2,33
BRDA:194,19,0,0
BRDA:194,19,1,33
BRDA:219,20,0,0
BRDA:221,21,0,0
BRDA:222,22,0,0
BRDA:223,23,0,0
BRDA:223,23,1,0
BRDA:223,23,2,0
BRDA:233,24,0,41
BRDA:235,25,0,5
BRDA:235,26,0,41
BRDA:235,26,1,21
BRDA:239,27,0,5
BRDA:239,27,1,0
BRDA:241,28,0,5
BRDA:242,29,0,3
BRDA:243,30,0,5
BRDA:243,30,1,5
BRDA:252,31,0,11
BRDA:252,31,1,11
BRDA:259,32,0,11
BRDA:259,33,0,44
BRDA:259,33,1,32
BRDA:262,34,0,21
BRDA:262,34,1,12
BRDA:269,35,0,3
BRDA:270,36,0,3
BRDA:275,37,0,23
BRDA:275,37,1,22
BRDA:276,38,0,3
BRDA:279,39,0,6
BRDA:282,40,0,7
BRDA:282,41,0,14
BRDA:282,41,1,14
BRDA:285,42,0,2
BRDA:285,43,0,7
BRDA:285,43,1,7
BRDA:288,44,0,5
BRDA:288,45,0,5
BRDA:288,45,1,5
BRDA:291,46,0,22
BRDA:308,47,0,0
BRDA:308,47,1,3
BRDA:308,48,0,3
BRDA:308,48,1,3
BRDA:309,49,0,0
BRDA:309,49,1,3
BRDA:309,50,0,3
BRDA:309,50,1,3
BRDA:310,51,0,0
BRDA:310,51,1,3
BRDA:310,52,0,3
BRDA:310,52,1,3
BRDA:311,53,0,3
BRDA:311,54,0,3
BRDA:311,54,1,3
BRDA:320,55,0,2
BRDA:326,56,0,4
BRDA:326,56,1,8
BRDA:328,57,0,2
BRF:94
BRH:78
end_of_record
TN:
SF:src/formatters/html.ts
FN:19,(anonymous_1)
FN:24,(anonymous_2)
FN:28,(anonymous_3)
FN:49,(anonymous_4)
FN:54,(anonymous_5)
FN:64,(anonymous_6)
FN:78,(anonymous_7)
FN:82,(anonymous_8)
FN:91,(anonymous_9)
FN:100,(anonymous_10)
FN:108,(anonymous_11)
FN:114,(anonymous_12)
FN:122,(anonymous_13)
FN:128,(anonymous_14)
FN:157,(anonymous_15)
FN:164,htmlEscape
FN:179,jsondiffpatchHtmlFormatterAdjustArrows
FN:181,(anonymous_18)
FN:182,(anonymous_19)
FN:188,(anonymous_20)
FN:193,(anonymous_21)
FN:201,(anonymous_22)
FN:225,(anonymous_23)
FN:251,(anonymous_24)
FN:259,(anonymous_25)
FN:262,(anonymous_26)
FN:272,(anonymous_27)
FN:279,(anonymous_28)
FN:285,format
FNF:29
FNH:6
FNDA:0,(anonymous_1)
FNDA:0,(anonymous_2)
FNDA:2,(anonymous_3)
FNDA:2,(anonymous_4)
FNDA:2,(anonymous_5)
FNDA:0,(anonymous_6)
FNDA:0,(anonymous_7)
FNDA:0,(anonymous_8)
FNDA:0,(anonymous_9)
FNDA:0,(anonymous_10)
FNDA:0,(anonymous_11)
FNDA:0,(anonymous_12)
FNDA:0,(anonymous_13)
FNDA:0,(anonymous_14)
FNDA:2,(anonymous_15)
FNDA:12,htmlEscape
FNDA:0,jsondiffpatchHtmlFormatterAdjustArrows
FNDA:0,(anonymous_18)
FNDA:0,(anonymous_19)
FNDA:0,(anonymous_20)
FNDA:0,(anonymous_21)
FNDA:0,(anonymous_22)
FNDA:0,(anonymous_23)
FNDA:0,(anonymous_24)
FNDA:0,(anonymous_25)
FNDA:0,(anonymous_26)
FNDA:0,(anonymous_27)
FNDA:0,(anonymous_28)
FNDA:2,format
DA:11,1
DA:21,0
DA:25,0
DA:29,2
DA:30,2
DA:31,2
DA:32,3
DA:33,3
DA:37,3
DA:38,3
DA:39,12
DA:40,12
DA:44,3
DA:46,2
DA:50,2
DA:51,2
DA:55,2
DA:71,0
DA:72,0
DA:79,0
DA:83,0
DA:84,0
DA:86,0
DA:87,0
DA:88,0
DA:92,0
DA:93,0
DA:95,0
DA:96,0
DA:97,0
DA:102,0
DA:103,0
DA:104,0
DA:105,0
DA:109,0
DA:110,0
DA:111,0
DA:115,0
DA:116,0
DA:117,0
DA:118,0
DA:119,0
DA:123,0
DA:124,0
DA:125,0
DA:129,0
DA:130,0
DA:131,0
DA:134,0
DA:154,0
DA:158,2
DA:159,2
DA:160,2
DA:165,12
DA:166,12
DA:173,12
DA:174,60
DA:176,12
DA:179,1
DA:180,0
DA:181,0
DA:182,0
DA:183,0
DA:184,0
DA:185,0
DA:188,0
DA:189,0
DA:190,0
DA:193,0
DA:194,0
DA:195,0
DA:196,0
DA:197,0
DA:198,0
DA:199,0
DA:201,0
DA:202,0
DA:203,0
DA:206,0
DA:207,0
DA:209,0
DA:210,0
DA:211,0
DA:212,0
DA:214,0
DA:217,0
DA:218,0
DA:225,1
DA:226,0
DA:227,0
DA:228,0
DA:234,0
DA:235,0
DA:236,0
DA:238,0
DA:239,0
DA:240,0
DA:241,0
DA:242,0
DA:243,0
DA:244,0
DA:246,0
DA:248,0
DA:249,0
DA:250,0
DA:251,0
DA:252,0
DA:255,0
DA:256,0
DA:257,0
DA:259,0
DA:260,0
DA:262,0
DA:263,0
DA:264,0
DA:265,0
DA:266,0
DA:267,0
DA:269,0
DA:270,0
DA:272,0
DA:273,0
DA:274,0
DA:279,1
DA:281,1
DA:285,1
DA:286,2
DA:287,1
DA:289,2
LF:129
LH:31
BRDA:50,0,0,0
BRDA:50,0,1,2
BRDA:57,1,0,0
BRDA:57,1,1,2
BRDA:71,2,0,0
BRDA:71,2,1,0
BRDA:83,3,0,0
BRDA:92,4,0,0
BRDA:102,5,0,0
BRDA:102,5,1,0
BRDA:180,6,0,0
BRDA:180,6,1,0
BRDA:181,7,0,0
BRDA:181,7,1,0
BRDA:202,8,0,0
BRDA:206,9,0,0
BRDA:212,10,0,0
BRDA:212,10,1,0
BRDA:214,11,0,0
BRDA:214,11,1,0
BRDA:226,12,0,0
BRDA:226,12,1,0
BRDA:235,13,0,0
BRDA:238,14,0,0
BRDA:243,15,0,0
BRDA:248,16,0,0
BRDA:248,16,1,0
BRDA:265,17,0,0
BRDA:265,17,1,0
BRDA:286,18,0,1
BRF:30
BRH:3
end_of_record
TN:
SF:src/formatters/jsonpatch.ts
FN:47,(anonymous_1)
FN:52,(anonymous_2)
FN:56,(anonymous_3)
FN:70,(anonymous_4)
FN:79,(anonymous_5)
FN:83,(anonymous_6)
FN:90,(anonymous_7)
FN:95,(anonymous_8)
FN:97,(anonymous_9)
FN:99,(anonymous_10)
FN:103,(anonymous_11)
FN:107,(anonymous_12)
FN:109,(anonymous_13)
FN:111,(anonymous_14)
FN:115,(anonymous_15)
FN:119,(anonymous_16)
FN:123,(anonymous_17)
FN:127,(anonymous_18)
FN:132,(anonymous_19)
FN:136,(anonymous_20)
FN:147,(anonymous_21)
FN:149,(anonymous_22)
FN:154,(anonymous_23)
FN:164,(anonymous_24)
FN:165,(anonymous_25)
FN:174,(anonymous_26)
FN:177,(anonymous_27)
FN:179,(anonymous_28)
FN:180,(anonymous_29)
FN:186,(anonymous_30)
FN:191,(anonymous_31)
FN:192,(anonymous_32)
FN:194,(anonymous_33)
FN:202,(anonymous_34)
FN:210,(anonymous_35)
FNF:35
FNH:31
FNDA:1,(anonymous_1)
FNDA:14,(anonymous_2)
FNDA:16,(anonymous_3)
FNDA:5,(anonymous_4)
FNDA:21,(anonymous_5)
FNDA:5,(anonymous_6)
FNDA:0,(anonymous_7)
FNDA:13,(anonymous_8)
FNDA:13,(anonymous_9)
FNDA:33,(anonymous_10)
FNDA:33,(anonymous_11)
FNDA:0,(anonymous_12)
FNDA:3,(anonymous_13)
FNDA:22,(anonymous_14)
FNDA:3,(anonymous_15)
FNDA:6,(anonymous_16)
FNDA:7,(anonymous_17)
FNDA:5,(anonymous_18)
FNDA:0,(anonymous_19)
FNDA:14,(anonymous_20)
FNDA:2,(anonymous_21)
FNDA:14,(anonymous_22)
FNDA:1,(anonymous_23)
FNDA:14,(anonymous_24)
FNDA:2,(anonymous_25)
FNDA:14,(anonymous_26)
FNDA:42,(anonymous_27)
FNDA:21,(anonymous_28)
FNDA:42,(anonymous_29)
FNDA:21,(anonymous_30)
FNDA:21,(anonymous_31)
FNDA:21,(anonymous_32)
FNDA:14,(anonymous_33)
FNDA:14,(anonymous_34)
FNDA:0,(anonymous_35)
DA:2,1
DA:5,1
DA:48,1
DA:49,1
DA:53,14
DA:54,14
DA:55,14
DA:56,14
DA:57,16
DA:58,9
DA:63,7
DA:64,7
DA:66,0
DA:70,14
DA:71,5
DA:72,5
DA:79,14
DA:80,21
DA:83,14
DA:84,5
DA:85,5
DA:86,5
DA:92,0
DA:100,33
DA:104,33
DA:112,22
DA:116,3
DA:120,6
DA:124,7
DA:128,5
DA:129,5
DA:133,0
DA:137,14
DA:138,14
DA:139,14
DA:140,14
DA:141,14
DA:145,1
DA:147,2
DA:149,1
DA:150,14
DA:151,14
DA:154,1
DA:155,1
DA:156,1
DA:158,1
DA:159,1
DA:161,0
DA:164,1
DA:165,14
DA:166,2
DA:167,2
DA:168,2
DA:169,1
DA:171,1
DA:174,1
DA:175,14
DA:177,42
DA:178,14
DA:180,42
DA:181,21
DA:182,9
DA:184,21
DA:187,21
DA:188,21
DA:191,21
DA:192,21
DA:194,1
DA:195,14
DA:196,14
DA:197,14
DA:202,1
DA:203,14
DA:204,1
DA:207,14
DA:210,1
DA:211,0
LF:77
LH:72
BRDA:57,0,0,9
BRDA:57,0,1,7
BRDA:57,1,0,16
BRDA:57,1,1,13
BRDA:63,2,0,7
BRDA:63,2,1,0
BRDA:158,3,0,1
BRDA:158,4,0,1
BRDA:158,4,1,1
BRDA:168,5,0,1
BRDA:181,6,0,9
BRDA:187,7,0,0
BRDA:187,7,1,21
BRDA:187,8,0,21
BRDA:187,8,1,21
BRDA:203,9,0,1
BRF:16
BRH:14
end_of_record
TN:
SF:test/examples/diffpatch.ts
FN:18,(anonymous_1)
FN:93,(anonymous_2)
FN:159,(anonymous_3)
FN:225,(anonymous_4)
FN:285,(anonymous_5)
FN:346,(anonymous_6)
FN:443,(anonymous_7)
FN:453,(anonymous_8)
FN:508,(anonymous_9)
FN:524,(anonymous_10)
FN:887,(anonymous_11)
FN:945,(anonymous_12)
FN:1008,(anonymous_13)
FN:1106,(anonymous_14)
FN:1180,(anonymous_15)
FN:1237,(anonymous_16)
FN:1299,(anonymous_17)
FN:1362,(anonymous_18)
FNF:18
FNH:9
FNDA:30,(anonymous_1)
FNDA:0,(anonymous_2)
FNDA:0,(anonymous_3)
FNDA:0,(anonymous_4)
FNDA:0,(anonymous_5)
FNDA:0,(anonymous_6)
FNDA:0,(anonymous_7)
FNDA:0,(anonymous_8)
FNDA:0,(anonymous_9)
FNDA:0,(anonymous_10)
FNDA:8,(anonymous_11)
FNDA:8,(anonymous_12)
FNDA:36,(anonymous_13)
FNDA:32,(anonymous_14)
FNDA:30,(anonymous_15)
FNDA:24,(anonymous_16)
FNDA:8,(anonymous_17)
FNDA:16,(anonymous_18)
DA:1,1
DA:18,30
DA:20,1
DA:94,0
DA:160,0
DA:226,0
DA:286,0
DA:347,0
DA:444,0
DA:454,0
DA:509,0
DA:525,0
DA:531,1
DA:534,1
DA:577,1
DA:635,1
DA:816,1
DA:888,8
DA:889,8
DA:946,8
DA:947,8
DA:1009,36
DA:1010,36
DA:1107,32
DA:1108,32
DA:1181,30
DA:1182,30
DA:1238,24
DA:1239,24
DA:1300,8
DA:1301,8
DA:1363,16
DA:1394,1
DA:1400,1
LF:34
LH:25
BRDA:888,0,0,8
BRDA:888,1,0,8
BRDA:888,1,1,8
BRDA:946,2,0,8
BRDA:946,3,0,8
BRDA:946,3,1,8
BRDA:1009,4,0,36
BRDA:1009,5,0,36
BRDA:1009,5,1,36
BRDA:1107,6,0,32
BRDA:1107,7,0,32
BRDA:1107,7,1,32
BRDA:1181,8,0,30
BRDA:1181,9,0,30
BRDA:1181,9,1,30
BRDA:1238,10,0,24
BRDA:1238,11,0,24
BRDA:1238,11,1,24
BRDA:1300,12,0,8
BRDA:1300,13,0,8
BRDA:1300,13,1,8
BRF:21
BRH:21
end_of_record
